<?xml version="1.0" encoding="UTF-8"?>
<testsuite xmlns:xsi="http://www.w3.org/2001/XMLSchema-instance" xsi:noNamespaceSchemaLocation="https://maven.apache.org/surefire/maven-surefire-plugin/xsd/surefire-test-report.xsd" version="3.0.2" name="com.learning.ratelimiter.resilience.CircuitBreakerTest" time="25.146" tests="1" errors="0" skipped="0" failures="1">
  <properties>
    <property name="java.specification.version" value="17"/>
    <property name="sun.jnu.encoding" value="UTF-8"/>
    <property name="java.class.path" value="/home/sumit/Documents/rate-limiter/target/test-classes:/home/sumit/Documents/rate-limiter/target/classes:/home/sumit/.m2/repository/org/springframework/boot/spring-boot-starter-actuator/3.5.3/spring-boot-starter-actuator-3.5.3.jar:/home/sumit/.m2/repository/org/springframework/boot/spring-boot-starter/3.5.3/spring-boot-starter-3.5.3.jar:/home/sumit/.m2/repository/org/springframework/boot/spring-boot-starter-logging/3.5.3/spring-boot-starter-logging-3.5.3.jar:/home/sumit/.m2/repository/ch/qos/logback/logback-classic/1.5.18/logback-classic-1.5.18.jar:/home/sumit/.m2/repository/ch/qos/logback/logback-core/1.5.18/logback-core-1.5.18.jar:/home/sumit/.m2/repository/org/apache/logging/log4j/log4j-to-slf4j/2.24.3/log4j-to-slf4j-2.24.3.jar:/home/sumit/.m2/repository/org/apache/logging/log4j/log4j-api/2.24.3/log4j-api-2.24.3.jar:/home/sumit/.m2/repository/org/slf4j/jul-to-slf4j/2.0.17/jul-to-slf4j-2.0.17.jar:/home/sumit/.m2/repository/jakarta/annotation/jakarta.annotation-api/2.1.1/jakarta.annotation-api-2.1.1.jar:/home/sumit/.m2/repository/org/yaml/snakeyaml/2.4/snakeyaml-2.4.jar:/home/sumit/.m2/repository/org/springframework/boot/spring-boot-actuator-autoconfigure/3.5.3/spring-boot-actuator-autoconfigure-3.5.3.jar:/home/sumit/.m2/repository/org/springframework/boot/spring-boot-actuator/3.5.3/spring-boot-actuator-3.5.3.jar:/home/sumit/.m2/repository/io/micrometer/micrometer-observation/1.15.1/micrometer-observation-1.15.1.jar:/home/sumit/.m2/repository/io/micrometer/micrometer-commons/1.15.1/micrometer-commons-1.15.1.jar:/home/sumit/.m2/repository/io/micrometer/micrometer-jakarta9/1.15.1/micrometer-jakarta9-1.15.1.jar:/home/sumit/.m2/repository/org/springframework/boot/spring-boot-starter-web/3.5.3/spring-boot-starter-web-3.5.3.jar:/home/sumit/.m2/repository/org/springframework/boot/spring-boot-starter-json/3.5.3/spring-boot-starter-json-3.5.3.jar:/home/sumit/.m2/repository/com/fasterxml/jackson/datatype/jackson-datatype-jdk8/2.19.1/jackson-datatype-jdk8-2.19.1.jar:/home/sumit/.m2/repository/com/fasterxml/jackson/module/jackson-module-parameter-names/2.19.1/jackson-module-parameter-names-2.19.1.jar:/home/sumit/.m2/repository/org/springframework/boot/spring-boot-starter-tomcat/3.5.3/spring-boot-starter-tomcat-3.5.3.jar:/home/sumit/.m2/repository/org/apache/tomcat/embed/tomcat-embed-core/10.1.42/tomcat-embed-core-10.1.42.jar:/home/sumit/.m2/repository/org/apache/tomcat/embed/tomcat-embed-el/10.1.42/tomcat-embed-el-10.1.42.jar:/home/sumit/.m2/repository/org/apache/tomcat/embed/tomcat-embed-websocket/10.1.42/tomcat-embed-websocket-10.1.42.jar:/home/sumit/.m2/repository/org/springframework/spring-web/6.2.8/spring-web-6.2.8.jar:/home/sumit/.m2/repository/org/springframework/spring-beans/6.2.8/spring-beans-6.2.8.jar:/home/sumit/.m2/repository/org/springframework/spring-webmvc/6.2.8/spring-webmvc-6.2.8.jar:/home/sumit/.m2/repository/org/springframework/spring-context/6.2.8/spring-context-6.2.8.jar:/home/sumit/.m2/repository/org/springframework/spring-expression/6.2.8/spring-expression-6.2.8.jar:/home/sumit/.m2/repository/io/github/resilience4j/resilience4j-spring-boot3/2.1.0/resilience4j-spring-boot3-2.1.0.jar:/home/sumit/.m2/repository/io/github/resilience4j/resilience4j-spring6/2.1.0/resilience4j-spring6-2.1.0.jar:/home/sumit/.m2/repository/io/github/resilience4j/resilience4j-annotations/2.1.0/resilience4j-annotations-2.1.0.jar:/home/sumit/.m2/repository/io/github/resilience4j/resilience4j-consumer/2.1.0/resilience4j-consumer-2.1.0.jar:/home/sumit/.m2/repository/io/github/resilience4j/resilience4j-core/2.1.0/resilience4j-core-2.1.0.jar:/home/sumit/.m2/repository/io/github/resilience4j/resilience4j-circularbuffer/2.1.0/resilience4j-circularbuffer-2.1.0.jar:/home/sumit/.m2/repository/io/github/resilience4j/resilience4j-framework-common/2.1.0/resilience4j-framework-common-2.1.0.jar:/home/sumit/.m2/repository/org/slf4j/slf4j-api/2.0.17/slf4j-api-2.0.17.jar:/home/sumit/.m2/repository/io/github/resilience4j/resilience4j-micrometer/2.1.0/resilience4j-micrometer-2.1.0.jar:/home/sumit/.m2/repository/io/github/resilience4j/resilience4j-bulkhead/2.1.0/resilience4j-bulkhead-2.1.0.jar:/home/sumit/.m2/repository/io/github/resilience4j/resilience4j-circuitbreaker/2.1.0/resilience4j-circuitbreaker-2.1.0.jar:/home/sumit/.m2/repository/io/github/resilience4j/resilience4j-retry/2.1.0/resilience4j-retry-2.1.0.jar:/home/sumit/.m2/repository/io/github/resilience4j/resilience4j-ratelimiter/2.1.0/resilience4j-ratelimiter-2.1.0.jar:/home/sumit/.m2/repository/io/github/resilience4j/resilience4j-timelimiter/2.1.0/resilience4j-timelimiter-2.1.0.jar:/home/sumit/.m2/repository/org/springframework/boot/spring-boot-starter-aop/3.5.3/spring-boot-starter-aop-3.5.3.jar:/home/sumit/.m2/repository/org/springframework/spring-aop/6.2.8/spring-aop-6.2.8.jar:/home/sumit/.m2/repository/org/aspectj/aspectjweaver/1.9.24/aspectjweaver-1.9.24.jar:/home/sumit/.m2/repository/org/springframework/boot/spring-boot-configuration-processor/3.5.3/spring-boot-configuration-processor-3.5.3.jar:/home/sumit/.m2/repository/com/fasterxml/jackson/core/jackson-databind/2.19.1/jackson-databind-2.19.1.jar:/home/sumit/.m2/repository/com/fasterxml/jackson/core/jackson-annotations/2.19.1/jackson-annotations-2.19.1.jar:/home/sumit/.m2/repository/com/fasterxml/jackson/core/jackson-core/2.19.1/jackson-core-2.19.1.jar:/home/sumit/.m2/repository/com/fasterxml/jackson/datatype/jackson-datatype-jsr310/2.19.1/jackson-datatype-jsr310-2.19.1.jar:/home/sumit/.m2/repository/io/micrometer/micrometer-registry-prometheus/1.15.1/micrometer-registry-prometheus-1.15.1.jar:/home/sumit/.m2/repository/io/micrometer/micrometer-core/1.15.1/micrometer-core-1.15.1.jar:/home/sumit/.m2/repository/org/hdrhistogram/HdrHistogram/2.2.2/HdrHistogram-2.2.2.jar:/home/sumit/.m2/repository/org/latencyutils/LatencyUtils/2.0.3/LatencyUtils-2.0.3.jar:/home/sumit/.m2/repository/io/prometheus/prometheus-metrics-core/1.3.8/prometheus-metrics-core-1.3.8.jar:/home/sumit/.m2/repository/io/prometheus/prometheus-metrics-model/1.3.8/prometheus-metrics-model-1.3.8.jar:/home/sumit/.m2/repository/io/prometheus/prometheus-metrics-config/1.3.8/prometheus-metrics-config-1.3.8.jar:/home/sumit/.m2/repository/io/prometheus/prometheus-metrics-tracer-common/1.3.8/prometheus-metrics-tracer-common-1.3.8.jar:/home/sumit/.m2/repository/io/prometheus/prometheus-metrics-exposition-formats/1.3.8/prometheus-metrics-exposition-formats-1.3.8.jar:/home/sumit/.m2/repository/io/prometheus/prometheus-metrics-exposition-formats-no-protobuf/1.3.8/prometheus-metrics-exposition-formats-no-protobuf-1.3.8.jar:/home/sumit/.m2/repository/io/prometheus/prometheus-metrics-exposition-textformats/1.3.8/prometheus-metrics-exposition-textformats-1.3.8.jar:/home/sumit/.m2/repository/com/google/protobuf/protobuf-java/4.31.0/protobuf-java-4.31.0.jar:/home/sumit/.m2/repository/net/logstash/logback/logstash-logback-encoder/7.4/logstash-logback-encoder-7.4.jar:/home/sumit/.m2/repository/org/springframework/boot/spring-boot-devtools/3.5.3/spring-boot-devtools-3.5.3.jar:/home/sumit/.m2/repository/org/springframework/boot/spring-boot/3.5.3/spring-boot-3.5.3.jar:/home/sumit/.m2/repository/org/springframework/boot/spring-boot-autoconfigure/3.5.3/spring-boot-autoconfigure-3.5.3.jar:/home/sumit/.m2/repository/org/springframework/boot/spring-boot-starter-test/3.5.3/spring-boot-starter-test-3.5.3.jar:/home/sumit/.m2/repository/org/springframework/boot/spring-boot-test-autoconfigure/3.5.3/spring-boot-test-autoconfigure-3.5.3.jar:/home/sumit/.m2/repository/com/jayway/jsonpath/json-path/2.9.0/json-path-2.9.0.jar:/home/sumit/.m2/repository/jakarta/xml/bind/jakarta.xml.bind-api/4.0.2/jakarta.xml.bind-api-4.0.2.jar:/home/sumit/.m2/repository/jakarta/activation/jakarta.activation-api/2.1.3/jakarta.activation-api-2.1.3.jar:/home/sumit/.m2/repository/net/minidev/json-smart/2.5.2/json-smart-2.5.2.jar:/home/sumit/.m2/repository/net/minidev/accessors-smart/2.5.2/accessors-smart-2.5.2.jar:/home/sumit/.m2/repository/org/ow2/asm/asm/9.7.1/asm-9.7.1.jar:/home/sumit/.m2/repository/org/assertj/assertj-core/3.27.3/assertj-core-3.27.3.jar:/home/sumit/.m2/repository/net/bytebuddy/byte-buddy/1.17.6/byte-buddy-1.17.6.jar:/home/sumit/.m2/repository/org/awaitility/awaitility/4.2.2/awaitility-4.2.2.jar:/home/sumit/.m2/repository/org/hamcrest/hamcrest/3.0/hamcrest-3.0.jar:/home/sumit/.m2/repository/org/junit/jupiter/junit-jupiter/5.12.2/junit-jupiter-5.12.2.jar:/home/sumit/.m2/repository/org/junit/jupiter/junit-jupiter-params/5.12.2/junit-jupiter-params-5.12.2.jar:/home/sumit/.m2/repository/org/junit/jupiter/junit-jupiter-engine/5.12.2/junit-jupiter-engine-5.12.2.jar:/home/sumit/.m2/repository/org/junit/platform/junit-platform-engine/1.12.2/junit-platform-engine-1.12.2.jar:/home/sumit/.m2/repository/org/mockito/mockito-core/5.17.0/mockito-core-5.17.0.jar:/home/sumit/.m2/repository/net/bytebuddy/byte-buddy-agent/1.17.6/byte-buddy-agent-1.17.6.jar:/home/sumit/.m2/repository/org/objenesis/objenesis/3.3/objenesis-3.3.jar:/home/sumit/.m2/repository/org/mockito/mockito-junit-jupiter/5.17.0/mockito-junit-jupiter-5.17.0.jar:/home/sumit/.m2/repository/org/skyscreamer/jsonassert/1.5.3/jsonassert-1.5.3.jar:/home/sumit/.m2/repository/com/vaadin/external/google/android-json/0.0.20131108.vaadin1/android-json-0.0.20131108.vaadin1.jar:/home/sumit/.m2/repository/org/springframework/spring-core/6.2.8/spring-core-6.2.8.jar:/home/sumit/.m2/repository/org/springframework/spring-jcl/6.2.8/spring-jcl-6.2.8.jar:/home/sumit/.m2/repository/org/springframework/spring-test/6.2.8/spring-test-6.2.8.jar:/home/sumit/.m2/repository/org/xmlunit/xmlunit-core/2.10.2/xmlunit-core-2.10.2.jar:/home/sumit/.m2/repository/org/springframework/boot/spring-boot-test/3.5.3/spring-boot-test-3.5.3.jar:/home/sumit/.m2/repository/org/junit/jupiter/junit-jupiter-api/5.12.2/junit-jupiter-api-5.12.2.jar:/home/sumit/.m2/repository/org/opentest4j/opentest4j/1.3.0/opentest4j-1.3.0.jar:/home/sumit/.m2/repository/org/junit/platform/junit-platform-commons/1.12.2/junit-platform-commons-1.12.2.jar:/home/sumit/.m2/repository/org/apiguardian/apiguardian-api/1.1.2/apiguardian-api-1.1.2.jar:"/>
    <property name="java.vm.vendor" value="Ubuntu"/>
    <property name="sun.arch.data.model" value="64"/>
    <property name="catalina.useNaming" value="false"/>
    <property name="java.vendor.url" value="https://ubuntu.com/"/>
    <property name="user.timezone" value="Asia/Kolkata"/>
    <property name="os.name" value="Linux"/>
    <property name="java.vm.specification.version" value="17"/>
    <property name="APPLICATION_NAME" value="Rate Limiter"/>
    <property name="sun.java.launcher" value="SUN_STANDARD"/>
    <property name="user.country" value="IN"/>
    <property name="sun.boot.library.path" value="/usr/lib/jvm/java-17-openjdk-amd64/lib"/>
    <property name="sun.java.command" value="/home/sumit/Documents/rate-limiter/target/surefire/surefirebooter-20250808182701367_3.jar /home/sumit/Documents/rate-limiter/target/surefire 2025-08-08T18-27-00_566-jvmRun1 surefire-20250808182701367_1tmp surefire_0-20250808182701367_2tmp"/>
    <property name="jdk.debug" value="release"/>
    <property name="surefire.test.class.path" value="/home/sumit/Documents/rate-limiter/target/test-classes:/home/sumit/Documents/rate-limiter/target/classes:/home/sumit/.m2/repository/org/springframework/boot/spring-boot-starter-actuator/3.5.3/spring-boot-starter-actuator-3.5.3.jar:/home/sumit/.m2/repository/org/springframework/boot/spring-boot-starter/3.5.3/spring-boot-starter-3.5.3.jar:/home/sumit/.m2/repository/org/springframework/boot/spring-boot-starter-logging/3.5.3/spring-boot-starter-logging-3.5.3.jar:/home/sumit/.m2/repository/ch/qos/logback/logback-classic/1.5.18/logback-classic-1.5.18.jar:/home/sumit/.m2/repository/ch/qos/logback/logback-core/1.5.18/logback-core-1.5.18.jar:/home/sumit/.m2/repository/org/apache/logging/log4j/log4j-to-slf4j/2.24.3/log4j-to-slf4j-2.24.3.jar:/home/sumit/.m2/repository/org/apache/logging/log4j/log4j-api/2.24.3/log4j-api-2.24.3.jar:/home/sumit/.m2/repository/org/slf4j/jul-to-slf4j/2.0.17/jul-to-slf4j-2.0.17.jar:/home/sumit/.m2/repository/jakarta/annotation/jakarta.annotation-api/2.1.1/jakarta.annotation-api-2.1.1.jar:/home/sumit/.m2/repository/org/yaml/snakeyaml/2.4/snakeyaml-2.4.jar:/home/sumit/.m2/repository/org/springframework/boot/spring-boot-actuator-autoconfigure/3.5.3/spring-boot-actuator-autoconfigure-3.5.3.jar:/home/sumit/.m2/repository/org/springframework/boot/spring-boot-actuator/3.5.3/spring-boot-actuator-3.5.3.jar:/home/sumit/.m2/repository/io/micrometer/micrometer-observation/1.15.1/micrometer-observation-1.15.1.jar:/home/sumit/.m2/repository/io/micrometer/micrometer-commons/1.15.1/micrometer-commons-1.15.1.jar:/home/sumit/.m2/repository/io/micrometer/micrometer-jakarta9/1.15.1/micrometer-jakarta9-1.15.1.jar:/home/sumit/.m2/repository/org/springframework/boot/spring-boot-starter-web/3.5.3/spring-boot-starter-web-3.5.3.jar:/home/sumit/.m2/repository/org/springframework/boot/spring-boot-starter-json/3.5.3/spring-boot-starter-json-3.5.3.jar:/home/sumit/.m2/repository/com/fasterxml/jackson/datatype/jackson-datatype-jdk8/2.19.1/jackson-datatype-jdk8-2.19.1.jar:/home/sumit/.m2/repository/com/fasterxml/jackson/module/jackson-module-parameter-names/2.19.1/jackson-module-parameter-names-2.19.1.jar:/home/sumit/.m2/repository/org/springframework/boot/spring-boot-starter-tomcat/3.5.3/spring-boot-starter-tomcat-3.5.3.jar:/home/sumit/.m2/repository/org/apache/tomcat/embed/tomcat-embed-core/10.1.42/tomcat-embed-core-10.1.42.jar:/home/sumit/.m2/repository/org/apache/tomcat/embed/tomcat-embed-el/10.1.42/tomcat-embed-el-10.1.42.jar:/home/sumit/.m2/repository/org/apache/tomcat/embed/tomcat-embed-websocket/10.1.42/tomcat-embed-websocket-10.1.42.jar:/home/sumit/.m2/repository/org/springframework/spring-web/6.2.8/spring-web-6.2.8.jar:/home/sumit/.m2/repository/org/springframework/spring-beans/6.2.8/spring-beans-6.2.8.jar:/home/sumit/.m2/repository/org/springframework/spring-webmvc/6.2.8/spring-webmvc-6.2.8.jar:/home/sumit/.m2/repository/org/springframework/spring-context/6.2.8/spring-context-6.2.8.jar:/home/sumit/.m2/repository/org/springframework/spring-expression/6.2.8/spring-expression-6.2.8.jar:/home/sumit/.m2/repository/io/github/resilience4j/resilience4j-spring-boot3/2.1.0/resilience4j-spring-boot3-2.1.0.jar:/home/sumit/.m2/repository/io/github/resilience4j/resilience4j-spring6/2.1.0/resilience4j-spring6-2.1.0.jar:/home/sumit/.m2/repository/io/github/resilience4j/resilience4j-annotations/2.1.0/resilience4j-annotations-2.1.0.jar:/home/sumit/.m2/repository/io/github/resilience4j/resilience4j-consumer/2.1.0/resilience4j-consumer-2.1.0.jar:/home/sumit/.m2/repository/io/github/resilience4j/resilience4j-core/2.1.0/resilience4j-core-2.1.0.jar:/home/sumit/.m2/repository/io/github/resilience4j/resilience4j-circularbuffer/2.1.0/resilience4j-circularbuffer-2.1.0.jar:/home/sumit/.m2/repository/io/github/resilience4j/resilience4j-framework-common/2.1.0/resilience4j-framework-common-2.1.0.jar:/home/sumit/.m2/repository/org/slf4j/slf4j-api/2.0.17/slf4j-api-2.0.17.jar:/home/sumit/.m2/repository/io/github/resilience4j/resilience4j-micrometer/2.1.0/resilience4j-micrometer-2.1.0.jar:/home/sumit/.m2/repository/io/github/resilience4j/resilience4j-bulkhead/2.1.0/resilience4j-bulkhead-2.1.0.jar:/home/sumit/.m2/repository/io/github/resilience4j/resilience4j-circuitbreaker/2.1.0/resilience4j-circuitbreaker-2.1.0.jar:/home/sumit/.m2/repository/io/github/resilience4j/resilience4j-retry/2.1.0/resilience4j-retry-2.1.0.jar:/home/sumit/.m2/repository/io/github/resilience4j/resilience4j-ratelimiter/2.1.0/resilience4j-ratelimiter-2.1.0.jar:/home/sumit/.m2/repository/io/github/resilience4j/resilience4j-timelimiter/2.1.0/resilience4j-timelimiter-2.1.0.jar:/home/sumit/.m2/repository/org/springframework/boot/spring-boot-starter-aop/3.5.3/spring-boot-starter-aop-3.5.3.jar:/home/sumit/.m2/repository/org/springframework/spring-aop/6.2.8/spring-aop-6.2.8.jar:/home/sumit/.m2/repository/org/aspectj/aspectjweaver/1.9.24/aspectjweaver-1.9.24.jar:/home/sumit/.m2/repository/org/springframework/boot/spring-boot-configuration-processor/3.5.3/spring-boot-configuration-processor-3.5.3.jar:/home/sumit/.m2/repository/com/fasterxml/jackson/core/jackson-databind/2.19.1/jackson-databind-2.19.1.jar:/home/sumit/.m2/repository/com/fasterxml/jackson/core/jackson-annotations/2.19.1/jackson-annotations-2.19.1.jar:/home/sumit/.m2/repository/com/fasterxml/jackson/core/jackson-core/2.19.1/jackson-core-2.19.1.jar:/home/sumit/.m2/repository/com/fasterxml/jackson/datatype/jackson-datatype-jsr310/2.19.1/jackson-datatype-jsr310-2.19.1.jar:/home/sumit/.m2/repository/io/micrometer/micrometer-registry-prometheus/1.15.1/micrometer-registry-prometheus-1.15.1.jar:/home/sumit/.m2/repository/io/micrometer/micrometer-core/1.15.1/micrometer-core-1.15.1.jar:/home/sumit/.m2/repository/org/hdrhistogram/HdrHistogram/2.2.2/HdrHistogram-2.2.2.jar:/home/sumit/.m2/repository/org/latencyutils/LatencyUtils/2.0.3/LatencyUtils-2.0.3.jar:/home/sumit/.m2/repository/io/prometheus/prometheus-metrics-core/1.3.8/prometheus-metrics-core-1.3.8.jar:/home/sumit/.m2/repository/io/prometheus/prometheus-metrics-model/1.3.8/prometheus-metrics-model-1.3.8.jar:/home/sumit/.m2/repository/io/prometheus/prometheus-metrics-config/1.3.8/prometheus-metrics-config-1.3.8.jar:/home/sumit/.m2/repository/io/prometheus/prometheus-metrics-tracer-common/1.3.8/prometheus-metrics-tracer-common-1.3.8.jar:/home/sumit/.m2/repository/io/prometheus/prometheus-metrics-exposition-formats/1.3.8/prometheus-metrics-exposition-formats-1.3.8.jar:/home/sumit/.m2/repository/io/prometheus/prometheus-metrics-exposition-formats-no-protobuf/1.3.8/prometheus-metrics-exposition-formats-no-protobuf-1.3.8.jar:/home/sumit/.m2/repository/io/prometheus/prometheus-metrics-exposition-textformats/1.3.8/prometheus-metrics-exposition-textformats-1.3.8.jar:/home/sumit/.m2/repository/com/google/protobuf/protobuf-java/4.31.0/protobuf-java-4.31.0.jar:/home/sumit/.m2/repository/net/logstash/logback/logstash-logback-encoder/7.4/logstash-logback-encoder-7.4.jar:/home/sumit/.m2/repository/org/springframework/boot/spring-boot-devtools/3.5.3/spring-boot-devtools-3.5.3.jar:/home/sumit/.m2/repository/org/springframework/boot/spring-boot/3.5.3/spring-boot-3.5.3.jar:/home/sumit/.m2/repository/org/springframework/boot/spring-boot-autoconfigure/3.5.3/spring-boot-autoconfigure-3.5.3.jar:/home/sumit/.m2/repository/org/springframework/boot/spring-boot-starter-test/3.5.3/spring-boot-starter-test-3.5.3.jar:/home/sumit/.m2/repository/org/springframework/boot/spring-boot-test-autoconfigure/3.5.3/spring-boot-test-autoconfigure-3.5.3.jar:/home/sumit/.m2/repository/com/jayway/jsonpath/json-path/2.9.0/json-path-2.9.0.jar:/home/sumit/.m2/repository/jakarta/xml/bind/jakarta.xml.bind-api/4.0.2/jakarta.xml.bind-api-4.0.2.jar:/home/sumit/.m2/repository/jakarta/activation/jakarta.activation-api/2.1.3/jakarta.activation-api-2.1.3.jar:/home/sumit/.m2/repository/net/minidev/json-smart/2.5.2/json-smart-2.5.2.jar:/home/sumit/.m2/repository/net/minidev/accessors-smart/2.5.2/accessors-smart-2.5.2.jar:/home/sumit/.m2/repository/org/ow2/asm/asm/9.7.1/asm-9.7.1.jar:/home/sumit/.m2/repository/org/assertj/assertj-core/3.27.3/assertj-core-3.27.3.jar:/home/sumit/.m2/repository/net/bytebuddy/byte-buddy/1.17.6/byte-buddy-1.17.6.jar:/home/sumit/.m2/repository/org/awaitility/awaitility/4.2.2/awaitility-4.2.2.jar:/home/sumit/.m2/repository/org/hamcrest/hamcrest/3.0/hamcrest-3.0.jar:/home/sumit/.m2/repository/org/junit/jupiter/junit-jupiter/5.12.2/junit-jupiter-5.12.2.jar:/home/sumit/.m2/repository/org/junit/jupiter/junit-jupiter-params/5.12.2/junit-jupiter-params-5.12.2.jar:/home/sumit/.m2/repository/org/junit/jupiter/junit-jupiter-engine/5.12.2/junit-jupiter-engine-5.12.2.jar:/home/sumit/.m2/repository/org/junit/platform/junit-platform-engine/1.12.2/junit-platform-engine-1.12.2.jar:/home/sumit/.m2/repository/org/mockito/mockito-core/5.17.0/mockito-core-5.17.0.jar:/home/sumit/.m2/repository/net/bytebuddy/byte-buddy-agent/1.17.6/byte-buddy-agent-1.17.6.jar:/home/sumit/.m2/repository/org/objenesis/objenesis/3.3/objenesis-3.3.jar:/home/sumit/.m2/repository/org/mockito/mockito-junit-jupiter/5.17.0/mockito-junit-jupiter-5.17.0.jar:/home/sumit/.m2/repository/org/skyscreamer/jsonassert/1.5.3/jsonassert-1.5.3.jar:/home/sumit/.m2/repository/com/vaadin/external/google/android-json/0.0.20131108.vaadin1/android-json-0.0.20131108.vaadin1.jar:/home/sumit/.m2/repository/org/springframework/spring-core/6.2.8/spring-core-6.2.8.jar:/home/sumit/.m2/repository/org/springframework/spring-jcl/6.2.8/spring-jcl-6.2.8.jar:/home/sumit/.m2/repository/org/springframework/spring-test/6.2.8/spring-test-6.2.8.jar:/home/sumit/.m2/repository/org/xmlunit/xmlunit-core/2.10.2/xmlunit-core-2.10.2.jar:/home/sumit/.m2/repository/org/springframework/boot/spring-boot-test/3.5.3/spring-boot-test-3.5.3.jar:/home/sumit/.m2/repository/org/junit/jupiter/junit-jupiter-api/5.12.2/junit-jupiter-api-5.12.2.jar:/home/sumit/.m2/repository/org/opentest4j/opentest4j/1.3.0/opentest4j-1.3.0.jar:/home/sumit/.m2/repository/org/junit/platform/junit-platform-commons/1.12.2/junit-platform-commons-1.12.2.jar:/home/sumit/.m2/repository/org/apiguardian/apiguardian-api/1.1.2/apiguardian-api-1.1.2.jar:"/>
    <property name="test" value="CircuitBreakerTest"/>
    <property name="sun.cpu.endian" value="little"/>
    <property name="user.home" value="/home/sumit"/>
    <property name="user.language" value="en"/>
    <property name="java.specification.vendor" value="Oracle Corporation"/>
    <property name="java.version.date" value="2025-04-15"/>
    <property name="java.home" value="/usr/lib/jvm/java-17-openjdk-amd64"/>
    <property name="file.separator" value="/"/>
    <property name="basedir" value="/home/sumit/Documents/rate-limiter"/>
    <property name="java.vm.compressedOopsMode" value="Zero based"/>
    <property name="line.separator" value="&#10;"/>
    <property name="java.specification.name" value="Java Platform API Specification"/>
    <property name="java.vm.specification.vendor" value="Oracle Corporation"/>
    <property name="FILE_LOG_CHARSET" value="UTF-8"/>
    <property name="java.awt.headless" value="true"/>
    <property name="surefire.real.class.path" value="/home/sumit/Documents/rate-limiter/target/surefire/surefirebooter-20250808182701367_3.jar"/>
    <property name="sun.management.compiler" value="HotSpot 64-Bit Tiered Compilers"/>
    <property name="java.runtime.version" value="17.0.15+6-Ubuntu-0ubuntu122.04"/>
    <property name="user.name" value="sumit"/>
    <property name="path.separator" value=":"/>
    <property name="os.version" value="6.8.0-60-generic"/>
    <property name="java.runtime.name" value="OpenJDK Runtime Environment"/>
    <property name="file.encoding" value="UTF-8"/>
    <property name="java.vm.name" value="OpenJDK 64-Bit Server VM"/>
    <property name="localRepository" value="/home/sumit/.m2/repository"/>
    <property name="java.vendor.url.bug" value="https://bugs.launchpad.net/ubuntu/+source/openjdk-17"/>
    <property name="java.io.tmpdir" value="/tmp"/>
    <property name="catalina.home" value="/tmp/tomcat.0.8628138893977866720"/>
    <property name="java.version" value="17.0.15"/>
    <property name="user.dir" value="/home/sumit/Documents/rate-limiter"/>
    <property name="os.arch" value="amd64"/>
    <property name="java.vm.specification.name" value="Java Virtual Machine Specification"/>
    <property name="PID" value="461738"/>
    <property name="CONSOLE_LOG_CHARSET" value="UTF-8"/>
    <property name="catalina.base" value="/tmp/tomcat.0.8628138893977866720"/>
    <property name="native.encoding" value="UTF-8"/>
    <property name="java.library.path" value="/usr/java/packages/lib:/usr/lib/x86_64-linux-gnu/jni:/lib/x86_64-linux-gnu:/usr/lib/x86_64-linux-gnu:/usr/lib/jni:/lib:/usr/lib"/>
    <property name="java.vm.info" value="mixed mode, sharing"/>
    <property name="java.vendor" value="Ubuntu"/>
    <property name="java.vm.version" value="17.0.15+6-Ubuntu-0ubuntu122.04"/>
    <property name="java.specification.maintenance.version" value="1"/>
    <property name="sun.io.unicode.encoding" value="UnicodeLittle"/>
    <property name="java.class.version" value="61.0"/>
    <property name="LOGGED_APPLICATION_NAME" value="[Rate Limiter] "/>
  </properties>
  <testcase name="shouldOpenCircuitAfterFailures" classname="com.learning.ratelimiter.resilience.CircuitBreakerTest" time="0.597">
    <failure message="&#10;expected: OPEN&#10; but was: CLOSED" type="org.opentest4j.AssertionFailedError"><![CDATA[org.opentest4j.AssertionFailedError: 

expected: OPEN
 but was: CLOSED
	at com.learning.ratelimiter.resilience.CircuitBreakerTest.shouldOpenCircuitAfterFailures(CircuitBreakerTest.java:81)
	at java.base/java.lang.reflect.Method.invoke(Method.java:569)
	at java.base/java.util.ArrayList.forEach(ArrayList.java:1511)
	at java.base/java.util.ArrayList.forEach(ArrayList.java:1511)
]]></failure>
    <system-out><![CDATA[18:27:04.609 [main] INFO org.springframework.test.context.support.AnnotationConfigContextLoaderUtils -- Could not detect default configuration classes for test class [com.learning.ratelimiter.resilience.CircuitBreakerTest]: CircuitBreakerTest does not declare any static, non-private, non-final, nested classes annotated with @Configuration.
18:27:04.988 [main] INFO org.springframework.boot.test.context.SpringBootTestContextBootstrapper -- Found @SpringBootConfiguration com.learning.ratelimiter.RateLimiterApplication for test class com.learning.ratelimiter.resilience.CircuitBreakerTest
18:27:07.887 [main] INFO org.springframework.boot.devtools.restart.RestartApplicationListener -- Restart disabled due to context in which it is running

  .   ____          _            __ _ _
 /\\ / ___'_ __ _ _(_)_ __  __ _ \ \ \ \
( ( )\___ | '_ | '_| | '_ \/ _` | \ \ \ \
 \\/  ___)| |_)| | | | | || (_| |  ) ) ) )
  '  |____| .__|_| |_|_| |_\__, | / / / /
 =========|_|==============|___/=/_/_/_/

 :: Spring Boot ::                (v3.5.3)

18:27:11.036 &amp#27;[34mINFO &amp#27;[0;39m [&amp#27;[34mmain&amp#27;[0;39m] &amp#27;[36m[c.l.r.r.CircuitBreakerTest]&amp#27;[0;39m - Starting CircuitBreakerTest using Java 17.0.15 with PID 461738 (started by sumit in /home/sumit/Documents/rate-limiter)
18:27:11.040 &amp#27;[39mDEBUG&amp#27;[0;39m [&amp#27;[34mmain&amp#27;[0;39m] &amp#27;[36m[c.l.r.r.CircuitBreakerTest]&amp#27;[0;39m - Running with Spring Boot v3.5.3, Spring v6.2.8
18:27:11.044 &amp#27;[34mINFO &amp#27;[0;39m [&amp#27;[34mmain&amp#27;[0;39m] &amp#27;[36m[c.l.r.r.CircuitBreakerTest]&amp#27;[0;39m - No active profile set, falling back to 1 default profile: "default"
18:27:11.046 &amp#27;[39mDEBUG&amp#27;[0;39m [&amp#27;[34mmain&amp#27;[0;39m] &amp#27;[36m[o.s.b.SpringApplication]&amp#27;[0;39m - Loading source class com.learning.ratelimiter.RateLimiterApplication
18:27:11.125 &amp#27;[39mDEBUG&amp#27;[0;39m [&amp#27;[34mmain&amp#27;[0;39m] &amp#27;[36m[o.s.b.w.s.c.AnnotationConfigServletWebServerApplicationContext]&amp#27;[0;39m - Refreshing org.springframework.boot.web.servlet.context.AnnotationConfigServletWebServerApplicationContext@66e21568
18:27:11.200 &amp#27;[39mDEBUG&amp#27;[0;39m [&amp#27;[34mmain&amp#27;[0;39m] &amp#27;[36m[o.s.b.f.s.DefaultListableBeanFactory]&amp#27;[0;39m - Creating shared instance of singleton bean 'org.springframework.context.annotation.internalConfigurationAnnotationProcessor'
18:27:11.251 &amp#27;[39mDEBUG&amp#27;[0;39m [&amp#27;[34mmain&amp#27;[0;39m] &amp#27;[36m[o.s.b.f.s.DefaultListableBeanFactory]&amp#27;[0;39m - Creating shared instance of singleton bean 'org.springframework.boot.autoconfigure.internalCachingMetadataReaderFactory'
18:27:11.423 &amp#27;[39mDEBUG&amp#27;[0;39m [&amp#27;[34mmain&amp#27;[0;39m] &amp#27;[36m[o.s.c.a.ClassPathBeanDefinitionScanner]&amp#27;[0;39m - Identified candidate component class: file [/home/sumit/Documents/rate-limiter/target/classes/com/learning/ratelimiter/config/RateLimiterProperties.class]
18:27:11.443 &amp#27;[39mDEBUG&amp#27;[0;39m [&amp#27;[34mmain&amp#27;[0;39m] &amp#27;[36m[o.s.c.a.ClassPathBeanDefinitionScanner]&amp#27;[0;39m - Identified candidate component class: file [/home/sumit/Documents/rate-limiter/target/classes/com/learning/ratelimiter/config/ResilienceConfig.class]
18:27:11.446 &amp#27;[39mDEBUG&amp#27;[0;39m [&amp#27;[34mmain&amp#27;[0;39m] &amp#27;[36m[o.s.c.a.ClassPathBeanDefinitionScanner]&amp#27;[0;39m - Identified candidate component class: file [/home/sumit/Documents/rate-limiter/target/classes/com/learning/ratelimiter/config/WebConfig.class]
18:27:11.506 &amp#27;[39mDEBUG&amp#27;[0;39m [&amp#27;[34mmain&amp#27;[0;39m] &amp#27;[36m[o.s.c.a.ClassPathBeanDefinitionScanner]&amp#27;[0;39m - Identified candidate component class: file [/home/sumit/Documents/rate-limiter/target/classes/com/learning/ratelimiter/controller/ApiController.class]
18:27:11.521 &amp#27;[39mDEBUG&amp#27;[0;39m [&amp#27;[34mmain&amp#27;[0;39m] &amp#27;[36m[o.s.c.a.ClassPathBeanDefinitionScanner]&amp#27;[0;39m - Identified candidate component class: file [/home/sumit/Documents/rate-limiter/target/classes/com/learning/ratelimiter/health/RateLimiterHealthIndicator.class]
18:27:11.525 &amp#27;[39mDEBUG&amp#27;[0;39m [&amp#27;[34mmain&amp#27;[0;39m] &amp#27;[36m[o.s.c.a.ClassPathBeanDefinitionScanner]&amp#27;[0;39m - Identified candidate component class: file [/home/sumit/Documents/rate-limiter/target/classes/com/learning/ratelimiter/service/RateLimitMetricsService.class]
18:27:11.530 &amp#27;[39mDEBUG&amp#27;[0;39m [&amp#27;[34mmain&amp#27;[0;39m] &amp#27;[36m[o.s.c.a.ClassPathBeanDefinitionScanner]&amp#27;[0;39m - Identified candidate component class: file [/home/sumit/Documents/rate-limiter/target/classes/com/learning/ratelimiter/service/RateLimitService.class]
18:27:11.534 &amp#27;[39mDEBUG&amp#27;[0;39m [&amp#27;[34mmain&amp#27;[0;39m] &amp#27;[36m[o.s.c.a.ClassPathBeanDefinitionScanner]&amp#27;[0;39m - Identified candidate component class: file [/home/sumit/Documents/rate-limiter/target/classes/com/learning/ratelimiter/service/ResilientRateLimitService.class]
18:27:11.546 &amp#27;[39mDEBUG&amp#27;[0;39m [&amp#27;[34mmain&amp#27;[0;39m] &amp#27;[36m[o.s.c.a.ClassPathBeanDefinitionScanner]&amp#27;[0;39m - Identified candidate component class: file [/home/sumit/Documents/rate-limiter/target/classes/com/learning/ratelimiter/web/LoggingFilter.class]
18:27:11.548 &amp#27;[39mDEBUG&amp#27;[0;39m [&amp#27;[34mmain&amp#27;[0;39m] &amp#27;[36m[o.s.c.a.ClassPathBeanDefinitionScanner]&amp#27;[0;39m - Identified candidate component class: file [/home/sumit/Documents/rate-limiter/target/classes/com/learning/ratelimiter/web/RateLimitInterceptor.class]
18:27:13.809 &amp#27;[39mDEBUG&amp#27;[0;39m [&amp#27;[34mmain&amp#27;[0;39m] &amp#27;[36m[i.g.r.s.u.RxJava2OnClasspathCondition]&amp#27;[0;39m - RxJava2 related Aspect extensions are not activated, because RxJava2 is not on the classpath.
18:27:13.813 &amp#27;[39mDEBUG&amp#27;[0;39m [&amp#27;[34mmain&amp#27;[0;39m] &amp#27;[36m[i.g.r.s.u.ReactorOnClasspathCondition]&amp#27;[0;39m - Reactor related Aspect extensions are not activated because Reactor is not on the classpath.
18:27:13.862 &amp#27;[39mDEBUG&amp#27;[0;39m [&amp#27;[34mmain&amp#27;[0;39m] &amp#27;[36m[i.g.r.s.u.RxJava2OnClasspathCondition]&amp#27;[0;39m - RxJava2 related Aspect extensions are not activated, because RxJava2 is not on the classpath.
18:27:13.864 &amp#27;[39mDEBUG&amp#27;[0;39m [&amp#27;[34mmain&amp#27;[0;39m] &amp#27;[36m[i.g.r.s.u.ReactorOnClasspathCondition]&amp#27;[0;39m - Reactor related Aspect extensions are not activated because Reactor is not on the classpath.
18:27:14.024 &amp#27;[39mDEBUG&amp#27;[0;39m [&amp#27;[34mmain&amp#27;[0;39m] &amp#27;[36m[i.g.r.s.u.RxJava2OnClasspathCondition]&amp#27;[0;39m - RxJava2 related Aspect extensions are not activated, because RxJava2 is not on the classpath.
18:27:14.025 &amp#27;[39mDEBUG&amp#27;[0;39m [&amp#27;[34mmain&amp#27;[0;39m] &amp#27;[36m[i.g.r.s.u.ReactorOnClasspathCondition]&amp#27;[0;39m - Reactor related Aspect extensions are not activated because Reactor is not on the classpath.
18:27:14.080 &amp#27;[39mDEBUG&amp#27;[0;39m [&amp#27;[34mmain&amp#27;[0;39m] &amp#27;[36m[i.g.r.s.u.RxJava2OnClasspathCondition]&amp#27;[0;39m - RxJava2 related Aspect extensions are not activated, because RxJava2 is not on the classpath.
18:27:14.081 &amp#27;[39mDEBUG&amp#27;[0;39m [&amp#27;[34mmain&amp#27;[0;39m] &amp#27;[36m[i.g.r.s.u.ReactorOnClasspathCondition]&amp#27;[0;39m - Reactor related Aspect extensions are not activated because Reactor is not on the classpath.
18:27:14.150 &amp#27;[39mDEBUG&amp#27;[0;39m [&amp#27;[34mmain&amp#27;[0;39m] &amp#27;[36m[i.g.r.s.u.RxJava2OnClasspathCondition]&amp#27;[0;39m - RxJava2 related Aspect extensions are not activated, because RxJava2 is not on the classpath.
18:27:14.152 &amp#27;[39mDEBUG&amp#27;[0;39m [&amp#27;[34mmain&amp#27;[0;39m] &amp#27;[36m[i.g.r.s.u.ReactorOnClasspathCondition]&amp#27;[0;39m - Reactor related Aspect extensions are not activated because Reactor is not on the classpath.
18:27:14.218 &amp#27;[39mDEBUG&amp#27;[0;39m [&amp#27;[34mmain&amp#27;[0;39m] &amp#27;[36m[i.g.r.s.u.RxJava2OnClasspathCondition]&amp#27;[0;39m - RxJava2 related Aspect extensions are not activated, because RxJava2 is not on the classpath.
18:27:14.220 &amp#27;[39mDEBUG&amp#27;[0;39m [&amp#27;[34mmain&amp#27;[0;39m] &amp#27;[36m[i.g.r.s.u.ReactorOnClasspathCondition]&amp#27;[0;39m - Reactor related Aspect extensions are not activated because Reactor is not on the classpath.
18:27:14.894 &amp#27;[39mDEBUG&amp#27;[0;39m [&amp#27;[34mmain&amp#27;[0;39m] &amp#27;[36m[o.s.b.f.s.DefaultListableBeanFactory]&amp#27;[0;39m - Creating shared instance of singleton bean 'org.springframework.boot.test.web.client.TestRestTemplateContextCustomizer$TestRestTemplateRegistrar'
18:27:15.711 &amp#27;[39mDEBUG&amp#27;[0;39m [&amp#27;[34mmain&amp#27;[0;39m] &amp#27;[36m[o.s.b.f.s.DefaultListableBeanFactory]&amp#27;[0;39m - Creating shared instance of singleton bean 'propertySourcesPlaceholderConfigurer'
18:27:15.754 &amp#27;[39mDEBUG&amp#27;[0;39m [&amp#27;[34mmain&amp#27;[0;39m] &amp#27;[36m[o.s.b.f.s.DefaultListableBeanFactory]&amp#27;[0;39m - Creating shared instance of singleton bean 'org.springframework.boot.test.mock.mockito.MockitoPostProcessor'
18:27:15.778 &amp#27;[39mDEBUG&amp#27;[0;39m [&amp#27;[34mmain&amp#27;[0;39m] &amp#27;[36m[o.s.b.f.s.DefaultListableBeanFactory]&amp#27;[0;39m - Creating shared instance of singleton bean 'org.springframework.boot.sql.init.dependency.DatabaseInitializationDependencyConfigurer$DependsOnDatabaseInitializationPostProcessor'
18:27:15.927 &amp#27;[39mDEBUG&amp#27;[0;39m [&amp#27;[34mmain&amp#27;[0;39m] &amp#27;[36m[o.s.b.f.s.DefaultListableBeanFactory]&amp#27;[0;39m - Creating shared instance of singleton bean 'org.springframework.context.event.internalEventListenerProcessor'
18:27:15.934 &amp#27;[39mDEBUG&amp#27;[0;39m [&amp#27;[34mmain&amp#27;[0;39m] &amp#27;[36m[o.s.b.f.s.DefaultListableBeanFactory]&amp#27;[0;39m - Creating shared instance of singleton bean 'bootstrapExecutorAliasPostProcessor'
18:27:15.938 &amp#27;[39mDEBUG&amp#27;[0;39m [&amp#27;[34mmain&amp#27;[0;39m] &amp#27;[36m[o.s.b.f.s.DefaultListableBeanFactory]&amp#27;[0;39m - Creating shared instance of singleton bean 'preserveErrorControllerTargetClassPostProcessor'
18:27:15.943 &amp#27;[39mDEBUG&amp#27;[0;39m [&amp#27;[34mmain&amp#27;[0;39m] &amp#27;[36m[o.s.b.f.s.DefaultListableBeanFactory]&amp#27;[0;39m - Creating shared instance of singleton bean 'org.springframework.context.event.internalEventListenerFactory'
18:27:15.955 &amp#27;[39mDEBUG&amp#27;[0;39m [&amp#27;[34mmain&amp#27;[0;39m] &amp#27;[36m[o.s.b.f.s.DefaultListableBeanFactory]&amp#27;[0;39m - Creating shared instance of singleton bean 'org.springframework.context.annotation.internalAutowiredAnnotationProcessor'
18:27:15.960 &amp#27;[39mDEBUG&amp#27;[0;39m [&amp#27;[34mmain&amp#27;[0;39m] &amp#27;[36m[o.s.b.f.s.DefaultListableBeanFactory]&amp#27;[0;39m - Creating shared instance of singleton bean 'org.springframework.context.annotation.internalCommonAnnotationProcessor'
18:27:15.972 &amp#27;[39mDEBUG&amp#27;[0;39m [&amp#27;[34mmain&amp#27;[0;39m] &amp#27;[36m[o.s.b.f.s.DefaultListableBeanFactory]&amp#27;[0;39m - Creating shared instance of singleton bean 'org.springframework.boot.test.mock.mockito.MockitoPostProcessor$SpyPostProcessor'
18:27:15.976 &amp#27;[39mDEBUG&amp#27;[0;39m [&amp#27;[34mmain&amp#27;[0;39m] &amp#27;[36m[o.s.b.f.s.DefaultListableBeanFactory]&amp#27;[0;39m - Creating shared instance of singleton bean 'org.springframework.boot.context.properties.ConfigurationPropertiesBindingPostProcessor'
18:27:15.977 &amp#27;[39mDEBUG&amp#27;[0;39m [&amp#27;[34mmain&amp#27;[0;39m] &amp#27;[36m[o.s.b.f.s.DefaultListableBeanFactory]&amp#27;[0;39m - Creating shared instance of singleton bean 'org.springframework.boot.context.internalConfigurationPropertiesBinder'
18:27:15.987 &amp#27;[39mDEBUG&amp#27;[0;39m [&amp#27;[34mmain&amp#27;[0;39m] &amp#27;[36m[o.s.b.f.s.DefaultListableBeanFactory]&amp#27;[0;39m - Creating shared instance of singleton bean 'org.springframework.aop.config.internalAutoProxyCreator'
18:27:16.057 &amp#27;[39mDEBUG&amp#27;[0;39m [&amp#27;[34mmain&amp#27;[0;39m] &amp#27;[36m[o.s.b.f.s.DefaultListableBeanFactory]&amp#27;[0;39m - Creating shared instance of singleton bean 'webServerFactoryCustomizerBeanPostProcessor'
18:27:16.060 &amp#27;[39mDEBUG&amp#27;[0;39m [&amp#27;[34mmain&amp#27;[0;39m] &amp#27;[36m[o.s.b.f.s.DefaultListableBeanFactory]&amp#27;[0;39m - Creating shared instance of singleton bean 'errorPageRegistrarBeanPostProcessor'
18:27:16.063 &amp#27;[39mDEBUG&amp#27;[0;39m [&amp#27;[34mmain&amp#27;[0;39m] &amp#27;[36m[o.s.b.f.s.DefaultListableBeanFactory]&amp#27;[0;39m - Creating shared instance of singleton bean 'meterRegistryPostProcessor'
18:27:16.150 &amp#27;[39mDEBUG&amp#27;[0;39m [&amp#27;[34mmain&amp#27;[0;39m] &amp#27;[36m[o.s.a.a.a.ReflectiveAspectJAdvisorFactory]&amp#27;[0;39m - Found AspectJ method: public java.lang.Object io.github.resilience4j.spring6.bulkhead.configure.BulkheadAspect.bulkheadAroundAdvice(org.aspectj.lang.ProceedingJoinPoint,io.github.resilience4j.bulkhead.annotation.Bulkhead) throws java.lang.Throwable
18:27:16.165 &amp#27;[39mDEBUG&amp#27;[0;39m [&amp#27;[34mmain&amp#27;[0;39m] &amp#27;[36m[o.s.a.a.a.ReflectiveAspectJAdvisorFactory]&amp#27;[0;39m - Found AspectJ method: public java.lang.Object io.github.resilience4j.spring6.circuitbreaker.configure.CircuitBreakerAspect.circuitBreakerAroundAdvice(org.aspectj.lang.ProceedingJoinPoint,io.github.resilience4j.circuitbreaker.annotation.CircuitBreaker) throws java.lang.Throwable
18:27:16.173 &amp#27;[39mDEBUG&amp#27;[0;39m [&amp#27;[34mmain&amp#27;[0;39m] &amp#27;[36m[o.s.a.a.a.ReflectiveAspectJAdvisorFactory]&amp#27;[0;39m - Found AspectJ method: public java.lang.Object io.github.resilience4j.spring6.ratelimiter.configure.RateLimiterAspect.rateLimiterAroundAdvice(org.aspectj.lang.ProceedingJoinPoint,io.github.resilience4j.ratelimiter.annotation.RateLimiter) throws java.lang.Throwable
18:27:16.180 &amp#27;[39mDEBUG&amp#27;[0;39m [&amp#27;[34mmain&amp#27;[0;39m] &amp#27;[36m[o.s.a.a.a.ReflectiveAspectJAdvisorFactory]&amp#27;[0;39m - Found AspectJ method: public java.lang.Object io.github.resilience4j.spring6.retry.configure.RetryAspect.retryAroundAdvice(org.aspectj.lang.ProceedingJoinPoint,io.github.resilience4j.retry.annotation.Retry) throws java.lang.Throwable
18:27:16.188 &amp#27;[39mDEBUG&amp#27;[0;39m [&amp#27;[34mmain&amp#27;[0;39m] &amp#27;[36m[o.s.a.a.a.ReflectiveAspectJAdvisorFactory]&amp#27;[0;39m - Found AspectJ method: public java.lang.Object io.github.resilience4j.spring6.timelimiter.configure.TimeLimiterAspect.timeLimiterAroundAdvice(org.aspectj.lang.ProceedingJoinPoint,io.github.resilience4j.timelimiter.annotation.TimeLimiter) throws java.lang.Throwable
18:27:16.259 &amp#27;[39mDEBUG&amp#27;[0;39m [&amp#27;[34mmain&amp#27;[0;39m] &amp#27;[36m[o.s.b.f.s.DefaultListableBeanFactory]&amp#27;[0;39m - Autowiring by type from bean name 'meterRegistryPostProcessor' via factory method to bean named 'org.springframework.boot.web.servlet.context.AnnotationConfigServletWebServerApplicationContext@66e21568'
18:27:16.768 &amp#27;[39mDEBUG&amp#27;[0;39m [&amp#27;[34mmain&amp#27;[0;39m] &amp#27;[36m[o.s.b.f.s.DefaultListableBeanFactory]&amp#27;[0;39m - Creating shared instance of singleton bean 'healthEndpointGroupsBeanPostProcessor'
18:27:16.790 &amp#27;[39mDEBUG&amp#27;[0;39m [&amp#27;[34mmain&amp#27;[0;39m] &amp#27;[36m[o.s.b.f.s.DefaultListableBeanFactory]&amp#27;[0;39m - Creating shared instance of singleton bean 'observationRegistryPostProcessor'
18:27:16.820 &amp#27;[39mDEBUG&amp#27;[0;39m [&amp#27;[34mmain&amp#27;[0;39m] &amp#27;[36m[o.s.u.c.s.UiApplicationContextUtils]&amp#27;[0;39m - Unable to locate ThemeSource with name 'themeSource': using default [org.springframework.ui.context.support.ResourceBundleThemeSource@278cb145]
18:27:16.823 &amp#27;[39mDEBUG&amp#27;[0;39m [&amp#27;[34mmain&amp#27;[0;39m] &amp#27;[36m[o.s.b.f.s.DefaultListableBeanFactory]&amp#27;[0;39m - Creating shared instance of singleton bean 'tomcatServletWebServerFactory'
18:27:16.824 &amp#27;[39mDEBUG&amp#27;[0;39m [&amp#27;[34mmain&amp#27;[0;39m] &amp#27;[36m[o.s.b.f.s.DefaultListableBeanFactory]&amp#27;[0;39m - Creating shared instance of singleton bean 'org.springframework.boot.autoconfigure.web.servlet.ServletWebServerFactoryConfiguration$EmbeddedTomcat'
18:27:16.955 &amp#27;[39mDEBUG&amp#27;[0;39m [&amp#27;[34mmain&amp#27;[0;39m] &amp#27;[36m[o.s.b.f.s.DefaultListableBeanFactory]&amp#27;[0;39m - Creating shared instance of singleton bean 'websocketServletWebServerCustomizer'
18:27:16.957 &amp#27;[39mDEBUG&amp#27;[0;39m [&amp#27;[34mmain&amp#27;[0;39m] &amp#27;[36m[o.s.b.f.s.DefaultListableBeanFactory]&amp#27;[0;39m - Creating shared instance of singleton bean 'org.springframework.boot.autoconfigure.websocket.servlet.WebSocketServletAutoConfiguration$TomcatWebSocketConfiguration'
18:27:16.988 &amp#27;[39mDEBUG&amp#27;[0;39m [&amp#27;[34mmain&amp#27;[0;39m] &amp#27;[36m[o.s.b.f.s.DefaultListableBeanFactory]&amp#27;[0;39m - Creating shared instance of singleton bean 'servletWebServerFactoryCustomizer'
18:27:16.990 &amp#27;[39mDEBUG&amp#27;[0;39m [&amp#27;[34mmain&amp#27;[0;39m] &amp#27;[36m[o.s.b.f.s.DefaultListableBeanFactory]&amp#27;[0;39m - Creating shared instance of singleton bean 'org.springframework.boot.autoconfigure.web.servlet.ServletWebServerFactoryAutoConfiguration'
18:27:17.017 &amp#27;[39mDEBUG&amp#27;[0;39m [&amp#27;[34mmain&amp#27;[0;39m] &amp#27;[36m[o.s.b.f.s.DefaultListableBeanFactory]&amp#27;[0;39m - Creating shared instance of singleton bean 'server-org.springframework.boot.autoconfigure.web.ServerProperties'
18:27:17.049 &amp#27;[39mDEBUG&amp#27;[0;39m [&amp#27;[34mmain&amp#27;[0;39m] &amp#27;[36m[o.s.b.f.s.DefaultListableBeanFactory]&amp#27;[0;39m - Creating shared instance of singleton bean 'org.springframework.boot.context.properties.BoundConfigurationProperties'
18:27:17.175 &amp#27;[39mDEBUG&amp#27;[0;39m [&amp#27;[34mmain&amp#27;[0;39m] &amp#27;[36m[o.s.b.f.s.DefaultListableBeanFactory]&amp#27;[0;39m - Autowiring by type from bean name 'servletWebServerFactoryCustomizer' via factory method to bean named 'server-org.springframework.boot.autoconfigure.web.ServerProperties'
18:27:17.182 &amp#27;[39mDEBUG&amp#27;[0;39m [&amp#27;[34mmain&amp#27;[0;39m] &amp#27;[36m[o.s.b.f.s.DefaultListableBeanFactory]&amp#27;[0;39m - Creating shared instance of singleton bean 'sslBundleRegistry'
18:27:17.184 &amp#27;[39mDEBUG&amp#27;[0;39m [&amp#27;[34mmain&amp#27;[0;39m] &amp#27;[36m[o.s.b.f.s.DefaultListableBeanFactory]&amp#27;[0;39m - Creating shared instance of singleton bean 'org.springframework.boot.autoconfigure.ssl.SslAutoConfiguration'
18:27:17.188 &amp#27;[39mDEBUG&amp#27;[0;39m [&amp#27;[34mmain&amp#27;[0;39m] &amp#27;[36m[o.s.b.f.s.DefaultListableBeanFactory]&amp#27;[0;39m - Creating shared instance of singleton bean 'spring.ssl-org.springframework.boot.autoconfigure.ssl.SslProperties'
18:27:17.201 &amp#27;[39mDEBUG&amp#27;[0;39m [&amp#27;[34mmain&amp#27;[0;39m] &amp#27;[36m[o.s.b.f.s.DefaultListableBeanFactory]&amp#27;[0;39m - Autowiring by type from bean name 'org.springframework.boot.autoconfigure.ssl.SslAutoConfiguration' via constructor to bean named 'org.springframework.boot.web.servlet.context.AnnotationConfigServletWebServerApplicationContext@66e21568'
18:27:17.202 &amp#27;[39mDEBUG&amp#27;[0;39m [&amp#27;[34mmain&amp#27;[0;39m] &amp#27;[36m[o.s.b.f.s.DefaultListableBeanFactory]&amp#27;[0;39m - Autowiring by type from bean name 'org.springframework.boot.autoconfigure.ssl.SslAutoConfiguration' via constructor to bean named 'spring.ssl-org.springframework.boot.autoconfigure.ssl.SslProperties'
18:27:17.230 &amp#27;[39mDEBUG&amp#27;[0;39m [&amp#27;[34mmain&amp#27;[0;39m] &amp#27;[36m[o.s.b.f.s.DefaultListableBeanFactory]&amp#27;[0;39m - Creating shared instance of singleton bean 'sslPropertiesSslBundleRegistrar'
18:27:17.233 &amp#27;[39mDEBUG&amp#27;[0;39m [&amp#27;[34mmain&amp#27;[0;39m] &amp#27;[36m[o.s.b.f.s.DefaultListableBeanFactory]&amp#27;[0;39m - Creating shared instance of singleton bean 'fileWatcher'
18:27:17.256 &amp#27;[39mDEBUG&amp#27;[0;39m [&amp#27;[34mmain&amp#27;[0;39m] &amp#27;[36m[o.s.b.f.s.DefaultListableBeanFactory]&amp#27;[0;39m - Autowiring by type from bean name 'sslPropertiesSslBundleRegistrar' via factory method to bean named 'fileWatcher'
18:27:17.352 &amp#27;[39mDEBUG&amp#27;[0;39m [&amp#27;[34mmain&amp#27;[0;39m] &amp#27;[36m[o.s.b.f.s.DefaultListableBeanFactory]&amp#27;[0;39m - Creating shared instance of singleton bean 'tomcatServletWebServerFactoryCustomizer'
18:27:17.355 &amp#27;[39mDEBUG&amp#27;[0;39m [&amp#27;[34mmain&amp#27;[0;39m] &amp#27;[36m[o.s.b.f.s.DefaultListableBeanFactory]&amp#27;[0;39m - Autowiring by type from bean name 'tomcatServletWebServerFactoryCustomizer' via factory method to bean named 'server-org.springframework.boot.autoconfigure.web.ServerProperties'
18:27:17.375 &amp#27;[39mDEBUG&amp#27;[0;39m [&amp#27;[34mmain&amp#27;[0;39m] &amp#27;[36m[o.s.b.f.s.DefaultListableBeanFactory]&amp#27;[0;39m - Creating shared instance of singleton bean 'tomcatWebServerFactoryCustomizer'
18:27:17.376 &amp#27;[39mDEBUG&amp#27;[0;39m [&amp#27;[34mmain&amp#27;[0;39m] &amp#27;[36m[o.s.b.f.s.DefaultListableBeanFactory]&amp#27;[0;39m - Creating shared instance of singleton bean 'org.springframework.boot.autoconfigure.web.embedded.EmbeddedWebServerFactoryCustomizerAutoConfiguration$TomcatWebServerFactoryCustomizerConfiguration'
18:27:17.393 &amp#27;[39mDEBUG&amp#27;[0;39m [&amp#27;[34mmain&amp#27;[0;39m] &amp#27;[36m[o.s.b.f.s.DefaultListableBeanFactory]&amp#27;[0;39m - Autowiring by type from bean name 'tomcatWebServerFactoryCustomizer' via factory method to bean named 'environment'
18:27:17.394 &amp#27;[39mDEBUG&amp#27;[0;39m [&amp#27;[34mmain&amp#27;[0;39m] &amp#27;[36m[o.s.b.f.s.DefaultListableBeanFactory]&amp#27;[0;39m - Autowiring by type from bean name 'tomcatWebServerFactoryCustomizer' via factory method to bean named 'server-org.springframework.boot.autoconfigure.web.ServerProperties'
18:27:17.449 &amp#27;[39mDEBUG&amp#27;[0;39m [&amp#27;[34mmain&amp#27;[0;39m] &amp#27;[36m[o.s.b.f.s.DefaultListableBeanFactory]&amp#27;[0;39m - Creating shared instance of singleton bean 'localeCharsetMappingsCustomizer'
18:27:17.450 &amp#27;[39mDEBUG&amp#27;[0;39m [&amp#27;[34mmain&amp#27;[0;39m] &amp#27;[36m[o.s.b.f.s.DefaultListableBeanFactory]&amp#27;[0;39m - Creating shared instance of singleton bean 'org.springframework.boot.autoconfigure.web.servlet.HttpEncodingAutoConfiguration'
18:27:17.454 &amp#27;[39mDEBUG&amp#27;[0;39m [&amp#27;[34mmain&amp#27;[0;39m] &amp#27;[36m[o.s.b.f.s.DefaultListableBeanFactory]&amp#27;[0;39m - Autowiring by type from bean name 'org.springframework.boot.autoconfigure.web.servlet.HttpEncodingAutoConfiguration' via constructor to bean named 'server-org.springframework.boot.autoconfigure.web.ServerProperties'
18:27:17.615 &amp#27;[39mDEBUG&amp#27;[0;39m [&amp#27;[34mmain&amp#27;[0;39m] &amp#27;[36m[o.s.b.f.s.DefaultListableBeanFactory]&amp#27;[0;39m - Creating shared instance of singleton bean 'errorPageCustomizer'
18:27:17.616 &amp#27;[39mDEBUG&amp#27;[0;39m [&amp#27;[34mmain&amp#27;[0;39m] &amp#27;[36m[o.s.b.f.s.DefaultListableBeanFactory]&amp#27;[0;39m - Creating shared instance of singleton bean 'org.springframework.boot.autoconfigure.web.servlet.error.ErrorMvcAutoConfiguration'
18:27:17.621 &amp#27;[39mDEBUG&amp#27;[0;39m [&amp#27;[34mmain&amp#27;[0;39m] &amp#27;[36m[o.s.b.f.s.DefaultListableBeanFactory]&amp#27;[0;39m - Autowiring by type from bean name 'org.springframework.boot.autoconfigure.web.servlet.error.ErrorMvcAutoConfiguration' via constructor to bean named 'server-org.springframework.boot.autoconfigure.web.ServerProperties'
18:27:17.639 &amp#27;[39mDEBUG&amp#27;[0;39m [&amp#27;[34mmain&amp#27;[0;39m] &amp#27;[36m[o.s.b.f.s.DefaultListableBeanFactory]&amp#27;[0;39m - Creating shared instance of singleton bean 'dispatcherServletRegistration'
18:27:17.640 &amp#27;[39mDEBUG&amp#27;[0;39m [&amp#27;[34mmain&amp#27;[0;39m] &amp#27;[36m[o.s.b.f.s.DefaultListableBeanFactory]&amp#27;[0;39m - Creating shared instance of singleton bean 'org.springframework.boot.autoconfigure.web.servlet.DispatcherServletAutoConfiguration$DispatcherServletRegistrationConfiguration'
18:27:17.655 &amp#27;[39mDEBUG&amp#27;[0;39m [&amp#27;[34mmain&amp#27;[0;39m] &amp#27;[36m[o.s.b.f.s.DefaultListableBeanFactory]&amp#27;[0;39m - Creating shared instance of singleton bean 'dispatcherServlet'
18:27:17.656 &amp#27;[39mDEBUG&amp#27;[0;39m [&amp#27;[34mmain&amp#27;[0;39m] &amp#27;[36m[o.s.b.f.s.DefaultListableBeanFactory]&amp#27;[0;39m - Creating shared instance of singleton bean 'org.springframework.boot.autoconfigure.web.servlet.DispatcherServletAutoConfiguration$DispatcherServletConfiguration'
18:27:17.671 &amp#27;[39mDEBUG&amp#27;[0;39m [&amp#27;[34mmain&amp#27;[0;39m] &amp#27;[36m[o.s.b.f.s.DefaultListableBeanFactory]&amp#27;[0;39m - Creating shared instance of singleton bean 'spring.mvc-org.springframework.boot.autoconfigure.web.servlet.WebMvcProperties'
18:27:17.708 &amp#27;[39mDEBUG&amp#27;[0;39m [&amp#27;[34mmain&amp#27;[0;39m] &amp#27;[36m[o.s.b.f.s.DefaultListableBeanFactory]&amp#27;[0;39m - Autowiring by type from bean name 'dispatcherServlet' via factory method to bean named 'spring.mvc-org.springframework.boot.autoconfigure.web.servlet.WebMvcProperties'
18:27:17.906 &amp#27;[39mDEBUG&amp#27;[0;39m [&amp#27;[34mmain&amp#27;[0;39m] &amp#27;[36m[o.s.b.f.s.DefaultListableBeanFactory]&amp#27;[0;39m - Autowiring by type from bean name 'dispatcherServletRegistration' via factory method to bean named 'dispatcherServlet'
18:27:17.907 &amp#27;[39mDEBUG&amp#27;[0;39m [&amp#27;[34mmain&amp#27;[0;39m] &amp#27;[36m[o.s.b.f.s.DefaultListableBeanFactory]&amp#27;[0;39m - Autowiring by type from bean name 'dispatcherServletRegistration' via factory method to bean named 'spring.mvc-org.springframework.boot.autoconfigure.web.servlet.WebMvcProperties'
18:27:17.914 &amp#27;[39mDEBUG&amp#27;[0;39m [&amp#27;[34mmain&amp#27;[0;39m] &amp#27;[36m[o.s.b.f.s.DefaultListableBeanFactory]&amp#27;[0;39m - Creating shared instance of singleton bean 'multipartConfigElement'
18:27:17.916 &amp#27;[39mDEBUG&amp#27;[0;39m [&amp#27;[34mmain&amp#27;[0;39m] &amp#27;[36m[o.s.b.f.s.DefaultListableBeanFactory]&amp#27;[0;39m - Creating shared instance of singleton bean 'org.springframework.boot.autoconfigure.web.servlet.MultipartAutoConfiguration'
18:27:17.919 &amp#27;[39mDEBUG&amp#27;[0;39m [&amp#27;[34mmain&amp#27;[0;39m] &amp#27;[36m[o.s.b.f.s.DefaultListableBeanFactory]&amp#27;[0;39m - Creating shared instance of singleton bean 'spring.servlet.multipart-org.springframework.boot.autoconfigure.web.servlet.MultipartProperties'
18:27:17.958 &amp#27;[39mDEBUG&amp#27;[0;39m [&amp#27;[34mmain&amp#27;[0;39m] &amp#27;[36m[o.s.b.f.s.DefaultListableBeanFactory]&amp#27;[0;39m - Autowiring by type from bean name 'org.springframework.boot.autoconfigure.web.servlet.MultipartAutoConfiguration' via constructor to bean named 'spring.servlet.multipart-org.springframework.boot.autoconfigure.web.servlet.MultipartProperties'
18:27:18.049 &amp#27;[39mDEBUG&amp#27;[0;39m [&amp#27;[34mmain&amp#27;[0;39m] &amp#27;[36m[o.s.b.f.s.DefaultListableBeanFactory]&amp#27;[0;39m - Autowiring by type from bean name 'errorPageCustomizer' via factory method to bean named 'dispatcherServletRegistration'
18:27:18.368 &amp#27;[39mDEBUG&amp#27;[0;39m [&amp#27;[34mmain&amp#27;[0;39m] &amp#27;[36m[o.s.b.w.e.t.TomcatServletWebServerFactory]&amp#27;[0;39m - Code archive: /home/sumit/.m2/repository/org/springframework/boot/spring-boot/3.5.3/spring-boot-3.5.3.jar
18:27:18.369 &amp#27;[39mDEBUG&amp#27;[0;39m [&amp#27;[34mmain&amp#27;[0;39m] &amp#27;[36m[o.s.b.w.e.t.TomcatServletWebServerFactory]&amp#27;[0;39m - Code archive: /home/sumit/.m2/repository/org/springframework/boot/spring-boot/3.5.3/spring-boot-3.5.3.jar
18:27:18.371 &amp#27;[39mDEBUG&amp#27;[0;39m [&amp#27;[34mmain&amp#27;[0;39m] &amp#27;[36m[o.s.b.w.e.t.TomcatServletWebServerFactory]&amp#27;[0;39m - None of the document roots [src/main/webapp, public, static] point to a directory and will be ignored.
18:27:18.460 &amp#27;[34mINFO &amp#27;[0;39m [&amp#27;[34mmain&amp#27;[0;39m] &amp#27;[36m[o.s.b.w.e.t.TomcatWebServer]&amp#27;[0;39m - Tomcat initialized with port 0 (http)
18:27:18.501 &amp#27;[34mINFO &amp#27;[0;39m [&amp#27;[34mmain&amp#27;[0;39m] &amp#27;[36m[o.a.c.h.Http11NioProtocol]&amp#27;[0;39m - Initializing ProtocolHandler ["http-nio-auto-1"]
18:27:18.509 &amp#27;[34mINFO &amp#27;[0;39m [&amp#27;[34mmain&amp#27;[0;39m] &amp#27;[36m[o.a.c.c.StandardService]&amp#27;[0;39m - Starting service [Tomcat]
18:27:18.511 &amp#27;[34mINFO &amp#27;[0;39m [&amp#27;[34mmain&amp#27;[0;39m] &amp#27;[36m[o.a.c.c.StandardEngine]&amp#27;[0;39m - Starting Servlet engine: [Apache Tomcat/10.1.42]
18:27:18.738 &amp#27;[34mINFO &amp#27;[0;39m [&amp#27;[34mmain&amp#27;[0;39m] &amp#27;[36m[o.a.c.c.C.[.[.[/]]&amp#27;[0;39m - Initializing Spring embedded WebApplicationContext
18:27:18.739 &amp#27;[39mDEBUG&amp#27;[0;39m [&amp#27;[34mmain&amp#27;[0;39m] &amp#27;[36m[o.s.b.w.s.c.ServletWebServerApplicationContext]&amp#27;[0;39m - Published root WebApplicationContext as ServletContext attribute with name [org.springframework.web.context.WebApplicationContext.ROOT]
18:27:18.741 &amp#27;[34mINFO &amp#27;[0;39m [&amp#27;[34mmain&amp#27;[0;39m] &amp#27;[36m[o.s.b.w.s.c.ServletWebServerApplicationContext]&amp#27;[0;39m - Root WebApplicationContext: initialization completed in 7615 ms
18:27:18.749 &amp#27;[39mDEBUG&amp#27;[0;39m [&amp#27;[34mmain&amp#27;[0;39m] &amp#27;[36m[o.s.b.f.s.DefaultListableBeanFactory]&amp#27;[0;39m - Creating shared instance of singleton bean 'webMvcObservationFilter'
18:27:18.750 &amp#27;[39mDEBUG&amp#27;[0;39m [&amp#27;[34mmain&amp#27;[0;39m] &amp#27;[36m[o.s.b.f.s.DefaultListableBeanFactory]&amp#27;[0;39m - Creating shared instance of singleton bean 'org.springframework.boot.actuate.autoconfigure.observation.web.servlet.WebMvcObservationAutoConfiguration'
18:27:18.767 &amp#27;[39mDEBUG&amp#27;[0;39m [&amp#27;[34mmain&amp#27;[0;39m] &amp#27;[36m[o.s.b.f.s.DefaultListableBeanFactory]&amp#27;[0;39m - Creating shared instance of singleton bean 'observationRegistry'
18:27:18.768 &amp#27;[39mDEBUG&amp#27;[0;39m [&amp#27;[34mmain&amp#27;[0;39m] &amp#27;[36m[o.s.b.f.s.DefaultListableBeanFactory]&amp#27;[0;39m - Creating shared instance of singleton bean 'org.springframework.boot.actuate.autoconfigure.observation.ObservationAutoConfiguration'
18:27:18.807 &amp#27;[39mDEBUG&amp#27;[0;39m [&amp#27;[34mmain&amp#27;[0;39m] &amp#27;[36m[o.s.b.f.s.DefaultListableBeanFactory]&amp#27;[0;39m - Creating shared instance of singleton bean 'propertiesObservationFilter'
18:27:18.811 &amp#27;[39mDEBUG&amp#27;[0;39m [&amp#27;[34mmain&amp#27;[0;39m] &amp#27;[36m[o.s.b.f.s.DefaultListableBeanFactory]&amp#27;[0;39m - Creating shared instance of singleton bean 'management.observations-org.springframework.boot.actuate.autoconfigure.observation.ObservationProperties'
18:27:18.835 &amp#27;[39mDEBUG&amp#27;[0;39m [&amp#27;[34mmain&amp#27;[0;39m] &amp#27;[36m[o.s.b.f.s.DefaultListableBeanFactory]&amp#27;[0;39m - Autowiring by type from bean name 'propertiesObservationFilter' via factory method to bean named 'management.observations-org.springframework.boot.actuate.autoconfigure.observation.ObservationProperties'
18:27:18.877 &amp#27;[39mDEBUG&amp#27;[0;39m [&amp#27;[34mmain&amp#27;[0;39m] &amp#27;[36m[o.s.b.f.s.DefaultListableBeanFactory]&amp#27;[0;39m - Creating shared instance of singleton bean 'metricsObservationHandlerGrouping'
18:27:18.878 &amp#27;[39mDEBUG&amp#27;[0;39m [&amp#27;[34mmain&amp#27;[0;39m] &amp#27;[36m[o.s.b.f.s.DefaultListableBeanFactory]&amp#27;[0;39m - Creating shared instance of singleton bean 'org.springframework.boot.actuate.autoconfigure.observation.ObservationAutoConfiguration$OnlyMetricsConfiguration'
18:27:18.904 &amp#27;[39mDEBUG&amp#27;[0;39m [&amp#27;[34mmain&amp#27;[0;39m] &amp#27;[36m[o.s.b.f.s.DefaultListableBeanFactory]&amp#27;[0;39m - Creating shared instance of singleton bean 'defaultMeterObservationHandler'
18:27:18.906 &amp#27;[39mDEBUG&amp#27;[0;39m [&amp#27;[34mmain&amp#27;[0;39m] &amp#27;[36m[o.s.b.f.s.DefaultListableBeanFactory]&amp#27;[0;39m - Creating shared instance of singleton bean 'org.springframework.boot.actuate.autoconfigure.observation.ObservationAutoConfiguration$MeterObservationHandlerConfiguration$OnlyMetricsMeterObservationHandlerConfiguration'
18:27:18.915 &amp#27;[39mDEBUG&amp#27;[0;39m [&amp#27;[34mmain&amp#27;[0;39m] &amp#27;[36m[o.s.b.f.s.DefaultListableBeanFactory]&amp#27;[0;39m - Creating shared instance of singleton bean 'simpleMeterRegistry'
18:27:18.916 &amp#27;[39mDEBUG&amp#27;[0;39m [&amp#27;[34mmain&amp#27;[0;39m] &amp#27;[36m[o.s.b.f.s.DefaultListableBeanFactory]&amp#27;[0;39m - Creating shared instance of singleton bean 'org.springframework.boot.actuate.autoconfigure.metrics.export.simple.SimpleMetricsExportAutoConfiguration'
18:27:18.930 &amp#27;[39mDEBUG&amp#27;[0;39m [&amp#27;[34mmain&amp#27;[0;39m] &amp#27;[36m[o.s.b.f.s.DefaultListableBeanFactory]&amp#27;[0;39m - Creating shared instance of singleton bean 'simpleConfig'
18:27:18.933 &amp#27;[39mDEBUG&amp#27;[0;39m [&amp#27;[34mmain&amp#27;[0;39m] &amp#27;[36m[o.s.b.f.s.DefaultListableBeanFactory]&amp#27;[0;39m - Creating shared instance of singleton bean 'management.simple.metrics.export-org.springframework.boot.actuate.autoconfigure.metrics.export.simple.SimpleProperties'
18:27:18.951 &amp#27;[39mDEBUG&amp#27;[0;39m [&amp#27;[34mmain&amp#27;[0;39m] &amp#27;[36m[o.s.b.f.s.DefaultListableBeanFactory]&amp#27;[0;39m - Autowiring by type from bean name 'simpleConfig' via factory method to bean named 'management.simple.metrics.export-org.springframework.boot.actuate.autoconfigure.metrics.export.simple.SimpleProperties'
18:27:18.993 &amp#27;[39mDEBUG&amp#27;[0;39m [&amp#27;[34mmain&amp#27;[0;39m] &amp#27;[36m[o.s.b.f.s.DefaultListableBeanFactory]&amp#27;[0;39m - Creating shared instance of singleton bean 'micrometerClock'
18:27:18.995 &amp#27;[39mDEBUG&amp#27;[0;39m [&amp#27;[34mmain&amp#27;[0;39m] &amp#27;[36m[o.s.b.f.s.DefaultListableBeanFactory]&amp#27;[0;39m - Creating shared instance of singleton bean 'org.springframework.boot.actuate.autoconfigure.metrics.MetricsAutoConfiguration'
18:27:19.019 &amp#27;[39mDEBUG&amp#27;[0;39m [&amp#27;[34mmain&amp#27;[0;39m] &amp#27;[36m[o.s.b.f.s.DefaultListableBeanFactory]&amp#27;[0;39m - Autowiring by type from bean name 'simpleMeterRegistry' via factory method to bean named 'simpleConfig'
18:27:19.020 &amp#27;[39mDEBUG&amp#27;[0;39m [&amp#27;[34mmain&amp#27;[0;39m] &amp#27;[36m[o.s.b.f.s.DefaultListableBeanFactory]&amp#27;[0;39m - Autowiring by type from bean name 'simpleMeterRegistry' via factory method to bean named 'micrometerClock'
18:27:19.043 &amp#27;[39mDEBUG&amp#27;[0;39m [&amp#27;[34mmain&amp#27;[0;39m] &amp#27;[36m[i.m.c.u.i.l.InternalLoggerFactory]&amp#27;[0;39m - Using SLF4J as the default logging framework
18:27:19.207 &amp#27;[39mDEBUG&amp#27;[0;39m [&amp#27;[34mmain&amp#27;[0;39m] &amp#27;[36m[o.s.b.f.s.DefaultListableBeanFactory]&amp#27;[0;39m - Creating shared instance of singleton bean 'propertiesMeterFilter'
18:27:19.211 &amp#27;[39mDEBUG&amp#27;[0;39m [&amp#27;[34mmain&amp#27;[0;39m] &amp#27;[36m[o.s.b.f.s.DefaultListableBeanFactory]&amp#27;[0;39m - Creating shared instance of singleton bean 'management.metrics-org.springframework.boot.actuate.autoconfigure.metrics.MetricsProperties'
18:27:19.233 &amp#27;[39mDEBUG&amp#27;[0;39m [&amp#27;[34mmain&amp#27;[0;39m] &amp#27;[36m[o.s.b.f.s.DefaultListableBeanFactory]&amp#27;[0;39m - Autowiring by type from bean name 'propertiesMeterFilter' via factory method to bean named 'management.metrics-org.springframework.boot.actuate.autoconfigure.metrics.MetricsProperties'
18:27:19.275 &amp#27;[39mDEBUG&amp#27;[0;39m [&amp#27;[34mmain&amp#27;[0;39m] &amp#27;[36m[o.s.b.f.s.DefaultListableBeanFactory]&amp#27;[0;39m - Creating shared instance of singleton bean 'metricsHttpClientUriTagFilter'
18:27:19.277 &amp#27;[39mDEBUG&amp#27;[0;39m [&amp#27;[34mmain&amp#27;[0;39m] &amp#27;[36m[o.s.b.f.s.DefaultListableBeanFactory]&amp#27;[0;39m - Creating shared instance of singleton bean 'org.springframework.boot.actuate.autoconfigure.observation.web.client.HttpClientObservationsAutoConfiguration$MeterFilterConfiguration'
18:27:19.290 &amp#27;[39mDEBUG&amp#27;[0;39m [&amp#27;[34mmain&amp#27;[0;39m] &amp#27;[36m[o.s.b.f.s.DefaultListableBeanFactory]&amp#27;[0;39m - Autowiring by type from bean name 'metricsHttpClientUriTagFilter' via factory method to bean named 'management.observations-org.springframework.boot.actuate.autoconfigure.observation.ObservationProperties'
18:27:19.291 &amp#27;[39mDEBUG&amp#27;[0;39m [&amp#27;[34mmain&amp#27;[0;39m] &amp#27;[36m[o.s.b.f.s.DefaultListableBeanFactory]&amp#27;[0;39m - Autowiring by type from bean name 'metricsHttpClientUriTagFilter' via factory method to bean named 'management.metrics-org.springframework.boot.actuate.autoconfigure.metrics.MetricsProperties'
18:27:19.309 &amp#27;[39mDEBUG&amp#27;[0;39m [&amp#27;[34mmain&amp#27;[0;39m] &amp#27;[36m[o.s.b.f.s.DefaultListableBeanFactory]&amp#27;[0;39m - Creating shared instance of singleton bean 'metricsHttpServerUriTagFilter'
18:27:19.310 &amp#27;[39mDEBUG&amp#27;[0;39m [&amp#27;[34mmain&amp#27;[0;39m] &amp#27;[36m[o.s.b.f.s.DefaultListableBeanFactory]&amp#27;[0;39m - Creating shared instance of singleton bean 'org.springframework.boot.actuate.autoconfigure.observation.web.servlet.WebMvcObservationAutoConfiguration$MeterFilterConfiguration'
18:27:19.323 &amp#27;[39mDEBUG&amp#27;[0;39m [&amp#27;[34mmain&amp#27;[0;39m] &amp#27;[36m[o.s.b.f.s.DefaultListableBeanFactory]&amp#27;[0;39m - Autowiring by type from bean name 'metricsHttpServerUriTagFilter' via factory method to bean named 'management.observations-org.springframework.boot.actuate.autoconfigure.observation.ObservationProperties'
18:27:19.325 &amp#27;[39mDEBUG&amp#27;[0;39m [&amp#27;[34mmain&amp#27;[0;39m] &amp#27;[36m[o.s.b.f.s.DefaultListableBeanFactory]&amp#27;[0;39m - Autowiring by type from bean name 'metricsHttpServerUriTagFilter' via factory method to bean named 'management.metrics-org.springframework.boot.actuate.autoconfigure.metrics.MetricsProperties'
18:27:19.349 &amp#27;[39mDEBUG&amp#27;[0;39m [&amp#27;[34mmain&amp#27;[0;39m] &amp#27;[36m[o.s.b.f.s.DefaultListableBeanFactory]&amp#27;[0;39m - Autowiring by type from bean name 'defaultMeterObservationHandler' via factory method to bean named 'simpleMeterRegistry'
18:27:19.350 &amp#27;[39mDEBUG&amp#27;[0;39m [&amp#27;[34mmain&amp#27;[0;39m] &amp#27;[36m[o.s.b.f.s.DefaultListableBeanFactory]&amp#27;[0;39m - Autowiring by type from bean name 'defaultMeterObservationHandler' via factory method to bean named 'management.observations-org.springframework.boot.actuate.autoconfigure.observation.ObservationProperties'
18:27:19.388 &amp#27;[39mDEBUG&amp#27;[0;39m [&amp#27;[34mmain&amp#27;[0;39m] &amp#27;[36m[o.s.b.f.s.DefaultListableBeanFactory]&amp#27;[0;39m - Autowiring by type from bean name 'webMvcObservationFilter' via factory method to bean named 'observationRegistry'
18:27:19.389 &amp#27;[39mDEBUG&amp#27;[0;39m [&amp#27;[34mmain&amp#27;[0;39m] &amp#27;[36m[o.s.b.f.s.DefaultListableBeanFactory]&amp#27;[0;39m - Autowiring by type from bean name 'webMvcObservationFilter' via factory method to bean named 'management.observations-org.springframework.boot.actuate.autoconfigure.observation.ObservationProperties'
18:27:19.451 &amp#27;[39mDEBUG&amp#27;[0;39m [&amp#27;[34mmain&amp#27;[0;39m] &amp#27;[36m[o.s.b.f.s.DefaultListableBeanFactory]&amp#27;[0;39m - Creating shared instance of singleton bean 'servletEndpointRegistrar'
18:27:19.453 &amp#27;[39mDEBUG&amp#27;[0;39m [&amp#27;[34mmain&amp#27;[0;39m] &amp#27;[36m[o.s.b.f.s.DefaultListableBeanFactory]&amp#27;[0;39m - Creating shared instance of singleton bean 'org.springframework.boot.actuate.autoconfigure.endpoint.web.ServletEndpointManagementContextConfiguration$WebMvcServletEndpointManagementContextConfiguration'
18:27:19.464 &amp#27;[39mDEBUG&amp#27;[0;39m [&amp#27;[34mmain&amp#27;[0;39m] &amp#27;[36m[o.s.b.f.s.DefaultListableBeanFactory]&amp#27;[0;39m - Creating shared instance of singleton bean 'management.endpoints.web-org.springframework.boot.actuate.autoconfigure.endpoint.web.WebEndpointProperties'
18:27:19.489 &amp#27;[39mDEBUG&amp#27;[0;39m [&amp#27;[34mmain&amp#27;[0;39m] &amp#27;[36m[o.s.b.f.s.DefaultListableBeanFactory]&amp#27;[0;39m - Creating shared instance of singleton bean 'servletEndpointDiscoverer'
18:27:19.490 &amp#27;[39mDEBUG&amp#27;[0;39m [&amp#27;[34mmain&amp#27;[0;39m] &amp#27;[36m[o.s.b.f.s.DefaultListableBeanFactory]&amp#27;[0;39m - Creating shared instance of singleton bean 'org.springframework.boot.actuate.autoconfigure.endpoint.web.WebEndpointAutoConfiguration$WebEndpointServletConfiguration'
18:27:19.501 &amp#27;[39mDEBUG&amp#27;[0;39m [&amp#27;[34mmain&amp#27;[0;39m] &amp#27;[36m[o.s.b.f.s.DefaultListableBeanFactory]&amp#27;[0;39m - Autowiring by type from bean name 'servletEndpointDiscoverer' via factory method to bean named 'org.springframework.boot.web.servlet.context.AnnotationConfigServletWebServerApplicationContext@66e21568'
18:27:19.508 &amp#27;[39mDEBUG&amp#27;[0;39m [&amp#27;[34mmain&amp#27;[0;39m] &amp#27;[36m[o.s.b.f.s.DefaultListableBeanFactory]&amp#27;[0;39m - Creating shared instance of singleton bean 'webEndpointPathMapper'
18:27:19.510 &amp#27;[39mDEBUG&amp#27;[0;39m [&amp#27;[34mmain&amp#27;[0;39m] &amp#27;[36m[o.s.b.f.s.DefaultListableBeanFactory]&amp#27;[0;39m - Creating shared instance of singleton bean 'org.springframework.boot.actuate.autoconfigure.endpoint.web.WebEndpointAutoConfiguration'
18:27:19.515 &amp#27;[39mDEBUG&amp#27;[0;39m [&amp#27;[34mmain&amp#27;[0;39m] &amp#27;[36m[o.s.b.f.s.DefaultListableBeanFactory]&amp#27;[0;39m - Autowiring by type from bean name 'org.springframework.boot.actuate.autoconfigure.endpoint.web.WebEndpointAutoConfiguration' via constructor to bean named 'org.springframework.boot.web.servlet.context.AnnotationConfigServletWebServerApplicationContext@66e21568'
18:27:19.516 &amp#27;[39mDEBUG&amp#27;[0;39m [&amp#27;[34mmain&amp#27;[0;39m] &amp#27;[36m[o.s.b.f.s.DefaultListableBeanFactory]&amp#27;[0;39m - Autowiring by type from bean name 'org.springframework.boot.actuate.autoconfigure.endpoint.web.WebEndpointAutoConfiguration' via constructor to bean named 'management.endpoints.web-org.springframework.boot.actuate.autoconfigure.endpoint.web.WebEndpointProperties'
18:27:19.569 &amp#27;[39mDEBUG&amp#27;[0;39m [&amp#27;[34mmain&amp#27;[0;39m] &amp#27;[36m[o.s.b.f.s.DefaultListableBeanFactory]&amp#27;[0;39m - Creating shared instance of singleton bean 'servletExposeExcludePropertyEndpointFilter'
18:27:19.570 &amp#27;[39mDEBUG&amp#27;[0;39m [&amp#27;[34mmain&amp#27;[0;39m] &amp#27;[36m[o.s.b.f.s.DefaultListableBeanFactory]&amp#27;[0;39m - Creating shared instance of singleton bean 'org.springframework.boot.actuate.autoconfigure.endpoint.web.ServletEndpointManagementContextConfiguration'
18:27:19.580 &amp#27;[39mDEBUG&amp#27;[0;39m [&amp#27;[34mmain&amp#27;[0;39m] &amp#27;[36m[o.s.b.f.s.DefaultListableBeanFactory]&amp#27;[0;39m - Autowiring by type from bean name 'servletExposeExcludePropertyEndpointFilter' via factory method to bean named 'management.endpoints.web-org.springframework.boot.actuate.autoconfigure.endpoint.web.WebEndpointProperties'
18:27:19.659 &amp#27;[39mDEBUG&amp#27;[0;39m [&amp#27;[34mmain&amp#27;[0;39m] &amp#27;[36m[o.s.b.f.s.DefaultListableBeanFactory]&amp#27;[0;39m - Creating shared instance of singleton bean 'propertiesEndpointAccessResolver'
18:27:19.660 &amp#27;[39mDEBUG&amp#27;[0;39m [&amp#27;[34mmain&amp#27;[0;39m] &amp#27;[36m[o.s.b.f.s.DefaultListableBeanFactory]&amp#27;[0;39m - Creating shared instance of singleton bean 'org.springframework.boot.actuate.autoconfigure.endpoint.EndpointAutoConfiguration'
18:27:19.672 &amp#27;[39mDEBUG&amp#27;[0;39m [&amp#27;[34mmain&amp#27;[0;39m] &amp#27;[36m[o.s.b.f.s.DefaultListableBeanFactory]&amp#27;[0;39m - Autowiring by type from bean name 'propertiesEndpointAccessResolver' via factory method to bean named 'environment'
18:27:19.685 &amp#27;[39mDEBUG&amp#27;[0;39m [&amp#27;[34mmain&amp#27;[0;39m] &amp#27;[36m[o.s.b.f.s.DefaultListableBeanFactory]&amp#27;[0;39m - Autowiring by type from bean name 'servletEndpointRegistrar' via factory method to bean named 'management.endpoints.web-org.springframework.boot.actuate.autoconfigure.endpoint.web.WebEndpointProperties'
18:27:19.686 &amp#27;[39mDEBUG&amp#27;[0;39m [&amp#27;[34mmain&amp#27;[0;39m] &amp#27;[36m[o.s.b.f.s.DefaultListableBeanFactory]&amp#27;[0;39m - Autowiring by type from bean name 'servletEndpointRegistrar' via factory method to bean named 'servletEndpointDiscoverer'
18:27:19.687 &amp#27;[39mDEBUG&amp#27;[0;39m [&amp#27;[34mmain&amp#27;[0;39m] &amp#27;[36m[o.s.b.f.s.DefaultListableBeanFactory]&amp#27;[0;39m - Autowiring by type from bean name 'servletEndpointRegistrar' via factory method to bean named 'dispatcherServletRegistration'
18:27:19.687 &amp#27;[39mDEBUG&amp#27;[0;39m [&amp#27;[34mmain&amp#27;[0;39m] &amp#27;[36m[o.s.b.f.s.DefaultListableBeanFactory]&amp#27;[0;39m - Autowiring by type from bean name 'servletEndpointRegistrar' via factory method to bean named 'propertiesEndpointAccessResolver'
18:27:19.760 &amp#27;[39mDEBUG&amp#27;[0;39m [&amp#27;[34mmain&amp#27;[0;39m] &amp#27;[36m[o.s.b.f.s.DefaultListableBeanFactory]&amp#27;[0;39m - Creating shared instance of singleton bean 'loggingFilter'
18:27:19.778 &amp#27;[39mDEBUG&amp#27;[0;39m [&amp#27;[34mmain&amp#27;[0;39m] &amp#27;[36m[o.s.b.f.s.DefaultListableBeanFactory]&amp#27;[0;39m - Creating shared instance of singleton bean 'requestContextFilter'
18:27:19.823 &amp#27;[39mDEBUG&amp#27;[0;39m [&amp#27;[34mmain&amp#27;[0;39m] &amp#27;[36m[o.s.b.f.s.DefaultListableBeanFactory]&amp#27;[0;39m - Creating shared instance of singleton bean 'formContentFilter'
18:27:19.825 &amp#27;[39mDEBUG&amp#27;[0;39m [&amp#27;[34mmain&amp#27;[0;39m] &amp#27;[36m[o.s.b.f.s.DefaultListableBeanFactory]&amp#27;[0;39m - Creating shared instance of singleton bean 'org.springframework.boot.autoconfigure.web.servlet.WebMvcAutoConfiguration'
18:27:19.870 &amp#27;[39mDEBUG&amp#27;[0;39m [&amp#27;[34mmain&amp#27;[0;39m] &amp#27;[36m[o.s.b.f.s.DefaultListableBeanFactory]&amp#27;[0;39m - Creating shared instance of singleton bean 'characterEncodingFilter'
18:27:19.916 &amp#27;[39mDEBUG&amp#27;[0;39m [&amp#27;[34mmain&amp#27;[0;39m] &amp#27;[36m[o.s.b.w.s.ServletContextInitializerBeans]&amp#27;[0;39m - Mapping filters: webMvcObservationFilter urls=[/*] order=-2147483647, characterEncodingFilter urls=[/*] order=-2147483648, formContentFilter urls=[/*] order=-9900, requestContextFilter urls=[/*] order=-105, loggingFilter urls=[/*] order=1
18:27:19.918 &amp#27;[39mDEBUG&amp#27;[0;39m [&amp#27;[34mmain&amp#27;[0;39m] &amp#27;[36m[o.s.b.w.s.ServletContextInitializerBeans]&amp#27;[0;39m - Mapping servlets: dispatcherServlet urls=[/]
18:27:20.020 &amp#27;[39mDEBUG&amp#27;[0;39m [&amp#27;[34mmain&amp#27;[0;39m] &amp#27;[36m[o.s.b.w.s.f.OrderedRequestContextFilter]&amp#27;[0;39m - Filter 'requestContextFilter' configured for use
18:27:20.038 &amp#27;[39mDEBUG&amp#27;[0;39m [&amp#27;[34mmain&amp#27;[0;39m] &amp#27;[36m[o.s.w.f.ServerHttpObservationFilter]&amp#27;[0;39m - Filter 'webMvcObservationFilter' configured for use
18:27:20.040 &amp#27;[34mINFO &amp#27;[0;39m [&amp#27;[34mmain&amp#27;[0;39m] &amp#27;[36m[c.l.r.w.LoggingFilter]&amp#27;[0;39m - LoggingFilter initialized - correlation IDs enabled
18:27:20.041 &amp#27;[39mDEBUG&amp#27;[0;39m [&amp#27;[34mmain&amp#27;[0;39m] &amp#27;[36m[o.s.b.w.s.f.OrderedCharacterEncodingFilter]&amp#27;[0;39m - Filter 'characterEncodingFilter' configured for use
18:27:20.042 &amp#27;[39mDEBUG&amp#27;[0;39m [&amp#27;[34mmain&amp#27;[0;39m] &amp#27;[36m[o.s.b.w.s.f.OrderedFormContentFilter]&amp#27;[0;39m - Filter 'formContentFilter' configured for use
18:27:20.071 &amp#27;[39mDEBUG&amp#27;[0;39m [&amp#27;[34mmain&amp#27;[0;39m] &amp#27;[36m[o.s.b.f.s.DefaultListableBeanFactory]&amp#27;[0;39m - Creating shared instance of singleton bean 'applicationTaskExecutor'
18:27:20.072 &amp#27;[39mDEBUG&amp#27;[0;39m [&amp#27;[34mmain&amp#27;[0;39m] &amp#27;[36m[o.s.b.f.s.DefaultListableBeanFactory]&amp#27;[0;39m - Creating shared instance of singleton bean 'org.springframework.boot.autoconfigure.task.TaskExecutorConfigurations$TaskExecutorConfiguration'
18:27:20.084 &amp#27;[39mDEBUG&amp#27;[0;39m [&amp#27;[34mmain&amp#27;[0;39m] &amp#27;[36m[o.s.b.f.s.DefaultListableBeanFactory]&amp#27;[0;39m - Creating shared instance of singleton bean 'threadPoolTaskExecutorBuilder'
18:27:20.085 &amp#27;[39mDEBUG&amp#27;[0;39m [&amp#27;[34mmain&amp#27;[0;39m] &amp#27;[36m[o.s.b.f.s.DefaultListableBeanFactory]&amp#27;[0;39m - Creating shared instance of singleton bean 'org.springframework.boot.autoconfigure.task.TaskExecutorConfigurations$ThreadPoolTaskExecutorBuilderConfiguration'
18:27:20.099 &amp#27;[39mDEBUG&amp#27;[0;39m [&amp#27;[34mmain&amp#27;[0;39m] &amp#27;[36m[o.s.b.f.s.DefaultListableBeanFactory]&amp#27;[0;39m - Creating shared instance of singleton bean 'spring.task.execution-org.springframework.boot.autoconfigure.task.TaskExecutionProperties'
18:27:20.118 &amp#27;[39mDEBUG&amp#27;[0;39m [&amp#27;[34mmain&amp#27;[0;39m] &amp#27;[36m[o.s.b.f.s.DefaultListableBeanFactory]&amp#27;[0;39m - Autowiring by type from bean name 'threadPoolTaskExecutorBuilder' via factory method to bean named 'spring.task.execution-org.springframework.boot.autoconfigure.task.TaskExecutionProperties'
18:27:20.145 &amp#27;[39mDEBUG&amp#27;[0;39m [&amp#27;[34mmain&amp#27;[0;39m] &amp#27;[36m[o.s.b.f.s.DefaultListableBeanFactory]&amp#27;[0;39m - Autowiring by type from bean name 'applicationTaskExecutor' via factory method to bean named 'threadPoolTaskExecutorBuilder'
18:27:20.170 &amp#27;[39mDEBUG&amp#27;[0;39m [&amp#27;[34mmain&amp#27;[0;39m] &amp#27;[36m[o.s.s.c.ThreadPoolTaskExecutor]&amp#27;[0;39m - Initializing ExecutorService 'applicationTaskExecutor'
18:27:20.263 &amp#27;[39mDEBUG&amp#27;[0;39m [&amp#27;[34mmain&amp#27;[0;39m] &amp#27;[36m[o.s.b.f.s.DefaultListableBeanFactory]&amp#27;[0;39m - Creating shared instance of singleton bean 'org.springframework.test.context.support.internalDynamicPropertyRegistrarBeanInitializer'
18:27:20.280 &amp#27;[39mDEBUG&amp#27;[0;39m [&amp#27;[34mmain&amp#27;[0;39m] &amp#27;[36m[o.s.b.f.s.DefaultListableBeanFactory]&amp#27;[0;39m - Creating shared instance of singleton bean 'rateLimiterApplication'
18:27:20.288 &amp#27;[39mDEBUG&amp#27;[0;39m [&amp#27;[34mmain&amp#27;[0;39m] &amp#27;[36m[o.s.b.f.s.DefaultListableBeanFactory]&amp#27;[0;39m - Creating shared instance of singleton bean 'rateLimiterProperties'
18:27:20.335 &amp#27;[39mDEBUG&amp#27;[0;39m [&amp#27;[34mmain&amp#27;[0;39m] &amp#27;[36m[o.s.b.f.s.DefaultListableBeanFactory]&amp#27;[0;39m - Creating shared instance of singleton bean 'resilienceConfig'
18:27:20.351 &amp#27;[39mDEBUG&amp#27;[0;39m [&amp#27;[34mmain&amp#27;[0;39m] &amp#27;[36m[o.s.b.f.s.DefaultListableBeanFactory]&amp#27;[0;39m - Creating shared instance of singleton bean 'webConfig'
18:27:20.354 &amp#27;[39mDEBUG&amp#27;[0;39m [&amp#27;[34mmain&amp#27;[0;39m] &amp#27;[36m[o.s.b.f.s.DefaultListableBeanFactory]&amp#27;[0;39m - Creating shared instance of singleton bean 'rateLimitInterceptor'
18:27:20.356 &amp#27;[39mDEBUG&amp#27;[0;39m [&amp#27;[34mmain&amp#27;[0;39m] &amp#27;[36m[o.s.b.f.s.DefaultListableBeanFactory]&amp#27;[0;39m - Creating shared instance of singleton bean 'rateLimitService'
18:27:20.367 &amp#27;[39mDEBUG&amp#27;[0;39m [&amp#27;[34mmain&amp#27;[0;39m] &amp#27;[36m[o.s.b.f.s.DefaultListableBeanFactory]&amp#27;[0;39m - Creating shared instance of singleton bean 'rateLimitMetricsService'
18:27:20.371 &amp#27;[39mDEBUG&amp#27;[0;39m [&amp#27;[34mmain&amp#27;[0;39m] &amp#27;[36m[o.s.b.f.s.DefaultListableBeanFactory]&amp#27;[0;39m - Autowiring by type from bean name 'rateLimitMetricsService' via constructor to bean named 'simpleMeterRegistry'
18:27:20.433 &amp#27;[39mDEBUG&amp#27;[0;39m [&amp#27;[34mmain&amp#27;[0;39m] &amp#27;[36m[o.s.b.f.s.DefaultListableBeanFactory]&amp#27;[0;39m - Autowiring by type from bean name 'rateLimitService' via constructor to bean named 'rateLimiterProperties'
18:27:20.434 &amp#27;[39mDEBUG&amp#27;[0;39m [&amp#27;[34mmain&amp#27;[0;39m] &amp#27;[36m[o.s.b.f.s.DefaultListableBeanFactory]&amp#27;[0;39m - Autowiring by type from bean name 'rateLimitService' via constructor to bean named 'rateLimitMetricsService'
18:27:20.435 &amp#27;[34mINFO &amp#27;[0;39m [&amp#27;[34mmain&amp#27;[0;39m] &amp#27;[36m[c.l.r.s.RateLimitService]&amp#27;[0;39m - RateLimitService initialized with 2 endpoint configurations
18:27:20.447 &amp#27;[34mINFO &amp#27;[0;39m [&amp#27;[34mmain&amp#27;[0;39m] &amp#27;[36m[c.l.r.s.RateLimitService]&amp#27;[0;39m - Available keys: [apihello, apilimited]
18:27:20.448 &amp#27;[34mINFO &amp#27;[0;39m [&amp#27;[34mmain&amp#27;[0;39m] &amp#27;[36m[c.l.r.s.RateLimitService]&amp#27;[0;39m - Looking up endpoint: /apihello
18:27:20.450 &amp#27;[34mINFO &amp#27;[0;39m [&amp#27;[34mmain&amp#27;[0;39m] &amp#27;[36m[c.l.r.s.RateLimitService]&amp#27;[0;39m - Matched Config: com.learning.ratelimiter.config.RateLimiterProperties$EndpointConfig@d99df7a
18:27:20.451 &amp#27;[34mINFO &amp#27;[0;39m [&amp#27;[34mmain&amp#27;[0;39m] &amp#27;[36m[c.l.r.s.RateLimitService]&amp#27;[0;39m - Creating rate limiter for endpoint '/apihello' with custom config: 10req/60000ms using FIXED_WINDOW
18:27:20.457 &amp#27;[39mDEBUG&amp#27;[0;39m [&amp#27;[34mmain&amp#27;[0;39m] &amp#27;[36m[c.l.r.s.RateLimitService]&amp#27;[0;39m - Pre-initialized rate limiter for: /apihello
18:27:20.458 &amp#27;[34mINFO &amp#27;[0;39m [&amp#27;[34mmain&amp#27;[0;39m] &amp#27;[36m[c.l.r.s.RateLimitService]&amp#27;[0;39m - Available keys: [apihello, apilimited]
18:27:20.459 &amp#27;[34mINFO &amp#27;[0;39m [&amp#27;[34mmain&amp#27;[0;39m] &amp#27;[36m[c.l.r.s.RateLimitService]&amp#27;[0;39m - Looking up endpoint: /apilimited
18:27:20.461 &amp#27;[34mINFO &amp#27;[0;39m [&amp#27;[34mmain&amp#27;[0;39m] &amp#27;[36m[c.l.r.s.RateLimitService]&amp#27;[0;39m - Matched Config: com.learning.ratelimiter.config.RateLimiterProperties$EndpointConfig@16cbba0f
18:27:20.462 &amp#27;[34mINFO &amp#27;[0;39m [&amp#27;[34mmain&amp#27;[0;39m] &amp#27;[36m[c.l.r.s.RateLimitService]&amp#27;[0;39m - Creating rate limiter for endpoint '/apilimited' with custom config: 3req/60000ms using SLIDING_WINDOW
18:27:20.464 &amp#27;[39mDEBUG&amp#27;[0;39m [&amp#27;[34mmain&amp#27;[0;39m] &amp#27;[36m[c.l.r.s.RateLimitService]&amp#27;[0;39m - Pre-initialized rate limiter for: /apilimited
18:27:20.465 &amp#27;[34mINFO &amp#27;[0;39m [&amp#27;[34mmain&amp#27;[0;39m] &amp#27;[36m[c.l.r.s.RateLimitService]&amp#27;[0;39m - Pre-initialized 2 rate limiters
18:27:20.466 &amp#27;[34mINFO &amp#27;[0;39m [&amp#27;[34mmain&amp#27;[0;39m] &amp#27;[36m[c.l.r.s.RateLimitService]&amp#27;[0;39m - === RATE LIMITER DEBUG ===
18:27:20.471 &amp#27;[34mINFO &amp#27;[0;39m [&amp#27;[34mmain&amp#27;[0;39m] &amp#27;[36m[c.l.r.s.RateLimitService]&amp#27;[0;39m - Default max requests: 200
18:27:20.472 &amp#27;[34mINFO &amp#27;[0;39m [&amp#27;[34mmain&amp#27;[0;39m] &amp#27;[36m[c.l.r.s.RateLimitService]&amp#27;[0;39m - Default algorithm: FIXED_WINDOW
18:27:20.472 &amp#27;[34mINFO &amp#27;[0;39m [&amp#27;[34mmain&amp#27;[0;39m] &amp#27;[36m[c.l.r.s.RateLimitService]&amp#27;[0;39m - Client ID strategy: API_KEY
18:27:20.473 &amp#27;[34mINFO &amp#27;[0;39m [&amp#27;[34mmain&amp#27;[0;39m] &amp#27;[36m[c.l.r.s.RateLimitService]&amp#27;[0;39m - Configured endpoints: 2
18:27:20.475 &amp#27;[34mINFO &amp#27;[0;39m [&amp#27;[34mmain&amp#27;[0;39m] &amp#27;[36m[c.l.r.s.RateLimitService]&amp#27;[0;39m - Endpoint 'apihello': maxRequests=10, algorithm=FIXED_WINDOW, enabled=true
18:27:20.476 &amp#27;[34mINFO &amp#27;[0;39m [&amp#27;[34mmain&amp#27;[0;39m] &amp#27;[36m[c.l.r.s.RateLimitService]&amp#27;[0;39m - Endpoint 'apilimited': maxRequests=3, algorithm=SLIDING_WINDOW, enabled=true
18:27:20.477 &amp#27;[34mINFO &amp#27;[0;39m [&amp#27;[34mmain&amp#27;[0;39m] &amp#27;[36m[c.l.r.s.RateLimitService]&amp#27;[0;39m - === END DEBUG ===
18:27:20.506 &amp#27;[39mDEBUG&amp#27;[0;39m [&amp#27;[34mmain&amp#27;[0;39m] &amp#27;[36m[o.s.b.f.s.DefaultListableBeanFactory]&amp#27;[0;39m - Autowiring by type from bean name 'rateLimitInterceptor' via constructor to bean named 'rateLimitService'
18:27:20.549 &amp#27;[39mDEBUG&amp#27;[0;39m [&amp#27;[34mmain&amp#27;[0;39m] &amp#27;[36m[o.s.b.f.s.DefaultListableBeanFactory]&amp#27;[0;39m - Autowiring by type from bean name 'webConfig' via constructor to bean named 'rateLimitInterceptor'
18:27:20.592 &amp#27;[39mDEBUG&amp#27;[0;39m [&amp#27;[34mmain&amp#27;[0;39m] &amp#27;[36m[o.s.b.f.s.DefaultListableBeanFactory]&amp#27;[0;39m - Creating shared instance of singleton bean 'apiController'
18:27:20.620 &amp#27;[39mDEBUG&amp#27;[0;39m [&amp#27;[34mmain&amp#27;[0;39m] &amp#27;[36m[o.s.b.f.s.DefaultListableBeanFactory]&amp#27;[0;39m - Creating shared instance of singleton bean 'rateLimiterHealthIndicator'
18:27:20.624 &amp#27;[39mDEBUG&amp#27;[0;39m [&amp#27;[34mmain&amp#27;[0;39m] &amp#27;[36m[o.s.b.f.s.DefaultListableBeanFactory]&amp#27;[0;39m - Autowiring by type from bean name 'rateLimiterHealthIndicator' via constructor to bean named 'rateLimitService'
18:27:20.637 &amp#27;[39mDEBUG&amp#27;[0;39m [&amp#27;[34mmain&amp#27;[0;39m] &amp#27;[36m[o.s.b.f.s.DefaultListableBeanFactory]&amp#27;[0;39m - Creating shared instance of singleton bean 'resilientRateLimitService'
18:27:20.642 &amp#27;[39mDEBUG&amp#27;[0;39m [&amp#27;[34mmain&amp#27;[0;39m] &amp#27;[36m[o.s.b.f.s.DefaultListableBeanFactory]&amp#27;[0;39m - Creating shared instance of singleton bean 'rateLimiterCircuitBreaker'
18:27:20.803 &amp#27;[39mDEBUG&amp#27;[0;39m [&amp#27;[34mmain&amp#27;[0;39m] &amp#27;[36m[o.s.b.f.s.DefaultListableBeanFactory]&amp#27;[0;39m - Creating shared instance of singleton bean 'rateLimiterRetry'
18:27:20.858 &amp#27;[39mDEBUG&amp#27;[0;39m [&amp#27;[34mmain&amp#27;[0;39m] &amp#27;[36m[o.s.b.f.s.DefaultListableBeanFactory]&amp#27;[0;39m - Autowiring by type from bean name 'resilientRateLimitService' via constructor to bean named 'rateLimitService'
18:27:20.859 &amp#27;[39mDEBUG&amp#27;[0;39m [&amp#27;[34mmain&amp#27;[0;39m] &amp#27;[36m[o.s.b.f.s.DefaultListableBeanFactory]&amp#27;[0;39m - Autowiring by type from bean name 'resilientRateLimitService' via constructor to bean named 'rateLimiterCircuitBreaker'
18:27:20.860 &amp#27;[39mDEBUG&amp#27;[0;39m [&amp#27;[34mmain&amp#27;[0;39m] &amp#27;[36m[o.s.b.f.s.DefaultListableBeanFactory]&amp#27;[0;39m - Autowiring by type from bean name 'resilientRateLimitService' via constructor to bean named 'rateLimiterRetry'
18:27:20.869 &amp#27;[39mDEBUG&amp#27;[0;39m [&amp#27;[34mmain&amp#27;[0;39m] &amp#27;[36m[o.s.b.f.s.DefaultListableBeanFactory]&amp#27;[0;39m - Creating shared instance of singleton bean 'org.springframework.boot.autoconfigure.AutoConfigurationPackages'
18:27:20.877 &amp#27;[39mDEBUG&amp#27;[0;39m [&amp#27;[34mmain&amp#27;[0;39m] &amp#27;[36m[o.s.b.f.s.DefaultListableBeanFactory]&amp#27;[0;39m - Creating shared instance of singleton bean 'org.springframework.boot.autoconfigure.context.PropertyPlaceholderAutoConfiguration'
18:27:20.886 &amp#27;[39mDEBUG&amp#27;[0;39m [&amp#27;[34mmain&amp#27;[0;39m] &amp#27;[36m[o.s.b.f.s.DefaultListableBeanFactory]&amp#27;[0;39m - Creating shared instance of singleton bean 'org.springframework.boot.context.properties.EnableConfigurationPropertiesRegistrar.methodValidationExcludeFilter'
18:27:20.916 &amp#27;[39mDEBUG&amp#27;[0;39m [&amp#27;[34mmain&amp#27;[0;39m] &amp#27;[36m[o.s.b.f.s.DefaultListableBeanFactory]&amp#27;[0;39m - Creating shared instance of singleton bean 'org.springframework.boot.autoconfigure.websocket.servlet.WebSocketServletAutoConfiguration'
18:27:20.924 &amp#27;[39mDEBUG&amp#27;[0;39m [&amp#27;[34mmain&amp#27;[0;39m] &amp#27;[36m[o.s.b.f.s.DefaultListableBeanFactory]&amp#27;[0;39m - Creating shared instance of singleton bean 'org.springframework.boot.autoconfigure.web.servlet.DispatcherServletAutoConfiguration'
18:27:20.931 &amp#27;[39mDEBUG&amp#27;[0;39m [&amp#27;[34mmain&amp#27;[0;39m] &amp#27;[36m[o.s.b.f.s.DefaultListableBeanFactory]&amp#27;[0;39m - Creating shared instance of singleton bean 'org.springframework.boot.autoconfigure.task.TaskExecutorConfigurations$SimpleAsyncTaskExecutorBuilderConfiguration'
18:27:20.936 &amp#27;[39mDEBUG&amp#27;[0;39m [&amp#27;[34mmain&amp#27;[0;39m] &amp#27;[36m[o.s.b.f.s.DefaultListableBeanFactory]&amp#27;[0;39m - Autowiring by type from bean name 'org.springframework.boot.autoconfigure.task.TaskExecutorConfigurations$SimpleAsyncTaskExecutorBuilderConfiguration' via constructor to bean named 'spring.task.execution-org.springframework.boot.autoconfigure.task.TaskExecutionProperties'
18:27:20.946 &amp#27;[39mDEBUG&amp#27;[0;39m [&amp#27;[34mmain&amp#27;[0;39m] &amp#27;[36m[o.s.b.f.s.DefaultListableBeanFactory]&amp#27;[0;39m - Creating shared instance of singleton bean 'simpleAsyncTaskExecutorBuilder'
18:27:20.972 &amp#27;[39mDEBUG&amp#27;[0;39m [&amp#27;[34mmain&amp#27;[0;39m] &amp#27;[36m[o.s.b.f.s.DefaultListableBeanFactory]&amp#27;[0;39m - Creating shared instance of singleton bean 'org.springframework.boot.autoconfigure.task.TaskExecutorConfigurations$AsyncConfigurerConfiguration'
18:27:20.980 &amp#27;[39mDEBUG&amp#27;[0;39m [&amp#27;[34mmain&amp#27;[0;39m] &amp#27;[36m[o.s.b.f.s.DefaultListableBeanFactory]&amp#27;[0;39m - Creating shared instance of singleton bean 'applicationTaskExecutorAsyncConfigurer'
18:27:20.983 &amp#27;[39mDEBUG&amp#27;[0;39m [&amp#27;[34mmain&amp#27;[0;39m] &amp#27;[36m[o.s.b.f.s.DefaultListableBeanFactory]&amp#27;[0;39m - Autowiring by type from bean name 'applicationTaskExecutorAsyncConfigurer' via factory method to bean named 'org.springframework.beans.factory.support.DefaultListableBeanFactory@446e7065'
18:27:20.997 &amp#27;[39mDEBUG&amp#27;[0;39m [&amp#27;[34mmain&amp#27;[0;39m] &amp#27;[36m[o.s.b.f.s.DefaultListableBeanFactory]&amp#27;[0;39m - Creating shared instance of singleton bean 'org.springframework.boot.autoconfigure.task.TaskExecutorConfigurations$BootstrapExecutorConfiguration'
18:27:21.005 &amp#27;[39mDEBUG&amp#27;[0;39m [&amp#27;[34mmain&amp#27;[0;39m] &amp#27;[36m[o.s.b.f.s.DefaultListableBeanFactory]&amp#27;[0;39m - Creating shared instance of singleton bean 'org.springframework.boot.autoconfigure.task.TaskExecutionAutoConfiguration'
18:27:21.013 &amp#27;[39mDEBUG&amp#27;[0;39m [&amp#27;[34mmain&amp#27;[0;39m] &amp#27;[36m[o.s.b.f.s.DefaultListableBeanFactory]&amp#27;[0;39m - Creating shared instance of singleton bean 'org.springframework.boot.autoconfigure.web.servlet.error.ErrorMvcAutoConfiguration$WhitelabelErrorViewConfiguration'
18:27:21.025 &amp#27;[39mDEBUG&amp#27;[0;39m [&amp#27;[34mmain&amp#27;[0;39m] &amp#27;[36m[o.s.b.f.s.DefaultListableBeanFactory]&amp#27;[0;39m - Creating shared instance of singleton bean 'error'
18:27:21.039 &amp#27;[39mDEBUG&amp#27;[0;39m [&amp#27;[34mmain&amp#27;[0;39m] &amp#27;[36m[o.s.b.f.s.DefaultListableBeanFactory]&amp#27;[0;39m - Creating shared instance of singleton bean 'beanNameViewResolver'
18:27:21.075 &amp#27;[39mDEBUG&amp#27;[0;39m [&amp#27;[34mmain&amp#27;[0;39m] &amp#27;[36m[o.s.b.f.s.DefaultListableBeanFactory]&amp#27;[0;39m - Creating shared instance of singleton bean 'org.springframework.boot.autoconfigure.web.servlet.error.ErrorMvcAutoConfiguration$DefaultErrorViewResolverConfiguration'
18:27:21.081 &amp#27;[39mDEBUG&amp#27;[0;39m [&amp#27;[34mmain&amp#27;[0;39m] &amp#27;[36m[o.s.b.f.s.DefaultListableBeanFactory]&amp#27;[0;39m - Creating shared instance of singleton bean 'spring.web-org.springframework.boot.autoconfigure.web.WebProperties'
18:27:21.110 &amp#27;[39mDEBUG&amp#27;[0;39m [&amp#27;[34mmain&amp#27;[0;39m] &amp#27;[36m[o.s.b.f.s.DefaultListableBeanFactory]&amp#27;[0;39m - Autowiring by type from bean name 'org.springframework.boot.autoconfigure.web.servlet.error.ErrorMvcAutoConfiguration$DefaultErrorViewResolverConfiguration' via constructor to bean named 'org.springframework.boot.web.servlet.context.AnnotationConfigServletWebServerApplicationContext@66e21568'
18:27:21.111 &amp#27;[39mDEBUG&amp#27;[0;39m [&amp#27;[34mmain&amp#27;[0;39m] &amp#27;[36m[o.s.b.f.s.DefaultListableBeanFactory]&amp#27;[0;39m - Autowiring by type from bean name 'org.springframework.boot.autoconfigure.web.servlet.error.ErrorMvcAutoConfiguration$DefaultErrorViewResolverConfiguration' via constructor to bean named 'spring.web-org.springframework.boot.autoconfigure.web.WebProperties'
18:27:21.119 &amp#27;[39mDEBUG&amp#27;[0;39m [&amp#27;[34mmain&amp#27;[0;39m] &amp#27;[36m[o.s.b.f.s.DefaultListableBeanFactory]&amp#27;[0;39m - Creating shared instance of singleton bean 'conventionErrorViewResolver'
18:27:21.134 &amp#27;[39mDEBUG&amp#27;[0;39m [&amp#27;[34mmain&amp#27;[0;39m] &amp#27;[36m[o.s.b.f.s.DefaultListableBeanFactory]&amp#27;[0;39m - Creating shared instance of singleton bean 'errorAttributes'
18:27:21.158 &amp#27;[39mDEBUG&amp#27;[0;39m [&amp#27;[34mmain&amp#27;[0;39m] &amp#27;[36m[o.s.b.f.s.DefaultListableBeanFactory]&amp#27;[0;39m - Creating shared instance of singleton bean 'basicErrorController'
18:27:21.159 &amp#27;[39mDEBUG&amp#27;[0;39m [&amp#27;[34mmain&amp#27;[0;39m] &amp#27;[36m[o.s.b.f.s.DefaultListableBeanFactory]&amp#27;[0;39m - Autowiring by type from bean name 'basicErrorController' via factory method to bean named 'errorAttributes'
18:27:21.191 &amp#27;[39mDEBUG&amp#27;[0;39m [&amp#27;[34mmain&amp#27;[0;39m] &amp#27;[36m[o.s.b.f.s.DefaultListableBeanFactory]&amp#27;[0;39m - Creating shared instance of singleton bean 'org.springframework.boot.autoconfigure.web.servlet.WebMvcAutoConfiguration$EnableWebMvcConfiguration'
18:27:21.194 &amp#27;[39mDEBUG&amp#27;[0;39m [&amp#27;[34mmain&amp#27;[0;39m] &amp#27;[36m[o.s.b.f.s.DefaultListableBeanFactory]&amp#27;[0;39m - Autowiring by type from bean name 'org.springframework.boot.autoconfigure.web.servlet.WebMvcAutoConfiguration$EnableWebMvcConfiguration' via constructor to bean named 'spring.mvc-org.springframework.boot.autoconfigure.web.servlet.WebMvcProperties'
18:27:21.195 &amp#27;[39mDEBUG&amp#27;[0;39m [&amp#27;[34mmain&amp#27;[0;39m] &amp#27;[36m[o.s.b.f.s.DefaultListableBeanFactory]&amp#27;[0;39m - Autowiring by type from bean name 'org.springframework.boot.autoconfigure.web.servlet.WebMvcAutoConfiguration$EnableWebMvcConfiguration' via constructor to bean named 'spring.web-org.springframework.boot.autoconfigure.web.WebProperties'
18:27:21.196 &amp#27;[39mDEBUG&amp#27;[0;39m [&amp#27;[34mmain&amp#27;[0;39m] &amp#27;[36m[o.s.b.f.s.DefaultListableBeanFactory]&amp#27;[0;39m - Autowiring by type from bean name 'org.springframework.boot.autoconfigure.web.servlet.WebMvcAutoConfiguration$EnableWebMvcConfiguration' via constructor to bean named 'org.springframework.beans.factory.support.DefaultListableBeanFactory@446e7065'
18:27:21.214 &amp#27;[39mDEBUG&amp#27;[0;39m [&amp#27;[34mmain&amp#27;[0;39m] &amp#27;[36m[o.s.b.f.s.DefaultListableBeanFactory]&amp#27;[0;39m - Creating shared instance of singleton bean 'org.springframework.boot.autoconfigure.web.servlet.WebMvcAutoConfiguration$WebMvcAutoConfigurationAdapter'
18:27:21.219 &amp#27;[39mDEBUG&amp#27;[0;39m [&amp#27;[34mmain&amp#27;[0;39m] &amp#27;[36m[o.s.b.f.s.DefaultListableBeanFactory]&amp#27;[0;39m - Autowiring by type from bean name 'org.springframework.boot.autoconfigure.web.servlet.WebMvcAutoConfiguration$WebMvcAutoConfigurationAdapter' via constructor to bean named 'spring.web-org.springframework.boot.autoconfigure.web.WebProperties'
18:27:21.220 &amp#27;[39mDEBUG&amp#27;[0;39m [&amp#27;[34mmain&amp#27;[0;39m] &amp#27;[36m[o.s.b.f.s.DefaultListableBeanFactory]&amp#27;[0;39m - Autowiring by type from bean name 'org.springframework.boot.autoconfigure.web.servlet.WebMvcAutoConfiguration$WebMvcAutoConfigurationAdapter' via constructor to bean named 'spring.mvc-org.springframework.boot.autoconfigure.web.servlet.WebMvcProperties'
18:27:21.221 &amp#27;[39mDEBUG&amp#27;[0;39m [&amp#27;[34mmain&amp#27;[0;39m] &amp#27;[36m[o.s.b.f.s.DefaultListableBeanFactory]&amp#27;[0;39m - Autowiring by type from bean name 'org.springframework.boot.autoconfigure.web.servlet.WebMvcAutoConfiguration$WebMvcAutoConfigurationAdapter' via constructor to bean named 'org.springframework.beans.factory.support.DefaultListableBeanFactory@446e7065'
18:27:21.258 &amp#27;[39mDEBUG&amp#27;[0;39m [&amp#27;[34mmain&amp#27;[0;39m] &amp#27;[36m[o.s.b.f.s.DefaultListableBeanFactory]&amp#27;[0;39m - Creating shared instance of singleton bean 'endpointObjectMapperWebMvcConfigurer'
18:27:21.260 &amp#27;[39mDEBUG&amp#27;[0;39m [&amp#27;[34mmain&amp#27;[0;39m] &amp#27;[36m[o.s.b.f.s.DefaultListableBeanFactory]&amp#27;[0;39m - Creating shared instance of singleton bean 'endpointObjectMapper'
18:27:21.261 &amp#27;[39mDEBUG&amp#27;[0;39m [&amp#27;[34mmain&amp#27;[0;39m] &amp#27;[36m[o.s.b.f.s.DefaultListableBeanFactory]&amp#27;[0;39m - Creating shared instance of singleton bean 'org.springframework.boot.actuate.autoconfigure.endpoint.jackson.JacksonEndpointAutoConfiguration'
18:27:21.287 &amp#27;[39mDEBUG&amp#27;[0;39m [&amp#27;[34mmain&amp#27;[0;39m] &amp#27;[36m[o.s.b.f.s.DefaultListableBeanFactory]&amp#27;[0;39m - Autowiring by type from bean name 'endpointObjectMapperWebMvcConfigurer' via factory method to bean named 'endpointObjectMapper'
18:27:21.399 &amp#27;[39mDEBUG&amp#27;[0;39m [&amp#27;[34mmain&amp#27;[0;39m] &amp#27;[36m[o.s.b.f.s.DefaultListableBeanFactory]&amp#27;[0;39m - Creating shared instance of singleton bean 'welcomePageHandlerMapping'
18:27:21.401 &amp#27;[39mDEBUG&amp#27;[0;39m [&amp#27;[34mmain&amp#27;[0;39m] &amp#27;[36m[o.s.b.f.s.DefaultListableBeanFactory]&amp#27;[0;39m - Creating shared instance of singleton bean 'mvcConversionService'
18:27:21.476 &amp#27;[39mDEBUG&amp#27;[0;39m [&amp#27;[34mmain&amp#27;[0;39m] &amp#27;[36m[o.s.b.f.s.DefaultListableBeanFactory]&amp#27;[0;39m - Creating shared instance of singleton bean 'mvcResourceUrlProvider'
18:27:21.497 &amp#27;[39mDEBUG&amp#27;[0;39m [&amp#27;[34mmain&amp#27;[0;39m] &amp#27;[36m[o.s.b.f.s.DefaultListableBeanFactory]&amp#27;[0;39m - Autowiring by type from bean name 'welcomePageHandlerMapping' via factory method to bean named 'org.springframework.boot.web.servlet.context.AnnotationConfigServletWebServerApplicationContext@66e21568'
18:27:21.498 &amp#27;[39mDEBUG&amp#27;[0;39m [&amp#27;[34mmain&amp#27;[0;39m] &amp#27;[36m[o.s.b.f.s.DefaultListableBeanFactory]&amp#27;[0;39m - Autowiring by type from bean name 'welcomePageHandlerMapping' via factory method to bean named 'mvcConversionService'
18:27:21.498 &amp#27;[39mDEBUG&amp#27;[0;39m [&amp#27;[34mmain&amp#27;[0;39m] &amp#27;[36m[o.s.b.f.s.DefaultListableBeanFactory]&amp#27;[0;39m - Autowiring by type from bean name 'welcomePageHandlerMapping' via factory method to bean named 'mvcResourceUrlProvider'
18:27:21.644 &amp#27;[39mDEBUG&amp#27;[0;39m [&amp#27;[34mmain&amp#27;[0;39m] &amp#27;[36m[o.s.b.f.s.DefaultListableBeanFactory]&amp#27;[0;39m - Creating shared instance of singleton bean 'welcomePageNotAcceptableHandlerMapping'
18:27:21.646 &amp#27;[39mDEBUG&amp#27;[0;39m [&amp#27;[34mmain&amp#27;[0;39m] &amp#27;[36m[o.s.b.f.s.DefaultListableBeanFactory]&amp#27;[0;39m - Autowiring by type from bean name 'welcomePageNotAcceptableHandlerMapping' via factory method to bean named 'org.springframework.boot.web.servlet.context.AnnotationConfigServletWebServerApplicationContext@66e21568'
18:27:21.647 &amp#27;[39mDEBUG&amp#27;[0;39m [&amp#27;[34mmain&amp#27;[0;39m] &amp#27;[36m[o.s.b.f.s.DefaultListableBeanFactory]&amp#27;[0;39m - Autowiring by type from bean name 'welcomePageNotAcceptableHandlerMapping' via factory method to bean named 'mvcConversionService'
18:27:21.648 &amp#27;[39mDEBUG&amp#27;[0;39m [&amp#27;[34mmain&amp#27;[0;39m] &amp#27;[36m[o.s.b.f.s.DefaultListableBeanFactory]&amp#27;[0;39m - Autowiring by type from bean name 'welcomePageNotAcceptableHandlerMapping' via factory method to bean named 'mvcResourceUrlProvider'
18:27:21.674 &amp#27;[39mDEBUG&amp#27;[0;39m [&amp#27;[34mmain&amp#27;[0;39m] &amp#27;[36m[o.s.b.f.s.DefaultListableBeanFactory]&amp#27;[0;39m - Creating shared instance of singleton bean 'localeResolver'
18:27:21.696 &amp#27;[39mDEBUG&amp#27;[0;39m [&amp#27;[34mmain&amp#27;[0;39m] &amp#27;[36m[o.s.b.f.s.DefaultListableBeanFactory]&amp#27;[0;39m - Creating shared instance of singleton bean 'themeResolver'
18:27:21.728 &amp#27;[39mDEBUG&amp#27;[0;39m [&amp#27;[34mmain&amp#27;[0;39m] &amp#27;[36m[o.s.b.f.s.DefaultListableBeanFactory]&amp#27;[0;39m - Creating shared instance of singleton bean 'flashMapManager'
18:27:21.779 &amp#27;[39mDEBUG&amp#27;[0;39m [&amp#27;[34mmain&amp#27;[0;39m] &amp#27;[36m[o.s.b.f.s.DefaultListableBeanFactory]&amp#27;[0;39m - Creating shared instance of singleton bean 'viewNameTranslator'
18:27:21.793 &amp#27;[39mDEBUG&amp#27;[0;39m [&amp#27;[34mmain&amp#27;[0;39m] &amp#27;[36m[o.s.b.f.s.DefaultListableBeanFactory]&amp#27;[0;39m - Creating shared instance of singleton bean 'mvcValidator'
18:27:21.808 &amp#27;[39mDEBUG&amp#27;[0;39m [&amp#27;[34mmain&amp#27;[0;39m] &amp#27;[36m[o.s.b.f.s.DefaultListableBeanFactory]&amp#27;[0;39m - Creating shared instance of singleton bean 'mvcContentNegotiationManager'
18:27:21.830 &amp#27;[39mDEBUG&amp#27;[0;39m [&amp#27;[34mmain&amp#27;[0;39m] &amp#27;[36m[o.s.b.f.s.DefaultListableBeanFactory]&amp#27;[0;39m - Creating shared instance of singleton bean 'requestMappingHandlerMapping'
18:27:21.837 &amp#27;[39mDEBUG&amp#27;[0;39m [&amp#27;[34mmain&amp#27;[0;39m] &amp#27;[36m[o.s.b.f.s.DefaultListableBeanFactory]&amp#27;[0;39m - Autowiring by type from bean name 'requestMappingHandlerMapping' via factory method to bean named 'mvcContentNegotiationManager'
18:27:21.838 &amp#27;[39mDEBUG&amp#27;[0;39m [&amp#27;[34mmain&amp#27;[0;39m] &amp#27;[36m[o.s.b.f.s.DefaultListableBeanFactory]&amp#27;[0;39m - Autowiring by type from bean name 'requestMappingHandlerMapping' via factory method to bean named 'mvcConversionService'
18:27:21.839 &amp#27;[39mDEBUG&amp#27;[0;39m [&amp#27;[34mmain&amp#27;[0;39m] &amp#27;[36m[o.s.b.f.s.DefaultListableBeanFactory]&amp#27;[0;39m - Autowiring by type from bean name 'requestMappingHandlerMapping' via factory method to bean named 'mvcResourceUrlProvider'
18:27:21.963 &amp#27;[39mDEBUG&amp#27;[0;39m [&amp#27;[34mmain&amp#27;[0;39m] &amp#27;[36m[_.s.w.s.H.Mappings]&amp#27;[0;39m - 
	c.l.r.c.ApiController:
	{GET [/api/data/{id}]}: getData(String)
	{GET [/api/status]}: getStatus()
	{GET [/api/hello]}: hello()
	{POST [/api/submit]}: submitData(Map)
	{GET [/api/limited]}: limitedEndpoint()
	{GET [/api/bulk-test]}: bulkTest()
18:27:21.992 &amp#27;[39mDEBUG&amp#27;[0;39m [&amp#27;[34mmain&amp#27;[0;39m] &amp#27;[36m[_.s.w.s.H.Mappings]&amp#27;[0;39m - 
	o.s.b.a.w.s.e.BasicErrorController:
	{ [/error]}: error(HttpServletRequest)
	{ [/error], produces [text/html]}: errorHtml(HttpServletRequest,HttpServletResponse)
18:27:22.012 &amp#27;[39mDEBUG&amp#27;[0;39m [&amp#27;[34mmain&amp#27;[0;39m] &amp#27;[36m[o.s.w.s.m.m.a.RequestMappingHandlerMapping]&amp#27;[0;39m - 8 mappings in 'requestMappingHandlerMapping'
18:27:22.097 &amp#27;[39mDEBUG&amp#27;[0;39m [&amp#27;[34mmain&amp#27;[0;39m] &amp#27;[36m[o.s.b.f.s.DefaultListableBeanFactory]&amp#27;[0;39m - Creating shared instance of singleton bean 'mvcPatternParser'
18:27:22.107 &amp#27;[39mDEBUG&amp#27;[0;39m [&amp#27;[34mmain&amp#27;[0;39m] &amp#27;[36m[o.s.b.f.s.DefaultListableBeanFactory]&amp#27;[0;39m - Creating shared instance of singleton bean 'mvcUrlPathHelper'
18:27:22.127 &amp#27;[39mDEBUG&amp#27;[0;39m [&amp#27;[34mmain&amp#27;[0;39m] &amp#27;[36m[o.s.b.f.s.DefaultListableBeanFactory]&amp#27;[0;39m - Creating shared instance of singleton bean 'mvcPathMatcher'
18:27:22.149 &amp#27;[39mDEBUG&amp#27;[0;39m [&amp#27;[34mmain&amp#27;[0;39m] &amp#27;[36m[o.s.b.f.s.DefaultListableBeanFactory]&amp#27;[0;39m - Creating shared instance of singleton bean 'viewControllerHandlerMapping'
18:27:22.154 &amp#27;[39mDEBUG&amp#27;[0;39m [&amp#27;[34mmain&amp#27;[0;39m] &amp#27;[36m[o.s.b.f.s.DefaultListableBeanFactory]&amp#27;[0;39m - Autowiring by type from bean name 'viewControllerHandlerMapping' via factory method to bean named 'mvcConversionService'
18:27:22.155 &amp#27;[39mDEBUG&amp#27;[0;39m [&amp#27;[34mmain&amp#27;[0;39m] &amp#27;[36m[o.s.b.f.s.DefaultListableBeanFactory]&amp#27;[0;39m - Autowiring by type from bean name 'viewControllerHandlerMapping' via factory method to bean named 'mvcResourceUrlProvider'
18:27:22.164 &amp#27;[39mDEBUG&amp#27;[0;39m [&amp#27;[34mmain&amp#27;[0;39m] &amp#27;[36m[o.s.b.f.s.DefaultListableBeanFactory]&amp#27;[0;39m - Creating shared instance of singleton bean 'beanNameHandlerMapping'
18:27:22.168 &amp#27;[39mDEBUG&amp#27;[0;39m [&amp#27;[34mmain&amp#27;[0;39m] &amp#27;[36m[o.s.b.f.s.DefaultListableBeanFactory]&amp#27;[0;39m - Autowiring by type from bean name 'beanNameHandlerMapping' via factory method to bean named 'mvcConversionService'
18:27:22.168 &amp#27;[39mDEBUG&amp#27;[0;39m [&amp#27;[34mmain&amp#27;[0;39m] &amp#27;[36m[o.s.b.f.s.DefaultListableBeanFactory]&amp#27;[0;39m - Autowiring by type from bean name 'beanNameHandlerMapping' via factory method to bean named 'mvcResourceUrlProvider'
18:27:22.181 &amp#27;[39mDEBUG&amp#27;[0;39m [&amp#27;[34mmain&amp#27;[0;39m] &amp#27;[36m[_.s.w.s.H.Mappings]&amp#27;[0;39m - 'beanNameHandlerMapping' {}
18:27:22.198 &amp#27;[39mDEBUG&amp#27;[0;39m [&amp#27;[34mmain&amp#27;[0;39m] &amp#27;[36m[o.s.b.f.s.DefaultListableBeanFactory]&amp#27;[0;39m - Creating shared instance of singleton bean 'routerFunctionMapping'
18:27:22.201 &amp#27;[39mDEBUG&amp#27;[0;39m [&amp#27;[34mmain&amp#27;[0;39m] &amp#27;[36m[o.s.b.f.s.DefaultListableBeanFactory]&amp#27;[0;39m - Autowiring by type from bean name 'routerFunctionMapping' via factory method to bean named 'mvcConversionService'
18:27:22.202 &amp#27;[39mDEBUG&amp#27;[0;39m [&amp#27;[34mmain&amp#27;[0;39m] &amp#27;[36m[o.s.b.f.s.DefaultListableBeanFactory]&amp#27;[0;39m - Autowiring by type from bean name 'routerFunctionMapping' via factory method to bean named 'mvcResourceUrlProvider'
18:27:22.207 &amp#27;[39mDEBUG&amp#27;[0;39m [&amp#27;[34mmain&amp#27;[0;39m] &amp#27;[36m[o.s.b.f.s.DefaultListableBeanFactory]&amp#27;[0;39m - Creating shared instance of singleton bean 'messageConverters'
18:27:22.208 &amp#27;[39mDEBUG&amp#27;[0;39m [&amp#27;[34mmain&amp#27;[0;39m] &amp#27;[36m[o.s.b.f.s.DefaultListableBeanFactory]&amp#27;[0;39m - Creating shared instance of singleton bean 'org.springframework.boot.autoconfigure.http.HttpMessageConvertersAutoConfiguration'
18:27:22.223 &amp#27;[39mDEBUG&amp#27;[0;39m [&amp#27;[34mmain&amp#27;[0;39m] &amp#27;[36m[o.s.b.f.s.DefaultListableBeanFactory]&amp#27;[0;39m - Creating shared instance of singleton bean 'stringHttpMessageConverter'
18:27:22.224 &amp#27;[39mDEBUG&amp#27;[0;39m [&amp#27;[34mmain&amp#27;[0;39m] &amp#27;[36m[o.s.b.f.s.DefaultListableBeanFactory]&amp#27;[0;39m - Creating shared instance of singleton bean 'org.springframework.boot.autoconfigure.http.HttpMessageConvertersAutoConfiguration$StringHttpMessageConverterConfiguration'
18:27:22.231 &amp#27;[39mDEBUG&amp#27;[0;39m [&amp#27;[34mmain&amp#27;[0;39m] &amp#27;[36m[o.s.b.f.s.DefaultListableBeanFactory]&amp#27;[0;39m - Autowiring by type from bean name 'stringHttpMessageConverter' via factory method to bean named 'environment'
18:27:22.279 &amp#27;[39mDEBUG&amp#27;[0;39m [&amp#27;[34mmain&amp#27;[0;39m] &amp#27;[36m[o.s.b.f.s.DefaultListableBeanFactory]&amp#27;[0;39m - Creating shared instance of singleton bean 'mappingJackson2HttpMessageConverter'
18:27:22.281 &amp#27;[39mDEBUG&amp#27;[0;39m [&amp#27;[34mmain&amp#27;[0;39m] &amp#27;[36m[o.s.b.f.s.DefaultListableBeanFactory]&amp#27;[0;39m - Creating shared instance of singleton bean 'org.springframework.boot.autoconfigure.http.JacksonHttpMessageConvertersConfiguration$MappingJackson2HttpMessageConverterConfiguration'
18:27:22.294 &amp#27;[39mDEBUG&amp#27;[0;39m [&amp#27;[34mmain&amp#27;[0;39m] &amp#27;[36m[o.s.b.f.s.DefaultListableBeanFactory]&amp#27;[0;39m - Creating shared instance of singleton bean 'jacksonObjectMapper'
18:27:22.295 &amp#27;[39mDEBUG&amp#27;[0;39m [&amp#27;[34mmain&amp#27;[0;39m] &amp#27;[36m[o.s.b.f.s.DefaultListableBeanFactory]&amp#27;[0;39m - Creating shared instance of singleton bean 'org.springframework.boot.autoconfigure.jackson.JacksonAutoConfiguration$JacksonObjectMapperConfiguration'
18:27:22.305 &amp#27;[39mDEBUG&amp#27;[0;39m [&amp#27;[34mmain&amp#27;[0;39m] &amp#27;[36m[o.s.b.f.s.DefaultListableBeanFactory]&amp#27;[0;39m - Creating shared instance of singleton bean 'org.springframework.boot.autoconfigure.jackson.JacksonAutoConfiguration$JacksonObjectMapperBuilderConfiguration'
18:27:22.317 &amp#27;[39mDEBUG&amp#27;[0;39m [&amp#27;[34mmain&amp#27;[0;39m] &amp#27;[36m[o.s.b.f.s.DefaultListableBeanFactory]&amp#27;[0;39m - Creating shared instance of singleton bean 'standardJacksonObjectMapperBuilderCustomizer'
18:27:22.318 &amp#27;[39mDEBUG&amp#27;[0;39m [&amp#27;[34mmain&amp#27;[0;39m] &amp#27;[36m[o.s.b.f.s.DefaultListableBeanFactory]&amp#27;[0;39m - Creating shared instance of singleton bean 'org.springframework.boot.autoconfigure.jackson.JacksonAutoConfiguration$Jackson2ObjectMapperBuilderCustomizerConfiguration'
18:27:22.329 &amp#27;[39mDEBUG&amp#27;[0;39m [&amp#27;[34mmain&amp#27;[0;39m] &amp#27;[36m[o.s.b.f.s.DefaultListableBeanFactory]&amp#27;[0;39m - Creating shared instance of singleton bean 'spring.jackson-org.springframework.boot.autoconfigure.jackson.JacksonProperties'
18:27:22.359 &amp#27;[39mDEBUG&amp#27;[0;39m [&amp#27;[34mmain&amp#27;[0;39m] &amp#27;[36m[o.s.b.f.s.DefaultListableBeanFactory]&amp#27;[0;39m - Autowiring by type from bean name 'standardJacksonObjectMapperBuilderCustomizer' via factory method to bean named 'spring.jackson-org.springframework.boot.autoconfigure.jackson.JacksonProperties'
18:27:22.363 &amp#27;[39mDEBUG&amp#27;[0;39m [&amp#27;[34mmain&amp#27;[0;39m] &amp#27;[36m[o.s.b.f.s.DefaultListableBeanFactory]&amp#27;[0;39m - Creating shared instance of singleton bean 'parameterNamesModule'
18:27:22.364 &amp#27;[39mDEBUG&amp#27;[0;39m [&amp#27;[34mmain&amp#27;[0;39m] &amp#27;[36m[o.s.b.f.s.DefaultListableBeanFactory]&amp#27;[0;39m - Creating shared instance of singleton bean 'org.springframework.boot.autoconfigure.jackson.JacksonAutoConfiguration$ParameterNamesModuleConfiguration'
18:27:22.425 &amp#27;[39mDEBUG&amp#27;[0;39m [&amp#27;[34mmain&amp#27;[0;39m] &amp#27;[36m[o.s.b.f.s.DefaultListableBeanFactory]&amp#27;[0;39m - Creating shared instance of singleton bean 'jsonMixinModule'
18:27:22.427 &amp#27;[39mDEBUG&amp#27;[0;39m [&amp#27;[34mmain&amp#27;[0;39m] &amp#27;[36m[o.s.b.f.s.DefaultListableBeanFactory]&amp#27;[0;39m - Creating shared instance of singleton bean 'org.springframework.boot.autoconfigure.jackson.JacksonAutoConfiguration$JacksonMixinConfiguration'
18:27:22.440 &amp#27;[39mDEBUG&amp#27;[0;39m [&amp#27;[34mmain&amp#27;[0;39m] &amp#27;[36m[o.s.b.f.s.DefaultListableBeanFactory]&amp#27;[0;39m - Creating shared instance of singleton bean 'jsonMixinModuleEntries'
18:27:22.443 &amp#27;[39mDEBUG&amp#27;[0;39m [&amp#27;[34mmain&amp#27;[0;39m] &amp#27;[36m[o.s.b.f.s.DefaultListableBeanFactory]&amp#27;[0;39m - Autowiring by type from bean name 'jsonMixinModuleEntries' via factory method to bean named 'org.springframework.boot.web.servlet.context.AnnotationConfigServletWebServerApplicationContext@66e21568'
18:27:22.445 &amp#27;[39mDEBUG&amp#27;[0;39m [&amp#27;[34mmain&amp#27;[0;39m] &amp#27;[36m[o.s.b.a.AutoConfigurationPackages]&amp#27;[0;39m - @EnableAutoConfiguration was declared on a class in the package 'com.learning.ratelimiter'. Automatic @Repository and @Entity scanning is enabled.
18:27:22.508 &amp#27;[39mDEBUG&amp#27;[0;39m [&amp#27;[34mmain&amp#27;[0;39m] &amp#27;[36m[o.s.b.f.s.DefaultListableBeanFactory]&amp#27;[0;39m - Autowiring by type from bean name 'jsonMixinModule' via factory method to bean named 'org.springframework.boot.web.servlet.context.AnnotationConfigServletWebServerApplicationContext@66e21568'
18:27:22.509 &amp#27;[39mDEBUG&amp#27;[0;39m [&amp#27;[34mmain&amp#27;[0;39m] &amp#27;[36m[o.s.b.f.s.DefaultListableBeanFactory]&amp#27;[0;39m - Autowiring by type from bean name 'jsonMixinModule' via factory method to bean named 'jsonMixinModuleEntries'
18:27:22.526 &amp#27;[39mDEBUG&amp#27;[0;39m [&amp#27;[34mmain&amp#27;[0;39m] &amp#27;[36m[o.s.b.f.s.DefaultListableBeanFactory]&amp#27;[0;39m - Creating shared instance of singleton bean 'jsonComponentModule'
18:27:22.528 &amp#27;[39mDEBUG&amp#27;[0;39m [&amp#27;[34mmain&amp#27;[0;39m] &amp#27;[36m[o.s.b.f.s.DefaultListableBeanFactory]&amp#27;[0;39m - Creating shared instance of singleton bean 'org.springframework.boot.autoconfigure.jackson.JacksonAutoConfiguration'
18:27:22.588 &amp#27;[39mDEBUG&amp#27;[0;39m [&amp#27;[34mmain&amp#27;[0;39m] &amp#27;[36m[o.s.b.f.s.DefaultListableBeanFactory]&amp#27;[0;39m - Autowiring by type from bean name 'jacksonObjectMapperBuilder' via factory method to bean named 'org.springframework.boot.web.servlet.context.AnnotationConfigServletWebServerApplicationContext@66e21568'
18:27:22.589 &amp#27;[39mDEBUG&amp#27;[0;39m [&amp#27;[34mmain&amp#27;[0;39m] &amp#27;[36m[o.s.b.f.s.DefaultListableBeanFactory]&amp#27;[0;39m - Autowiring by type from bean name 'jacksonObjectMapperBuilder' via factory method to bean named 'standardJacksonObjectMapperBuilderCustomizer'
18:27:22.638 &amp#27;[39mDEBUG&amp#27;[0;39m [&amp#27;[34mmain&amp#27;[0;39m] &amp#27;[36m[o.s.b.f.s.DefaultListableBeanFactory]&amp#27;[0;39m - Autowiring by type from bean name 'jacksonObjectMapper' via factory method to bean named 'jacksonObjectMapperBuilder'
18:27:22.843 &amp#27;[39mDEBUG&amp#27;[0;39m [&amp#27;[34mmain&amp#27;[0;39m] &amp#27;[36m[o.s.b.f.s.DefaultListableBeanFactory]&amp#27;[0;39m - Autowiring by type from bean name 'mappingJackson2HttpMessageConverter' via factory method to bean named 'jacksonObjectMapper'
18:27:22.930 &amp#27;[39mDEBUG&amp#27;[0;39m [&amp#27;[34mmain&amp#27;[0;39m] &amp#27;[36m[o.s.b.f.s.DefaultListableBeanFactory]&amp#27;[0;39m - Creating shared instance of singleton bean 'resourceHandlerMapping'
18:27:22.933 &amp#27;[39mDEBUG&amp#27;[0;39m [&amp#27;[34mmain&amp#27;[0;39m] &amp#27;[36m[o.s.b.f.s.DefaultListableBeanFactory]&amp#27;[0;39m - Autowiring by type from bean name 'resourceHandlerMapping' via factory method to bean named 'mvcContentNegotiationManager'
18:27:22.934 &amp#27;[39mDEBUG&amp#27;[0;39m [&amp#27;[34mmain&amp#27;[0;39m] &amp#27;[36m[o.s.b.f.s.DefaultListableBeanFactory]&amp#27;[0;39m - Autowiring by type from bean name 'resourceHandlerMapping' via factory method to bean named 'mvcConversionService'
18:27:22.935 &amp#27;[39mDEBUG&amp#27;[0;39m [&amp#27;[34mmain&amp#27;[0;39m] &amp#27;[36m[o.s.b.f.s.DefaultListableBeanFactory]&amp#27;[0;39m - Autowiring by type from bean name 'resourceHandlerMapping' via factory method to bean named 'mvcResourceUrlProvider'
18:27:22.986 &amp#27;[39mDEBUG&amp#27;[0;39m [&amp#27;[34mmain&amp#27;[0;39m] &amp#27;[36m[_.s.w.s.H.Mappings]&amp#27;[0;39m - 'resourceHandlerMapping' {/webjars/**=ResourceHttpRequestHandler [classpath [META-INF/resources/webjars/]], /**=ResourceHttpRequestHandler [classpath [META-INF/resources/], classpath [resources/], classpath [static/], classpath [public/], ServletContext [/]]}
18:27:23.005 &amp#27;[39mDEBUG&amp#27;[0;39m [&amp#27;[34mmain&amp#27;[0;39m] &amp#27;[36m[o.s.b.f.s.DefaultListableBeanFactory]&amp#27;[0;39m - Creating shared instance of singleton bean 'defaultServletHandlerMapping'
18:27:23.007 &amp#27;[39mDEBUG&amp#27;[0;39m [&amp#27;[34mmain&amp#27;[0;39m] &amp#27;[36m[o.s.b.f.s.DefaultListableBeanFactory]&amp#27;[0;39m - Creating shared instance of singleton bean 'requestMappingHandlerAdapter'
18:27:23.012 &amp#27;[39mDEBUG&amp#27;[0;39m [&amp#27;[34mmain&amp#27;[0;39m] &amp#27;[36m[o.s.b.f.s.DefaultListableBeanFactory]&amp#27;[0;39m - Autowiring by type from bean name 'requestMappingHandlerAdapter' via factory method to bean named 'mvcContentNegotiationManager'
18:27:23.012 &amp#27;[39mDEBUG&amp#27;[0;39m [&amp#27;[34mmain&amp#27;[0;39m] &amp#27;[36m[o.s.b.f.s.DefaultListableBeanFactory]&amp#27;[0;39m - Autowiring by type from bean name 'requestMappingHandlerAdapter' via factory method to bean named 'mvcConversionService'
18:27:23.013 &amp#27;[39mDEBUG&amp#27;[0;39m [&amp#27;[34mmain&amp#27;[0;39m] &amp#27;[36m[o.s.b.f.s.DefaultListableBeanFactory]&amp#27;[0;39m - Autowiring by type from bean name 'requestMappingHandlerAdapter' via factory method to bean named 'mvcValidator'
18:27:23.094 &amp#27;[39mDEBUG&amp#27;[0;39m [&amp#27;[34mmain&amp#27;[0;39m] &amp#27;[36m[o.s.w.s.m.m.a.RequestMappingHandlerAdapter]&amp#27;[0;39m - ControllerAdvice beans: 0 @ModelAttribute, 0 @InitBinder, 1 RequestBodyAdvice, 1 ResponseBodyAdvice
18:27:23.170 &amp#27;[39mDEBUG&amp#27;[0;39m [&amp#27;[34mmain&amp#27;[0;39m] &amp#27;[36m[o.s.b.f.s.DefaultListableBeanFactory]&amp#27;[0;39m - Creating shared instance of singleton bean 'mvcViewResolver'
18:27:23.172 &amp#27;[39mDEBUG&amp#27;[0;39m [&amp#27;[34mmain&amp#27;[0;39m] &amp#27;[36m[o.s.b.f.s.DefaultListableBeanFactory]&amp#27;[0;39m - Autowiring by type from bean name 'mvcViewResolver' via factory method to bean named 'mvcContentNegotiationManager'
18:27:23.182 &amp#27;[39mDEBUG&amp#27;[0;39m [&amp#27;[34mmain&amp#27;[0;39m] &amp#27;[36m[o.s.b.f.s.DefaultListableBeanFactory]&amp#27;[0;39m - Creating shared instance of singleton bean 'defaultViewResolver'
18:27:23.215 &amp#27;[39mDEBUG&amp#27;[0;39m [&amp#27;[34mmain&amp#27;[0;39m] &amp#27;[36m[o.s.b.f.s.DefaultListableBeanFactory]&amp#27;[0;39m - Creating shared instance of singleton bean 'viewResolver'
18:27:23.216 &amp#27;[39mDEBUG&amp#27;[0;39m [&amp#27;[34mmain&amp#27;[0;39m] &amp#27;[36m[o.s.b.f.s.DefaultListableBeanFactory]&amp#27;[0;39m - Autowiring by type from bean name 'viewResolver' via factory method to bean named 'org.springframework.beans.factory.support.DefaultListableBeanFactory@446e7065'
18:27:23.222 &amp#27;[39mDEBUG&amp#27;[0;39m [&amp#27;[34mmain&amp#27;[0;39m] &amp#27;[36m[o.s.b.f.s.DefaultListableBeanFactory]&amp#27;[0;39m - Creating shared instance of singleton bean 'viewResolver'
18:27:23.295 &amp#27;[39mDEBUG&amp#27;[0;39m [&amp#27;[34mmain&amp#27;[0;39m] &amp#27;[36m[o.s.b.f.s.DefaultListableBeanFactory]&amp#27;[0;39m - Creating shared instance of singleton bean 'handlerFunctionAdapter'
18:27:23.306 &amp#27;[39mDEBUG&amp#27;[0;39m [&amp#27;[34mmain&amp#27;[0;39m] &amp#27;[36m[o.s.b.f.s.DefaultListableBeanFactory]&amp#27;[0;39m - Creating shared instance of singleton bean 'mvcUriComponentsContributor'
18:27:23.308 &amp#27;[39mDEBUG&amp#27;[0;39m [&amp#27;[34mmain&amp#27;[0;39m] &amp#27;[36m[o.s.b.f.s.DefaultListableBeanFactory]&amp#27;[0;39m - Autowiring by type from bean name 'mvcUriComponentsContributor' via factory method to bean named 'mvcConversionService'
18:27:23.309 &amp#27;[39mDEBUG&amp#27;[0;39m [&amp#27;[34mmain&amp#27;[0;39m] &amp#27;[36m[o.s.b.f.s.DefaultListableBeanFactory]&amp#27;[0;39m - Autowiring by type from bean name 'mvcUriComponentsContributor' via factory method to bean named 'requestMappingHandlerAdapter'
18:27:23.319 &amp#27;[39mDEBUG&amp#27;[0;39m [&amp#27;[34mmain&amp#27;[0;39m] &amp#27;[36m[o.s.b.f.s.DefaultListableBeanFactory]&amp#27;[0;39m - Creating shared instance of singleton bean 'httpRequestHandlerAdapter'
18:27:23.325 &amp#27;[39mDEBUG&amp#27;[0;39m [&amp#27;[34mmain&amp#27;[0;39m] &amp#27;[36m[o.s.b.f.s.DefaultListableBeanFactory]&amp#27;[0;39m - Creating shared instance of singleton bean 'simpleControllerHandlerAdapter'
18:27:23.330 &amp#27;[39mDEBUG&amp#27;[0;39m [&amp#27;[34mmain&amp#27;[0;39m] &amp#27;[36m[o.s.b.f.s.DefaultListableBeanFactory]&amp#27;[0;39m - Creating shared instance of singleton bean 'handlerExceptionResolver'
18:27:23.332 &amp#27;[39mDEBUG&amp#27;[0;39m [&amp#27;[34mmain&amp#27;[0;39m] &amp#27;[36m[o.s.b.f.s.DefaultListableBeanFactory]&amp#27;[0;39m - Autowiring by type from bean name 'handlerExceptionResolver' via factory method to bean named 'mvcContentNegotiationManager'
18:27:23.346 &amp#27;[39mDEBUG&amp#27;[0;39m [&amp#27;[34mmain&amp#27;[0;39m] &amp#27;[36m[o.s.w.s.m.m.a.ExceptionHandlerExceptionResolver]&amp#27;[0;39m - ControllerAdvice beans: 0 @ExceptionHandler, 1 ResponseBodyAdvice
18:27:23.364 &amp#27;[39mDEBUG&amp#27;[0;39m [&amp#27;[34mmain&amp#27;[0;39m] &amp#27;[36m[o.s.b.f.s.DefaultListableBeanFactory]&amp#27;[0;39m - Creating shared instance of singleton bean 'io.github.resilience4j.springboot3.bulkhead.autoconfigure.BulkheadAutoConfiguration$BulkheadEndpointAutoConfiguration'
18:27:23.376 &amp#27;[39mDEBUG&amp#27;[0;39m [&amp#27;[34mmain&amp#27;[0;39m] &amp#27;[36m[o.s.b.f.s.DefaultListableBeanFactory]&amp#27;[0;39m - Creating shared instance of singleton bean 'io.github.resilience4j.springboot3.spelresolver.autoconfigure.SpelResolverConfigurationOnMissingBean'
18:27:23.387 &amp#27;[39mDEBUG&amp#27;[0;39m [&amp#27;[34mmain&amp#27;[0;39m] &amp#27;[36m[o.s.b.f.s.DefaultListableBeanFactory]&amp#27;[0;39m - Creating shared instance of singleton bean 'parameterNameDiscoverer'
18:27:23.394 &amp#27;[39mDEBUG&amp#27;[0;39m [&amp#27;[34mmain&amp#27;[0;39m] &amp#27;[36m[o.s.b.f.s.DefaultListableBeanFactory]&amp#27;[0;39m - Creating shared instance of singleton bean 'spelExpressionParser'
18:27:23.408 &amp#27;[39mDEBUG&amp#27;[0;39m [&amp#27;[34mmain&amp#27;[0;39m] &amp#27;[36m[o.s.b.f.s.DefaultListableBeanFactory]&amp#27;[0;39m - Creating shared instance of singleton bean 'spelResolver'
18:27:23.410 &amp#27;[39mDEBUG&amp#27;[0;39m [&amp#27;[34mmain&amp#27;[0;39m] &amp#27;[36m[o.s.b.f.s.DefaultListableBeanFactory]&amp#27;[0;39m - Autowiring by type from bean name 'spelResolver' via factory method to bean named 'spelExpressionParser'
18:27:23.411 &amp#27;[39mDEBUG&amp#27;[0;39m [&amp#27;[34mmain&amp#27;[0;39m] &amp#27;[36m[o.s.b.f.s.DefaultListableBeanFactory]&amp#27;[0;39m - Autowiring by type from bean name 'spelResolver' via factory method to bean named 'parameterNameDiscoverer'
18:27:23.412 &amp#27;[39mDEBUG&amp#27;[0;39m [&amp#27;[34mmain&amp#27;[0;39m] &amp#27;[36m[o.s.b.f.s.DefaultListableBeanFactory]&amp#27;[0;39m - Autowiring by type from bean name 'spelResolver' via factory method to bean named 'org.springframework.beans.factory.support.DefaultListableBeanFactory@446e7065'
18:27:23.422 &amp#27;[39mDEBUG&amp#27;[0;39m [&amp#27;[34mmain&amp#27;[0;39m] &amp#27;[36m[o.s.b.f.s.DefaultListableBeanFactory]&amp#27;[0;39m - Creating shared instance of singleton bean 'io.github.resilience4j.springboot3.fallback.autoconfigure.FallbackConfigurationOnMissingBean'
18:27:23.434 &amp#27;[39mDEBUG&amp#27;[0;39m [&amp#27;[34mmain&amp#27;[0;39m] &amp#27;[36m[o.s.b.f.s.DefaultListableBeanFactory]&amp#27;[0;39m - Creating shared instance of singleton bean 'fallbackDecorators'
18:27:23.438 &amp#27;[39mDEBUG&amp#27;[0;39m [&amp#27;[34mmain&amp#27;[0;39m] &amp#27;[36m[o.s.b.f.s.DefaultListableBeanFactory]&amp#27;[0;39m - Creating shared instance of singleton bean 'completionStageFallbackDecorator'
18:27:23.449 &amp#27;[39mDEBUG&amp#27;[0;39m [&amp#27;[34mmain&amp#27;[0;39m] &amp#27;[36m[o.s.b.f.s.DefaultListableBeanFactory]&amp#27;[0;39m - Autowiring by type from bean name 'fallbackDecorators' via factory method to bean named 'completionStageFallbackDecorator'
18:27:23.460 &amp#27;[39mDEBUG&amp#27;[0;39m [&amp#27;[34mmain&amp#27;[0;39m] &amp#27;[36m[o.s.b.f.s.DefaultListableBeanFactory]&amp#27;[0;39m - Creating shared instance of singleton bean 'fallbackExecutor'
18:27:23.461 &amp#27;[39mDEBUG&amp#27;[0;39m [&amp#27;[34mmain&amp#27;[0;39m] &amp#27;[36m[o.s.b.f.s.DefaultListableBeanFactory]&amp#27;[0;39m - Autowiring by type from bean name 'fallbackExecutor' via factory method to bean named 'spelResolver'
18:27:23.462 &amp#27;[39mDEBUG&amp#27;[0;39m [&amp#27;[34mmain&amp#27;[0;39m] &amp#27;[36m[o.s.b.f.s.DefaultListableBeanFactory]&amp#27;[0;39m - Autowiring by type from bean name 'fallbackExecutor' via factory method to bean named 'fallbackDecorators'
18:27:23.470 &amp#27;[39mDEBUG&amp#27;[0;39m [&amp#27;[34mmain&amp#27;[0;39m] &amp#27;[36m[o.s.b.f.s.DefaultListableBeanFactory]&amp#27;[0;39m - Creating shared instance of singleton bean 'io.github.resilience4j.springboot3.bulkhead.autoconfigure.BulkheadConfigurationOnMissingBean'
18:27:23.518 &amp#27;[39mDEBUG&amp#27;[0;39m [&amp#27;[34mmain&amp#27;[0;39m] &amp#27;[36m[o.s.b.f.s.DefaultListableBeanFactory]&amp#27;[0;39m - Creating shared instance of singleton bean 'bulkheadEventConsumerRegistry'
18:27:23.555 &amp#27;[39mDEBUG&amp#27;[0;39m [&amp#27;[34mmain&amp#27;[0;39m] &amp#27;[36m[o.s.b.f.s.DefaultListableBeanFactory]&amp#27;[0;39m - Creating shared instance of singleton bean 'compositeBulkheadCustomizer'
18:27:23.576 &amp#27;[39mDEBUG&amp#27;[0;39m [&amp#27;[34mmain&amp#27;[0;39m] &amp#27;[36m[o.s.b.f.s.DefaultListableBeanFactory]&amp#27;[0;39m - Creating shared instance of singleton bean 'bulkheadRegistry'
18:27:23.580 &amp#27;[39mDEBUG&amp#27;[0;39m [&amp#27;[34mmain&amp#27;[0;39m] &amp#27;[36m[o.s.b.f.s.DefaultListableBeanFactory]&amp#27;[0;39m - Creating shared instance of singleton bean 'resilience4j.bulkhead-io.github.resilience4j.springboot3.bulkhead.autoconfigure.BulkheadProperties'
18:27:23.618 &amp#27;[39mDEBUG&amp#27;[0;39m [&amp#27;[34mmain&amp#27;[0;39m] &amp#27;[36m[o.s.b.f.s.DefaultListableBeanFactory]&amp#27;[0;39m - Creating shared instance of singleton bean 'bulkheadRegistryEventConsumer'
18:27:23.620 &amp#27;[39mDEBUG&amp#27;[0;39m [&amp#27;[34mmain&amp#27;[0;39m] &amp#27;[36m[o.s.b.f.s.DefaultListableBeanFactory]&amp#27;[0;39m - Creating shared instance of singleton bean 'taggedBulkheadMetricsPublisher'
18:27:23.622 &amp#27;[39mDEBUG&amp#27;[0;39m [&amp#27;[34mmain&amp#27;[0;39m] &amp#27;[36m[o.s.b.f.s.DefaultListableBeanFactory]&amp#27;[0;39m - Creating shared instance of singleton bean 'io.github.resilience4j.springboot3.bulkhead.autoconfigure.BulkheadMetricsAutoConfiguration'
18:27:23.636 &amp#27;[39mDEBUG&amp#27;[0;39m [&amp#27;[34mmain&amp#27;[0;39m] &amp#27;[36m[o.s.b.f.s.DefaultListableBeanFactory]&amp#27;[0;39m - Autowiring by type from bean name 'taggedBulkheadMetricsPublisher' via factory method to bean named 'simpleMeterRegistry'
18:27:23.694 &amp#27;[39mDEBUG&amp#27;[0;39m [&amp#27;[34mmain&amp#27;[0;39m] &amp#27;[36m[o.s.b.f.s.DefaultListableBeanFactory]&amp#27;[0;39m - Autowiring by type from bean name 'bulkheadRegistry' via factory method to bean named 'resilience4j.bulkhead-io.github.resilience4j.springboot3.bulkhead.autoconfigure.BulkheadProperties'
18:27:23.696 &amp#27;[39mDEBUG&amp#27;[0;39m [&amp#27;[34mmain&amp#27;[0;39m] &amp#27;[36m[o.s.b.f.s.DefaultListableBeanFactory]&amp#27;[0;39m - Autowiring by type from bean name 'bulkheadRegistry' via factory method to bean named 'bulkheadEventConsumerRegistry'
18:27:23.697 &amp#27;[39mDEBUG&amp#27;[0;39m [&amp#27;[34mmain&amp#27;[0;39m] &amp#27;[36m[o.s.b.f.s.DefaultListableBeanFactory]&amp#27;[0;39m - Autowiring by type from bean name 'bulkheadRegistry' via factory method to bean named 'bulkheadRegistryEventConsumer'
18:27:23.697 &amp#27;[39mDEBUG&amp#27;[0;39m [&amp#27;[34mmain&amp#27;[0;39m] &amp#27;[36m[o.s.b.f.s.DefaultListableBeanFactory]&amp#27;[0;39m - Autowiring by type from bean name 'bulkheadRegistry' via factory method to bean named 'compositeBulkheadCustomizer'
18:27:23.748 &amp#27;[39mDEBUG&amp#27;[0;39m [&amp#27;[34mmain&amp#27;[0;39m] &amp#27;[36m[o.s.b.f.s.DefaultListableBeanFactory]&amp#27;[0;39m - Creating shared instance of singleton bean 'bulkheadAspect'
18:27:23.750 &amp#27;[39mDEBUG&amp#27;[0;39m [&amp#27;[34mmain&amp#27;[0;39m] &amp#27;[36m[o.s.b.f.s.DefaultListableBeanFactory]&amp#27;[0;39m - Creating shared instance of singleton bean 'threadPoolBulkheadRegistry'
18:27:23.753 &amp#27;[39mDEBUG&amp#27;[0;39m [&amp#27;[34mmain&amp#27;[0;39m] &amp#27;[36m[o.s.b.f.s.DefaultListableBeanFactory]&amp#27;[0;39m - Creating shared instance of singleton bean 'resilience4j.thread-pool-bulkhead-io.github.resilience4j.springboot3.bulkhead.autoconfigure.ThreadPoolBulkheadProperties'
18:27:23.778 &amp#27;[39mDEBUG&amp#27;[0;39m [&amp#27;[34mmain&amp#27;[0;39m] &amp#27;[36m[o.s.b.f.s.DefaultListableBeanFactory]&amp#27;[0;39m - Creating shared instance of singleton bean 'threadPoolBulkheadRegistryEventConsumer'
18:27:23.781 &amp#27;[39mDEBUG&amp#27;[0;39m [&amp#27;[34mmain&amp#27;[0;39m] &amp#27;[36m[o.s.b.f.s.DefaultListableBeanFactory]&amp#27;[0;39m - Creating shared instance of singleton bean 'taggedThreadPoolBulkheadMetricsPublisher'
18:27:23.782 &amp#27;[39mDEBUG&amp#27;[0;39m [&amp#27;[34mmain&amp#27;[0;39m] &amp#27;[36m[o.s.b.f.s.DefaultListableBeanFactory]&amp#27;[0;39m - Creating shared instance of singleton bean 'io.github.resilience4j.springboot3.bulkhead.autoconfigure.ThreadPoolBulkheadMetricsAutoConfiguration'
18:27:23.793 &amp#27;[39mDEBUG&amp#27;[0;39m [&amp#27;[34mmain&amp#27;[0;39m] &amp#27;[36m[o.s.b.f.s.DefaultListableBeanFactory]&amp#27;[0;39m - Autowiring by type from bean name 'taggedThreadPoolBulkheadMetricsPublisher' via factory method to bean named 'simpleMeterRegistry'
18:27:23.815 &amp#27;[39mDEBUG&amp#27;[0;39m [&amp#27;[34mmain&amp#27;[0;39m] &amp#27;[36m[o.s.b.f.s.DefaultListableBeanFactory]&amp#27;[0;39m - Creating shared instance of singleton bean 'compositeThreadPoolBulkheadCustomizer'
18:27:23.820 &amp#27;[39mDEBUG&amp#27;[0;39m [&amp#27;[34mmain&amp#27;[0;39m] &amp#27;[36m[o.s.b.f.s.DefaultListableBeanFactory]&amp#27;[0;39m - Autowiring by type from bean name 'threadPoolBulkheadRegistry' via factory method to bean named 'resilience4j.thread-pool-bulkhead-io.github.resilience4j.springboot3.bulkhead.autoconfigure.ThreadPoolBulkheadProperties'
18:27:23.820 &amp#27;[39mDEBUG&amp#27;[0;39m [&amp#27;[34mmain&amp#27;[0;39m] &amp#27;[36m[o.s.b.f.s.DefaultListableBeanFactory]&amp#27;[0;39m - Autowiring by type from bean name 'threadPoolBulkheadRegistry' via factory method to bean named 'bulkheadEventConsumerRegistry'
18:27:23.821 &amp#27;[39mDEBUG&amp#27;[0;39m [&amp#27;[34mmain&amp#27;[0;39m] &amp#27;[36m[o.s.b.f.s.DefaultListableBeanFactory]&amp#27;[0;39m - Autowiring by type from bean name 'threadPoolBulkheadRegistry' via factory method to bean named 'threadPoolBulkheadRegistryEventConsumer'
18:27:23.821 &amp#27;[39mDEBUG&amp#27;[0;39m [&amp#27;[34mmain&amp#27;[0;39m] &amp#27;[36m[o.s.b.f.s.DefaultListableBeanFactory]&amp#27;[0;39m - Autowiring by type from bean name 'threadPoolBulkheadRegistry' via factory method to bean named 'compositeThreadPoolBulkheadCustomizer'
18:27:23.862 &amp#27;[39mDEBUG&amp#27;[0;39m [&amp#27;[34mmain&amp#27;[0;39m] &amp#27;[36m[o.s.b.f.s.DefaultListableBeanFactory]&amp#27;[0;39m - Autowiring by type from bean name 'bulkheadAspect' via factory method to bean named 'resilience4j.bulkhead-io.github.resilience4j.springboot3.bulkhead.autoconfigure.BulkheadProperties'
18:27:23.863 &amp#27;[39mDEBUG&amp#27;[0;39m [&amp#27;[34mmain&amp#27;[0;39m] &amp#27;[36m[o.s.b.f.s.DefaultListableBeanFactory]&amp#27;[0;39m - Autowiring by type from bean name 'bulkheadAspect' via factory method to bean named 'threadPoolBulkheadRegistry'
18:27:23.864 &amp#27;[39mDEBUG&amp#27;[0;39m [&amp#27;[34mmain&amp#27;[0;39m] &amp#27;[36m[o.s.b.f.s.DefaultListableBeanFactory]&amp#27;[0;39m - Autowiring by type from bean name 'bulkheadAspect' via factory method to bean named 'bulkheadRegistry'
18:27:23.864 &amp#27;[39mDEBUG&amp#27;[0;39m [&amp#27;[34mmain&amp#27;[0;39m] &amp#27;[36m[o.s.b.f.s.DefaultListableBeanFactory]&amp#27;[0;39m - Autowiring by type from bean name 'bulkheadAspect' via factory method to bean named 'fallbackExecutor'
18:27:23.865 &amp#27;[39mDEBUG&amp#27;[0;39m [&amp#27;[34mmain&amp#27;[0;39m] &amp#27;[36m[o.s.b.f.s.DefaultListableBeanFactory]&amp#27;[0;39m - Autowiring by type from bean name 'bulkheadAspect' via factory method to bean named 'spelResolver'
18:27:23.867 &amp#27;[39mDEBUG&amp#27;[0;39m [&amp#27;[34mmain&amp#27;[0;39m] &amp#27;[36m[o.s.b.f.s.DefaultListableBeanFactory]&amp#27;[0;39m - Creating shared instance of singleton bean 'io.github.resilience4j.springboot3.bulkhead.autoconfigure.BulkheadAutoConfiguration'
18:27:23.874 &amp#27;[39mDEBUG&amp#27;[0;39m [&amp#27;[34mmain&amp#27;[0;39m] &amp#27;[36m[o.s.b.f.s.DefaultListableBeanFactory]&amp#27;[0;39m - Creating shared instance of singleton bean 'meterRegistryCloser'
18:27:23.881 &amp#27;[39mDEBUG&amp#27;[0;39m [&amp#27;[34mmain&amp#27;[0;39m] &amp#27;[36m[o.s.b.f.s.DefaultListableBeanFactory]&amp#27;[0;39m - Creating shared instance of singleton bean 'io.github.resilience4j.springboot3.circuitbreaker.autoconfigure.CircuitBreakerAutoConfiguration$CircuitBreakerEndpointAutoConfiguration'
18:27:23.893 &amp#27;[39mDEBUG&amp#27;[0;39m [&amp#27;[34mmain&amp#27;[0;39m] &amp#27;[36m[o.s.b.f.s.DefaultListableBeanFactory]&amp#27;[0;39m - Creating shared instance of singleton bean 'io.github.resilience4j.springboot3.circuitbreaker.autoconfigure.CircuitBreakerConfigurationOnMissingBean'
18:27:23.895 &amp#27;[39mDEBUG&amp#27;[0;39m [&amp#27;[34mmain&amp#27;[0;39m] &amp#27;[36m[o.s.b.f.s.DefaultListableBeanFactory]&amp#27;[0;39m - Creating shared instance of singleton bean 'resilience4j.circuitbreaker-io.github.resilience4j.springboot3.circuitbreaker.autoconfigure.CircuitBreakerProperties'
18:27:23.949 &amp#27;[39mDEBUG&amp#27;[0;39m [&amp#27;[34mmain&amp#27;[0;39m] &amp#27;[36m[o.s.b.f.s.DefaultListableBeanFactory]&amp#27;[0;39m - Autowiring by type from bean name 'io.github.resilience4j.springboot3.circuitbreaker.autoconfigure.CircuitBreakerConfigurationOnMissingBean' via constructor to bean named 'resilience4j.circuitbreaker-io.github.resilience4j.springboot3.circuitbreaker.autoconfigure.CircuitBreakerProperties'
18:27:23.964 &amp#27;[39mDEBUG&amp#27;[0;39m [&amp#27;[34mmain&amp#27;[0;39m] &amp#27;[36m[o.s.b.f.s.DefaultListableBeanFactory]&amp#27;[0;39m - Creating shared instance of singleton bean 'eventConsumerRegistry'
18:27:23.972 &amp#27;[39mDEBUG&amp#27;[0;39m [&amp#27;[34mmain&amp#27;[0;39m] &amp#27;[36m[o.s.b.f.s.DefaultListableBeanFactory]&amp#27;[0;39m - Creating shared instance of singleton bean 'compositeCircuitBreakerCustomizer'
18:27:23.977 &amp#27;[39mDEBUG&amp#27;[0;39m [&amp#27;[34mmain&amp#27;[0;39m] &amp#27;[36m[o.s.b.f.s.DefaultListableBeanFactory]&amp#27;[0;39m - Creating shared instance of singleton bean 'circuitBreakerRegistry'
18:27:23.980 &amp#27;[39mDEBUG&amp#27;[0;39m [&amp#27;[34mmain&amp#27;[0;39m] &amp#27;[36m[o.s.b.f.s.DefaultListableBeanFactory]&amp#27;[0;39m - Creating shared instance of singleton bean 'circuitBreakerRegistryEventConsumer'
18:27:23.982 &amp#27;[39mDEBUG&amp#27;[0;39m [&amp#27;[34mmain&amp#27;[0;39m] &amp#27;[36m[o.s.b.f.s.DefaultListableBeanFactory]&amp#27;[0;39m - Creating shared instance of singleton bean 'taggedCircuitBreakerMetricsPublisher'
18:27:23.983 &amp#27;[39mDEBUG&amp#27;[0;39m [&amp#27;[34mmain&amp#27;[0;39m] &amp#27;[36m[o.s.b.f.s.DefaultListableBeanFactory]&amp#27;[0;39m - Creating shared instance of singleton bean 'io.github.resilience4j.springboot3.circuitbreaker.autoconfigure.CircuitBreakerMetricsAutoConfiguration'
18:27:23.994 &amp#27;[39mDEBUG&amp#27;[0;39m [&amp#27;[34mmain&amp#27;[0;39m] &amp#27;[36m[o.s.b.f.s.DefaultListableBeanFactory]&amp#27;[0;39m - Autowiring by type from bean name 'taggedCircuitBreakerMetricsPublisher' via factory method to bean named 'simpleMeterRegistry'
18:27:24.024 &amp#27;[39mDEBUG&amp#27;[0;39m [&amp#27;[34mmain&amp#27;[0;39m] &amp#27;[36m[o.s.b.f.s.DefaultListableBeanFactory]&amp#27;[0;39m - Autowiring by type from bean name 'circuitBreakerRegistry' via factory method to bean named 'eventConsumerRegistry'
18:27:24.025 &amp#27;[39mDEBUG&amp#27;[0;39m [&amp#27;[34mmain&amp#27;[0;39m] &amp#27;[36m[o.s.b.f.s.DefaultListableBeanFactory]&amp#27;[0;39m - Autowiring by type from bean name 'circuitBreakerRegistry' via factory method to bean named 'circuitBreakerRegistryEventConsumer'
18:27:24.025 &amp#27;[39mDEBUG&amp#27;[0;39m [&amp#27;[34mmain&amp#27;[0;39m] &amp#27;[36m[o.s.b.f.s.DefaultListableBeanFactory]&amp#27;[0;39m - Autowiring by type from bean name 'circuitBreakerRegistry' via factory method to bean named 'compositeCircuitBreakerCustomizer'
18:27:24.098 &amp#27;[39mDEBUG&amp#27;[0;39m [&amp#27;[34mmain&amp#27;[0;39m] &amp#27;[36m[o.s.b.f.s.DefaultListableBeanFactory]&amp#27;[0;39m - Creating shared instance of singleton bean 'circuitBreakerAspect'
18:27:24.104 &amp#27;[39mDEBUG&amp#27;[0;39m [&amp#27;[34mmain&amp#27;[0;39m] &amp#27;[36m[o.s.b.f.s.DefaultListableBeanFactory]&amp#27;[0;39m - Autowiring by type from bean name 'circuitBreakerAspect' via factory method to bean named 'circuitBreakerRegistry'
18:27:24.105 &amp#27;[39mDEBUG&amp#27;[0;39m [&amp#27;[34mmain&amp#27;[0;39m] &amp#27;[36m[o.s.b.f.s.DefaultListableBeanFactory]&amp#27;[0;39m - Autowiring by type from bean name 'circuitBreakerAspect' via factory method to bean named 'fallbackExecutor'
18:27:24.105 &amp#27;[39mDEBUG&amp#27;[0;39m [&amp#27;[34mmain&amp#27;[0;39m] &amp#27;[36m[o.s.b.f.s.DefaultListableBeanFactory]&amp#27;[0;39m - Autowiring by type from bean name 'circuitBreakerAspect' via factory method to bean named 'spelResolver'
18:27:24.107 &amp#27;[39mDEBUG&amp#27;[0;39m [&amp#27;[34mmain&amp#27;[0;39m] &amp#27;[36m[o.s.b.f.s.DefaultListableBeanFactory]&amp#27;[0;39m - Creating shared instance of singleton bean 'io.github.resilience4j.springboot3.circuitbreaker.autoconfigure.CircuitBreakerAutoConfiguration'
18:27:24.113 &amp#27;[39mDEBUG&amp#27;[0;39m [&amp#27;[34mmain&amp#27;[0;39m] &amp#27;[36m[o.s.b.f.s.DefaultListableBeanFactory]&amp#27;[0;39m - Creating shared instance of singleton bean 'io.github.resilience4j.springboot3.circuitbreaker.autoconfigure.CircuitBreakersHealthIndicatorAutoConfiguration'
18:27:24.123 &amp#27;[39mDEBUG&amp#27;[0;39m [&amp#27;[34mmain&amp#27;[0;39m] &amp#27;[36m[o.s.b.f.s.DefaultListableBeanFactory]&amp#27;[0;39m - Creating shared instance of singleton bean 'io.github.resilience4j.springboot3.ratelimiter.autoconfigure.RateLimiterAutoConfiguration$RateLimiterEndpointAutoConfiguration'
18:27:24.133 &amp#27;[39mDEBUG&amp#27;[0;39m [&amp#27;[34mmain&amp#27;[0;39m] &amp#27;[36m[o.s.b.f.s.DefaultListableBeanFactory]&amp#27;[0;39m - Creating shared instance of singleton bean 'io.github.resilience4j.springboot3.ratelimiter.autoconfigure.RateLimiterConfigurationOnMissingBean'
18:27:24.151 &amp#27;[39mDEBUG&amp#27;[0;39m [&amp#27;[34mmain&amp#27;[0;39m] &amp#27;[36m[o.s.b.f.s.DefaultListableBeanFactory]&amp#27;[0;39m - Creating shared instance of singleton bean 'rateLimiterEventsConsumerRegistry'
18:27:24.153 &amp#27;[39mDEBUG&amp#27;[0;39m [&amp#27;[34mmain&amp#27;[0;39m] &amp#27;[36m[o.s.b.f.s.DefaultListableBeanFactory]&amp#27;[0;39m - Creating shared instance of singleton bean 'compositeRateLimiterCustomizer'
18:27:24.158 &amp#27;[39mDEBUG&amp#27;[0;39m [&amp#27;[34mmain&amp#27;[0;39m] &amp#27;[36m[o.s.b.f.s.DefaultListableBeanFactory]&amp#27;[0;39m - Creating shared instance of singleton bean 'rateLimiterRegistry'
18:27:24.161 &amp#27;[39mDEBUG&amp#27;[0;39m [&amp#27;[34mmain&amp#27;[0;39m] &amp#27;[36m[o.s.b.f.s.DefaultListableBeanFactory]&amp#27;[0;39m - Creating shared instance of singleton bean 'resilience4j.ratelimiter-io.github.resilience4j.springboot3.ratelimiter.autoconfigure.RateLimiterProperties'
18:27:24.191 &amp#27;[39mDEBUG&amp#27;[0;39m [&amp#27;[34mmain&amp#27;[0;39m] &amp#27;[36m[o.s.b.f.s.DefaultListableBeanFactory]&amp#27;[0;39m - Creating shared instance of singleton bean 'rateLimiterRegistryEventConsumer'
18:27:24.193 &amp#27;[39mDEBUG&amp#27;[0;39m [&amp#27;[34mmain&amp#27;[0;39m] &amp#27;[36m[o.s.b.f.s.DefaultListableBeanFactory]&amp#27;[0;39m - Creating shared instance of singleton bean 'taggedRateLimiterMetricsPublisher'
18:27:24.194 &amp#27;[39mDEBUG&amp#27;[0;39m [&amp#27;[34mmain&amp#27;[0;39m] &amp#27;[36m[o.s.b.f.s.DefaultListableBeanFactory]&amp#27;[0;39m - Creating shared instance of singleton bean 'io.github.resilience4j.springboot3.ratelimiter.autoconfigure.RateLimiterMetricsAutoConfiguration'
18:27:24.205 &amp#27;[39mDEBUG&amp#27;[0;39m [&amp#27;[34mmain&amp#27;[0;39m] &amp#27;[36m[o.s.b.f.s.DefaultListableBeanFactory]&amp#27;[0;39m - Autowiring by type from bean name 'taggedRateLimiterMetricsPublisher' via factory method to bean named 'simpleMeterRegistry'
18:27:24.224 &amp#27;[39mDEBUG&amp#27;[0;39m [&amp#27;[34mmain&amp#27;[0;39m] &amp#27;[36m[o.s.b.f.s.DefaultListableBeanFactory]&amp#27;[0;39m - Autowiring by type from bean name 'rateLimiterRegistry' via factory method to bean named 'resilience4j.ratelimiter-io.github.resilience4j.springboot3.ratelimiter.autoconfigure.RateLimiterProperties'
18:27:24.225 &amp#27;[39mDEBUG&amp#27;[0;39m [&amp#27;[34mmain&amp#27;[0;39m] &amp#27;[36m[o.s.b.f.s.DefaultListableBeanFactory]&amp#27;[0;39m - Autowiring by type from bean name 'rateLimiterRegistry' via factory method to bean named 'rateLimiterEventsConsumerRegistry'
18:27:24.226 &amp#27;[39mDEBUG&amp#27;[0;39m [&amp#27;[34mmain&amp#27;[0;39m] &amp#27;[36m[o.s.b.f.s.DefaultListableBeanFactory]&amp#27;[0;39m - Autowiring by type from bean name 'rateLimiterRegistry' via factory method to bean named 'rateLimiterRegistryEventConsumer'
18:27:24.226 &amp#27;[39mDEBUG&amp#27;[0;39m [&amp#27;[34mmain&amp#27;[0;39m] &amp#27;[36m[o.s.b.f.s.DefaultListableBeanFactory]&amp#27;[0;39m - Autowiring by type from bean name 'rateLimiterRegistry' via factory method to bean named 'compositeRateLimiterCustomizer'
18:27:24.259 &amp#27;[39mDEBUG&amp#27;[0;39m [&amp#27;[34mmain&amp#27;[0;39m] &amp#27;[36m[o.s.b.f.s.DefaultListableBeanFactory]&amp#27;[0;39m - Creating shared instance of singleton bean 'rateLimiterAspect'
18:27:24.265 &amp#27;[39mDEBUG&amp#27;[0;39m [&amp#27;[34mmain&amp#27;[0;39m] &amp#27;[36m[o.s.b.f.s.DefaultListableBeanFactory]&amp#27;[0;39m - Autowiring by type from bean name 'rateLimiterAspect' via factory method to bean named 'resilience4j.ratelimiter-io.github.resilience4j.springboot3.ratelimiter.autoconfigure.RateLimiterProperties'
18:27:24.265 &amp#27;[39mDEBUG&amp#27;[0;39m [&amp#27;[34mmain&amp#27;[0;39m] &amp#27;[36m[o.s.b.f.s.DefaultListableBeanFactory]&amp#27;[0;39m - Autowiring by type from bean name 'rateLimiterAspect' via factory method to bean named 'rateLimiterRegistry'
18:27:24.266 &amp#27;[39mDEBUG&amp#27;[0;39m [&amp#27;[34mmain&amp#27;[0;39m] &amp#27;[36m[o.s.b.f.s.DefaultListableBeanFactory]&amp#27;[0;39m - Autowiring by type from bean name 'rateLimiterAspect' via factory method to bean named 'fallbackExecutor'
18:27:24.267 &amp#27;[39mDEBUG&amp#27;[0;39m [&amp#27;[34mmain&amp#27;[0;39m] &amp#27;[36m[o.s.b.f.s.DefaultListableBeanFactory]&amp#27;[0;39m - Autowiring by type from bean name 'rateLimiterAspect' via factory method to bean named 'spelResolver'
18:27:24.269 &amp#27;[39mDEBUG&amp#27;[0;39m [&amp#27;[34mmain&amp#27;[0;39m] &amp#27;[36m[o.s.b.f.s.DefaultListableBeanFactory]&amp#27;[0;39m - Creating shared instance of singleton bean 'io.github.resilience4j.springboot3.ratelimiter.autoconfigure.RateLimiterAutoConfiguration'
18:27:24.275 &amp#27;[39mDEBUG&amp#27;[0;39m [&amp#27;[34mmain&amp#27;[0;39m] &amp#27;[36m[o.s.b.f.s.DefaultListableBeanFactory]&amp#27;[0;39m - Creating shared instance of singleton bean 'io.github.resilience4j.springboot3.ratelimiter.autoconfigure.RateLimitersHealthIndicatorAutoConfiguration'
18:27:24.286 &amp#27;[39mDEBUG&amp#27;[0;39m [&amp#27;[34mmain&amp#27;[0;39m] &amp#27;[36m[o.s.b.f.s.DefaultListableBeanFactory]&amp#27;[0;39m - Creating shared instance of singleton bean 'io.github.resilience4j.springboot3.retry.autoconfigure.RetryAutoConfiguration$RetryAutoEndpointConfiguration'
18:27:24.298 &amp#27;[39mDEBUG&amp#27;[0;39m [&amp#27;[34mmain&amp#27;[0;39m] &amp#27;[36m[o.s.b.f.s.DefaultListableBeanFactory]&amp#27;[0;39m - Creating shared instance of singleton bean 'io.github.resilience4j.springboot3.retry.autoconfigure.RetryConfigurationOnMissingBean'
18:27:24.312 &amp#27;[39mDEBUG&amp#27;[0;39m [&amp#27;[34mmain&amp#27;[0;39m] &amp#27;[36m[o.s.b.f.s.DefaultListableBeanFactory]&amp#27;[0;39m - Creating shared instance of singleton bean 'retryEventConsumerRegistry'
18:27:24.315 &amp#27;[39mDEBUG&amp#27;[0;39m [&amp#27;[34mmain&amp#27;[0;39m] &amp#27;[36m[o.s.b.f.s.DefaultListableBeanFactory]&amp#27;[0;39m - Creating shared instance of singleton bean 'compositeRetryCustomizer'
18:27:24.319 &amp#27;[39mDEBUG&amp#27;[0;39m [&amp#27;[34mmain&amp#27;[0;39m] &amp#27;[36m[o.s.b.f.s.DefaultListableBeanFactory]&amp#27;[0;39m - Creating shared instance of singleton bean 'retryRegistry'
18:27:24.322 &amp#27;[39mDEBUG&amp#27;[0;39m [&amp#27;[34mmain&amp#27;[0;39m] &amp#27;[36m[o.s.b.f.s.DefaultListableBeanFactory]&amp#27;[0;39m - Creating shared instance of singleton bean 'resilience4j.retry-io.github.resilience4j.springboot3.retry.autoconfigure.RetryProperties'
18:27:24.368 &amp#27;[39mDEBUG&amp#27;[0;39m [&amp#27;[34mmain&amp#27;[0;39m] &amp#27;[36m[o.s.b.f.s.DefaultListableBeanFactory]&amp#27;[0;39m - Creating shared instance of singleton bean 'retryRegistryEventConsumer'
18:27:24.372 &amp#27;[39mDEBUG&amp#27;[0;39m [&amp#27;[34mmain&amp#27;[0;39m] &amp#27;[36m[o.s.b.f.s.DefaultListableBeanFactory]&amp#27;[0;39m - Creating shared instance of singleton bean 'taggedRetryMetricsPublisher'
18:27:24.373 &amp#27;[39mDEBUG&amp#27;[0;39m [&amp#27;[34mmain&amp#27;[0;39m] &amp#27;[36m[o.s.b.f.s.DefaultListableBeanFactory]&amp#27;[0;39m - Creating shared instance of singleton bean 'io.github.resilience4j.springboot3.retry.autoconfigure.RetryMetricsAutoConfiguration'
18:27:24.385 &amp#27;[39mDEBUG&amp#27;[0;39m [&amp#27;[34mmain&amp#27;[0;39m] &amp#27;[36m[o.s.b.f.s.DefaultListableBeanFactory]&amp#27;[0;39m - Autowiring by type from bean name 'taggedRetryMetricsPublisher' via factory method to bean named 'simpleMeterRegistry'
18:27:24.403 &amp#27;[39mDEBUG&amp#27;[0;39m [&amp#27;[34mmain&amp#27;[0;39m] &amp#27;[36m[o.s.b.f.s.DefaultListableBeanFactory]&amp#27;[0;39m - Autowiring by type from bean name 'retryRegistry' via factory method to bean named 'resilience4j.retry-io.github.resilience4j.springboot3.retry.autoconfigure.RetryProperties'
18:27:24.403 &amp#27;[39mDEBUG&amp#27;[0;39m [&amp#27;[34mmain&amp#27;[0;39m] &amp#27;[36m[o.s.b.f.s.DefaultListableBeanFactory]&amp#27;[0;39m - Autowiring by type from bean name 'retryRegistry' via factory method to bean named 'retryEventConsumerRegistry'
18:27:24.404 &amp#27;[39mDEBUG&amp#27;[0;39m [&amp#27;[34mmain&amp#27;[0;39m] &amp#27;[36m[o.s.b.f.s.DefaultListableBeanFactory]&amp#27;[0;39m - Autowiring by type from bean name 'retryRegistry' via factory method to bean named 'retryRegistryEventConsumer'
18:27:24.404 &amp#27;[39mDEBUG&amp#27;[0;39m [&amp#27;[34mmain&amp#27;[0;39m] &amp#27;[36m[o.s.b.f.s.DefaultListableBeanFactory]&amp#27;[0;39m - Autowiring by type from bean name 'retryRegistry' via factory method to bean named 'compositeRetryCustomizer'
18:27:24.436 &amp#27;[39mDEBUG&amp#27;[0;39m [&amp#27;[34mmain&amp#27;[0;39m] &amp#27;[36m[o.s.b.f.s.DefaultListableBeanFactory]&amp#27;[0;39m - Creating shared instance of singleton bean 'retryAspect'
18:27:24.443 &amp#27;[39mDEBUG&amp#27;[0;39m [&amp#27;[34mmain&amp#27;[0;39m] &amp#27;[36m[o.s.b.f.s.DefaultListableBeanFactory]&amp#27;[0;39m - Autowiring by type from bean name 'retryAspect' via factory method to bean named 'resilience4j.retry-io.github.resilience4j.springboot3.retry.autoconfigure.RetryProperties'
18:27:24.443 &amp#27;[39mDEBUG&amp#27;[0;39m [&amp#27;[34mmain&amp#27;[0;39m] &amp#27;[36m[o.s.b.f.s.DefaultListableBeanFactory]&amp#27;[0;39m - Autowiring by type from bean name 'retryAspect' via factory method to bean named 'retryRegistry'
18:27:24.444 &amp#27;[39mDEBUG&amp#27;[0;39m [&amp#27;[34mmain&amp#27;[0;39m] &amp#27;[36m[o.s.b.f.s.DefaultListableBeanFactory]&amp#27;[0;39m - Autowiring by type from bean name 'retryAspect' via factory method to bean named 'fallbackExecutor'
18:27:24.444 &amp#27;[39mDEBUG&amp#27;[0;39m [&amp#27;[34mmain&amp#27;[0;39m] &amp#27;[36m[o.s.b.f.s.DefaultListableBeanFactory]&amp#27;[0;39m - Autowiring by type from bean name 'retryAspect' via factory method to bean named 'spelResolver'
18:27:24.446 &amp#27;[39mDEBUG&amp#27;[0;39m [&amp#27;[34mmain&amp#27;[0;39m] &amp#27;[36m[o.s.b.f.s.DefaultListableBeanFactory]&amp#27;[0;39m - Creating shared instance of singleton bean 'io.github.resilience4j.springboot3.retry.autoconfigure.RetryAutoConfiguration'
18:27:24.450 &amp#27;[39mDEBUG&amp#27;[0;39m [&amp#27;[34mmain&amp#27;[0;39m] &amp#27;[36m[o.s.b.f.s.DefaultListableBeanFactory]&amp#27;[0;39m - Creating shared instance of singleton bean 'io.github.resilience4j.springboot3.timelimiter.autoconfigure.TimeLimiterAutoConfiguration$TimeLimiterAutoEndpointConfiguration'
18:27:24.459 &amp#27;[39mDEBUG&amp#27;[0;39m [&amp#27;[34mmain&amp#27;[0;39m] &amp#27;[36m[o.s.b.f.s.DefaultListableBeanFactory]&amp#27;[0;39m - Creating shared instance of singleton bean 'io.github.resilience4j.springboot3.timelimiter.autoconfigure.TimeLimiterConfigurationOnMissingBean'
18:27:24.474 &amp#27;[39mDEBUG&amp#27;[0;39m [&amp#27;[34mmain&amp#27;[0;39m] &amp#27;[36m[o.s.b.f.s.DefaultListableBeanFactory]&amp#27;[0;39m - Creating shared instance of singleton bean 'timeLimiterEventsConsumerRegistry'
18:27:24.477 &amp#27;[39mDEBUG&amp#27;[0;39m [&amp#27;[34mmain&amp#27;[0;39m] &amp#27;[36m[o.s.b.f.s.DefaultListableBeanFactory]&amp#27;[0;39m - Creating shared instance of singleton bean 'compositeTimeLimiterCustomizer'
18:27:24.482 &amp#27;[39mDEBUG&amp#27;[0;39m [&amp#27;[34mmain&amp#27;[0;39m] &amp#27;[36m[o.s.b.f.s.DefaultListableBeanFactory]&amp#27;[0;39m - Creating shared instance of singleton bean 'timeLimiterRegistry'
18:27:24.485 &amp#27;[39mDEBUG&amp#27;[0;39m [&amp#27;[34mmain&amp#27;[0;39m] &amp#27;[36m[o.s.b.f.s.DefaultListableBeanFactory]&amp#27;[0;39m - Creating shared instance of singleton bean 'resilience4j.timelimiter-io.github.resilience4j.springboot3.timelimiter.autoconfigure.TimeLimiterProperties'
18:27:24.509 &amp#27;[39mDEBUG&amp#27;[0;39m [&amp#27;[34mmain&amp#27;[0;39m] &amp#27;[36m[o.s.b.f.s.DefaultListableBeanFactory]&amp#27;[0;39m - Creating shared instance of singleton bean 'timeLimiterRegistryEventConsumer'
18:27:24.512 &amp#27;[39mDEBUG&amp#27;[0;39m [&amp#27;[34mmain&amp#27;[0;39m] &amp#27;[36m[o.s.b.f.s.DefaultListableBeanFactory]&amp#27;[0;39m - Creating shared instance of singleton bean 'taggedTimeLimiterMetricsPublisher'
18:27:24.513 &amp#27;[39mDEBUG&amp#27;[0;39m [&amp#27;[34mmain&amp#27;[0;39m] &amp#27;[36m[o.s.b.f.s.DefaultListableBeanFactory]&amp#27;[0;39m - Creating shared instance of singleton bean 'io.github.resilience4j.springboot3.timelimiter.autoconfigure.TimeLimiterMetricsAutoConfiguration'
18:27:24.523 &amp#27;[39mDEBUG&amp#27;[0;39m [&amp#27;[34mmain&amp#27;[0;39m] &amp#27;[36m[o.s.b.f.s.DefaultListableBeanFactory]&amp#27;[0;39m - Autowiring by type from bean name 'taggedTimeLimiterMetricsPublisher' via factory method to bean named 'simpleMeterRegistry'
18:27:24.545 &amp#27;[39mDEBUG&amp#27;[0;39m [&amp#27;[34mmain&amp#27;[0;39m] &amp#27;[36m[o.s.b.f.s.DefaultListableBeanFactory]&amp#27;[0;39m - Autowiring by type from bean name 'timeLimiterRegistry' via factory method to bean named 'resilience4j.timelimiter-io.github.resilience4j.springboot3.timelimiter.autoconfigure.TimeLimiterProperties'
18:27:24.546 &amp#27;[39mDEBUG&amp#27;[0;39m [&amp#27;[34mmain&amp#27;[0;39m] &amp#27;[36m[o.s.b.f.s.DefaultListableBeanFactory]&amp#27;[0;39m - Autowiring by type from bean name 'timeLimiterRegistry' via factory method to bean named 'timeLimiterEventsConsumerRegistry'
18:27:24.547 &amp#27;[39mDEBUG&amp#27;[0;39m [&amp#27;[34mmain&amp#27;[0;39m] &amp#27;[36m[o.s.b.f.s.DefaultListableBeanFactory]&amp#27;[0;39m - Autowiring by type from bean name 'timeLimiterRegistry' via factory method to bean named 'timeLimiterRegistryEventConsumer'
18:27:24.547 &amp#27;[39mDEBUG&amp#27;[0;39m [&amp#27;[34mmain&amp#27;[0;39m] &amp#27;[36m[o.s.b.f.s.DefaultListableBeanFactory]&amp#27;[0;39m - Autowiring by type from bean name 'timeLimiterRegistry' via factory method to bean named 'compositeTimeLimiterCustomizer'
18:27:24.577 &amp#27;[39mDEBUG&amp#27;[0;39m [&amp#27;[34mmain&amp#27;[0;39m] &amp#27;[36m[o.s.b.f.s.DefaultListableBeanFactory]&amp#27;[0;39m - Creating shared instance of singleton bean 'timeLimiterAspect'
18:27:24.582 &amp#27;[39mDEBUG&amp#27;[0;39m [&amp#27;[34mmain&amp#27;[0;39m] &amp#27;[36m[o.s.b.f.s.DefaultListableBeanFactory]&amp#27;[0;39m - Autowiring by type from bean name 'timeLimiterAspect' via factory method to bean named 'resilience4j.timelimiter-io.github.resilience4j.springboot3.timelimiter.autoconfigure.TimeLimiterProperties'
18:27:24.583 &amp#27;[39mDEBUG&amp#27;[0;39m [&amp#27;[34mmain&amp#27;[0;39m] &amp#27;[36m[o.s.b.f.s.DefaultListableBeanFactory]&amp#27;[0;39m - Autowiring by type from bean name 'timeLimiterAspect' via factory method to bean named 'timeLimiterRegistry'
18:27:24.584 &amp#27;[39mDEBUG&amp#27;[0;39m [&amp#27;[34mmain&amp#27;[0;39m] &amp#27;[36m[o.s.b.f.s.DefaultListableBeanFactory]&amp#27;[0;39m - Autowiring by type from bean name 'timeLimiterAspect' via factory method to bean named 'fallbackExecutor'
18:27:24.584 &amp#27;[39mDEBUG&amp#27;[0;39m [&amp#27;[34mmain&amp#27;[0;39m] &amp#27;[36m[o.s.b.f.s.DefaultListableBeanFactory]&amp#27;[0;39m - Autowiring by type from bean name 'timeLimiterAspect' via factory method to bean named 'spelResolver'
18:27:24.587 &amp#27;[39mDEBUG&amp#27;[0;39m [&amp#27;[34mmain&amp#27;[0;39m] &amp#27;[36m[o.s.b.f.s.DefaultListableBeanFactory]&amp#27;[0;39m - Creating shared instance of singleton bean 'io.github.resilience4j.springboot3.timelimiter.autoconfigure.TimeLimiterAutoConfiguration'
18:27:24.592 &amp#27;[39mDEBUG&amp#27;[0;39m [&amp#27;[34mmain&amp#27;[0;39m] &amp#27;[36m[o.s.b.f.s.DefaultListableBeanFactory]&amp#27;[0;39m - Creating shared instance of singleton bean 'org.springframework.boot.autoconfigure.availability.ApplicationAvailabilityAutoConfiguration'
18:27:24.598 &amp#27;[39mDEBUG&amp#27;[0;39m [&amp#27;[34mmain&amp#27;[0;39m] &amp#27;[36m[o.s.b.f.s.DefaultListableBeanFactory]&amp#27;[0;39m - Creating shared instance of singleton bean 'applicationAvailability'
18:27:24.635 &amp#27;[39mDEBUG&amp#27;[0;39m [&amp#27;[34mmain&amp#27;[0;39m] &amp#27;[36m[o.s.b.f.s.DefaultListableBeanFactory]&amp#27;[0;39m - Creating shared instance of singleton bean 'org.springframework.boot.actuate.autoconfigure.availability.AvailabilityHealthContributorAutoConfiguration'
18:27:24.647 &amp#27;[39mDEBUG&amp#27;[0;39m [&amp#27;[34mmain&amp#27;[0;39m] &amp#27;[36m[o.s.b.f.s.DefaultListableBeanFactory]&amp#27;[0;39m - Creating shared instance of singleton bean 'org.springframework.boot.actuate.autoconfigure.health.HealthEndpointConfiguration'
18:27:24.657 &amp#27;[39mDEBUG&amp#27;[0;39m [&amp#27;[34mmain&amp#27;[0;39m] &amp#27;[36m[o.s.b.f.s.DefaultListableBeanFactory]&amp#27;[0;39m - Creating shared instance of singleton bean 'healthStatusAggregator'
18:27:24.659 &amp#27;[39mDEBUG&amp#27;[0;39m [&amp#27;[34mmain&amp#27;[0;39m] &amp#27;[36m[o.s.b.f.s.DefaultListableBeanFactory]&amp#27;[0;39m - Creating shared instance of singleton bean 'management.endpoint.health-org.springframework.boot.actuate.autoconfigure.health.HealthEndpointProperties'
18:27:24.682 &amp#27;[39mDEBUG&amp#27;[0;39m [&amp#27;[34mmain&amp#27;[0;39m] &amp#27;[36m[o.s.b.f.s.DefaultListableBeanFactory]&amp#27;[0;39m - Autowiring by type from bean name 'healthStatusAggregator' via factory method to bean named 'management.endpoint.health-org.springframework.boot.actuate.autoconfigure.health.HealthEndpointProperties'
18:27:24.698 &amp#27;[39mDEBUG&amp#27;[0;39m [&amp#27;[34mmain&amp#27;[0;39m] &amp#27;[36m[o.s.b.f.s.DefaultListableBeanFactory]&amp#27;[0;39m - Creating shared instance of singleton bean 'healthHttpCodeStatusMapper'
18:27:24.701 &amp#27;[39mDEBUG&amp#27;[0;39m [&amp#27;[34mmain&amp#27;[0;39m] &amp#27;[36m[o.s.b.f.s.DefaultListableBeanFactory]&amp#27;[0;39m - Autowiring by type from bean name 'healthHttpCodeStatusMapper' via factory method to bean named 'management.endpoint.health-org.springframework.boot.actuate.autoconfigure.health.HealthEndpointProperties'
18:27:24.709 &amp#27;[39mDEBUG&amp#27;[0;39m [&amp#27;[34mmain&amp#27;[0;39m] &amp#27;[36m[o.s.b.f.s.DefaultListableBeanFactory]&amp#27;[0;39m - Creating shared instance of singleton bean 'healthEndpointGroups'
18:27:24.710 &amp#27;[39mDEBUG&amp#27;[0;39m [&amp#27;[34mmain&amp#27;[0;39m] &amp#27;[36m[o.s.b.f.s.DefaultListableBeanFactory]&amp#27;[0;39m - Autowiring by type from bean name 'healthEndpointGroups' via factory method to bean named 'org.springframework.boot.web.servlet.context.AnnotationConfigServletWebServerApplicationContext@66e21568'
18:27:24.711 &amp#27;[39mDEBUG&amp#27;[0;39m [&amp#27;[34mmain&amp#27;[0;39m] &amp#27;[36m[o.s.b.f.s.DefaultListableBeanFactory]&amp#27;[0;39m - Autowiring by type from bean name 'healthEndpointGroups' via factory method to bean named 'management.endpoint.health-org.springframework.boot.actuate.autoconfigure.health.HealthEndpointProperties'
18:27:24.742 &amp#27;[39mDEBUG&amp#27;[0;39m [&amp#27;[34mmain&amp#27;[0;39m] &amp#27;[36m[o.s.b.f.s.DefaultListableBeanFactory]&amp#27;[0;39m - Creating shared instance of singleton bean 'healthContributorRegistry'
18:27:24.747 &amp#27;[39mDEBUG&amp#27;[0;39m [&amp#27;[34mmain&amp#27;[0;39m] &amp#27;[36m[o.s.b.f.s.DefaultListableBeanFactory]&amp#27;[0;39m - Creating shared instance of singleton bean 'sslHealthIndicator'
18:27:24.748 &amp#27;[39mDEBUG&amp#27;[0;39m [&amp#27;[34mmain&amp#27;[0;39m] &amp#27;[36m[o.s.b.f.s.DefaultListableBeanFactory]&amp#27;[0;39m - Creating shared instance of singleton bean 'org.springframework.boot.actuate.autoconfigure.ssl.SslHealthContributorAutoConfiguration'
18:27:24.755 &amp#27;[39mDEBUG&amp#27;[0;39m [&amp#27;[34mmain&amp#27;[0;39m] &amp#27;[36m[o.s.b.f.s.DefaultListableBeanFactory]&amp#27;[0;39m - Creating shared instance of singleton bean 'sslInfo'
18:27:24.760 &amp#27;[39mDEBUG&amp#27;[0;39m [&amp#27;[34mmain&amp#27;[0;39m] &amp#27;[36m[o.s.b.f.s.DefaultListableBeanFactory]&amp#27;[0;39m - Creating shared instance of singleton bean 'management.health.ssl-org.springframework.boot.actuate.autoconfigure.ssl.SslHealthIndicatorProperties'
18:27:24.778 &amp#27;[39mDEBUG&amp#27;[0;39m [&amp#27;[34mmain&amp#27;[0;39m] &amp#27;[36m[o.s.b.f.s.DefaultListableBeanFactory]&amp#27;[0;39m - Autowiring by type from bean name 'sslInfo' via factory method to bean named 'sslBundleRegistry'
18:27:24.778 &amp#27;[39mDEBUG&amp#27;[0;39m [&amp#27;[34mmain&amp#27;[0;39m] &amp#27;[36m[o.s.b.f.s.DefaultListableBeanFactory]&amp#27;[0;39m - Autowiring by type from bean name 'sslInfo' via factory method to bean named 'management.health.ssl-org.springframework.boot.actuate.autoconfigure.ssl.SslHealthIndicatorProperties'
18:27:24.787 &amp#27;[39mDEBUG&amp#27;[0;39m [&amp#27;[34mmain&amp#27;[0;39m] &amp#27;[36m[o.s.b.f.s.DefaultListableBeanFactory]&amp#27;[0;39m - Autowiring by type from bean name 'sslHealthIndicator' via factory method to bean named 'sslInfo'
18:27:24.806 &amp#27;[39mDEBUG&amp#27;[0;39m [&amp#27;[34mmain&amp#27;[0;39m] &amp#27;[36m[o.s.b.f.s.DefaultListableBeanFactory]&amp#27;[0;39m - Creating shared instance of singleton bean 'diskSpaceHealthIndicator'
18:27:24.807 &amp#27;[39mDEBUG&amp#27;[0;39m [&amp#27;[34mmain&amp#27;[0;39m] &amp#27;[36m[o.s.b.f.s.DefaultListableBeanFactory]&amp#27;[0;39m - Creating shared instance of singleton bean 'org.springframework.boot.actuate.autoconfigure.system.DiskSpaceHealthContributorAutoConfiguration'
18:27:24.814 &amp#27;[39mDEBUG&amp#27;[0;39m [&amp#27;[34mmain&amp#27;[0;39m] &amp#27;[36m[o.s.b.f.s.DefaultListableBeanFactory]&amp#27;[0;39m - Creating shared instance of singleton bean 'management.health.diskspace-org.springframework.boot.actuate.autoconfigure.system.DiskSpaceHealthIndicatorProperties'
18:27:24.823 &amp#27;[39mDEBUG&amp#27;[0;39m [&amp#27;[34mmain&amp#27;[0;39m] &amp#27;[36m[o.s.b.f.s.DefaultListableBeanFactory]&amp#27;[0;39m - Autowiring by type from bean name 'diskSpaceHealthIndicator' via factory method to bean named 'management.health.diskspace-org.springframework.boot.actuate.autoconfigure.system.DiskSpaceHealthIndicatorProperties'
18:27:24.829 &amp#27;[39mDEBUG&amp#27;[0;39m [&amp#27;[34mmain&amp#27;[0;39m] &amp#27;[36m[o.s.b.f.s.DefaultListableBeanFactory]&amp#27;[0;39m - Creating shared instance of singleton bean 'pingHealthContributor'
18:27:24.830 &amp#27;[39mDEBUG&amp#27;[0;39m [&amp#27;[34mmain&amp#27;[0;39m] &amp#27;[36m[o.s.b.f.s.DefaultListableBeanFactory]&amp#27;[0;39m - Creating shared instance of singleton bean 'org.springframework.boot.actuate.autoconfigure.health.HealthContributorAutoConfiguration'
18:27:24.848 &amp#27;[39mDEBUG&amp#27;[0;39m [&amp#27;[34mmain&amp#27;[0;39m] &amp#27;[36m[o.s.b.f.s.DefaultListableBeanFactory]&amp#27;[0;39m - Autowiring by type from bean name 'healthContributorRegistry' via factory method to bean named 'org.springframework.boot.web.servlet.context.AnnotationConfigServletWebServerApplicationContext@66e21568'
18:27:24.849 &amp#27;[39mDEBUG&amp#27;[0;39m [&amp#27;[34mmain&amp#27;[0;39m] &amp#27;[36m[o.s.b.f.s.DefaultListableBeanFactory]&amp#27;[0;39m - Autowiring by type from bean name 'healthContributorRegistry' via factory method to bean named 'healthEndpointGroups'
18:27:24.849 &amp#27;[39mDEBUG&amp#27;[0;39m [&amp#27;[34mmain&amp#27;[0;39m] &amp#27;[36m[o.s.b.f.s.DefaultListableBeanFactory]&amp#27;[0;39m - Autowiring by type from bean name 'healthContributorRegistry' via factory method to bean named 'rateLimiterHealthIndicator'
18:27:24.850 &amp#27;[39mDEBUG&amp#27;[0;39m [&amp#27;[34mmain&amp#27;[0;39m] &amp#27;[36m[o.s.b.f.s.DefaultListableBeanFactory]&amp#27;[0;39m - Autowiring by type from bean name 'healthContributorRegistry' via factory method to bean named 'sslHealthIndicator'
18:27:24.850 &amp#27;[39mDEBUG&amp#27;[0;39m [&amp#27;[34mmain&amp#27;[0;39m] &amp#27;[36m[o.s.b.f.s.DefaultListableBeanFactory]&amp#27;[0;39m - Autowiring by type from bean name 'healthContributorRegistry' via factory method to bean named 'diskSpaceHealthIndicator'
18:27:24.851 &amp#27;[39mDEBUG&amp#27;[0;39m [&amp#27;[34mmain&amp#27;[0;39m] &amp#27;[36m[o.s.b.f.s.DefaultListableBeanFactory]&amp#27;[0;39m - Autowiring by type from bean name 'healthContributorRegistry' via factory method to bean named 'pingHealthContributor'
18:27:24.887 &amp#27;[39mDEBUG&amp#27;[0;39m [&amp#27;[34mmain&amp#27;[0;39m] &amp#27;[36m[o.s.b.f.s.DefaultListableBeanFactory]&amp#27;[0;39m - Creating shared instance of singleton bean 'healthEndpointGroupMembershipValidator'
18:27:24.890 &amp#27;[39mDEBUG&amp#27;[0;39m [&amp#27;[34mmain&amp#27;[0;39m] &amp#27;[36m[o.s.b.f.s.DefaultListableBeanFactory]&amp#27;[0;39m - Autowiring by type from bean name 'healthEndpointGroupMembershipValidator' via factory method to bean named 'management.endpoint.health-org.springframework.boot.actuate.autoconfigure.health.HealthEndpointProperties'
18:27:24.891 &amp#27;[39mDEBUG&amp#27;[0;39m [&amp#27;[34mmain&amp#27;[0;39m] &amp#27;[36m[o.s.b.f.s.DefaultListableBeanFactory]&amp#27;[0;39m - Autowiring by type from bean name 'healthEndpointGroupMembershipValidator' via factory method to bean named 'healthContributorRegistry'
18:27:24.899 &amp#27;[39mDEBUG&amp#27;[0;39m [&amp#27;[34mmain&amp#27;[0;39m] &amp#27;[36m[o.s.b.f.s.DefaultListableBeanFactory]&amp#27;[0;39m - Creating shared instance of singleton bean 'healthEndpoint'
18:27:24.902 &amp#27;[39mDEBUG&amp#27;[0;39m [&amp#27;[34mmain&amp#27;[0;39m] &amp#27;[36m[o.s.b.f.s.DefaultListableBeanFactory]&amp#27;[0;39m - Autowiring by type from bean name 'healthEndpoint' via factory method to bean named 'healthContributorRegistry'
18:27:24.903 &amp#27;[39mDEBUG&amp#27;[0;39m [&amp#27;[34mmain&amp#27;[0;39m] &amp#27;[36m[o.s.b.f.s.DefaultListableBeanFactory]&amp#27;[0;39m - Autowiring by type from bean name 'healthEndpoint' via factory method to bean named 'healthEndpointGroups'
18:27:24.903 &amp#27;[39mDEBUG&amp#27;[0;39m [&amp#27;[34mmain&amp#27;[0;39m] &amp#27;[36m[o.s.b.f.s.DefaultListableBeanFactory]&amp#27;[0;39m - Autowiring by type from bean name 'healthEndpoint' via factory method to bean named 'management.endpoint.health-org.springframework.boot.actuate.autoconfigure.health.HealthEndpointProperties'
18:27:24.935 &amp#27;[39mDEBUG&amp#27;[0;39m [&amp#27;[34mmain&amp#27;[0;39m] &amp#27;[36m[o.s.b.f.s.DefaultListableBeanFactory]&amp#27;[0;39m - Creating shared instance of singleton bean 'org.springframework.boot.actuate.autoconfigure.health.HealthEndpointWebExtensionConfiguration$MvcAdditionalHealthEndpointPathsConfiguration'
18:27:24.940 &amp#27;[39mDEBUG&amp#27;[0;39m [&amp#27;[34mmain&amp#27;[0;39m] &amp#27;[36m[o.s.b.f.s.DefaultListableBeanFactory]&amp#27;[0;39m - Creating shared instance of singleton bean 'healthEndpointWebMvcHandlerMapping'
18:27:24.943 &amp#27;[39mDEBUG&amp#27;[0;39m [&amp#27;[34mmain&amp#27;[0;39m] &amp#27;[36m[o.s.b.f.s.DefaultListableBeanFactory]&amp#27;[0;39m - Creating shared instance of singleton bean 'webEndpointDiscoverer'
18:27:24.945 &amp#27;[39mDEBUG&amp#27;[0;39m [&amp#27;[34mmain&amp#27;[0;39m] &amp#27;[36m[o.s.b.f.s.DefaultListableBeanFactory]&amp#27;[0;39m - Creating shared instance of singleton bean 'endpointOperationParameterMapper'
18:27:24.961 &amp#27;[39mDEBUG&amp#27;[0;39m [&amp#27;[34mmain&amp#27;[0;39m] &amp#27;[36m[o.s.b.f.s.DefaultListableBeanFactory]&amp#27;[0;39m - Creating shared instance of singleton bean 'endpointMediaTypes'
18:27:24.968 &amp#27;[39mDEBUG&amp#27;[0;39m [&amp#27;[34mmain&amp#27;[0;39m] &amp#27;[36m[o.s.b.f.s.DefaultListableBeanFactory]&amp#27;[0;39m - Autowiring by type from bean name 'webEndpointDiscoverer' via factory method to bean named 'endpointOperationParameterMapper'
18:27:24.969 &amp#27;[39mDEBUG&amp#27;[0;39m [&amp#27;[34mmain&amp#27;[0;39m] &amp#27;[36m[o.s.b.f.s.DefaultListableBeanFactory]&amp#27;[0;39m - Autowiring by type from bean name 'webEndpointDiscoverer' via factory method to bean named 'endpointMediaTypes'
18:27:24.973 &amp#27;[39mDEBUG&amp#27;[0;39m [&amp#27;[34mmain&amp#27;[0;39m] &amp#27;[36m[o.s.b.f.s.DefaultListableBeanFactory]&amp#27;[0;39m - Creating shared instance of singleton bean 'endpointCachingOperationInvokerAdvisor'
18:27:24.975 &amp#27;[39mDEBUG&amp#27;[0;39m [&amp#27;[34mmain&amp#27;[0;39m] &amp#27;[36m[o.s.b.f.s.DefaultListableBeanFactory]&amp#27;[0;39m - Autowiring by type from bean name 'endpointCachingOperationInvokerAdvisor' via factory method to bean named 'environment'
18:27:24.985 &amp#27;[39mDEBUG&amp#27;[0;39m [&amp#27;[34mmain&amp#27;[0;39m] &amp#27;[36m[o.s.b.f.s.DefaultListableBeanFactory]&amp#27;[0;39m - Creating shared instance of singleton bean 'webExposeExcludePropertyEndpointFilter'
18:27:24.995 &amp#27;[39mDEBUG&amp#27;[0;39m [&amp#27;[34mmain&amp#27;[0;39m] &amp#27;[36m[o.s.b.f.s.DefaultListableBeanFactory]&amp#27;[0;39m - Creating shared instance of singleton bean 'webAccessPropertiesOperationFilter'
18:27:24.997 &amp#27;[39mDEBUG&amp#27;[0;39m [&amp#27;[34mmain&amp#27;[0;39m] &amp#27;[36m[o.s.b.f.s.DefaultListableBeanFactory]&amp#27;[0;39m - Autowiring by type from bean name 'webAccessPropertiesOperationFilter' via factory method to bean named 'propertiesEndpointAccessResolver'
18:27:25.046 &amp#27;[39mDEBUG&amp#27;[0;39m [&amp#27;[34mmain&amp#27;[0;39m] &amp#27;[36m[o.s.b.f.s.DefaultListableBeanFactory]&amp#27;[0;39m - Autowiring by type from bean name 'healthEndpointWebMvcHandlerMapping' via factory method to bean named 'webEndpointDiscoverer'
18:27:25.047 &amp#27;[39mDEBUG&amp#27;[0;39m [&amp#27;[34mmain&amp#27;[0;39m] &amp#27;[36m[o.s.b.f.s.DefaultListableBeanFactory]&amp#27;[0;39m - Autowiring by type from bean name 'healthEndpointWebMvcHandlerMapping' via factory method to bean named 'healthEndpointGroups'
18:27:25.126 &amp#27;[39mDEBUG&amp#27;[0;39m [&amp#27;[34mmain&amp#27;[0;39m] &amp#27;[36m[o.s.b.f.s.DefaultListableBeanFactory]&amp#27;[0;39m - Creating shared instance of singleton bean 'healthEndpointWebExtension'
18:27:25.127 &amp#27;[39mDEBUG&amp#27;[0;39m [&amp#27;[34mmain&amp#27;[0;39m] &amp#27;[36m[o.s.b.f.s.DefaultListableBeanFactory]&amp#27;[0;39m - Creating shared instance of singleton bean 'org.springframework.boot.actuate.autoconfigure.health.HealthEndpointWebExtensionConfiguration'
18:27:25.135 &amp#27;[39mDEBUG&amp#27;[0;39m [&amp#27;[34mmain&amp#27;[0;39m] &amp#27;[36m[o.s.b.f.s.DefaultListableBeanFactory]&amp#27;[0;39m - Autowiring by type from bean name 'healthEndpointWebExtension' via factory method to bean named 'healthContributorRegistry'
18:27:25.136 &amp#27;[39mDEBUG&amp#27;[0;39m [&amp#27;[34mmain&amp#27;[0;39m] &amp#27;[36m[o.s.b.f.s.DefaultListableBeanFactory]&amp#27;[0;39m - Autowiring by type from bean name 'healthEndpointWebExtension' via factory method to bean named 'healthEndpointGroups'
18:27:25.136 &amp#27;[39mDEBUG&amp#27;[0;39m [&amp#27;[34mmain&amp#27;[0;39m] &amp#27;[36m[o.s.b.f.s.DefaultListableBeanFactory]&amp#27;[0;39m - Autowiring by type from bean name 'healthEndpointWebExtension' via factory method to bean named 'management.endpoint.health-org.springframework.boot.actuate.autoconfigure.health.HealthEndpointProperties'
18:27:25.158 &amp#27;[39mDEBUG&amp#27;[0;39m [&amp#27;[34mmain&amp#27;[0;39m] &amp#27;[36m[o.s.b.f.s.DefaultListableBeanFactory]&amp#27;[0;39m - Creating shared instance of singleton bean 'infoEndpoint'
18:27:25.159 &amp#27;[39mDEBUG&amp#27;[0;39m [&amp#27;[34mmain&amp#27;[0;39m] &amp#27;[36m[o.s.b.f.s.DefaultListableBeanFactory]&amp#27;[0;39m - Creating shared instance of singleton bean 'org.springframework.boot.actuate.autoconfigure.info.InfoEndpointAutoConfiguration'
18:27:25.184 &amp#27;[39mDEBUG&amp#27;[0;39m [&amp#27;[34mmain&amp#27;[0;39m] &amp#27;[36m[o.s.b.f.s.DefaultListableBeanFactory]&amp#27;[0;39m - Creating shared instance of singleton bean 'metricsEndpoint'
18:27:25.185 &amp#27;[39mDEBUG&amp#27;[0;39m [&amp#27;[34mmain&amp#27;[0;39m] &amp#27;[36m[o.s.b.f.s.DefaultListableBeanFactory]&amp#27;[0;39m - Creating shared instance of singleton bean 'org.springframework.boot.actuate.autoconfigure.metrics.MetricsEndpointAutoConfiguration'
18:27:25.190 &amp#27;[39mDEBUG&amp#27;[0;39m [&amp#27;[34mmain&amp#27;[0;39m] &amp#27;[36m[o.s.b.f.s.DefaultListableBeanFactory]&amp#27;[0;39m - Autowiring by type from bean name 'metricsEndpoint' via factory method to bean named 'simpleMeterRegistry'
18:27:25.282 &amp#27;[39mDEBUG&amp#27;[0;39m [&amp#27;[34mmain&amp#27;[0;39m] &amp#27;[36m[o.s.b.f.s.DefaultListableBeanFactory]&amp#27;[0;39m - Creating shared instance of singleton bean 'org.springframework.boot.actuate.autoconfigure.health.HealthEndpointAutoConfiguration'
18:27:25.288 &amp#27;[39mDEBUG&amp#27;[0;39m [&amp#27;[34mmain&amp#27;[0;39m] &amp#27;[36m[o.s.b.f.s.DefaultListableBeanFactory]&amp#27;[0;39m - Creating shared instance of singleton bean 'org.springframework.boot.autoconfigure.info.ProjectInfoAutoConfiguration'
18:27:25.295 &amp#27;[39mDEBUG&amp#27;[0;39m [&amp#27;[34mmain&amp#27;[0;39m] &amp#27;[36m[o.s.b.f.s.DefaultListableBeanFactory]&amp#27;[0;39m - Creating shared instance of singleton bean 'spring.info-org.springframework.boot.autoconfigure.info.ProjectInfoProperties'
18:27:25.305 &amp#27;[39mDEBUG&amp#27;[0;39m [&amp#27;[34mmain&amp#27;[0;39m] &amp#27;[36m[o.s.b.f.s.DefaultListableBeanFactory]&amp#27;[0;39m - Autowiring by type from bean name 'org.springframework.boot.autoconfigure.info.ProjectInfoAutoConfiguration' via constructor to bean named 'spring.info-org.springframework.boot.autoconfigure.info.ProjectInfoProperties'
18:27:25.315 &amp#27;[39mDEBUG&amp#27;[0;39m [&amp#27;[34mmain&amp#27;[0;39m] &amp#27;[36m[o.s.b.f.s.DefaultListableBeanFactory]&amp#27;[0;39m - Creating shared instance of singleton bean 'org.springframework.boot.actuate.autoconfigure.info.InfoContributorAutoConfiguration'
18:27:25.331 &amp#27;[39mDEBUG&amp#27;[0;39m [&amp#27;[34mmain&amp#27;[0;39m] &amp#27;[36m[o.s.b.f.s.DefaultListableBeanFactory]&amp#27;[0;39m - Creating shared instance of singleton bean 'management.info-org.springframework.boot.actuate.autoconfigure.info.InfoContributorProperties'
18:27:25.339 &amp#27;[39mDEBUG&amp#27;[0;39m [&amp#27;[34mmain&amp#27;[0;39m] &amp#27;[36m[o.s.b.f.s.DefaultListableBeanFactory]&amp#27;[0;39m - Creating shared instance of singleton bean 'org.springframework.boot.actuate.autoconfigure.web.servlet.ServletManagementContextAutoConfiguration'
18:27:25.346 &amp#27;[39mDEBUG&amp#27;[0;39m [&amp#27;[34mmain&amp#27;[0;39m] &amp#27;[36m[o.s.b.f.s.DefaultListableBeanFactory]&amp#27;[0;39m - Creating shared instance of singleton bean 'servletWebChildContextFactory'
18:27:25.355 &amp#27;[39mDEBUG&amp#27;[0;39m [&amp#27;[34mmain&amp#27;[0;39m] &amp#27;[36m[o.s.b.f.s.DefaultListableBeanFactory]&amp#27;[0;39m - Creating shared instance of singleton bean 'managementServletContext'
18:27:25.357 &amp#27;[39mDEBUG&amp#27;[0;39m [&amp#27;[34mmain&amp#27;[0;39m] &amp#27;[36m[o.s.b.f.s.DefaultListableBeanFactory]&amp#27;[0;39m - Autowiring by type from bean name 'managementServletContext' via factory method to bean named 'management.endpoints.web-org.springframework.boot.actuate.autoconfigure.endpoint.web.WebEndpointProperties'
18:27:25.368 &amp#27;[39mDEBUG&amp#27;[0;39m [&amp#27;[34mmain&amp#27;[0;39m] &amp#27;[36m[o.s.b.f.s.DefaultListableBeanFactory]&amp#27;[0;39m - Creating shared instance of singleton bean 'controllerEndpointDiscoverer'
18:27:25.372 &amp#27;[39mDEBUG&amp#27;[0;39m [&amp#27;[34mmain&amp#27;[0;39m] &amp#27;[36m[o.s.b.f.s.DefaultListableBeanFactory]&amp#27;[0;39m - Creating shared instance of singleton bean 'controllerExposeExcludePropertyEndpointFilter'
18:27:25.385 &amp#27;[39mDEBUG&amp#27;[0;39m [&amp#27;[34mmain&amp#27;[0;39m] &amp#27;[36m[o.s.b.f.s.DefaultListableBeanFactory]&amp#27;[0;39m - Creating shared instance of singleton bean 'pathMappedEndpoints'
18:27:25.389 &amp#27;[39mDEBUG&amp#27;[0;39m [&amp#27;[34mmain&amp#27;[0;39m] &amp#27;[36m[o.s.b.f.s.DefaultListableBeanFactory]&amp#27;[0;39m - Autowiring by type from bean name 'pathMappedEndpoints' via factory method to bean named 'servletEndpointDiscoverer'
18:27:25.389 &amp#27;[39mDEBUG&amp#27;[0;39m [&amp#27;[34mmain&amp#27;[0;39m] &amp#27;[36m[o.s.b.f.s.DefaultListableBeanFactory]&amp#27;[0;39m - Autowiring by type from bean name 'pathMappedEndpoints' via factory method to bean named 'webEndpointDiscoverer'
18:27:25.390 &amp#27;[39mDEBUG&amp#27;[0;39m [&amp#27;[34mmain&amp#27;[0;39m] &amp#27;[36m[o.s.b.f.s.DefaultListableBeanFactory]&amp#27;[0;39m - Autowiring by type from bean name 'pathMappedEndpoints' via factory method to bean named 'controllerEndpointDiscoverer'
18:27:25.433 &amp#27;[39mDEBUG&amp#27;[0;39m [&amp#27;[34mmain&amp#27;[0;39m] &amp#27;[36m[o.s.b.f.s.DefaultListableBeanFactory]&amp#27;[0;39m - Creating shared instance of singleton bean 'org.springframework.boot.actuate.autoconfigure.metrics.CompositeMeterRegistryAutoConfiguration'
18:27:25.438 &amp#27;[39mDEBUG&amp#27;[0;39m [&amp#27;[34mmain&amp#27;[0;39m] &amp#27;[36m[o.s.b.f.s.DefaultListableBeanFactory]&amp#27;[0;39m - Creating shared instance of singleton bean 'org.springframework.boot.actuate.autoconfigure.metrics.JvmMetricsAutoConfiguration'
18:27:25.450 &amp#27;[39mDEBUG&amp#27;[0;39m [&amp#27;[34mmain&amp#27;[0;39m] &amp#27;[36m[o.s.b.f.s.DefaultListableBeanFactory]&amp#27;[0;39m - Creating shared instance of singleton bean 'jvmGcMetrics'
18:27:25.485 &amp#27;[39mDEBUG&amp#27;[0;39m [&amp#27;[34mmain&amp#27;[0;39m] &amp#27;[36m[o.s.b.f.s.DefaultListableBeanFactory]&amp#27;[0;39m - Creating shared instance of singleton bean 'jvmHeapPressureMetrics'
18:27:25.510 &amp#27;[39mDEBUG&amp#27;[0;39m [&amp#27;[34mmain&amp#27;[0;39m] &amp#27;[36m[o.s.b.f.s.DefaultListableBeanFactory]&amp#27;[0;39m - Creating shared instance of singleton bean 'jvmMemoryMetrics'
18:27:25.517 &amp#27;[39mDEBUG&amp#27;[0;39m [&amp#27;[34mmain&amp#27;[0;39m] &amp#27;[36m[o.s.b.f.s.DefaultListableBeanFactory]&amp#27;[0;39m - Creating shared instance of singleton bean 'jvmThreadMetrics'
18:27:25.527 &amp#27;[39mDEBUG&amp#27;[0;39m [&amp#27;[34mmain&amp#27;[0;39m] &amp#27;[36m[o.s.b.f.s.DefaultListableBeanFactory]&amp#27;[0;39m - Creating shared instance of singleton bean 'classLoaderMetrics'
18:27:25.534 &amp#27;[39mDEBUG&amp#27;[0;39m [&amp#27;[34mmain&amp#27;[0;39m] &amp#27;[36m[o.s.b.f.s.DefaultListableBeanFactory]&amp#27;[0;39m - Creating shared instance of singleton bean 'jvmInfoMetrics'
18:27:25.540 &amp#27;[39mDEBUG&amp#27;[0;39m [&amp#27;[34mmain&amp#27;[0;39m] &amp#27;[36m[o.s.b.f.s.DefaultListableBeanFactory]&amp#27;[0;39m - Creating shared instance of singleton bean 'jvmCompilationMetrics'
18:27:25.545 &amp#27;[39mDEBUG&amp#27;[0;39m [&amp#27;[34mmain&amp#27;[0;39m] &amp#27;[36m[o.s.b.f.s.DefaultListableBeanFactory]&amp#27;[0;39m - Creating shared instance of singleton bean 'org.springframework.boot.actuate.autoconfigure.metrics.LogbackMetricsAutoConfiguration'
18:27:25.551 &amp#27;[39mDEBUG&amp#27;[0;39m [&amp#27;[34mmain&amp#27;[0;39m] &amp#27;[36m[o.s.b.f.s.DefaultListableBeanFactory]&amp#27;[0;39m - Creating shared instance of singleton bean 'logbackMetrics'
18:27:25.561 &amp#27;[39mDEBUG&amp#27;[0;39m [&amp#27;[34mmain&amp#27;[0;39m] &amp#27;[36m[o.s.b.f.s.DefaultListableBeanFactory]&amp#27;[0;39m - Creating shared instance of singleton bean 'org.springframework.boot.actuate.autoconfigure.metrics.SystemMetricsAutoConfiguration'
18:27:25.568 &amp#27;[39mDEBUG&amp#27;[0;39m [&amp#27;[34mmain&amp#27;[0;39m] &amp#27;[36m[o.s.b.f.s.DefaultListableBeanFactory]&amp#27;[0;39m - Creating shared instance of singleton bean 'uptimeMetrics'
18:27:25.575 &amp#27;[39mDEBUG&amp#27;[0;39m [&amp#27;[34mmain&amp#27;[0;39m] &amp#27;[36m[o.s.b.f.s.DefaultListableBeanFactory]&amp#27;[0;39m - Creating shared instance of singleton bean 'processorMetrics'
18:27:25.612 &amp#27;[39mDEBUG&amp#27;[0;39m [&amp#27;[34mmain&amp#27;[0;39m] &amp#27;[36m[o.s.b.f.s.DefaultListableBeanFactory]&amp#27;[0;39m - Creating shared instance of singleton bean 'fileDescriptorMetrics'
18:27:25.621 &amp#27;[39mDEBUG&amp#27;[0;39m [&amp#27;[34mmain&amp#27;[0;39m] &amp#27;[36m[o.s.b.f.s.DefaultListableBeanFactory]&amp#27;[0;39m - Creating shared instance of singleton bean 'diskSpaceMetrics'
18:27:25.623 &amp#27;[39mDEBUG&amp#27;[0;39m [&amp#27;[34mmain&amp#27;[0;39m] &amp#27;[36m[o.s.b.f.s.DefaultListableBeanFactory]&amp#27;[0;39m - Autowiring by type from bean name 'diskSpaceMetrics' via factory method to bean named 'management.metrics-org.springframework.boot.actuate.autoconfigure.metrics.MetricsProperties'
18:27:25.629 &amp#27;[39mDEBUG&amp#27;[0;39m [&amp#27;[34mmain&amp#27;[0;39m] &amp#27;[36m[o.s.b.f.s.DefaultListableBeanFactory]&amp#27;[0;39m - Creating shared instance of singleton bean 'org.springframework.boot.actuate.autoconfigure.metrics.integration.IntegrationMetricsAutoConfiguration'
18:27:25.633 &amp#27;[39mDEBUG&amp#27;[0;39m [&amp#27;[34mmain&amp#27;[0;39m] &amp#27;[36m[o.s.b.f.s.DefaultListableBeanFactory]&amp#27;[0;39m - Creating shared instance of singleton bean 'org.springframework.boot.actuate.autoconfigure.metrics.startup.StartupTimeMetricsListenerAutoConfiguration'
18:27:25.638 &amp#27;[39mDEBUG&amp#27;[0;39m [&amp#27;[34mmain&amp#27;[0;39m] &amp#27;[36m[o.s.b.f.s.DefaultListableBeanFactory]&amp#27;[0;39m - Creating shared instance of singleton bean 'startupTimeMetrics'
18:27:25.639 &amp#27;[39mDEBUG&amp#27;[0;39m [&amp#27;[34mmain&amp#27;[0;39m] &amp#27;[36m[o.s.b.f.s.DefaultListableBeanFactory]&amp#27;[0;39m - Autowiring by type from bean name 'startupTimeMetrics' via factory method to bean named 'simpleMeterRegistry'
18:27:25.651 &amp#27;[39mDEBUG&amp#27;[0;39m [&amp#27;[34mmain&amp#27;[0;39m] &amp#27;[36m[o.s.b.f.s.DefaultListableBeanFactory]&amp#27;[0;39m - Creating shared instance of singleton bean 'org.springframework.boot.autoconfigure.task.TaskSchedulingConfigurations$ThreadPoolTaskSchedulerBuilderConfiguration'
18:27:25.657 &amp#27;[39mDEBUG&amp#27;[0;39m [&amp#27;[34mmain&amp#27;[0;39m] &amp#27;[36m[o.s.b.f.s.DefaultListableBeanFactory]&amp#27;[0;39m - Creating shared instance of singleton bean 'threadPoolTaskSchedulerBuilder'
18:27:25.660 &amp#27;[39mDEBUG&amp#27;[0;39m [&amp#27;[34mmain&amp#27;[0;39m] &amp#27;[36m[o.s.b.f.s.DefaultListableBeanFactory]&amp#27;[0;39m - Creating shared instance of singleton bean 'spring.task.scheduling-org.springframework.boot.autoconfigure.task.TaskSchedulingProperties'
18:27:25.670 &amp#27;[39mDEBUG&amp#27;[0;39m [&amp#27;[34mmain&amp#27;[0;39m] &amp#27;[36m[o.s.b.f.s.DefaultListableBeanFactory]&amp#27;[0;39m - Autowiring by type from bean name 'threadPoolTaskSchedulerBuilder' via factory method to bean named 'spring.task.scheduling-org.springframework.boot.autoconfigure.task.TaskSchedulingProperties'
18:27:25.686 &amp#27;[39mDEBUG&amp#27;[0;39m [&amp#27;[34mmain&amp#27;[0;39m] &amp#27;[36m[o.s.b.f.s.DefaultListableBeanFactory]&amp#27;[0;39m - Creating shared instance of singleton bean 'org.springframework.boot.autoconfigure.task.TaskSchedulingConfigurations$SimpleAsyncTaskSchedulerBuilderConfiguration'
18:27:25.689 &amp#27;[39mDEBUG&amp#27;[0;39m [&amp#27;[34mmain&amp#27;[0;39m] &amp#27;[36m[o.s.b.f.s.DefaultListableBeanFactory]&amp#27;[0;39m - Autowiring by type from bean name 'org.springframework.boot.autoconfigure.task.TaskSchedulingConfigurations$SimpleAsyncTaskSchedulerBuilderConfiguration' via constructor to bean named 'spring.task.scheduling-org.springframework.boot.autoconfigure.task.TaskSchedulingProperties'
18:27:25.696 &amp#27;[39mDEBUG&amp#27;[0;39m [&amp#27;[34mmain&amp#27;[0;39m] &amp#27;[36m[o.s.b.f.s.DefaultListableBeanFactory]&amp#27;[0;39m - Creating shared instance of singleton bean 'simpleAsyncTaskSchedulerBuilder'
18:27:25.713 &amp#27;[39mDEBUG&amp#27;[0;39m [&amp#27;[34mmain&amp#27;[0;39m] &amp#27;[36m[o.s.b.f.s.DefaultListableBeanFactory]&amp#27;[0;39m - Creating shared instance of singleton bean 'org.springframework.boot.autoconfigure.task.TaskSchedulingAutoConfiguration'
18:27:25.719 &amp#27;[39mDEBUG&amp#27;[0;39m [&amp#27;[34mmain&amp#27;[0;39m] &amp#27;[36m[o.s.b.f.s.DefaultListableBeanFactory]&amp#27;[0;39m - Creating shared instance of singleton bean 'org.springframework.boot.actuate.autoconfigure.metrics.task.TaskExecutorMetricsAutoConfiguration'
18:27:25.742 &amp#27;[39mDEBUG&amp#27;[0;39m [&amp#27;[34mmain&amp#27;[0;39m] &amp#27;[36m[o.s.b.f.s.DefaultListableBeanFactory]&amp#27;[0;39m - Creating shared instance of singleton bean 'eagerTaskExecutorMetrics'
18:27:25.758 &amp#27;[39mDEBUG&amp#27;[0;39m [&amp#27;[34mmain&amp#27;[0;39m] &amp#27;[36m[o.s.b.f.s.DefaultListableBeanFactory]&amp#27;[0;39m - Creating shared instance of singleton bean 'org.springframework.boot.actuate.autoconfigure.metrics.web.tomcat.TomcatMetricsAutoConfiguration'
18:27:25.764 &amp#27;[39mDEBUG&amp#27;[0;39m [&amp#27;[34mmain&amp#27;[0;39m] &amp#27;[36m[o.s.b.f.s.DefaultListableBeanFactory]&amp#27;[0;39m - Creating shared instance of singleton bean 'tomcatMetricsBinder'
18:27:25.765 &amp#27;[39mDEBUG&amp#27;[0;39m [&amp#27;[34mmain&amp#27;[0;39m] &amp#27;[36m[o.s.b.f.s.DefaultListableBeanFactory]&amp#27;[0;39m - Autowiring by type from bean name 'tomcatMetricsBinder' via factory method to bean named 'simpleMeterRegistry'
18:27:25.772 &amp#27;[39mDEBUG&amp#27;[0;39m [&amp#27;[34mmain&amp#27;[0;39m] &amp#27;[36m[o.s.b.f.s.DefaultListableBeanFactory]&amp#27;[0;39m - Creating shared instance of singleton bean 'org.springframework.boot.actuate.autoconfigure.observation.ObservationAutoConfiguration$MeterObservationHandlerConfiguration'
18:27:25.776 &amp#27;[39mDEBUG&amp#27;[0;39m [&amp#27;[34mmain&amp#27;[0;39m] &amp#27;[36m[o.s.b.f.s.DefaultListableBeanFactory]&amp#27;[0;39m - Creating shared instance of singleton bean 'org.springframework.boot.autoconfigure.http.JacksonHttpMessageConvertersConfiguration'
18:27:25.782 &amp#27;[39mDEBUG&amp#27;[0;39m [&amp#27;[34mmain&amp#27;[0;39m] &amp#27;[36m[o.s.b.f.s.DefaultListableBeanFactory]&amp#27;[0;39m - Creating shared instance of singleton bean 'org.springframework.boot.autoconfigure.http.client.HttpClientAutoConfiguration'
18:27:25.785 &amp#27;[39mDEBUG&amp#27;[0;39m [&amp#27;[34mmain&amp#27;[0;39m] &amp#27;[36m[o.s.b.f.s.DefaultListableBeanFactory]&amp#27;[0;39m - Creating shared instance of singleton bean 'spring.http.client-org.springframework.boot.autoconfigure.http.client.HttpClientProperties'
18:27:25.805 &amp#27;[39mDEBUG&amp#27;[0;39m [&amp#27;[34mmain&amp#27;[0;39m] &amp#27;[36m[o.s.b.f.s.DefaultListableBeanFactory]&amp#27;[0;39m - Autowiring by type from bean name 'org.springframework.boot.autoconfigure.http.client.HttpClientAutoConfiguration' via constructor to bean named 'spring.http.client-org.springframework.boot.autoconfigure.http.client.HttpClientProperties'
18:27:25.814 &amp#27;[39mDEBUG&amp#27;[0;39m [&amp#27;[34mmain&amp#27;[0;39m] &amp#27;[36m[o.s.b.f.s.DefaultListableBeanFactory]&amp#27;[0;39m - Creating shared instance of singleton bean 'clientHttpRequestFactoryBuilder'
18:27:25.861 &amp#27;[39mDEBUG&amp#27;[0;39m [&amp#27;[34mmain&amp#27;[0;39m] &amp#27;[36m[o.s.b.f.s.DefaultListableBeanFactory]&amp#27;[0;39m - Creating shared instance of singleton bean 'clientHttpRequestFactorySettings'
18:27:25.877 &amp#27;[39mDEBUG&amp#27;[0;39m [&amp#27;[34mmain&amp#27;[0;39m] &amp#27;[36m[o.s.b.f.s.DefaultListableBeanFactory]&amp#27;[0;39m - Creating shared instance of singleton bean 'org.springframework.boot.autoconfigure.web.client.RestClientAutoConfiguration'
18:27:25.886 &amp#27;[39mDEBUG&amp#27;[0;39m [&amp#27;[34mmain&amp#27;[0;39m] &amp#27;[36m[o.s.b.f.s.DefaultListableBeanFactory]&amp#27;[0;39m - Creating shared instance of singleton bean 'httpMessageConvertersRestClientCustomizer'
18:27:25.893 &amp#27;[39mDEBUG&amp#27;[0;39m [&amp#27;[34mmain&amp#27;[0;39m] &amp#27;[36m[o.s.b.f.s.DefaultListableBeanFactory]&amp#27;[0;39m - Creating shared instance of singleton bean 'restClientSsl'
18:27:25.894 &amp#27;[39mDEBUG&amp#27;[0;39m [&amp#27;[34mmain&amp#27;[0;39m] &amp#27;[36m[o.s.b.f.s.DefaultListableBeanFactory]&amp#27;[0;39m - Autowiring by type from bean name 'restClientSsl' via factory method to bean named 'sslBundleRegistry'
18:27:25.904 &amp#27;[39mDEBUG&amp#27;[0;39m [&amp#27;[34mmain&amp#27;[0;39m] &amp#27;[36m[o.s.b.f.s.DefaultListableBeanFactory]&amp#27;[0;39m - Creating shared instance of singleton bean 'restClientBuilderConfigurer'
18:27:25.910 &amp#27;[39mDEBUG&amp#27;[0;39m [&amp#27;[34mmain&amp#27;[0;39m] &amp#27;[36m[o.s.b.f.s.DefaultListableBeanFactory]&amp#27;[0;39m - Creating shared instance of singleton bean 'observationRestClientCustomizer'
18:27:25.911 &amp#27;[39mDEBUG&amp#27;[0;39m [&amp#27;[34mmain&amp#27;[0;39m] &amp#27;[36m[o.s.b.f.s.DefaultListableBeanFactory]&amp#27;[0;39m - Creating shared instance of singleton bean 'org.springframework.boot.actuate.autoconfigure.observation.web.client.RestClientObservationConfiguration'
18:27:25.920 &amp#27;[39mDEBUG&amp#27;[0;39m [&amp#27;[34mmain&amp#27;[0;39m] &amp#27;[36m[o.s.b.f.s.DefaultListableBeanFactory]&amp#27;[0;39m - Autowiring by type from bean name 'observationRestClientCustomizer' via factory method to bean named 'observationRegistry'
18:27:25.921 &amp#27;[39mDEBUG&amp#27;[0;39m [&amp#27;[34mmain&amp#27;[0;39m] &amp#27;[36m[o.s.b.f.s.DefaultListableBeanFactory]&amp#27;[0;39m - Autowiring by type from bean name 'observationRestClientCustomizer' via factory method to bean named 'management.observations-org.springframework.boot.actuate.autoconfigure.observation.ObservationProperties'
18:27:25.945 &amp#27;[39mDEBUG&amp#27;[0;39m [&amp#27;[34mmain&amp#27;[0;39m] &amp#27;[36m[o.s.b.f.s.DefaultListableBeanFactory]&amp#27;[0;39m - Creating shared instance of singleton bean 'org.springframework.boot.autoconfigure.web.client.RestTemplateAutoConfiguration'
18:27:25.952 &amp#27;[39mDEBUG&amp#27;[0;39m [&amp#27;[34mmain&amp#27;[0;39m] &amp#27;[36m[o.s.b.f.s.DefaultListableBeanFactory]&amp#27;[0;39m - Creating shared instance of singleton bean 'org.springframework.boot.actuate.autoconfigure.observation.web.client.RestTemplateObservationConfiguration'
18:27:25.958 &amp#27;[39mDEBUG&amp#27;[0;39m [&amp#27;[34mmain&amp#27;[0;39m] &amp#27;[36m[o.s.b.f.s.DefaultListableBeanFactory]&amp#27;[0;39m - Creating shared instance of singleton bean 'observationRestTemplateCustomizer'
18:27:25.960 &amp#27;[39mDEBUG&amp#27;[0;39m [&amp#27;[34mmain&amp#27;[0;39m] &amp#27;[36m[o.s.b.f.s.DefaultListableBeanFactory]&amp#27;[0;39m - Autowiring by type from bean name 'observationRestTemplateCustomizer' via factory method to bean named 'observationRegistry'
18:27:25.961 &amp#27;[39mDEBUG&amp#27;[0;39m [&amp#27;[34mmain&amp#27;[0;39m] &amp#27;[36m[o.s.b.f.s.DefaultListableBeanFactory]&amp#27;[0;39m - Autowiring by type from bean name 'observationRestTemplateCustomizer' via factory method to bean named 'management.observations-org.springframework.boot.actuate.autoconfigure.observation.ObservationProperties'
18:27:25.968 &amp#27;[39mDEBUG&amp#27;[0;39m [&amp#27;[34mmain&amp#27;[0;39m] &amp#27;[36m[o.s.b.f.s.DefaultListableBeanFactory]&amp#27;[0;39m - Creating shared instance of singleton bean 'org.springframework.boot.actuate.autoconfigure.observation.web.client.HttpClientObservationsAutoConfiguration'
18:27:25.974 &amp#27;[39mDEBUG&amp#27;[0;39m [&amp#27;[34mmain&amp#27;[0;39m] &amp#27;[36m[o.s.b.f.s.DefaultListableBeanFactory]&amp#27;[0;39m - Creating shared instance of singleton bean 'org.springframework.boot.actuate.autoconfigure.scheduling.ScheduledTasksObservabilityAutoConfiguration'
18:27:25.979 &amp#27;[39mDEBUG&amp#27;[0;39m [&amp#27;[34mmain&amp#27;[0;39m] &amp#27;[36m[o.s.b.f.s.DefaultListableBeanFactory]&amp#27;[0;39m - Creating shared instance of singleton bean 'observabilitySchedulingConfigurer'
18:27:25.981 &amp#27;[39mDEBUG&amp#27;[0;39m [&amp#27;[34mmain&amp#27;[0;39m] &amp#27;[36m[o.s.b.f.s.DefaultListableBeanFactory]&amp#27;[0;39m - Autowiring by type from bean name 'observabilitySchedulingConfigurer' via factory method to bean named 'observationRegistry'
18:27:25.989 &amp#27;[39mDEBUG&amp#27;[0;39m [&amp#27;[34mmain&amp#27;[0;39m] &amp#27;[36m[o.s.b.f.s.DefaultListableBeanFactory]&amp#27;[0;39m - Creating shared instance of singleton bean 'org.springframework.boot.actuate.autoconfigure.ssl.SslObservabilityAutoConfiguration'
18:27:25.994 &amp#27;[39mDEBUG&amp#27;[0;39m [&amp#27;[34mmain&amp#27;[0;39m] &amp#27;[36m[o.s.b.f.s.DefaultListableBeanFactory]&amp#27;[0;39m - Creating shared instance of singleton bean 'sslMeterBinder'
18:27:25.996 &amp#27;[39mDEBUG&amp#27;[0;39m [&amp#27;[34mmain&amp#27;[0;39m] &amp#27;[36m[o.s.b.f.s.DefaultListableBeanFactory]&amp#27;[0;39m - Autowiring by type from bean name 'sslMeterBinder' via factory method to bean named 'sslInfo'
18:27:25.996 &amp#27;[39mDEBUG&amp#27;[0;39m [&amp#27;[34mmain&amp#27;[0;39m] &amp#27;[36m[o.s.b.f.s.DefaultListableBeanFactory]&amp#27;[0;39m - Autowiring by type from bean name 'sslMeterBinder' via factory method to bean named 'sslBundleRegistry'
18:27:26.009 &amp#27;[39mDEBUG&amp#27;[0;39m [&amp#27;[34mmain&amp#27;[0;39m] &amp#27;[36m[o.s.b.f.s.DefaultListableBeanFactory]&amp#27;[0;39m - Creating shared instance of singleton bean 'org.springframework.boot.autoconfigure.aop.AopAutoConfiguration$AspectJAutoProxyingConfiguration$CglibAutoProxyConfiguration'
18:27:26.014 &amp#27;[39mDEBUG&amp#27;[0;39m [&amp#27;[34mmain&amp#27;[0;39m] &amp#27;[36m[o.s.b.f.s.DefaultListableBeanFactory]&amp#27;[0;39m - Creating shared instance of singleton bean 'org.springframework.boot.autoconfigure.aop.AopAutoConfiguration$AspectJAutoProxyingConfiguration'
18:27:26.018 &amp#27;[39mDEBUG&amp#27;[0;39m [&amp#27;[34mmain&amp#27;[0;39m] &amp#27;[36m[o.s.b.f.s.DefaultListableBeanFactory]&amp#27;[0;39m - Creating shared instance of singleton bean 'org.springframework.boot.autoconfigure.aop.AopAutoConfiguration'
18:27:26.022 &amp#27;[39mDEBUG&amp#27;[0;39m [&amp#27;[34mmain&amp#27;[0;39m] &amp#27;[36m[o.s.b.f.s.DefaultListableBeanFactory]&amp#27;[0;39m - Creating shared instance of singleton bean 'org.springframework.boot.autoconfigure.context.ConfigurationPropertiesAutoConfiguration'
18:27:26.027 &amp#27;[39mDEBUG&amp#27;[0;39m [&amp#27;[34mmain&amp#27;[0;39m] &amp#27;[36m[o.s.b.f.s.DefaultListableBeanFactory]&amp#27;[0;39m - Creating shared instance of singleton bean 'org.springframework.boot.autoconfigure.context.LifecycleAutoConfiguration'
18:27:26.032 &amp#27;[39mDEBUG&amp#27;[0;39m [&amp#27;[34mmain&amp#27;[0;39m] &amp#27;[36m[o.s.b.f.s.DefaultListableBeanFactory]&amp#27;[0;39m - Creating shared instance of singleton bean 'lifecycleProcessor'
18:27:26.034 &amp#27;[39mDEBUG&amp#27;[0;39m [&amp#27;[34mmain&amp#27;[0;39m] &amp#27;[36m[o.s.b.f.s.DefaultListableBeanFactory]&amp#27;[0;39m - Creating shared instance of singleton bean 'spring.lifecycle-org.springframework.boot.autoconfigure.context.LifecycleProperties'
18:27:26.041 &amp#27;[39mDEBUG&amp#27;[0;39m [&amp#27;[34mmain&amp#27;[0;39m] &amp#27;[36m[o.s.b.f.s.DefaultListableBeanFactory]&amp#27;[0;39m - Autowiring by type from bean name 'lifecycleProcessor' via factory method to bean named 'spring.lifecycle-org.springframework.boot.autoconfigure.context.LifecycleProperties'
18:27:26.100 &amp#27;[39mDEBUG&amp#27;[0;39m [&amp#27;[34mmain&amp#27;[0;39m] &amp#27;[36m[o.s.b.f.s.DefaultListableBeanFactory]&amp#27;[0;39m - Creating shared instance of singleton bean 'org.springframework.boot.autoconfigure.sql.init.SqlInitializationAutoConfiguration'
18:27:26.107 &amp#27;[39mDEBUG&amp#27;[0;39m [&amp#27;[34mmain&amp#27;[0;39m] &amp#27;[36m[o.s.b.f.s.DefaultListableBeanFactory]&amp#27;[0;39m - Creating shared instance of singleton bean 'spring.sql.init-org.springframework.boot.autoconfigure.sql.init.SqlInitializationProperties'
18:27:26.121 &amp#27;[39mDEBUG&amp#27;[0;39m [&amp#27;[34mmain&amp#27;[0;39m] &amp#27;[36m[o.s.b.f.s.DefaultListableBeanFactory]&amp#27;[0;39m - Creating shared instance of singleton bean 'org.springframework.boot.autoconfigure.web.embedded.EmbeddedWebServerFactoryCustomizerAutoConfiguration'
18:27:26.127 &amp#27;[39mDEBUG&amp#27;[0;39m [&amp#27;[34mmain&amp#27;[0;39m] &amp#27;[36m[o.s.b.f.s.DefaultListableBeanFactory]&amp#27;[0;39m - Creating shared instance of singleton bean 'multipartResolver'
18:27:26.137 &amp#27;[39mDEBUG&amp#27;[0;39m [&amp#27;[34mmain&amp#27;[0;39m] &amp#27;[36m[o.s.b.f.s.DefaultListableBeanFactory]&amp#27;[0;39m - Creating shared instance of singleton bean 'org.springframework.boot.actuate.autoconfigure.endpoint.web.servlet.WebMvcEndpointManagementContextConfiguration'
18:27:26.150 &amp#27;[39mDEBUG&amp#27;[0;39m [&amp#27;[34mmain&amp#27;[0;39m] &amp#27;[36m[o.s.b.f.s.DefaultListableBeanFactory]&amp#27;[0;39m - Creating shared instance of singleton bean 'webEndpointServletHandlerMapping'
18:27:26.154 &amp#27;[39mDEBUG&amp#27;[0;39m [&amp#27;[34mmain&amp#27;[0;39m] &amp#27;[36m[o.s.b.f.s.DefaultListableBeanFactory]&amp#27;[0;39m - Creating shared instance of singleton bean 'management.endpoints.web.cors-org.springframework.boot.actuate.autoconfigure.endpoint.web.CorsEndpointProperties'
18:27:26.175 &amp#27;[39mDEBUG&amp#27;[0;39m [&amp#27;[34mmain&amp#27;[0;39m] &amp#27;[36m[o.s.b.f.s.DefaultListableBeanFactory]&amp#27;[0;39m - Autowiring by type from bean name 'webEndpointServletHandlerMapping' via factory method to bean named 'webEndpointDiscoverer'
18:27:26.175 &amp#27;[39mDEBUG&amp#27;[0;39m [&amp#27;[34mmain&amp#27;[0;39m] &amp#27;[36m[o.s.b.f.s.DefaultListableBeanFactory]&amp#27;[0;39m - Autowiring by type from bean name 'webEndpointServletHandlerMapping' via factory method to bean named 'servletEndpointDiscoverer'
18:27:26.176 &amp#27;[39mDEBUG&amp#27;[0;39m [&amp#27;[34mmain&amp#27;[0;39m] &amp#27;[36m[o.s.b.f.s.DefaultListableBeanFactory]&amp#27;[0;39m - Autowiring by type from bean name 'webEndpointServletHandlerMapping' via factory method to bean named 'controllerEndpointDiscoverer'
18:27:26.176 &amp#27;[39mDEBUG&amp#27;[0;39m [&amp#27;[34mmain&amp#27;[0;39m] &amp#27;[36m[o.s.b.f.s.DefaultListableBeanFactory]&amp#27;[0;39m - Autowiring by type from bean name 'webEndpointServletHandlerMapping' via factory method to bean named 'endpointMediaTypes'
18:27:26.177 &amp#27;[39mDEBUG&amp#27;[0;39m [&amp#27;[34mmain&amp#27;[0;39m] &amp#27;[36m[o.s.b.f.s.DefaultListableBeanFactory]&amp#27;[0;39m - Autowiring by type from bean name 'webEndpointServletHandlerMapping' via factory method to bean named 'management.endpoints.web.cors-org.springframework.boot.actuate.autoconfigure.endpoint.web.CorsEndpointProperties'
18:27:26.177 &amp#27;[39mDEBUG&amp#27;[0;39m [&amp#27;[34mmain&amp#27;[0;39m] &amp#27;[36m[o.s.b.f.s.DefaultListableBeanFactory]&amp#27;[0;39m - Autowiring by type from bean name 'webEndpointServletHandlerMapping' via factory method to bean named 'management.endpoints.web-org.springframework.boot.actuate.autoconfigure.endpoint.web.WebEndpointProperties'
18:27:26.178 &amp#27;[39mDEBUG&amp#27;[0;39m [&amp#27;[34mmain&amp#27;[0;39m] &amp#27;[36m[o.s.b.f.s.DefaultListableBeanFactory]&amp#27;[0;39m - Autowiring by type from bean name 'webEndpointServletHandlerMapping' via factory method to bean named 'environment'
18:27:26.191 &amp#27;[34mINFO &amp#27;[0;39m [&amp#27;[34mmain&amp#27;[0;39m] &amp#27;[36m[o.s.b.a.e.w.EndpointLinksResolver]&amp#27;[0;39m - Exposing 3 endpoints beneath base path '/actuator'
18:27:26.231 &amp#27;[39mDEBUG&amp#27;[0;39m [&amp#27;[34mmain&amp#27;[0;39m] &amp#27;[36m[o.s.b.f.s.DefaultListableBeanFactory]&amp#27;[0;39m - Creating shared instance of singleton bean 'controllerEndpointHandlerMapping'
18:27:26.232 &amp#27;[39mDEBUG&amp#27;[0;39m [&amp#27;[34mmain&amp#27;[0;39m] &amp#27;[36m[o.s.b.f.s.DefaultListableBeanFactory]&amp#27;[0;39m - Autowiring by type from bean name 'controllerEndpointHandlerMapping' via factory method to bean named 'controllerEndpointDiscoverer'
18:27:26.233 &amp#27;[39mDEBUG&amp#27;[0;39m [&amp#27;[34mmain&amp#27;[0;39m] &amp#27;[36m[o.s.b.f.s.DefaultListableBeanFactory]&amp#27;[0;39m - Autowiring by type from bean name 'controllerEndpointHandlerMapping' via factory method to bean named 'management.endpoints.web.cors-org.springframework.boot.actuate.autoconfigure.endpoint.web.CorsEndpointProperties'
18:27:26.233 &amp#27;[39mDEBUG&amp#27;[0;39m [&amp#27;[34mmain&amp#27;[0;39m] &amp#27;[36m[o.s.b.f.s.DefaultListableBeanFactory]&amp#27;[0;39m - Autowiring by type from bean name 'controllerEndpointHandlerMapping' via factory method to bean named 'management.endpoints.web-org.springframework.boot.actuate.autoconfigure.endpoint.web.WebEndpointProperties'
18:27:26.234 &amp#27;[39mDEBUG&amp#27;[0;39m [&amp#27;[34mmain&amp#27;[0;39m] &amp#27;[36m[o.s.b.f.s.DefaultListableBeanFactory]&amp#27;[0;39m - Autowiring by type from bean name 'controllerEndpointHandlerMapping' via factory method to bean named 'propertiesEndpointAccessResolver'
18:27:26.262 &amp#27;[39mDEBUG&amp#27;[0;39m [&amp#27;[34mmain&amp#27;[0;39m] &amp#27;[36m[o.s.b.f.s.DefaultListableBeanFactory]&amp#27;[0;39m - Creating shared instance of singleton bean 'org.springframework.boot.actuate.autoconfigure.web.server.ManagementContextAutoConfiguration$SameManagementContextConfiguration$EnableSameManagementContextConfiguration'
18:27:26.268 &amp#27;[39mDEBUG&amp#27;[0;39m [&amp#27;[34mmain&amp#27;[0;39m] &amp#27;[36m[o.s.b.f.s.DefaultListableBeanFactory]&amp#27;[0;39m - Creating shared instance of singleton bean 'org.springframework.boot.actuate.autoconfigure.web.server.ManagementContextAutoConfiguration$SameManagementContextConfiguration'
18:27:26.270 &amp#27;[39mDEBUG&amp#27;[0;39m [&amp#27;[34mmain&amp#27;[0;39m] &amp#27;[36m[o.s.b.f.s.DefaultListableBeanFactory]&amp#27;[0;39m - Autowiring by type from bean name 'org.springframework.boot.actuate.autoconfigure.web.server.ManagementContextAutoConfiguration$SameManagementContextConfiguration' via constructor to bean named 'environment'
18:27:26.276 &amp#27;[39mDEBUG&amp#27;[0;39m [&amp#27;[34mmain&amp#27;[0;39m] &amp#27;[36m[o.s.b.f.s.DefaultListableBeanFactory]&amp#27;[0;39m - Creating shared instance of singleton bean 'org.springframework.boot.actuate.autoconfigure.web.server.ManagementContextAutoConfiguration'
18:27:26.282 &amp#27;[39mDEBUG&amp#27;[0;39m [&amp#27;[34mmain&amp#27;[0;39m] &amp#27;[36m[o.s.b.f.s.DefaultListableBeanFactory]&amp#27;[0;39m - Creating shared instance of singleton bean 'management.server-org.springframework.boot.actuate.autoconfigure.web.server.ManagementServerProperties'
18:27:26.298 &amp#27;[39mDEBUG&amp#27;[0;39m [&amp#27;[34mmain&amp#27;[0;39m] &amp#27;[36m[o.s.b.f.s.DefaultListableBeanFactory]&amp#27;[0;39m - Creating shared instance of singleton bean 'org.springframework.boot.test.web.client.TestRestTemplate'
18:27:26.300 &amp#27;[39mDEBUG&amp#27;[0;39m [&amp#27;[34mmain&amp#27;[0;39m] &amp#27;[36m[o.s.b.f.s.DefaultListableBeanFactory]&amp#27;[0;39m - Creating shared instance of singleton bean 'restTemplateBuilder'
18:27:26.302 &amp#27;[39mDEBUG&amp#27;[0;39m [&amp#27;[34mmain&amp#27;[0;39m] &amp#27;[36m[o.s.b.f.s.DefaultListableBeanFactory]&amp#27;[0;39m - Creating shared instance of singleton bean 'restTemplateBuilderConfigurer'
18:27:26.320 &amp#27;[39mDEBUG&amp#27;[0;39m [&amp#27;[34mmain&amp#27;[0;39m] &amp#27;[36m[o.s.b.f.s.DefaultListableBeanFactory]&amp#27;[0;39m - Autowiring by type from bean name 'restTemplateBuilder' via factory method to bean named 'restTemplateBuilderConfigurer'
18:27:27.804 &amp#27;[39mDEBUG&amp#27;[0;39m [&amp#27;[34mmain&amp#27;[0;39m] &amp#27;[36m[o.s.c.s.DefaultLifecycleProcessor]&amp#27;[0;39m - Starting beans in phase -2147483647
18:27:27.805 &amp#27;[39mDEBUG&amp#27;[0;39m [&amp#27;[34mmain&amp#27;[0;39m] &amp#27;[36m[o.s.c.s.DefaultLifecycleProcessor]&amp#27;[0;39m - Successfully started bean 'springBootLoggingLifecycle'
18:27:27.811 &amp#27;[39mDEBUG&amp#27;[0;39m [&amp#27;[34mmain&amp#27;[0;39m] &amp#27;[36m[o.s.c.s.DefaultLifecycleProcessor]&amp#27;[0;39m - Starting beans in phase 1073741823
18:27:27.812 &amp#27;[39mDEBUG&amp#27;[0;39m [&amp#27;[34mmain&amp#27;[0;39m] &amp#27;[36m[o.s.c.s.DefaultLifecycleProcessor]&amp#27;[0;39m - Starting beans in phase 2147481599
18:27:27.813 &amp#27;[34mINFO &amp#27;[0;39m [&amp#27;[34mmain&amp#27;[0;39m] &amp#27;[36m[o.a.c.h.Http11NioProtocol]&amp#27;[0;39m - Starting ProtocolHandler ["http-nio-auto-1"]
18:27:27.973 &amp#27;[34mINFO &amp#27;[0;39m [&amp#27;[34mmain&amp#27;[0;39m] &amp#27;[36m[o.s.b.w.e.t.TomcatWebServer]&amp#27;[0;39m - Tomcat started on port 34533 (http) with context path '/'
18:27:27.983 &amp#27;[39mDEBUG&amp#27;[0;39m [&amp#27;[34mmain&amp#27;[0;39m] &amp#27;[36m[o.s.c.s.DefaultLifecycleProcessor]&amp#27;[0;39m - Successfully started bean 'webServerStartStop'
18:27:27.984 &amp#27;[39mDEBUG&amp#27;[0;39m [&amp#27;[34mmain&amp#27;[0;39m] &amp#27;[36m[o.s.c.s.DefaultLifecycleProcessor]&amp#27;[0;39m - Starting beans in phase 2147482623
18:27:27.989 &amp#27;[39mDEBUG&amp#27;[0;39m [&amp#27;[34mmain&amp#27;[0;39m] &amp#27;[36m[o.s.c.s.DefaultLifecycleProcessor]&amp#27;[0;39m - Successfully started bean 'webServerGracefulShutdown'
18:27:28.250 &amp#27;[39mDEBUG&amp#27;[0;39m [&amp#27;[34mmain&amp#27;[0;39m] &amp#27;[36m[o.s.b.a.l.ConditionEvaluationReportLogger]&amp#27;[0;39m - 


============================
CONDITIONS EVALUATION REPORT
============================


Positive matches:
-----------------

   AbstractBulkheadConfigurationOnMissingBean#bulkheadAspect matched:
      - @ConditionalOnMissingBean (types: io.github.resilience4j.spring6.bulkhead.configure.BulkheadAspect; SearchStrategy: all) did not find any beans (OnBeanCondition)

   AbstractBulkheadConfigurationOnMissingBean#bulkheadRegistry matched:
      - @ConditionalOnMissingBean (types: io.github.resilience4j.bulkhead.BulkheadRegistry; SearchStrategy: all) did not find any beans (OnBeanCondition)

   AbstractBulkheadConfigurationOnMissingBean#compositeBulkheadCustomizer matched:
      - @ConditionalOnMissingBean (names: compositeBulkheadCustomizer; SearchStrategy: all) did not find any beans (OnBeanCondition)

   AbstractBulkheadConfigurationOnMissingBean#compositeThreadPoolBulkheadCustomizer matched:
      - @ConditionalOnMissingBean (names: compositeThreadPoolBulkheadCustomizer; SearchStrategy: all) did not find any beans (OnBeanCondition)

   AbstractBulkheadConfigurationOnMissingBean#threadPoolBulkheadRegistry matched:
      - @ConditionalOnMissingBean (types: io.github.resilience4j.bulkhead.ThreadPoolBulkheadRegistry; SearchStrategy: all) did not find any beans (OnBeanCondition)

   AbstractCircuitBreakerConfigurationOnMissingBean#circuitBreakerAspect matched:
      - @ConditionalOnMissingBean (types: io.github.resilience4j.spring6.circuitbreaker.configure.CircuitBreakerAspect; SearchStrategy: all) did not find any beans (OnBeanCondition)

   AbstractCircuitBreakerConfigurationOnMissingBean#circuitBreakerRegistry matched:
      - @ConditionalOnMissingBean (types: io.github.resilience4j.circuitbreaker.CircuitBreakerRegistry; SearchStrategy: all) did not find any beans (OnBeanCondition)

   AbstractCircuitBreakerConfigurationOnMissingBean#compositeCircuitBreakerCustomizer matched:
      - @ConditionalOnMissingBean (names: compositeCircuitBreakerCustomizer; SearchStrategy: all) did not find any beans (OnBeanCondition)

   AbstractRateLimiterConfigurationOnMissingBean#compositeRateLimiterCustomizer matched:
      - @ConditionalOnMissingBean (names: compositeRateLimiterCustomizer; SearchStrategy: all) did not find any beans (OnBeanCondition)

   AbstractRateLimiterConfigurationOnMissingBean#rateLimiterAspect matched:
      - @ConditionalOnMissingBean (types: io.github.resilience4j.spring6.ratelimiter.configure.RateLimiterAspect; SearchStrategy: all) did not find any beans (OnBeanCondition)

   AbstractRateLimiterConfigurationOnMissingBean#rateLimiterRegistry matched:
      - @ConditionalOnMissingBean (types: io.github.resilience4j.ratelimiter.RateLimiterRegistry; SearchStrategy: all) did not find any beans (OnBeanCondition)

   AbstractRetryConfigurationOnMissingBean#compositeRetryCustomizer matched:
      - @ConditionalOnMissingBean (names: compositeRetryCustomizer; SearchStrategy: all) did not find any beans (OnBeanCondition)

   AbstractRetryConfigurationOnMissingBean#retryAspect matched:
      - @ConditionalOnMissingBean (types: io.github.resilience4j.spring6.retry.configure.RetryAspect; SearchStrategy: all) did not find any beans (OnBeanCondition)

   AbstractRetryConfigurationOnMissingBean#retryRegistry matched:
      - @ConditionalOnMissingBean (types: io.github.resilience4j.retry.RetryRegistry; SearchStrategy: all) did not find any beans (OnBeanCondition)

   AbstractTimeLimiterConfigurationOnMissingBean#compositeTimeLimiterCustomizer matched:
      - @ConditionalOnMissingBean (names: compositeTimeLimiterCustomizer; SearchStrategy: all) did not find any beans (OnBeanCondition)

   AbstractTimeLimiterConfigurationOnMissingBean#timeLimiterAspect matched:
      - @ConditionalOnMissingBean (types: io.github.resilience4j.spring6.timelimiter.configure.TimeLimiterAspect; SearchStrategy: all) did not find any beans (OnBeanCondition)

   AbstractTimeLimiterConfigurationOnMissingBean#timeLimiterRegistry matched:
      - @ConditionalOnMissingBean (types: io.github.resilience4j.timelimiter.TimeLimiterRegistry; SearchStrategy: all) did not find any beans (OnBeanCondition)

   AopAutoConfiguration matched:
      - @ConditionalOnBooleanProperty (spring.aop.auto=true) matched (OnPropertyCondition)

   AopAutoConfiguration.AspectJAutoProxyingConfiguration matched:
      - @ConditionalOnClass found required class 'org.aspectj.weaver.Advice' (OnClassCondition)

   AopAutoConfiguration.AspectJAutoProxyingConfiguration.CglibAutoProxyConfiguration matched:
      - @ConditionalOnBooleanProperty (spring.aop.proxy-target-class=true) matched (OnPropertyCondition)

   ApplicationAvailabilityAutoConfiguration#applicationAvailability matched:
      - @ConditionalOnMissingBean (types: org.springframework.boot.availability.ApplicationAvailability; SearchStrategy: all) did not find any beans (OnBeanCondition)

   BulkheadAutoConfiguration matched:
      - @ConditionalOnClass found required class 'io.github.resilience4j.bulkhead.Bulkhead' (OnClassCondition)

   BulkheadAutoConfiguration.BulkheadEndpointAutoConfiguration matched:
      - @ConditionalOnClass found required class 'org.springframework.boot.actuate.endpoint.annotation.Endpoint' (OnClassCondition)

   BulkheadConfigurationOnMissingBean#bulkheadEventConsumerRegistry matched:
      - @ConditionalOnMissingBean (types: io.github.resilience4j.bulkhead.event.BulkheadEvent; SearchStrategy: all) did not find any beans (OnBeanCondition)

   BulkheadMetricsAutoConfiguration matched:
      - @ConditionalOnClass found required classes 'io.micrometer.core.instrument.MeterRegistry', 'io.github.resilience4j.bulkhead.Bulkhead', 'io.github.resilience4j.micrometer.tagged.TaggedBulkheadMetricsPublisher' (OnClassCondition)
      - @ConditionalOnProperty (resilience4j.bulkhead.metrics.enabled) matched (OnPropertyCondition)

   BulkheadMetricsAutoConfiguration#taggedBulkheadMetricsPublisher matched:
      - @ConditionalOnProperty (resilience4j.bulkhead.metrics.legacy.enabled=false) matched (OnPropertyCondition)
      - @ConditionalOnBean (types: io.micrometer.core.instrument.MeterRegistry; SearchStrategy: all) found bean 'simpleMeterRegistry'; @ConditionalOnMissingBean (types: io.github.resilience4j.micrometer.tagged.TaggedBulkheadMetricsPublisher; SearchStrategy: all) did not find any beans (OnBeanCondition)

   CacheMeterBinderProvidersConfiguration matched:
      - @ConditionalOnClass found required class 'io.micrometer.core.instrument.binder.MeterBinder' (OnClassCondition)

   CircuitBreakerAutoConfiguration matched:
      - @ConditionalOnClass found required class 'io.github.resilience4j.circuitbreaker.CircuitBreaker' (OnClassCondition)

   CircuitBreakerAutoConfiguration.CircuitBreakerEndpointAutoConfiguration matched:
      - @ConditionalOnClass found required class 'org.springframework.boot.actuate.endpoint.annotation.Endpoint' (OnClassCondition)

   CircuitBreakerConfigurationOnMissingBean#eventConsumerRegistry matched:
      - @ConditionalOnMissingBean (types: io.github.resilience4j.circuitbreaker.event.CircuitBreakerEvent; SearchStrategy: all) did not find any beans (OnBeanCondition)

   CircuitBreakerMetricsAutoConfiguration matched:
      - @ConditionalOnClass found required classes 'io.micrometer.core.instrument.MeterRegistry', 'io.github.resilience4j.circuitbreaker.CircuitBreaker', 'io.github.resilience4j.micrometer.tagged.TaggedCircuitBreakerMetricsPublisher' (OnClassCondition)
      - @ConditionalOnProperty (resilience4j.circuitbreaker.metrics.enabled) matched (OnPropertyCondition)

   CircuitBreakerMetricsAutoConfiguration#taggedCircuitBreakerMetricsPublisher matched:
      - @ConditionalOnProperty (resilience4j.circuitbreaker.metrics.legacy.enabled=false) matched (OnPropertyCondition)
      - @ConditionalOnBean (types: io.micrometer.core.instrument.MeterRegistry; SearchStrategy: all) found bean 'simpleMeterRegistry'; @ConditionalOnMissingBean (types: io.github.resilience4j.micrometer.tagged.TaggedCircuitBreakerMetricsPublisher; SearchStrategy: all) did not find any beans (OnBeanCondition)

   CircuitBreakersHealthIndicatorAutoConfiguration matched:
      - @ConditionalOnClass found required classes 'io.github.resilience4j.circuitbreaker.CircuitBreaker', 'org.springframework.boot.actuate.health.HealthIndicator', 'org.springframework.boot.actuate.health.StatusAggregator' (OnClassCondition)

   CompositeMeterRegistryAutoConfiguration matched:
      - @ConditionalOnClass found required class 'io.micrometer.core.instrument.composite.CompositeMeterRegistry' (OnClassCondition)

   DiskSpaceHealthContributorAutoConfiguration matched:
      - @ConditionalOnEnabledHealthIndicator management.health.defaults.enabled is considered true (OnEnabledHealthIndicatorCondition)

   DiskSpaceHealthContributorAutoConfiguration#diskSpaceHealthIndicator matched:
      - @ConditionalOnMissingBean (names: diskSpaceHealthIndicator; SearchStrategy: all) did not find any beans (OnBeanCondition)

   DispatcherServletAutoConfiguration matched:
      - @ConditionalOnClass found required class 'org.springframework.web.servlet.DispatcherServlet' (OnClassCondition)
      - found 'session' scope (OnWebApplicationCondition)

   DispatcherServletAutoConfiguration.DispatcherServletConfiguration matched:
      - @ConditionalOnClass found required class 'jakarta.servlet.ServletRegistration' (OnClassCondition)
      - Default DispatcherServlet did not find dispatcher servlet beans (DispatcherServletAutoConfiguration.DefaultDispatcherServletCondition)

   DispatcherServletAutoConfiguration.DispatcherServletRegistrationConfiguration matched:
      - @ConditionalOnClass found required class 'jakarta.servlet.ServletRegistration' (OnClassCondition)
      - DispatcherServlet Registration did not find servlet registration bean (DispatcherServletAutoConfiguration.DispatcherServletRegistrationCondition)

   DispatcherServletAutoConfiguration.DispatcherServletRegistrationConfiguration#dispatcherServletRegistration matched:
      - @ConditionalOnBean (names: dispatcherServlet types: org.springframework.web.servlet.DispatcherServlet; SearchStrategy: all) found bean 'dispatcherServlet' (OnBeanCondition)

   EmbeddedWebServerFactoryCustomizerAutoConfiguration matched:
      - @ConditionalOnWebApplication (required) found 'session' scope (OnWebApplicationCondition)
      - @ConditionalOnWarDeployment the application is not deployed as a WAR file. (OnWarDeploymentCondition)

   EmbeddedWebServerFactoryCustomizerAutoConfiguration.TomcatWebServerFactoryCustomizerConfiguration matched:
      - @ConditionalOnClass found required classes 'org.apache.catalina.startup.Tomcat', 'org.apache.coyote.UpgradeProtocol' (OnClassCondition)

   EndpointAutoConfiguration#endpointCachingOperationInvokerAdvisor matched:
      - @ConditionalOnMissingBean (types: org.springframework.boot.actuate.endpoint.invoker.cache.CachingOperationInvokerAdvisor; SearchStrategy: all) did not find any beans (OnBeanCondition)

   EndpointAutoConfiguration#endpointOperationParameterMapper matched:
      - @ConditionalOnMissingBean (types: org.springframework.boot.actuate.endpoint.invoke.ParameterValueMapper; SearchStrategy: all) did not find any beans (OnBeanCondition)

   EndpointAutoConfiguration#propertiesEndpointAccessResolver matched:
      - @ConditionalOnMissingBean (types: org.springframework.boot.actuate.endpoint.EndpointAccessResolver; SearchStrategy: all) did not find any beans (OnBeanCondition)

   ErrorMvcAutoConfiguration matched:
      - @ConditionalOnClass found required classes 'jakarta.servlet.Servlet', 'org.springframework.web.servlet.DispatcherServlet' (OnClassCondition)
      - found 'session' scope (OnWebApplicationCondition)

   ErrorMvcAutoConfiguration#basicErrorController matched:
      - @ConditionalOnMissingBean (types: org.springframework.boot.web.servlet.error.ErrorController; SearchStrategy: current) did not find any beans (OnBeanCondition)

   ErrorMvcAutoConfiguration#errorAttributes matched:
      - @ConditionalOnMissingBean (types: org.springframework.boot.web.servlet.error.ErrorAttributes; SearchStrategy: current) did not find any beans (OnBeanCondition)

   ErrorMvcAutoConfiguration.DefaultErrorViewResolverConfiguration#conventionErrorViewResolver matched:
      - @ConditionalOnBean (types: org.springframework.web.servlet.DispatcherServlet; SearchStrategy: all) found bean 'dispatcherServlet'; @ConditionalOnMissingBean (types: org.springframework.boot.autoconfigure.web.servlet.error.ErrorViewResolver; SearchStrategy: all) did not find any beans (OnBeanCondition)

   ErrorMvcAutoConfiguration.WhitelabelErrorViewConfiguration matched:
      - @ConditionalOnBooleanProperty (server.error.whitelabel.enabled=true) matched (OnPropertyCondition)
      - ErrorTemplate Missing did not find error template view (ErrorMvcAutoConfiguration.ErrorTemplateMissingCondition)

   ErrorMvcAutoConfiguration.WhitelabelErrorViewConfiguration#beanNameViewResolver matched:
      - @ConditionalOnMissingBean (types: org.springframework.web.servlet.view.BeanNameViewResolver; SearchStrategy: all) did not find any beans (OnBeanCondition)

   ErrorMvcAutoConfiguration.WhitelabelErrorViewConfiguration#defaultErrorView matched:
      - @ConditionalOnMissingBean (names: error; SearchStrategy: all) did not find any beans (OnBeanCondition)

   FallbackConfigurationOnMissingBean#completionStageFallbackDecorator matched:
      - @ConditionalOnMissingBean (types: io.github.resilience4j.spring6.fallback.CompletionStageFallbackDecorator; SearchStrategy: all) did not find any beans (OnBeanCondition)

   FallbackConfigurationOnMissingBean#fallbackDecorators matched:
      - @ConditionalOnMissingBean (types: io.github.resilience4j.spring6.fallback.FallbackDecorators; SearchStrategy: all) did not find any beans (OnBeanCondition)

   FallbackConfigurationOnMissingBean#fallbackExecutor matched:
      - @ConditionalOnMissingBean (types: io.github.resilience4j.spring6.fallback.FallbackExecutor; SearchStrategy: all) did not find any beans (OnBeanCondition)

   GenericCacheConfiguration matched:
      - Cache org.springframework.boot.autoconfigure.cache.GenericCacheConfiguration automatic cache type (CacheCondition)

   HealthContributorAutoConfiguration#pingHealthContributor matched:
      - @ConditionalOnEnabledHealthIndicator management.health.defaults.enabled is considered true (OnEnabledHealthIndicatorCondition)

   HealthEndpointAutoConfiguration matched:
      - @ConditionalOnAvailableEndpoint marked as exposed by a 'management.endpoints.web.exposure' property (OnAvailableEndpointCondition)

   HealthEndpointConfiguration#healthContributorRegistry matched:
      - @ConditionalOnMissingBean (types: org.springframework.boot.actuate.health.HealthContributorRegistry; SearchStrategy: all) did not find any beans (OnBeanCondition)

   HealthEndpointConfiguration#healthEndpoint matched:
      - @ConditionalOnMissingBean (types: org.springframework.boot.actuate.health.HealthEndpoint; SearchStrategy: all) did not find any beans (OnBeanCondition)

   HealthEndpointConfiguration#healthEndpointGroupMembershipValidator matched:
      - @ConditionalOnBooleanProperty (management.endpoint.health.validate-group-membership=true) matched (OnPropertyCondition)

   HealthEndpointConfiguration#healthEndpointGroups matched:
      - @ConditionalOnMissingBean (types: org.springframework.boot.actuate.health.HealthEndpointGroups; SearchStrategy: all) did not find any beans (OnBeanCondition)

   HealthEndpointConfiguration#healthHttpCodeStatusMapper matched:
      - @ConditionalOnMissingBean (types: org.springframework.boot.actuate.health.HttpCodeStatusMapper; SearchStrategy: all) did not find any beans (OnBeanCondition)

   HealthEndpointConfiguration#healthStatusAggregator matched:
      - @ConditionalOnMissingBean (types: org.springframework.boot.actuate.health.StatusAggregator; SearchStrategy: all) did not find any beans (OnBeanCondition)

   HealthEndpointWebExtensionConfiguration matched:
      - found 'session' scope (OnWebApplicationCondition)
      - @ConditionalOnAvailableEndpoint marked as exposed by a 'management.endpoints.web.exposure' property (OnAvailableEndpointCondition)
      - @ConditionalOnBean (types: org.springframework.boot.actuate.health.HealthEndpoint; SearchStrategy: all) found bean 'healthEndpoint' (OnBeanCondition)

   HealthEndpointWebExtensionConfiguration#healthEndpointWebExtension matched:
      - @ConditionalOnMissingBean (types: org.springframework.boot.actuate.health.HealthEndpointWebExtension; SearchStrategy: all) did not find any beans (OnBeanCondition)

   HealthEndpointWebExtensionConfiguration.MvcAdditionalHealthEndpointPathsConfiguration matched:
      - @ConditionalOnBean (types: org.springframework.web.servlet.DispatcherServlet; SearchStrategy: all) found bean 'dispatcherServlet' (OnBeanCondition)

   HttpClientAutoConfiguration matched:
      - @ConditionalOnClass found required class 'org.springframework.http.client.ClientHttpRequestFactory' (OnClassCondition)
      - NoneNestedConditions 0 matched 1 did not; NestedCondition on NotReactiveWebApplicationCondition.ReactiveWebApplication did not find reactive web application classes (NotReactiveWebApplicationCondition)

   HttpClientAutoConfiguration#clientHttpRequestFactoryBuilder matched:
      - @ConditionalOnMissingBean (types: org.springframework.boot.http.client.ClientHttpRequestFactoryBuilder<?>; SearchStrategy: all) did not find any beans (OnBeanCondition)

   HttpClientAutoConfiguration#clientHttpRequestFactorySettings matched:
      - @ConditionalOnMissingBean (types: org.springframework.boot.http.client.ClientHttpRequestFactorySettings; SearchStrategy: all) did not find any beans (OnBeanCondition)

   HttpClientObservationsAutoConfiguration matched:
      - @ConditionalOnClass found required class 'io.micrometer.observation.Observation' (OnClassCondition)
      - @ConditionalOnBean (types: io.micrometer.observation.ObservationRegistry; SearchStrategy: all) found bean 'observationRegistry' (OnBeanCondition)

   HttpClientObservationsAutoConfiguration.MeterFilterConfiguration matched:
      - @ConditionalOnClass found required class 'io.micrometer.core.instrument.MeterRegistry' (OnClassCondition)
      - @ConditionalOnBean (types: io.micrometer.core.instrument.MeterRegistry; SearchStrategy: all) found bean 'simpleMeterRegistry' (OnBeanCondition)

   HttpEncodingAutoConfiguration matched:
      - @ConditionalOnClass found required class 'org.springframework.web.filter.CharacterEncodingFilter' (OnClassCondition)
      - found 'session' scope (OnWebApplicationCondition)
      - @ConditionalOnBooleanProperty (server.servlet.encoding.enabled=true) matched (OnPropertyCondition)

   HttpEncodingAutoConfiguration#characterEncodingFilter matched:
      - @ConditionalOnMissingBean (types: org.springframework.web.filter.CharacterEncodingFilter; SearchStrategy: all) did not find any beans (OnBeanCondition)

   HttpMessageConvertersAutoConfiguration matched:
      - @ConditionalOnClass found required class 'org.springframework.http.converter.HttpMessageConverter' (OnClassCondition)
      - NoneNestedConditions 0 matched 1 did not; NestedCondition on HttpMessageConvertersAutoConfiguration.NotReactiveWebApplicationCondition.ReactiveWebApplication did not find reactive web application classes (HttpMessageConvertersAutoConfiguration.NotReactiveWebApplicationCondition)

   HttpMessageConvertersAutoConfiguration#messageConverters matched:
      - @ConditionalOnMissingBean (types: org.springframework.boot.autoconfigure.http.HttpMessageConverters; SearchStrategy: all) did not find any beans (OnBeanCondition)

   HttpMessageConvertersAutoConfiguration.StringHttpMessageConverterConfiguration matched:
      - @ConditionalOnClass found required class 'org.springframework.http.converter.StringHttpMessageConverter' (OnClassCondition)

   HttpMessageConvertersAutoConfiguration.StringHttpMessageConverterConfiguration#stringHttpMessageConverter matched:
      - @ConditionalOnMissingBean (types: org.springframework.http.converter.StringHttpMessageConverter; SearchStrategy: all) did not find any beans (OnBeanCondition)

   InfoEndpointAutoConfiguration matched:
      - @ConditionalOnAvailableEndpoint marked as exposed by a 'management.endpoints.web.exposure' property (OnAvailableEndpointCondition)

   InfoEndpointAutoConfiguration#infoEndpoint matched:
      - @ConditionalOnMissingBean (types: org.springframework.boot.actuate.info.InfoEndpoint; SearchStrategy: all) did not find any beans (OnBeanCondition)

   JacksonAutoConfiguration matched:
      - @ConditionalOnClass found required class 'com.fasterxml.jackson.databind.ObjectMapper' (OnClassCondition)

   JacksonAutoConfiguration.Jackson2ObjectMapperBuilderCustomizerConfiguration matched:
      - @ConditionalOnClass found required class 'org.springframework.http.converter.json.Jackson2ObjectMapperBuilder' (OnClassCondition)

   JacksonAutoConfiguration.JacksonObjectMapperBuilderConfiguration matched:
      - @ConditionalOnClass found required class 'org.springframework.http.converter.json.Jackson2ObjectMapperBuilder' (OnClassCondition)

   JacksonAutoConfiguration.JacksonObjectMapperBuilderConfiguration#jacksonObjectMapperBuilder matched:
      - @ConditionalOnMissingBean (types: org.springframework.http.converter.json.Jackson2ObjectMapperBuilder; SearchStrategy: all) did not find any beans (OnBeanCondition)

   JacksonAutoConfiguration.JacksonObjectMapperConfiguration matched:
      - @ConditionalOnClass found required class 'org.springframework.http.converter.json.Jackson2ObjectMapperBuilder' (OnClassCondition)

   JacksonAutoConfiguration.JacksonObjectMapperConfiguration#jacksonObjectMapper matched:
      - @ConditionalOnMissingBean (types: com.fasterxml.jackson.databind.ObjectMapper; SearchStrategy: all) did not find any beans (OnBeanCondition)

   JacksonAutoConfiguration.ParameterNamesModuleConfiguration matched:
      - @ConditionalOnClass found required class 'com.fasterxml.jackson.module.paramnames.ParameterNamesModule' (OnClassCondition)

   JacksonAutoConfiguration.ParameterNamesModuleConfiguration#parameterNamesModule matched:
      - @ConditionalOnMissingBean (types: com.fasterxml.jackson.module.paramnames.ParameterNamesModule; SearchStrategy: all) did not find any beans (OnBeanCondition)

   JacksonEndpointAutoConfiguration#endpointObjectMapper matched:
      - @ConditionalOnClass found required classes 'com.fasterxml.jackson.databind.ObjectMapper', 'org.springframework.http.converter.json.Jackson2ObjectMapperBuilder' (OnClassCondition)
      - @ConditionalOnBooleanProperty (management.endpoints.jackson.isolated-object-mapper=true) matched (OnPropertyCondition)

   JacksonHttpMessageConvertersConfiguration.MappingJackson2HttpMessageConverterConfiguration matched:
      - @ConditionalOnClass found required class 'com.fasterxml.jackson.databind.ObjectMapper' (OnClassCondition)
      - @ConditionalOnPreferredJsonMapper JACKSON no property was configured and Jackson is the default (OnPreferredJsonMapperCondition)
      - @ConditionalOnBean (types: com.fasterxml.jackson.databind.ObjectMapper; SearchStrategy: all) found bean 'jacksonObjectMapper' (OnBeanCondition)

   JacksonHttpMessageConvertersConfiguration.MappingJackson2HttpMessageConverterConfiguration#mappingJackson2HttpMessageConverter matched:
      - @ConditionalOnMissingBean (types: org.springframework.http.converter.json.MappingJackson2HttpMessageConverter ignored: ?; SearchStrategy: all) did not find any beans (OnBeanCondition)

   JvmMetricsAutoConfiguration matched:
      - @ConditionalOnClass found required class 'io.micrometer.core.instrument.MeterRegistry' (OnClassCondition)
      - @ConditionalOnBean (types: io.micrometer.core.instrument.MeterRegistry; SearchStrategy: all) found bean 'simpleMeterRegistry' (OnBeanCondition)

   JvmMetricsAutoConfiguration#classLoaderMetrics matched:
      - @ConditionalOnMissingBean (types: io.micrometer.core.instrument.binder.jvm.ClassLoaderMetrics; SearchStrategy: all) did not find any beans (OnBeanCondition)

   JvmMetricsAutoConfiguration#jvmCompilationMetrics matched:
      - @ConditionalOnMissingBean (types: io.micrometer.core.instrument.binder.jvm.JvmCompilationMetrics; SearchStrategy: all) did not find any beans (OnBeanCondition)

   JvmMetricsAutoConfiguration#jvmGcMetrics matched:
      - @ConditionalOnMissingBean (types: io.micrometer.core.instrument.binder.jvm.JvmGcMetrics; SearchStrategy: all) did not find any beans (OnBeanCondition)

   JvmMetricsAutoConfiguration#jvmHeapPressureMetrics matched:
      - @ConditionalOnMissingBean (types: io.micrometer.core.instrument.binder.jvm.JvmHeapPressureMetrics; SearchStrategy: all) did not find any beans (OnBeanCondition)

   JvmMetricsAutoConfiguration#jvmInfoMetrics matched:
      - @ConditionalOnMissingBean (types: io.micrometer.core.instrument.binder.jvm.JvmInfoMetrics; SearchStrategy: all) did not find any beans (OnBeanCondition)

   JvmMetricsAutoConfiguration#jvmMemoryMetrics matched:
      - @ConditionalOnMissingBean (types: io.micrometer.core.instrument.binder.jvm.JvmMemoryMetrics; SearchStrategy: all) did not find any beans (OnBeanCondition)

   JvmMetricsAutoConfiguration#jvmThreadMetrics matched:
      - @ConditionalOnMissingBean (types: io.micrometer.core.instrument.binder.jvm.JvmThreadMetrics; SearchStrategy: all) did not find any beans (OnBeanCondition)

   LifecycleAutoConfiguration#defaultLifecycleProcessor matched:
      - @ConditionalOnMissingBean (names: lifecycleProcessor; SearchStrategy: current) did not find any beans (OnBeanCondition)

   LogbackMetricsAutoConfiguration matched:
      - @ConditionalOnClass found required classes 'io.micrometer.core.instrument.MeterRegistry', 'ch.qos.logback.classic.LoggerContext', 'org.slf4j.LoggerFactory' (OnClassCondition)
      - LogbackLoggingCondition ILoggerFactory is a Logback LoggerContext (LogbackMetricsAutoConfiguration.LogbackLoggingCondition)
      - @ConditionalOnBean (types: io.micrometer.core.instrument.MeterRegistry; SearchStrategy: all) found bean 'simpleMeterRegistry' (OnBeanCondition)

   LogbackMetricsAutoConfiguration#logbackMetrics matched:
      - @ConditionalOnMissingBean (types: io.micrometer.core.instrument.binder.logging.LogbackMetrics; SearchStrategy: all) did not find any beans (OnBeanCondition)

   ManagementContextAutoConfiguration.SameManagementContextConfiguration matched:
      - Management Port actual port type (SAME) matched required type (OnManagementPortCondition)

   MetricsAutoConfiguration matched:
      - @ConditionalOnClass found required class 'io.micrometer.core.annotation.Timed' (OnClassCondition)

   MetricsAutoConfiguration#micrometerClock matched:
      - @ConditionalOnMissingBean (types: io.micrometer.core.instrument.Clock; SearchStrategy: all) did not find any beans (OnBeanCondition)

   MetricsEndpointAutoConfiguration matched:
      - @ConditionalOnClass found required class 'io.micrometer.core.annotation.Timed' (OnClassCondition)
      - @ConditionalOnAvailableEndpoint marked as exposed by a 'management.endpoints.web.exposure' property (OnAvailableEndpointCondition)

   MetricsEndpointAutoConfiguration#metricsEndpoint matched:
      - @ConditionalOnBean (types: io.micrometer.core.instrument.MeterRegistry; SearchStrategy: all) found bean 'simpleMeterRegistry'; @ConditionalOnMissingBean (types: org.springframework.boot.actuate.metrics.MetricsEndpoint; SearchStrategy: all) did not find any beans (OnBeanCondition)

   MultipartAutoConfiguration matched:
      - @ConditionalOnClass found required classes 'jakarta.servlet.Servlet', 'org.springframework.web.multipart.support.StandardServletMultipartResolver', 'jakarta.servlet.MultipartConfigElement' (OnClassCondition)
      - found 'session' scope (OnWebApplicationCondition)
      - @ConditionalOnBooleanProperty (spring.servlet.multipart.enabled=true) matched (OnPropertyCondition)

   MultipartAutoConfiguration#multipartConfigElement matched:
      - @ConditionalOnMissingBean (types: jakarta.servlet.MultipartConfigElement; SearchStrategy: all) did not find any beans (OnBeanCondition)

   MultipartAutoConfiguration#multipartResolver matched:
      - @ConditionalOnMissingBean (types: org.springframework.web.multipart.MultipartResolver; SearchStrategy: all) did not find any beans (OnBeanCondition)

   NoOpCacheConfiguration matched:
      - Cache org.springframework.boot.autoconfigure.cache.NoOpCacheConfiguration automatic cache type (CacheCondition)

   ObservationAutoConfiguration matched:
      - @ConditionalOnClass found required class 'io.micrometer.observation.ObservationRegistry' (OnClassCondition)

   ObservationAutoConfiguration#observationRegistry matched:
      - @ConditionalOnMissingBean (types: io.micrometer.observation.ObservationRegistry; SearchStrategy: all) did not find any beans (OnBeanCondition)

   ObservationAutoConfiguration.MeterObservationHandlerConfiguration matched:
      - @ConditionalOnBean (types: io.micrometer.core.instrument.MeterRegistry; SearchStrategy: all) found bean 'simpleMeterRegistry'; @ConditionalOnMissingBean (types: io.micrometer.core.instrument.observation.MeterObservationHandler; SearchStrategy: all) did not find any beans (OnBeanCondition)

   ObservationAutoConfiguration.MeterObservationHandlerConfiguration.OnlyMetricsMeterObservationHandlerConfiguration matched:
      - @ConditionalOnMissingBean (types: ?; SearchStrategy: all) did not find any beans (OnBeanCondition)

   ObservationAutoConfiguration.OnlyMetricsConfiguration matched:
      - @ConditionalOnClass found required class 'io.micrometer.core.instrument.MeterRegistry'; @ConditionalOnMissingClass did not find unwanted class 'io.micrometer.tracing.Tracer' (OnClassCondition)

   PropertyPlaceholderAutoConfiguration#propertySourcesPlaceholderConfigurer matched:
      - @ConditionalOnMissingBean (types: org.springframework.context.support.PropertySourcesPlaceholderConfigurer; SearchStrategy: current) did not find any beans (OnBeanCondition)

   RateLimiterAutoConfiguration matched:
      - @ConditionalOnClass found required class 'io.github.resilience4j.ratelimiter.RateLimiter' (OnClassCondition)

   RateLimiterAutoConfiguration.RateLimiterEndpointAutoConfiguration matched:
      - @ConditionalOnClass found required class 'org.springframework.boot.actuate.endpoint.annotation.Endpoint' (OnClassCondition)

   RateLimiterConfigurationOnMissingBean#rateLimiterEventsConsumerRegistry matched:
      - @ConditionalOnMissingBean (types: io.github.resilience4j.ratelimiter.event.RateLimiterEvent; SearchStrategy: all) did not find any beans (OnBeanCondition)

   RateLimiterMetricsAutoConfiguration matched:
      - @ConditionalOnClass found required classes 'io.micrometer.core.instrument.MeterRegistry', 'io.github.resilience4j.ratelimiter.RateLimiter', 'io.github.resilience4j.micrometer.tagged.TaggedRateLimiterMetricsPublisher' (OnClassCondition)
      - @ConditionalOnProperty (resilience4j.ratelimiter.metrics.enabled) matched (OnPropertyCondition)

   RateLimiterMetricsAutoConfiguration#taggedRateLimiterMetricsPublisher matched:
      - @ConditionalOnProperty (resilience4j.ratelimiter.metrics.legacy.enabled=false) matched (OnPropertyCondition)
      - @ConditionalOnBean (types: io.micrometer.core.instrument.MeterRegistry; SearchStrategy: all) found bean 'simpleMeterRegistry'; @ConditionalOnMissingBean (types: io.github.resilience4j.micrometer.tagged.TaggedRateLimiterMetricsPublisher; SearchStrategy: all) did not find any beans (OnBeanCondition)

   RateLimitersHealthIndicatorAutoConfiguration matched:
      - @ConditionalOnClass found required classes 'io.github.resilience4j.ratelimiter.RateLimiter', 'org.springframework.boot.actuate.health.HealthIndicator', 'org.springframework.boot.actuate.health.StatusAggregator' (OnClassCondition)

   RestClientAutoConfiguration matched:
      - @ConditionalOnClass found required class 'org.springframework.web.client.RestClient' (OnClassCondition)
      - AnyNestedCondition 1 matched 1 did not; NestedCondition on NotReactiveWebApplicationOrVirtualThreadsExecutorEnabledCondition.VirtualThreadsExecutorEnabled found non-matching nested conditions @ConditionalOnThreading did not find VIRTUAL; NestedCondition on NotReactiveWebApplicationOrVirtualThreadsExecutorEnabledCondition.NotReactiveWebApplication NoneNestedConditions 0 matched 1 did not; NestedCondition on NotReactiveWebApplicationCondition.ReactiveWebApplication did not find reactive web application classes (NotReactiveWebApplicationOrVirtualThreadsExecutorEnabledCondition)

   RestClientAutoConfiguration#httpMessageConvertersRestClientCustomizer matched:
      - @ConditionalOnMissingBean (types: org.springframework.boot.autoconfigure.web.client.HttpMessageConvertersRestClientCustomizer; SearchStrategy: all) did not find any beans (OnBeanCondition)

   RestClientAutoConfiguration#restClientBuilder matched:
      - @ConditionalOnMissingBean (types: org.springframework.web.client.RestClient$Builder; SearchStrategy: all) did not find any beans (OnBeanCondition)

   RestClientAutoConfiguration#restClientBuilderConfigurer matched:
      - @ConditionalOnMissingBean (types: org.springframework.boot.autoconfigure.web.client.RestClientBuilderConfigurer; SearchStrategy: all) did not find any beans (OnBeanCondition)

   RestClientAutoConfiguration#restClientSsl matched:
      - @ConditionalOnBean (types: org.springframework.boot.ssl.SslBundles; SearchStrategy: all) found bean 'sslBundleRegistry'; @ConditionalOnMissingBean (types: org.springframework.boot.autoconfigure.web.client.RestClientSsl; SearchStrategy: all) did not find any beans (OnBeanCondition)

   RestClientObservationConfiguration matched:
      - @ConditionalOnClass found required class 'org.springframework.web.client.RestClient' (OnClassCondition)
      - @ConditionalOnBean (types: org.springframework.web.client.RestClient$Builder; SearchStrategy: all) found bean 'restClientBuilder' (OnBeanCondition)

   RestTemplateAutoConfiguration matched:
      - @ConditionalOnClass found required class 'org.springframework.web.client.RestTemplate' (OnClassCondition)
      - NoneNestedConditions 0 matched 1 did not; NestedCondition on NotReactiveWebApplicationCondition.ReactiveWebApplication did not find reactive web application classes (NotReactiveWebApplicationCondition)

   RestTemplateAutoConfiguration#restTemplateBuilder matched:
      - @ConditionalOnMissingBean (types: org.springframework.boot.web.client.RestTemplateBuilder; SearchStrategy: all) did not find any beans (OnBeanCondition)

   RestTemplateObservationConfiguration matched:
      - @ConditionalOnClass found required class 'org.springframework.web.client.RestTemplate' (OnClassCondition)
      - @ConditionalOnBean (types: org.springframework.boot.web.client.RestTemplateBuilder; SearchStrategy: all) found bean 'restTemplateBuilder' (OnBeanCondition)

   RetryAutoConfiguration matched:
      - @ConditionalOnClass found required class 'io.github.resilience4j.retry.Retry' (OnClassCondition)

   RetryAutoConfiguration.RetryAutoEndpointConfiguration matched:
      - @ConditionalOnClass found required class 'org.springframework.boot.actuate.endpoint.annotation.Endpoint' (OnClassCondition)

   RetryConfigurationOnMissingBean#retryEventConsumerRegistry matched:
      - @ConditionalOnMissingBean (types: io.github.resilience4j.retry.event.RetryEvent; SearchStrategy: all) did not find any beans (OnBeanCondition)

   RetryMetricsAutoConfiguration matched:
      - @ConditionalOnClass found required classes 'io.micrometer.core.instrument.MeterRegistry', 'io.github.resilience4j.retry.Retry', 'io.github.resilience4j.micrometer.tagged.TaggedRetryMetricsPublisher' (OnClassCondition)
      - @ConditionalOnProperty (resilience4j.retry.metrics.enabled) matched (OnPropertyCondition)

   RetryMetricsAutoConfiguration#taggedRetryMetricsPublisher matched:
      - @ConditionalOnProperty (resilience4j.retry.metrics.legacy.enabled=false) matched (OnPropertyCondition)
      - @ConditionalOnBean (types: io.micrometer.core.instrument.MeterRegistry; SearchStrategy: all) found bean 'simpleMeterRegistry'; @ConditionalOnMissingBean (types: io.github.resilience4j.micrometer.tagged.TaggedRetryMetricsPublisher; SearchStrategy: all) did not find any beans (OnBeanCondition)

   ScheduledTasksObservabilityAutoConfiguration matched:
      - @ConditionalOnClass found required class 'org.springframework.scheduling.concurrent.ThreadPoolTaskScheduler' (OnClassCondition)
      - @ConditionalOnBean (types: io.micrometer.observation.ObservationRegistry; SearchStrategy: all) found bean 'observationRegistry' (OnBeanCondition)

   ServletEndpointManagementContextConfiguration matched:
      - found 'session' scope (OnWebApplicationCondition)

   ServletEndpointManagementContextConfiguration.WebMvcServletEndpointManagementContextConfiguration matched:
      - @ConditionalOnClass found required class 'org.springframework.web.servlet.DispatcherServlet' (OnClassCondition)

   ServletManagementContextAutoConfiguration matched:
      - @ConditionalOnClass found required class 'jakarta.servlet.Servlet' (OnClassCondition)
      - found 'session' scope (OnWebApplicationCondition)

   ServletWebServerFactoryAutoConfiguration matched:
      - @ConditionalOnClass found required class 'jakarta.servlet.ServletRequest' (OnClassCondition)
      - found 'session' scope (OnWebApplicationCondition)

   ServletWebServerFactoryAutoConfiguration#tomcatServletWebServerFactoryCustomizer matched:
      - @ConditionalOnClass found required class 'org.apache.catalina.startup.Tomcat' (OnClassCondition)

   ServletWebServerFactoryConfiguration.EmbeddedTomcat matched:
      - @ConditionalOnClass found required classes 'jakarta.servlet.Servlet', 'org.apache.catalina.startup.Tomcat', 'org.apache.coyote.UpgradeProtocol' (OnClassCondition)
      - @ConditionalOnMissingBean (types: org.springframework.boot.web.servlet.server.ServletWebServerFactory; SearchStrategy: current) did not find any beans (OnBeanCondition)

   SimpleCacheConfiguration matched:
      - Cache org.springframework.boot.autoconfigure.cache.SimpleCacheConfiguration automatic cache type (CacheCondition)

   SimpleMetricsExportAutoConfiguration matched:
      - @ConditionalOnEnabledMetricsExport management.simple.metrics.export.enabled is true (OnMetricsExportEnabledCondition)
      - @ConditionalOnBean (types: io.micrometer.core.instrument.Clock; SearchStrategy: all) found bean 'micrometerClock'; @ConditionalOnMissingBean (types: io.micrometer.core.instrument.MeterRegistry; SearchStrategy: all) did not find any beans (OnBeanCondition)

   SimpleMetricsExportAutoConfiguration#simpleConfig matched:
      - @ConditionalOnMissingBean (types: io.micrometer.core.instrument.simple.SimpleConfig; SearchStrategy: all) did not find any beans (OnBeanCondition)

   SpelResolverConfigurationOnMissingBean#parameterNameDiscoverer matched:
      - @ConditionalOnMissingBean (types: org.springframework.core.ParameterNameDiscoverer; SearchStrategy: all) did not find any beans (OnBeanCondition)

   SpelResolverConfigurationOnMissingBean#spelExpressionParser matched:
      - @ConditionalOnMissingBean (types: org.springframework.expression.spel.standard.SpelExpressionParser; SearchStrategy: all) did not find any beans (OnBeanCondition)

   SpelResolverConfigurationOnMissingBean#spelResolver matched:
      - @ConditionalOnMissingBean (types: io.github.resilience4j.spring6.spelresolver.SpelResolver; SearchStrategy: all) did not find any beans (OnBeanCondition)

   SqlInitializationAutoConfiguration matched:
      - @ConditionalOnBooleanProperty (spring.sql.init.enabled=true) matched (OnPropertyCondition)
      - NoneNestedConditions 0 matched 1 did not; NestedCondition on SqlInitializationAutoConfiguration.SqlInitializationModeCondition.ModeIsNever @ConditionalOnProperty (spring.sql.init.mode=never) did not find property 'spring.sql.init.mode' (SqlInitializationAutoConfiguration.SqlInitializationModeCondition)

   SslAutoConfiguration#sslBundleRegistry matched:
      - @ConditionalOnMissingBean (types: org.springframework.boot.ssl.SslBundleRegistry,org.springframework.boot.ssl.SslBundles; SearchStrategy: all) did not find any beans (OnBeanCondition)

   SslHealthContributorAutoConfiguration matched:
      - @ConditionalOnEnabledHealthIndicator management.health.defaults.enabled is considered true (OnEnabledHealthIndicatorCondition)

   SslHealthContributorAutoConfiguration#sslHealthIndicator matched:
      - @ConditionalOnMissingBean (names: sslHealthIndicator; SearchStrategy: all) did not find any beans (OnBeanCondition)

   SslHealthContributorAutoConfiguration#sslInfo matched:
      - @ConditionalOnMissingBean (types: org.springframework.boot.info.SslInfo; SearchStrategy: all) did not find any beans (OnBeanCondition)

   SslObservabilityAutoConfiguration matched:
      - @ConditionalOnClass found required class 'io.micrometer.core.instrument.MeterRegistry' (OnClassCondition)
      - @ConditionalOnBean (types: io.micrometer.core.instrument.MeterRegistry,org.springframework.boot.ssl.SslBundles; SearchStrategy: all) found beans 'sslBundleRegistry', 'simpleMeterRegistry' (OnBeanCondition)

   StartupTimeMetricsListenerAutoConfiguration matched:
      - @ConditionalOnClass found required class 'io.micrometer.core.instrument.MeterRegistry' (OnClassCondition)
      - @ConditionalOnBean (types: io.micrometer.core.instrument.MeterRegistry; SearchStrategy: all) found bean 'simpleMeterRegistry' (OnBeanCondition)

   StartupTimeMetricsListenerAutoConfiguration#startupTimeMetrics matched:
      - @ConditionalOnMissingBean (types: org.springframework.boot.actuate.metrics.startup.StartupTimeMetricsListener; SearchStrategy: all) did not find any beans (OnBeanCondition)

   SystemMetricsAutoConfiguration matched:
      - @ConditionalOnClass found required class 'io.micrometer.core.instrument.MeterRegistry' (OnClassCondition)
      - @ConditionalOnBean (types: io.micrometer.core.instrument.MeterRegistry; SearchStrategy: all) found bean 'simpleMeterRegistry' (OnBeanCondition)

   SystemMetricsAutoConfiguration#diskSpaceMetrics matched:
      - @ConditionalOnMissingBean (types: org.springframework.boot.actuate.metrics.system.DiskSpaceMetricsBinder; SearchStrategy: all) did not find any beans (OnBeanCondition)

   SystemMetricsAutoConfiguration#fileDescriptorMetrics matched:
      - @ConditionalOnMissingBean (types: io.micrometer.core.instrument.binder.system.FileDescriptorMetrics; SearchStrategy: all) did not find any beans (OnBeanCondition)

   SystemMetricsAutoConfiguration#processorMetrics matched:
      - @ConditionalOnMissingBean (types: io.micrometer.core.instrument.binder.system.ProcessorMetrics; SearchStrategy: all) did not find any beans (OnBeanCondition)

   SystemMetricsAutoConfiguration#uptimeMetrics matched:
      - @ConditionalOnMissingBean (types: io.micrometer.core.instrument.binder.system.UptimeMetrics; SearchStrategy: all) did not find any beans (OnBeanCondition)

   TaskExecutionAutoConfiguration matched:
      - @ConditionalOnClass found required class 'org.springframework.scheduling.concurrent.ThreadPoolTaskExecutor' (OnClassCondition)

   TaskExecutorConfigurations.AsyncConfigurerConfiguration matched:
      - @ConditionalOnMissingBean (types: org.springframework.scheduling.annotation.AsyncConfigurer; SearchStrategy: all) did not find any beans (OnBeanCondition)

   TaskExecutorConfigurations.AsyncConfigurerConfiguration#applicationTaskExecutorAsyncConfigurer matched:
      - @ConditionalOnMissingBean (types: org.springframework.scheduling.annotation.AsyncConfigurer; SearchStrategy: all) did not find any beans (OnBeanCondition)

   TaskExecutorConfigurations.SimpleAsyncTaskExecutorBuilderConfiguration#simpleAsyncTaskExecutorBuilder matched:
      - @ConditionalOnMissingBean (types: org.springframework.boot.task.SimpleAsyncTaskExecutorBuilder; SearchStrategy: all) did not find any beans (OnBeanCondition)
      - @ConditionalOnThreading found PLATFORM (OnThreadingCondition)

   TaskExecutorConfigurations.TaskExecutorConfiguration matched:
      - AnyNestedCondition 1 matched 1 did not; NestedCondition on TaskExecutorConfigurations.OnExecutorCondition.ModelCondition @ConditionalOnProperty (spring.task.execution.mode=force) did not find property 'spring.task.execution.mode'; NestedCondition on TaskExecutorConfigurations.OnExecutorCondition.ExecutorBeanCondition @ConditionalOnMissingBean (types: java.util.concurrent.Executor; SearchStrategy: all) did not find any beans (TaskExecutorConfigurations.OnExecutorCondition)

   TaskExecutorConfigurations.TaskExecutorConfiguration#applicationTaskExecutor matched:
      - @ConditionalOnThreading found PLATFORM (OnThreadingCondition)

   TaskExecutorConfigurations.ThreadPoolTaskExecutorBuilderConfiguration#threadPoolTaskExecutorBuilder matched:
      - @ConditionalOnMissingBean (types: org.springframework.boot.task.ThreadPoolTaskExecutorBuilder; SearchStrategy: all) did not find any beans (OnBeanCondition)

   TaskExecutorMetricsAutoConfiguration matched:
      - @ConditionalOnClass found required class 'io.micrometer.core.instrument.binder.jvm.ExecutorServiceMetrics' (OnClassCondition)
      - @ConditionalOnBean (types: java.util.concurrent.Executor,io.micrometer.core.instrument.MeterRegistry; SearchStrategy: all) found beans 'applicationTaskExecutor', 'simpleMeterRegistry' (OnBeanCondition)

   TaskSchedulingAutoConfiguration matched:
      - @ConditionalOnClass found required class 'org.springframework.scheduling.concurrent.ThreadPoolTaskScheduler' (OnClassCondition)

   TaskSchedulingConfigurations.SimpleAsyncTaskSchedulerBuilderConfiguration#simpleAsyncTaskSchedulerBuilder matched:
      - @ConditionalOnMissingBean (types: org.springframework.boot.task.SimpleAsyncTaskSchedulerBuilder; SearchStrategy: all) did not find any beans (OnBeanCondition)
      - @ConditionalOnThreading found PLATFORM (OnThreadingCondition)

   TaskSchedulingConfigurations.ThreadPoolTaskSchedulerBuilderConfiguration#threadPoolTaskSchedulerBuilder matched:
      - @ConditionalOnMissingBean (types: org.springframework.boot.task.ThreadPoolTaskSchedulerBuilder; SearchStrategy: all) did not find any beans (OnBeanCondition)

   ThreadPoolBulkheadMetricsAutoConfiguration matched:
      - @ConditionalOnClass found required classes 'io.micrometer.core.instrument.MeterRegistry', 'io.github.resilience4j.bulkhead.ThreadPoolBulkhead', 'io.github.resilience4j.micrometer.tagged.TaggedThreadPoolBulkheadMetricsPublisher' (OnClassCondition)
      - @ConditionalOnProperty (resilience4j.thread-pool-bulkhead.metrics.enabled) matched (OnPropertyCondition)

   ThreadPoolBulkheadMetricsAutoConfiguration#taggedThreadPoolBulkheadMetricsPublisher matched:
      - @ConditionalOnProperty (resilience4j.thread-pool-bulkhead.metrics.legacy.enabled=false) matched (OnPropertyCondition)
      - @ConditionalOnBean (types: io.micrometer.core.instrument.MeterRegistry; SearchStrategy: all) found bean 'simpleMeterRegistry'; @ConditionalOnMissingBean (types: io.github.resilience4j.micrometer.tagged.TaggedThreadPoolBulkheadMetricsPublisher; SearchStrategy: all) did not find any beans (OnBeanCondition)

   TimeLimiterAutoConfiguration matched:
      - @ConditionalOnClass found required class 'io.github.resilience4j.timelimiter.TimeLimiter' (OnClassCondition)

   TimeLimiterAutoConfiguration.TimeLimiterAutoEndpointConfiguration matched:
      - @ConditionalOnClass found required class 'org.springframework.boot.actuate.endpoint.annotation.Endpoint' (OnClassCondition)

   TimeLimiterConfigurationOnMissingBean#timeLimiterEventsConsumerRegistry matched:
      - @ConditionalOnMissingBean (types: io.github.resilience4j.timelimiter.event.TimeLimiterEvent; SearchStrategy: all) did not find any beans (OnBeanCondition)

   TimeLimiterMetricsAutoConfiguration matched:
      - @ConditionalOnClass found required classes 'io.micrometer.core.instrument.MeterRegistry', 'io.github.resilience4j.timelimiter.TimeLimiter', 'io.github.resilience4j.micrometer.tagged.TaggedTimeLimiterMetricsPublisher' (OnClassCondition)
      - @ConditionalOnProperty (resilience4j.timelimiter.metrics.enabled) matched (OnPropertyCondition)

   TimeLimiterMetricsAutoConfiguration#taggedTimeLimiterMetricsPublisher matched:
      - @ConditionalOnProperty (resilience4j.timelimiter.metrics.legacy.enabled=false) matched (OnPropertyCondition)
      - @ConditionalOnBean (types: io.micrometer.core.instrument.MeterRegistry; SearchStrategy: all) found bean 'simpleMeterRegistry'; @ConditionalOnMissingBean (types: io.github.resilience4j.micrometer.tagged.TaggedTimeLimiterMetricsPublisher; SearchStrategy: all) did not find any beans (OnBeanCondition)

   TomcatMetricsAutoConfiguration matched:
      - @ConditionalOnClass found required classes 'io.micrometer.core.instrument.binder.tomcat.TomcatMetrics', 'org.apache.catalina.Manager' (OnClassCondition)
      - @ConditionalOnWebApplication (required) found 'session' scope (OnWebApplicationCondition)

   TomcatMetricsAutoConfiguration#tomcatMetricsBinder matched:
      - @ConditionalOnBean (types: io.micrometer.core.instrument.MeterRegistry; SearchStrategy: all) found bean 'simpleMeterRegistry'; @ConditionalOnMissingBean (types: io.micrometer.core.instrument.binder.tomcat.TomcatMetrics,org.springframework.boot.actuate.metrics.web.tomcat.TomcatMetricsBinder; SearchStrategy: all) did not find any beans (OnBeanCondition)

   WebEndpointAutoConfiguration matched:
      - @ConditionalOnWebApplication (required) found 'session' scope (OnWebApplicationCondition)

   WebEndpointAutoConfiguration#controllerEndpointDiscoverer matched:
      - @ConditionalOnMissingBean (types: org.springframework.boot.actuate.endpoint.web.annotation.ControllerEndpointsSupplier; SearchStrategy: all) did not find any beans (OnBeanCondition)

   WebEndpointAutoConfiguration#endpointMediaTypes matched:
      - @ConditionalOnMissingBean (types: org.springframework.boot.actuate.endpoint.web.EndpointMediaTypes; SearchStrategy: all) did not find any beans (OnBeanCondition)

   WebEndpointAutoConfiguration#pathMappedEndpoints matched:
      - @ConditionalOnMissingBean (types: org.springframework.boot.actuate.endpoint.web.PathMappedEndpoints; SearchStrategy: all) did not find any beans (OnBeanCondition)

   WebEndpointAutoConfiguration#webEndpointDiscoverer matched:
      - @ConditionalOnMissingBean (types: org.springframework.boot.actuate.endpoint.web.WebEndpointsSupplier; SearchStrategy: all) did not find any beans (OnBeanCondition)

   WebEndpointAutoConfiguration.WebEndpointServletConfiguration matched:
      - found 'session' scope (OnWebApplicationCondition)

   WebEndpointAutoConfiguration.WebEndpointServletConfiguration#servletEndpointDiscoverer matched:
      - @ConditionalOnMissingBean (types: org.springframework.boot.actuate.endpoint.web.annotation.ServletEndpointsSupplier; SearchStrategy: all) did not find any beans (OnBeanCondition)

   WebMvcAutoConfiguration matched:
      - @ConditionalOnClass found required classes 'jakarta.servlet.Servlet', 'org.springframework.web.servlet.DispatcherServlet', 'org.springframework.web.servlet.config.annotation.WebMvcConfigurer' (OnClassCondition)
      - found 'session' scope (OnWebApplicationCondition)
      - @ConditionalOnMissingBean (types: org.springframework.web.servlet.config.annotation.WebMvcConfigurationSupport; SearchStrategy: all) did not find any beans (OnBeanCondition)

   WebMvcAutoConfiguration#formContentFilter matched:
      - @ConditionalOnBooleanProperty (spring.mvc.formcontent.filter.enabled=true) matched (OnPropertyCondition)
      - @ConditionalOnMissingBean (types: org.springframework.web.filter.FormContentFilter; SearchStrategy: all) did not find any beans (OnBeanCondition)

   WebMvcAutoConfiguration.EnableWebMvcConfiguration#flashMapManager matched:
      - @ConditionalOnMissingBean (names: flashMapManager; SearchStrategy: all) did not find any beans (OnBeanCondition)

   WebMvcAutoConfiguration.EnableWebMvcConfiguration#localeResolver matched:
      - @ConditionalOnMissingBean (names: localeResolver; SearchStrategy: all) did not find any beans (OnBeanCondition)

   WebMvcAutoConfiguration.EnableWebMvcConfiguration#themeResolver matched:
      - @ConditionalOnMissingBean (names: themeResolver; SearchStrategy: all) did not find any beans (OnBeanCondition)

   WebMvcAutoConfiguration.EnableWebMvcConfiguration#viewNameTranslator matched:
      - @ConditionalOnMissingBean (names: viewNameTranslator; SearchStrategy: all) did not find any beans (OnBeanCondition)

   WebMvcAutoConfiguration.WebMvcAutoConfigurationAdapter#defaultViewResolver matched:
      - @ConditionalOnMissingBean (types: org.springframework.web.servlet.view.InternalResourceViewResolver; SearchStrategy: all) did not find any beans (OnBeanCondition)

   WebMvcAutoConfiguration.WebMvcAutoConfigurationAdapter#requestContextFilter matched:
      - @ConditionalOnMissingBean (types: org.springframework.web.context.request.RequestContextListener,org.springframework.web.filter.RequestContextFilter; SearchStrategy: all) did not find any beans (OnBeanCondition)

   WebMvcAutoConfiguration.WebMvcAutoConfigurationAdapter#viewResolver matched:
      - @ConditionalOnBean (types: org.springframework.web.servlet.ViewResolver; SearchStrategy: all) found beans 'defaultViewResolver', 'beanNameViewResolver', 'mvcViewResolver'; @ConditionalOnMissingBean (names: viewResolver types: org.springframework.web.servlet.view.ContentNegotiatingViewResolver; SearchStrategy: all) did not find any beans (OnBeanCondition)

   WebMvcEndpointManagementContextConfiguration matched:
      - @ConditionalOnClass found required class 'org.springframework.web.servlet.DispatcherServlet' (OnClassCondition)
      - found 'session' scope (OnWebApplicationCondition)
      - @ConditionalOnBean (types: org.springframework.web.servlet.DispatcherServlet,org.springframework.boot.actuate.endpoint.web.WebEndpointsSupplier; SearchStrategy: all) found beans 'webEndpointDiscoverer', 'dispatcherServlet' (OnBeanCondition)

   WebMvcEndpointManagementContextConfiguration#controllerEndpointHandlerMapping matched:
      - @ConditionalOnMissingBean (types: org.springframework.boot.actuate.endpoint.web.servlet.ControllerEndpointHandlerMapping; SearchStrategy: all) did not find any beans (OnBeanCondition)

   WebMvcEndpointManagementContextConfiguration#endpointObjectMapperWebMvcConfigurer matched:
      - @ConditionalOnBean (types: org.springframework.boot.actuate.endpoint.jackson.EndpointObjectMapper; SearchStrategy: all) found bean 'endpointObjectMapper' (OnBeanCondition)

   WebMvcEndpointManagementContextConfiguration#webEndpointServletHandlerMapping matched:
      - @ConditionalOnMissingBean (types: org.springframework.boot.actuate.endpoint.web.servlet.WebMvcEndpointHandlerMapping; SearchStrategy: all) did not find any beans (OnBeanCondition)

   WebMvcObservationAutoConfiguration matched:
      - @ConditionalOnClass found required classes 'org.springframework.web.servlet.DispatcherServlet', 'io.micrometer.observation.Observation' (OnClassCondition)
      - found 'session' scope (OnWebApplicationCondition)
      - @ConditionalOnBean (types: io.micrometer.observation.ObservationRegistry; SearchStrategy: all) found bean 'observationRegistry' (OnBeanCondition)

   WebMvcObservationAutoConfiguration#webMvcObservationFilter matched:
      - @ConditionalOnMissingBean (types: org.springframework.web.filter.ServerHttpObservationFilter; SearchStrategy: all) did not find any beans (OnBeanCondition)

   WebMvcObservationAutoConfiguration.MeterFilterConfiguration matched:
      - @ConditionalOnClass found required class 'io.micrometer.core.instrument.MeterRegistry' (OnClassCondition)
      - @ConditionalOnBean (types: io.micrometer.core.instrument.MeterRegistry; SearchStrategy: all) found bean 'simpleMeterRegistry' (OnBeanCondition)

   WebSocketServletAutoConfiguration matched:
      - @ConditionalOnClass found required classes 'jakarta.servlet.Servlet', 'jakarta.websocket.server.ServerContainer' (OnClassCondition)
      - found 'session' scope (OnWebApplicationCondition)

   WebSocketServletAutoConfiguration.TomcatWebSocketConfiguration matched:
      - @ConditionalOnClass found required classes 'org.apache.catalina.startup.Tomcat', 'org.apache.tomcat.websocket.server.WsSci' (OnClassCondition)

   WebSocketServletAutoConfiguration.TomcatWebSocketConfiguration#websocketServletWebServerCustomizer matched:
      - @ConditionalOnMissingBean (names: websocketServletWebServerCustomizer; SearchStrategy: all) did not find any beans (OnBeanCondition)


Negative matches:
-----------------

   ActiveMQAutoConfiguration:
      Did not match:
         - @ConditionalOnClass did not find required class 'jakarta.jms.ConnectionFactory' (OnClassCondition)

   AopAutoConfiguration.AspectJAutoProxyingConfiguration.JdkDynamicAutoProxyConfiguration:
      Did not match:
         - @ConditionalOnBooleanProperty (spring.aop.proxy-target-class=false) did not find property 'spring.aop.proxy-target-class' (OnPropertyCondition)

   AopAutoConfiguration.ClassProxyingConfiguration:
      Did not match:
         - @ConditionalOnMissingClass found unwanted class 'org.aspectj.weaver.Advice' (OnClassCondition)

   AppOpticsMetricsExportAutoConfiguration:
      Did not match:
         - @ConditionalOnClass did not find required class 'io.micrometer.appoptics.AppOpticsMeterRegistry' (OnClassCondition)

   ArtemisAutoConfiguration:
      Did not match:
         - @ConditionalOnClass did not find required class 'jakarta.jms.ConnectionFactory' (OnClassCondition)

   AtlasMetricsExportAutoConfiguration:
      Did not match:
         - @ConditionalOnClass did not find required class 'io.micrometer.atlas.AtlasMeterRegistry' (OnClassCondition)

   AuditAutoConfiguration:
      Did not match:
         - @ConditionalOnBean (types: org.springframework.boot.actuate.audit.AuditEventRepository; SearchStrategy: all) did not find any beans of type org.springframework.boot.actuate.audit.AuditEventRepository (OnBeanCondition)
      Matched:
         - @ConditionalOnBooleanProperty (management.auditevents.enabled=true) matched (OnPropertyCondition)

   AuditEventsEndpointAutoConfiguration:
      Did not match:
         - @ConditionalOnAvailableEndpoint not exposed (OnAvailableEndpointCondition)

   AvailabilityHealthContributorAutoConfiguration#livenessStateHealthIndicator:
      Did not match:
         - @ConditionalOnBooleanProperty (management.health.livenessstate.enabled=true) did not find property 'management.health.livenessstate.enabled' (OnPropertyCondition)

   AvailabilityHealthContributorAutoConfiguration#readinessStateHealthIndicator:
      Did not match:
         - @ConditionalOnBooleanProperty (management.health.readinessstate.enabled=true) did not find property 'management.health.readinessstate.enabled' (OnPropertyCondition)

   AvailabilityProbesAutoConfiguration:
      Did not match:
         - Probes availability not running on a supported cloud platform (AvailabilityProbesAutoConfiguration.ProbesCondition)

   BatchAutoConfiguration:
      Did not match:
         - @ConditionalOnClass did not find required class 'org.springframework.batch.core.launch.JobLauncher' (OnClassCondition)

   BatchObservationAutoConfiguration:
      Did not match:
         - @ConditionalOnClass did not find required class 'org.springframework.batch.core.configuration.annotation.BatchObservabilityBeanPostProcessor' (OnClassCondition)

   BeansEndpointAutoConfiguration:
      Did not match:
         - @ConditionalOnAvailableEndpoint not exposed (OnAvailableEndpointCondition)

   BraveAutoConfiguration:
      Did not match:
         - @ConditionalOnClass did not find required class 'brave.Tracer' (OnClassCondition)

   BulkheadAutoConfiguration.BulkheadEndpointAutoConfiguration#bulkheadEndpoint:
      Did not match:
         - @ConditionalOnAvailableEndpoint not exposed (OnAvailableEndpointCondition)

   BulkheadAutoConfiguration.BulkheadEndpointAutoConfiguration#bulkheadEventsEndpoint:
      Did not match:
         - @ConditionalOnAvailableEndpoint not exposed (OnAvailableEndpointCondition)

   BulkheadMetricsAutoConfiguration#registerBulkheadMetrics:
      Did not match:
         - @ConditionalOnProperty (resilience4j.bulkhead.metrics.legacy.enabled=true) did not find property 'resilience4j.bulkhead.metrics.legacy.enabled' (OnPropertyCondition)

   Cache2kCacheConfiguration:
      Did not match:
         - @ConditionalOnClass did not find required class 'org.cache2k.Cache2kBuilder' (OnClassCondition)

   CacheAutoConfiguration:
      Did not match:
         - @ConditionalOnBean (types: org.springframework.cache.interceptor.CacheAspectSupport; SearchStrategy: all) did not find any beans of type org.springframework.cache.interceptor.CacheAspectSupport (OnBeanCondition)
      Matched:
         - @ConditionalOnClass found required class 'org.springframework.cache.CacheManager' (OnClassCondition)

   CacheAutoConfiguration.CacheManagerEntityManagerFactoryDependsOnPostProcessor:
      Did not match:
         - @ConditionalOnClass did not find required class 'org.springframework.orm.jpa.LocalContainerEntityManagerFactoryBean' (OnClassCondition)
         - Ancestor org.springframework.boot.autoconfigure.cache.CacheAutoConfiguration did not match (ConditionEvaluationReport.AncestorsMatchedCondition)

   CacheMeterBinderProvidersConfiguration.Cache2kCacheMeterBinderProviderConfiguration:
      Did not match:
         - @ConditionalOnClass did not find required classes 'org.cache2k.Cache2kBuilder', 'org.cache2k.extra.spring.SpringCache2kCache', 'org.cache2k.extra.micrometer.Cache2kCacheMetrics' (OnClassCondition)

   CacheMeterBinderProvidersConfiguration.CaffeineCacheMeterBinderProviderConfiguration:
      Did not match:
         - @ConditionalOnClass did not find required classes 'org.springframework.cache.caffeine.CaffeineCache', 'com.github.benmanes.caffeine.cache.Cache' (OnClassCondition)

   CacheMeterBinderProvidersConfiguration.HazelcastCacheMeterBinderProviderConfiguration:
      Did not match:
         - @ConditionalOnClass did not find required classes 'com.hazelcast.spring.cache.HazelcastCache', 'com.hazelcast.core.Hazelcast' (OnClassCondition)

   CacheMeterBinderProvidersConfiguration.JCacheCacheMeterBinderProviderConfiguration:
      Did not match:
         - @ConditionalOnClass did not find required classes 'org.springframework.cache.jcache.JCacheCache', 'javax.cache.CacheManager' (OnClassCondition)

   CacheMeterBinderProvidersConfiguration.RedisCacheMeterBinderProviderConfiguration:
      Did not match:
         - @ConditionalOnClass did not find required class 'org.springframework.data.redis.cache.RedisCache' (OnClassCondition)

   CacheMetricsAutoConfiguration:
      Did not match:
         - @ConditionalOnBean (types: org.springframework.cache.CacheManager; SearchStrategy: all) did not find any beans of type org.springframework.cache.CacheManager (OnBeanCondition)

   CachesEndpointAutoConfiguration:
      Did not match:
         - @ConditionalOnAvailableEndpoint not exposed (OnAvailableEndpointCondition)
      Matched:
         - @ConditionalOnClass found required class 'org.springframework.cache.CacheManager' (OnClassCondition)

   CaffeineCacheConfiguration:
      Did not match:
         - @ConditionalOnClass did not find required class 'com.github.benmanes.caffeine.cache.Caffeine' (OnClassCondition)

   CassandraAutoConfiguration:
      Did not match:
         - @ConditionalOnClass did not find required class 'com.datastax.oss.driver.api.core.CqlSession' (OnClassCondition)

   CassandraDataAutoConfiguration:
      Did not match:
         - @ConditionalOnClass did not find required class 'com.datastax.oss.driver.api.core.CqlSession' (OnClassCondition)

   CassandraHealthContributorAutoConfiguration:
      Did not match:
         - @ConditionalOnClass did not find required class 'com.datastax.oss.driver.api.core.CqlSession' (OnClassCondition)

   CassandraReactiveDataAutoConfiguration:
      Did not match:
         - @ConditionalOnClass did not find required class 'com.datastax.oss.driver.api.core.CqlSession' (OnClassCondition)

   CassandraReactiveHealthContributorAutoConfiguration:
      Did not match:
         - @ConditionalOnClass did not find required class 'com.datastax.oss.driver.api.core.CqlSession' (OnClassCondition)

   CassandraReactiveRepositoriesAutoConfiguration:
      Did not match:
         - @ConditionalOnClass did not find required class 'org.springframework.data.cassandra.ReactiveSession' (OnClassCondition)

   CassandraRepositoriesAutoConfiguration:
      Did not match:
         - @ConditionalOnClass did not find required class 'com.datastax.oss.driver.api.core.CqlSession' (OnClassCondition)

   CircuitBreakerAutoConfiguration.CircuitBreakerEndpointAutoConfiguration#circuitBreakerEndpoint:
      Did not match:
         - @ConditionalOnAvailableEndpoint not exposed (OnAvailableEndpointCondition)

   CircuitBreakerAutoConfiguration.CircuitBreakerEndpointAutoConfiguration#circuitBreakerEventsEndpoint:
      Did not match:
         - @ConditionalOnAvailableEndpoint not exposed (OnAvailableEndpointCondition)

   CircuitBreakerMetricsAutoConfiguration#registerCircuitBreakerMetrics:
      Did not match:
         - @ConditionalOnProperty (resilience4j.circuitbreaker.metrics.legacy.enabled=true) did not find property 'resilience4j.circuitbreaker.metrics.legacy.enabled' (OnPropertyCondition)

   CircuitBreakerStreamEventsAutoConfiguration:
      Did not match:
         - @ConditionalOnClass did not find required class 'io.github.resilience4j.reactor.adapter.ReactorAdapter' (OnClassCondition)

   CircuitBreakersHealthIndicatorAutoConfiguration#circuitBreakersHealthIndicator:
      Did not match:
         - @ConditionalOnProperty (management.health.circuitbreakers.enabled) did not find property 'enabled' (OnPropertyCondition)

   org.springframework.boot.autoconfigure.http.client.reactive.ClientHttpConnectorAutoConfiguration:
      Did not match:
         - @ConditionalOnClass did not find required class 'reactor.core.publisher.Mono' (OnClassCondition)

   org.springframework.boot.autoconfigure.web.reactive.function.client.ClientHttpConnectorAutoConfiguration:
      Did not match:
         - @ConditionalOnClass did not find required class 'org.springframework.web.reactive.function.client.WebClient' (OnClassCondition)

   CloudFoundryActuatorAutoConfiguration:
      Did not match:
         - @ConditionalOnCloudPlatform did not find CLOUD_FOUNDRY (OnCloudPlatformCondition)
      Matched:
         - @ConditionalOnClass found required class 'org.springframework.web.servlet.DispatcherServlet' (OnClassCondition)
         - found 'session' scope (OnWebApplicationCondition)
         - @ConditionalOnBooleanProperty (management.cloudfoundry.enabled=true) matched (OnPropertyCondition)

   CodecsAutoConfiguration:
      Did not match:
         - @ConditionalOnClass did not find required class 'org.springframework.web.reactive.function.client.WebClient' (OnClassCondition)

   CompositeMeterRegistryConfiguration:
      Did not match:
         - NoneNestedConditions 1 matched 1 did not; NestedCondition on CompositeMeterRegistryConfiguration.MultipleNonPrimaryMeterRegistriesCondition.SingleInjectableMeterRegistry @ConditionalOnSingleCandidate (types: io.micrometer.core.instrument.MeterRegistry; SearchStrategy: all) found a single bean 'simpleMeterRegistry'; NestedCondition on CompositeMeterRegistryConfiguration.MultipleNonPrimaryMeterRegistriesCondition.NoMeterRegistryCondition @ConditionalOnMissingBean (types: io.micrometer.core.instrument.MeterRegistry; SearchStrategy: all) found beans of type 'io.micrometer.core.instrument.MeterRegistry' simpleMeterRegistry (CompositeMeterRegistryConfiguration.MultipleNonPrimaryMeterRegistriesCondition)

   ConditionsReportEndpointAutoConfiguration:
      Did not match:
         - @ConditionalOnAvailableEndpoint not exposed (OnAvailableEndpointCondition)

   ConfigurationPropertiesReportEndpointAutoConfiguration:
      Did not match:
         - @ConditionalOnAvailableEndpoint not exposed (OnAvailableEndpointCondition)

   ConnectionFactoryHealthContributorAutoConfiguration:
      Did not match:
         - @ConditionalOnClass did not find required class 'io.r2dbc.spi.ConnectionFactory' (OnClassCondition)

   ConnectionPoolMetricsAutoConfiguration:
      Did not match:
         - @ConditionalOnClass did not find required class 'io.r2dbc.pool.ConnectionPool' (OnClassCondition)

   ContextAwareScheduledThreadPoolAutoConfiguration:
      Did not match:
         - @ConditionalOnProperty (resilience4j.scheduled.executor.core-pool-size) did not find property 'resilience4j.scheduled.executor.core-pool-size' (OnPropertyCondition)

   CouchbaseAutoConfiguration:
      Did not match:
         - @ConditionalOnClass did not find required class 'com.couchbase.client.java.Cluster' (OnClassCondition)

   CouchbaseCacheConfiguration:
      Did not match:
         - @ConditionalOnClass did not find required class 'com.couchbase.client.java.Cluster' (OnClassCondition)

   CouchbaseDataAutoConfiguration:
      Did not match:
         - @ConditionalOnClass did not find required class 'com.couchbase.client.java.Bucket' (OnClassCondition)

   CouchbaseHealthContributorAutoConfiguration:
      Did not match:
         - @ConditionalOnClass did not find required class 'com.couchbase.client.java.Cluster' (OnClassCondition)

   CouchbaseReactiveDataAutoConfiguration:
      Did not match:
         - @ConditionalOnClass did not find required class 'com.couchbase.client.java.Cluster' (OnClassCondition)

   CouchbaseReactiveHealthContributorAutoConfiguration:
      Did not match:
         - @ConditionalOnClass did not find required class 'com.couchbase.client.java.Cluster' (OnClassCondition)

   CouchbaseReactiveRepositoriesAutoConfiguration:
      Did not match:
         - @ConditionalOnClass did not find required class 'com.couchbase.client.java.Cluster' (OnClassCondition)

   CouchbaseRepositoriesAutoConfiguration:
      Did not match:
         - @ConditionalOnClass did not find required class 'com.couchbase.client.java.Bucket' (OnClassCondition)

   DataSourceAutoConfiguration:
      Did not match:
         - @ConditionalOnClass did not find required class 'org.springframework.jdbc.datasource.embedded.EmbeddedDatabaseType' (OnClassCondition)

   DataSourceHealthContributorAutoConfiguration:
      Did not match:
         - @ConditionalOnClass did not find required class 'org.springframework.jdbc.core.JdbcTemplate' (OnClassCondition)

   DataSourceInitializationConfiguration:
      Did not match:
         - @ConditionalOnClass did not find required class 'org.springframework.jdbc.datasource.init.DatabasePopulator' (OnClassCondition)

   DataSourcePoolMetricsAutoConfiguration:
      Did not match:
         - @ConditionalOnBean (types: javax.sql.DataSource,io.micrometer.core.instrument.MeterRegistry; SearchStrategy: all) did not find any beans of type javax.sql.DataSource (OnBeanCondition)
      Matched:
         - @ConditionalOnClass found required classes 'javax.sql.DataSource', 'io.micrometer.core.instrument.MeterRegistry' (OnClassCondition)

   DataSourcePoolMetricsAutoConfiguration.HikariDataSourceMetricsConfiguration:
      Did not match:
         - @ConditionalOnClass did not find required class 'com.zaxxer.hikari.HikariDataSource' (OnClassCondition)
         - Ancestor org.springframework.boot.actuate.autoconfigure.metrics.jdbc.DataSourcePoolMetricsAutoConfiguration did not match (ConditionEvaluationReport.AncestorsMatchedCondition)

   DataSourceTransactionManagerAutoConfiguration:
      Did not match:
         - @ConditionalOnClass did not find required class 'org.springframework.jdbc.core.JdbcTemplate' (OnClassCondition)

   DatadogMetricsExportAutoConfiguration:
      Did not match:
         - @ConditionalOnClass did not find required class 'io.micrometer.datadog.DatadogMeterRegistry' (OnClassCondition)

   DevToolsDataSourceAutoConfiguration:
      Did not match:
         - Devtools devtools is disabled for current context. (OnEnabledDevToolsCondition)
      Matched:
         - @ConditionalOnClass found required class 'javax.sql.DataSource' (OnClassCondition)

   DevToolsR2dbcAutoConfiguration:
      Did not match:
         - @ConditionalOnClass did not find required class 'io.r2dbc.spi.ConnectionFactory' (OnClassCondition)

   DispatcherServletAutoConfiguration.DispatcherServletConfiguration#multipartResolver:
      Did not match:
         - @ConditionalOnBean (types: org.springframework.web.multipart.MultipartResolver; SearchStrategy: all) did not find any beans of type org.springframework.web.multipart.MultipartResolver (OnBeanCondition)

   DynatraceMetricsExportAutoConfiguration:
      Did not match:
         - @ConditionalOnClass did not find required class 'io.micrometer.dynatrace.DynatraceMeterRegistry' (OnClassCondition)

   ElasticMetricsExportAutoConfiguration:
      Did not match:
         - @ConditionalOnClass did not find required class 'io.micrometer.elastic.ElasticMeterRegistry' (OnClassCondition)

   ElasticsearchClientAutoConfiguration:
      Did not match:
         - @ConditionalOnClass did not find required class 'co.elastic.clients.elasticsearch.ElasticsearchClient' (OnClassCondition)

   ElasticsearchDataAutoConfiguration:
      Did not match:
         - @ConditionalOnClass did not find required class 'org.springframework.data.elasticsearch.client.elc.ElasticsearchTemplate' (OnClassCondition)

   ElasticsearchReactiveHealthContributorAutoConfiguration:
      Did not match:
         - @ConditionalOnClass did not find required class 'reactor.core.publisher.Flux' (OnClassCondition)

   ElasticsearchRepositoriesAutoConfiguration:
      Did not match:
         - @ConditionalOnClass did not find required class 'org.springframework.data.elasticsearch.repository.ElasticsearchRepository' (OnClassCondition)

   ElasticsearchRestClientAutoConfiguration:
      Did not match:
         - @ConditionalOnClass did not find required class 'org.elasticsearch.client.RestClientBuilder' (OnClassCondition)

   ElasticsearchRestHealthContributorAutoConfiguration:
      Did not match:
         - @ConditionalOnClass did not find required class 'org.elasticsearch.client.RestClient' (OnClassCondition)

   EmbeddedLdapAutoConfiguration:
      Did not match:
         - @ConditionalOnClass did not find required class 'com.unboundid.ldap.listener.InMemoryDirectoryServer' (OnClassCondition)

   EmbeddedWebServerFactoryCustomizerAutoConfiguration.JettyWebServerFactoryCustomizerConfiguration:
      Did not match:
         - @ConditionalOnClass did not find required classes 'org.eclipse.jetty.server.Server', 'org.eclipse.jetty.util.Loader', 'org.eclipse.jetty.ee10.webapp.WebAppContext' (OnClassCondition)

   EmbeddedWebServerFactoryCustomizerAutoConfiguration.NettyWebServerFactoryCustomizerConfiguration:
      Did not match:
         - @ConditionalOnClass did not find required class 'reactor.netty.http.server.HttpServer' (OnClassCondition)

   EmbeddedWebServerFactoryCustomizerAutoConfiguration.TomcatWebServerFactoryCustomizerConfiguration#tomcatVirtualThreadsProtocolHandlerCustomizer:
      Did not match:
         - @ConditionalOnThreading did not find VIRTUAL (OnThreadingCondition)

   EmbeddedWebServerFactoryCustomizerAutoConfiguration.UndertowWebServerFactoryCustomizerConfiguration:
      Did not match:
         - @ConditionalOnClass did not find required classes 'io.undertow.Undertow', 'org.xnio.SslClientAuthMode' (OnClassCondition)

   EnvironmentEndpointAutoConfiguration:
      Did not match:
         - @ConditionalOnAvailableEndpoint not exposed (OnAvailableEndpointCondition)

   ErrorWebFluxAutoConfiguration:
      Did not match:
         - @ConditionalOnClass did not find required class 'org.springframework.web.reactive.config.WebFluxConfigurer' (OnClassCondition)

   FlywayAutoConfiguration:
      Did not match:
         - @ConditionalOnClass did not find required class 'org.flywaydb.core.Flyway' (OnClassCondition)

   FlywayEndpointAutoConfiguration:
      Did not match:
         - @ConditionalOnClass did not find required class 'org.flywaydb.core.Flyway' (OnClassCondition)

   FreeMarkerAutoConfiguration:
      Did not match:
         - @ConditionalOnClass did not find required class 'freemarker.template.Configuration' (OnClassCondition)

   GangliaMetricsExportAutoConfiguration:
      Did not match:
         - @ConditionalOnClass did not find required class 'io.micrometer.ganglia.GangliaMeterRegistry' (OnClassCondition)

   GraphQlAutoConfiguration:
      Did not match:
         - @ConditionalOnClass did not find required class 'graphql.GraphQL' (OnClassCondition)

   GraphQlObservationAutoConfiguration:
      Did not match:
         - @ConditionalOnClass did not find required class 'graphql.GraphQL' (OnClassCondition)

   GraphQlQueryByExampleAutoConfiguration:
      Did not match:
         - @ConditionalOnClass did not find required class 'graphql.GraphQL' (OnClassCondition)

   GraphQlQuerydslAutoConfiguration:
      Did not match:
         - @ConditionalOnClass did not find required class 'com.querydsl.core.Query' (OnClassCondition)

   GraphQlRSocketAutoConfiguration:
      Did not match:
         - @ConditionalOnClass did not find required class 'graphql.GraphQL' (OnClassCondition)

   GraphQlReactiveQueryByExampleAutoConfiguration:
      Did not match:
         - @ConditionalOnClass did not find required class 'graphql.GraphQL' (OnClassCondition)

   GraphQlReactiveQuerydslAutoConfiguration:
      Did not match:
         - @ConditionalOnClass did not find required class 'com.querydsl.core.Query' (OnClassCondition)

   GraphQlWebFluxAutoConfiguration:
      Did not match:
         - @ConditionalOnClass did not find required class 'graphql.GraphQL' (OnClassCondition)

   GraphQlWebFluxSecurityAutoConfiguration:
      Did not match:
         - @ConditionalOnClass did not find required class 'graphql.GraphQL' (OnClassCondition)

   GraphQlWebMvcAutoConfiguration:
      Did not match:
         - @ConditionalOnClass did not find required class 'graphql.GraphQL' (OnClassCondition)

   GraphQlWebMvcSecurityAutoConfiguration:
      Did not match:
         - @ConditionalOnClass did not find required class 'graphql.GraphQL' (OnClassCondition)

   GraphiteMetricsExportAutoConfiguration:
      Did not match:
         - @ConditionalOnClass did not find required class 'io.micrometer.graphite.GraphiteMeterRegistry' (OnClassCondition)

   GroovyTemplateAutoConfiguration:
      Did not match:
         - @ConditionalOnClass did not find required class 'groovy.text.markup.MarkupTemplateEngine' (OnClassCondition)

   GsonAutoConfiguration:
      Did not match:
         - @ConditionalOnClass did not find required class 'com.google.gson.Gson' (OnClassCondition)

   GsonHttpMessageConvertersConfiguration:
      Did not match:
         - @ConditionalOnClass did not find required class 'com.google.gson.Gson' (OnClassCondition)

   H2ConsoleAutoConfiguration:
      Did not match:
         - @ConditionalOnClass did not find required class 'org.h2.server.web.JakartaWebServlet' (OnClassCondition)

   HazelcastAutoConfiguration:
      Did not match:
         - @ConditionalOnClass did not find required class 'com.hazelcast.core.HazelcastInstance' (OnClassCondition)

   HazelcastCacheConfiguration:
      Did not match:
         - @ConditionalOnClass did not find required class 'com.hazelcast.core.HazelcastInstance' (OnClassCondition)

   HazelcastHealthContributorAutoConfiguration:
      Did not match:
         - @ConditionalOnClass did not find required class 'com.hazelcast.core.HazelcastInstance' (OnClassCondition)

   HazelcastJpaDependencyAutoConfiguration:
      Did not match:
         - @ConditionalOnClass did not find required class 'com.hazelcast.core.HazelcastInstance' (OnClassCondition)

   HealthEndpointReactiveWebExtensionConfiguration:
      Did not match:
         - did not find reactive web application classes (OnWebApplicationCondition)

   HealthEndpointWebExtensionConfiguration.JerseyAdditionalHealthEndpointPathsConfiguration:
      Did not match:
         - @ConditionalOnClass did not find required class 'org.glassfish.jersey.server.ResourceConfig' (OnClassCondition)

   HeapDumpWebEndpointAutoConfiguration:
      Did not match:
         - @ConditionalOnAvailableEndpoint the configured access for endpoint 'heapdump' is NONE (OnAvailableEndpointCondition)

   HibernateJpaAutoConfiguration:
      Did not match:
         - @ConditionalOnClass did not find required class 'jakarta.persistence.EntityManager' (OnClassCondition)

   HibernateMetricsAutoConfiguration:
      Did not match:
         - @ConditionalOnClass did not find required class 'jakarta.persistence.EntityManagerFactory' (OnClassCondition)

   HttpExchangesAutoConfiguration:
      Did not match:
         - @ConditionalOnBean (types: org.springframework.boot.actuate.web.exchanges.HttpExchangeRepository; SearchStrategy: all) did not find any beans of type org.springframework.boot.actuate.web.exchanges.HttpExchangeRepository (OnBeanCondition)
      Matched:
         - @ConditionalOnWebApplication (required) found 'session' scope (OnWebApplicationCondition)
         - @ConditionalOnBooleanProperty (management.httpexchanges.recording.enabled=true) matched (OnPropertyCondition)

   HttpExchangesAutoConfiguration.ReactiveHttpExchangesConfiguration:
      Did not match:
         - did not find reactive web application classes (OnWebApplicationCondition)
         - Ancestor org.springframework.boot.actuate.autoconfigure.web.exchanges.HttpExchangesAutoConfiguration did not match (ConditionEvaluationReport.AncestorsMatchedCondition)

   HttpExchangesAutoConfiguration.ServletHttpExchangesConfiguration:
      Did not match:
         - Ancestor org.springframework.boot.actuate.autoconfigure.web.exchanges.HttpExchangesAutoConfiguration did not match (ConditionEvaluationReport.AncestorsMatchedCondition)
      Matched:
         - found 'session' scope (OnWebApplicationCondition)

   HttpExchangesEndpointAutoConfiguration:
      Did not match:
         - @ConditionalOnAvailableEndpoint not exposed (OnAvailableEndpointCondition)

   HttpHandlerAutoConfiguration:
      Did not match:
         - @ConditionalOnClass did not find required class 'org.springframework.web.reactive.DispatcherHandler' (OnClassCondition)

   HumioMetricsExportAutoConfiguration:
      Did not match:
         - @ConditionalOnClass did not find required class 'io.micrometer.humio.HumioMeterRegistry' (OnClassCondition)

   HypermediaAutoConfiguration:
      Did not match:
         - @ConditionalOnClass did not find required class 'org.springframework.hateoas.EntityModel' (OnClassCondition)

   InfinispanCacheConfiguration:
      Did not match:
         - @ConditionalOnClass did not find required class 'org.infinispan.spring.embedded.provider.SpringEmbeddedCacheManager' (OnClassCondition)

   InfluxMetricsExportAutoConfiguration:
      Did not match:
         - @ConditionalOnClass did not find required class 'io.micrometer.influx.InfluxMeterRegistry' (OnClassCondition)

   InfoContributorAutoConfiguration#buildInfoContributor:
      Did not match:
         - @ConditionalOnSingleCandidate (types: org.springframework.boot.info.BuildProperties; SearchStrategy: all) did not find any beans (OnBeanCondition)
      Matched:
         - @ConditionalOnEnabledInfoContributor management.info.defaults.enabled is considered true (OnEnabledInfoContributorCondition)

   InfoContributorAutoConfiguration#envInfoContributor:
      Did not match:
         - @ConditionalOnEnabledInfoContributor management.info.env.enabled is not true (OnEnabledInfoContributorCondition)

   InfoContributorAutoConfiguration#gitInfoContributor:
      Did not match:
         - @ConditionalOnSingleCandidate (types: org.springframework.boot.info.GitProperties; SearchStrategy: all) did not find any beans (OnBeanCondition)
      Matched:
         - @ConditionalOnEnabledInfoContributor management.info.defaults.enabled is considered true (OnEnabledInfoContributorCondition)

   InfoContributorAutoConfiguration#javaInfoContributor:
      Did not match:
         - @ConditionalOnEnabledInfoContributor management.info.java.enabled is not true (OnEnabledInfoContributorCondition)

   InfoContributorAutoConfiguration#osInfoContributor:
      Did not match:
         - @ConditionalOnEnabledInfoContributor management.info.os.enabled is not true (OnEnabledInfoContributorCondition)

   InfoContributorAutoConfiguration#processInfoContributor:
      Did not match:
         - @ConditionalOnEnabledInfoContributor management.info.process.enabled is not true (OnEnabledInfoContributorCondition)

   InfoContributorAutoConfiguration#sslInfo:
      Did not match:
         - @ConditionalOnEnabledInfoContributor management.info.ssl.enabled is not true (OnEnabledInfoContributorCondition)
      Matched:
         - @ConditionalOnMissingBean (types: org.springframework.boot.info.SslInfo; SearchStrategy: all) did not find any beans (OnBeanCondition)

   InfoContributorAutoConfiguration#sslInfoContributor:
      Did not match:
         - @ConditionalOnEnabledInfoContributor management.info.ssl.enabled is not true (OnEnabledInfoContributorCondition)

   IntegrationAutoConfiguration:
      Did not match:
         - @ConditionalOnClass did not find required class 'org.springframework.integration.config.EnableIntegration' (OnClassCondition)

   IntegrationGraphEndpointAutoConfiguration:
      Did not match:
         - @ConditionalOnClass did not find required class 'org.springframework.integration.graph.IntegrationGraphServer' (OnClassCondition)

   JCacheCacheConfiguration:
      Did not match:
         - @ConditionalOnClass did not find required class 'javax.cache.Caching' (OnClassCondition)

   JacksonHttpMessageConvertersConfiguration.MappingJackson2XmlHttpMessageConverterConfiguration:
      Did not match:
         - @ConditionalOnClass did not find required class 'com.fasterxml.jackson.dataformat.xml.XmlMapper' (OnClassCondition)

   JdbcClientAutoConfiguration:
      Did not match:
         - @ConditionalOnSingleCandidate did not find required type 'org.springframework.jdbc.core.namedparam.NamedParameterJdbcTemplate' (OnBeanCondition)

   JdbcRepositoriesAutoConfiguration:
      Did not match:
         - @ConditionalOnClass did not find required class 'org.springframework.data.jdbc.repository.config.AbstractJdbcConfiguration' (OnClassCondition)

   JdbcTemplateAutoConfiguration:
      Did not match:
         - @ConditionalOnClass did not find required class 'org.springframework.jdbc.core.JdbcTemplate' (OnClassCondition)

   JerseyAutoConfiguration:
      Did not match:
         - @ConditionalOnClass did not find required class 'org.glassfish.jersey.server.spring.SpringComponentProvider' (OnClassCondition)

   JerseySameManagementContextConfiguration:
      Did not match:
         - @ConditionalOnClass did not find required class 'org.glassfish.jersey.server.ResourceConfig' (OnClassCondition)

   JerseyServerMetricsAutoConfiguration:
      Did not match:
         - @ConditionalOnClass did not find required class 'org.glassfish.jersey.micrometer.server.ObservationApplicationEventListener' (OnClassCondition)

   JerseyWebEndpointManagementContextConfiguration:
      Did not match:
         - @ConditionalOnClass did not find required class 'org.glassfish.jersey.server.ResourceConfig' (OnClassCondition)

   JettyMetricsAutoConfiguration:
      Did not match:
         - @ConditionalOnClass did not find required class 'org.eclipse.jetty.server.Server' (OnClassCondition)

   JmsAutoConfiguration:
      Did not match:
         - @ConditionalOnClass did not find required class 'jakarta.jms.Message' (OnClassCondition)

   JmsHealthContributorAutoConfiguration:
      Did not match:
         - @ConditionalOnClass did not find required class 'jakarta.jms.ConnectionFactory' (OnClassCondition)

   JmxAutoConfiguration:
      Did not match:
         - @ConditionalOnBooleanProperty (spring.jmx.enabled=true) found different value in property 'spring.jmx.enabled' (OnPropertyCondition)
      Matched:
         - @ConditionalOnClass found required class 'org.springframework.jmx.export.MBeanExporter' (OnClassCondition)

   JmxEndpointAutoConfiguration:
      Did not match:
         - @ConditionalOnBooleanProperty (spring.jmx.enabled=true) found different value in property 'spring.jmx.enabled' (OnPropertyCondition)

   JmxMetricsExportAutoConfiguration:
      Did not match:
         - @ConditionalOnClass did not find required class 'io.micrometer.jmx.JmxMeterRegistry' (OnClassCondition)

   JndiConnectionFactoryAutoConfiguration:
      Did not match:
         - @ConditionalOnClass did not find required class 'org.springframework.jms.core.JmsTemplate' (OnClassCondition)

   JndiDataSourceAutoConfiguration:
      Did not match:
         - @ConditionalOnClass did not find required class 'org.springframework.jdbc.datasource.embedded.EmbeddedDatabaseType' (OnClassCondition)

   JooqAutoConfiguration:
      Did not match:
         - @ConditionalOnClass did not find required class 'org.jooq.DSLContext' (OnClassCondition)

   JpaRepositoriesAutoConfiguration:
      Did not match:
         - @ConditionalOnClass did not find required class 'org.springframework.data.jpa.repository.JpaRepository' (OnClassCondition)

   JsonbAutoConfiguration:
      Did not match:
         - @ConditionalOnClass did not find required class 'jakarta.json.bind.Jsonb' (OnClassCondition)

   JsonbHttpMessageConvertersConfiguration:
      Did not match:
         - @ConditionalOnClass did not find required class 'jakarta.json.bind.Jsonb' (OnClassCondition)

   JtaAutoConfiguration:
      Did not match:
         - @ConditionalOnClass did not find required class 'jakarta.transaction.Transaction' (OnClassCondition)

   JvmMetricsAutoConfiguration#virtualThreadMetrics:
      Did not match:
         - @ConditionalOnClass did not find required class 'io.micrometer.java21.instrument.binder.jdk.VirtualThreadMetrics' (OnClassCondition)

   KafkaAutoConfiguration:
      Did not match:
         - @ConditionalOnClass did not find required class 'org.springframework.kafka.core.KafkaTemplate' (OnClassCondition)

   KafkaMetricsAutoConfiguration:
      Did not match:
         - @ConditionalOnClass did not find required class 'org.springframework.kafka.core.ProducerFactory' (OnClassCondition)

   KairosMetricsExportAutoConfiguration:
      Did not match:
         - @ConditionalOnClass did not find required class 'io.micrometer.kairos.KairosMeterRegistry' (OnClassCondition)

   LdapAutoConfiguration:
      Did not match:
         - @ConditionalOnClass did not find required class 'org.springframework.ldap.core.ContextSource' (OnClassCondition)

   LdapHealthContributorAutoConfiguration:
      Did not match:
         - @ConditionalOnClass did not find required class 'org.springframework.ldap.core.LdapOperations' (OnClassCondition)

   LdapRepositoriesAutoConfiguration:
      Did not match:
         - @ConditionalOnClass did not find required class 'org.springframework.data.ldap.repository.LdapRepository' (OnClassCondition)

   LettuceMetricsAutoConfiguration:
      Did not match:
         - @ConditionalOnClass did not find required class 'io.lettuce.core.metrics.MicrometerCommandLatencyRecorder' (OnClassCondition)

   LiquibaseAutoConfiguration:
      Did not match:
         - @ConditionalOnClass did not find required class 'liquibase.change.DatabaseChange' (OnClassCondition)

   LiquibaseEndpointAutoConfiguration:
      Did not match:
         - @ConditionalOnClass did not find required class 'liquibase.integration.spring.SpringLiquibase' (OnClassCondition)

   LocalDevToolsAutoConfiguration:
      Did not match:
         - Initialized Restarter Condition initialized without URLs (OnInitializedRestarterCondition)

   Log4J2MetricsAutoConfiguration:
      Did not match:
         - @ConditionalOnClass did not find required class 'org.apache.logging.log4j.core.LoggerContext' (OnClassCondition)

   LogFileWebEndpointAutoConfiguration:
      Did not match:
         - @ConditionalOnAvailableEndpoint not exposed (OnAvailableEndpointCondition)

   LoggersEndpointAutoConfiguration:
      Did not match:
         - @ConditionalOnAvailableEndpoint not exposed (OnAvailableEndpointCondition)

   MailHealthContributorAutoConfiguration:
      Did not match:
         - @ConditionalOnClass did not find required class 'org.springframework.mail.javamail.JavaMailSenderImpl' (OnClassCondition)

   MailSenderAutoConfiguration:
      Did not match:
         - @ConditionalOnClass did not find required class 'jakarta.mail.internet.MimeMessage' (OnClassCondition)

   MailSenderValidatorAutoConfiguration:
      Did not match:
         - @ConditionalOnSingleCandidate did not find required type 'org.springframework.mail.javamail.JavaMailSenderImpl' (OnBeanCondition)

   ManagementContextAutoConfiguration.DifferentManagementContextConfiguration:
      Did not match:
         - Management Port actual port type (SAME) did not match required type (DIFFERENT) (OnManagementPortCondition)

   ManagementWebSecurityAutoConfiguration:
      Did not match:
         - AllNestedConditions 1 matched 1 did not; NestedCondition on DefaultWebSecurityCondition.Beans @ConditionalOnMissingBean (types: ?; SearchStrategy: all) did not find any beans; NestedCondition on DefaultWebSecurityCondition.Classes @ConditionalOnClass did not find required classes 'org.springframework.security.web.SecurityFilterChain', 'org.springframework.security.config.annotation.web.builders.HttpSecurity' (DefaultWebSecurityCondition)
      Matched:
         - found 'session' scope (OnWebApplicationCondition)

   MappingsEndpointAutoConfiguration:
      Did not match:
         - @ConditionalOnAvailableEndpoint not exposed (OnAvailableEndpointCondition)

   MessageSourceAutoConfiguration:
      Did not match:
         - ResourceBundle did not find bundle with basename messages (MessageSourceAutoConfiguration.ResourceBundleCondition)

   MetricsAspectsAutoConfiguration:
      Did not match:
         - @ConditionalOnBooleanProperty (management.observations.annotations.enabled=true) did not find property 'management.observations.annotations.enabled' (OnPropertyCondition)
      Matched:
         - @ConditionalOnClass found required classes 'io.micrometer.core.instrument.MeterRegistry', 'org.aspectj.weaver.Advice' (OnClassCondition)

   MicrometerTracingAutoConfiguration:
      Did not match:
         - @ConditionalOnClass did not find required class 'io.micrometer.tracing.Tracer' (OnClassCondition)

   MongoAutoConfiguration:
      Did not match:
         - @ConditionalOnClass did not find required class 'com.mongodb.client.MongoClient' (OnClassCondition)

   MongoDataAutoConfiguration:
      Did not match:
         - @ConditionalOnClass did not find required class 'com.mongodb.client.MongoClient' (OnClassCondition)

   MongoHealthContributorAutoConfiguration:
      Did not match:
         - @ConditionalOnClass did not find required class 'org.springframework.data.mongodb.core.MongoTemplate' (OnClassCondition)

   MongoMetricsAutoConfiguration:
      Did not match:
         - @ConditionalOnClass did not find required class 'com.mongodb.MongoClientSettings' (OnClassCondition)

   MongoReactiveAutoConfiguration:
      Did not match:
         - @ConditionalOnClass did not find required class 'com.mongodb.reactivestreams.client.MongoClient' (OnClassCondition)

   MongoReactiveDataAutoConfiguration:
      Did not match:
         - @ConditionalOnClass did not find required class 'com.mongodb.reactivestreams.client.MongoClient' (OnClassCondition)

   MongoReactiveHealthContributorAutoConfiguration:
      Did not match:
         - @ConditionalOnClass did not find required class 'reactor.core.publisher.Flux' (OnClassCondition)

   MongoReactiveRepositoriesAutoConfiguration:
      Did not match:
         - @ConditionalOnClass did not find required class 'com.mongodb.reactivestreams.client.MongoClient' (OnClassCondition)

   MongoRepositoriesAutoConfiguration:
      Did not match:
         - @ConditionalOnClass did not find required class 'com.mongodb.client.MongoClient' (OnClassCondition)

   MustacheAutoConfiguration:
      Did not match:
         - @ConditionalOnClass did not find required class 'com.samskivert.mustache.Mustache' (OnClassCondition)

   Neo4jAutoConfiguration:
      Did not match:
         - @ConditionalOnClass did not find required class 'org.neo4j.driver.Driver' (OnClassCondition)

   Neo4jDataAutoConfiguration:
      Did not match:
         - @ConditionalOnClass did not find required class 'org.neo4j.driver.Driver' (OnClassCondition)

   Neo4jHealthContributorAutoConfiguration:
      Did not match:
         - @ConditionalOnClass did not find required class 'org.neo4j.driver.Driver' (OnClassCondition)

   Neo4jReactiveDataAutoConfiguration:
      Did not match:
         - @ConditionalOnClass did not find required class 'org.neo4j.driver.Driver' (OnClassCondition)

   Neo4jReactiveRepositoriesAutoConfiguration:
      Did not match:
         - @ConditionalOnClass did not find required class 'org.neo4j.driver.Driver' (OnClassCondition)

   Neo4jRepositoriesAutoConfiguration:
      Did not match:
         - @ConditionalOnClass did not find required class 'org.neo4j.driver.Driver' (OnClassCondition)

   NettyAutoConfiguration:
      Did not match:
         - @ConditionalOnClass did not find required class 'io.netty.util.NettyRuntime' (OnClassCondition)

   NewRelicMetricsExportAutoConfiguration:
      Did not match:
         - @ConditionalOnClass did not find required class 'io.micrometer.newrelic.NewRelicMeterRegistry' (OnClassCondition)

   NoOpMeterRegistryConfiguration:
      Did not match:
         - @ConditionalOnMissingBean (types: io.micrometer.core.instrument.MeterRegistry; SearchStrategy: all) found beans of type 'io.micrometer.core.instrument.MeterRegistry' simpleMeterRegistry (OnBeanCondition)

   NoopTracerAutoConfiguration:
      Did not match:
         - @ConditionalOnClass did not find required class 'io.micrometer.tracing.Tracer' (OnClassCondition)

   OAuth2AuthorizationServerAutoConfiguration:
      Did not match:
         - @ConditionalOnClass did not find required class 'org.springframework.security.oauth2.server.authorization.OAuth2Authorization' (OnClassCondition)

   OAuth2AuthorizationServerJwtAutoConfiguration:
      Did not match:
         - @ConditionalOnClass did not find required class 'com.nimbusds.jose.jwk.source.JWKSource' (OnClassCondition)

   OAuth2ClientAutoConfiguration:
      Did not match:
         - @ConditionalOnClass did not find required class 'org.springframework.security.oauth2.client.registration.ClientRegistration' (OnClassCondition)

   OAuth2ClientWebSecurityAutoConfiguration:
      Did not match:
         - @ConditionalOnClass did not find required class 'org.springframework.security.config.annotation.web.configuration.EnableWebSecurity' (OnClassCondition)

   OAuth2ResourceServerAutoConfiguration:
      Did not match:
         - @ConditionalOnClass did not find required class 'org.springframework.security.oauth2.server.resource.authentication.BearerTokenAuthenticationToken' (OnClassCondition)

   ObservationAutoConfiguration.MeterObservationHandlerConfiguration.TracingAndMetricsObservationHandlerConfiguration:
      Did not match:
         - @ConditionalOnBean did not find required type 'io.micrometer.tracing.Tracer' (OnBeanCondition)
         - @ConditionalOnBean (types: ?; SearchStrategy: all) did not find any beans of type ? (OnBeanCondition)

   ObservationAutoConfiguration.MetricsWithTracingConfiguration:
      Did not match:
         - @ConditionalOnClass did not find required class 'io.micrometer.tracing.Tracer' (OnClassCondition)

   ObservationAutoConfiguration.ObservedAspectConfiguration:
      Did not match:
         - @ConditionalOnBooleanProperty (management.observations.annotations.enabled=true) did not find property 'management.observations.annotations.enabled' (OnPropertyCondition)
      Matched:
         - @ConditionalOnClass found required class 'org.aspectj.weaver.Advice' (OnClassCondition)

   ObservationAutoConfiguration.OnlyTracingConfiguration:
      Did not match:
         - @ConditionalOnClass did not find required class 'io.micrometer.tracing.Tracer' (OnClassCondition)

   OpenTelemetryAutoConfiguration:
      Did not match:
         - @ConditionalOnClass did not find required class 'io.opentelemetry.sdk.OpenTelemetrySdk' (OnClassCondition)

   OpenTelemetryLoggingAutoConfiguration:
      Did not match:
         - @ConditionalOnClass did not find required class 'io.opentelemetry.api.OpenTelemetry' (OnClassCondition)

   OpenTelemetryTracingAutoConfiguration:
      Did not match:
         - @ConditionalOnClass did not find required class 'io.micrometer.tracing.otel.bridge.OtelTracer' (OnClassCondition)

   OtlpLoggingAutoConfiguration:
      Did not match:
         - @ConditionalOnClass did not find required class 'io.opentelemetry.api.OpenTelemetry' (OnClassCondition)

   OtlpMetricsExportAutoConfiguration:
      Did not match:
         - @ConditionalOnClass did not find required class 'io.micrometer.registry.otlp.OtlpMeterRegistry' (OnClassCondition)

   OtlpTracingAutoConfiguration:
      Did not match:
         - @ConditionalOnClass did not find required class 'io.micrometer.tracing.otel.bridge.OtelTracer' (OnClassCondition)

   PersistenceExceptionTranslationAutoConfiguration:
      Did not match:
         - @ConditionalOnClass did not find required class 'org.springframework.dao.annotation.PersistenceExceptionTranslationPostProcessor' (OnClassCondition)

   ProjectInfoAutoConfiguration#buildProperties:
      Did not match:
         - @ConditionalOnResource did not find resource '${spring.info.build.location:classpath:META-INF/build-info.properties}' (OnResourceCondition)

   ProjectInfoAutoConfiguration#gitProperties:
      Did not match:
         - GitResource did not find git info at classpath:git.properties (ProjectInfoAutoConfiguration.GitResourceAvailableCondition)

   PrometheusExemplarsAutoConfiguration:
      Did not match:
         - @ConditionalOnClass did not find required class 'io.micrometer.tracing.Tracer' (OnClassCondition)

   PrometheusMetricsExportAutoConfiguration:
      Did not match:
         - @ConditionalOnEnabledMetricsExport management.defaults.metrics.export.enabled is considered false (OnMetricsExportEnabledCondition)
      Matched:
         - @ConditionalOnClass found required class 'io.micrometer.prometheusmetrics.PrometheusMeterRegistry' (OnClassCondition)

   PulsarAutoConfiguration:
      Did not match:
         - @ConditionalOnClass did not find required class 'org.apache.pulsar.client.api.PulsarClient' (OnClassCondition)

   PulsarReactiveAutoConfiguration:
      Did not match:
         - @ConditionalOnClass did not find required class 'org.apache.pulsar.client.api.PulsarClient' (OnClassCondition)

   QuartzAutoConfiguration:
      Did not match:
         - @ConditionalOnClass did not find required class 'org.quartz.Scheduler' (OnClassCondition)

   QuartzEndpointAutoConfiguration:
      Did not match:
         - @ConditionalOnClass did not find required class 'org.quartz.Scheduler' (OnClassCondition)

   R2dbcAutoConfiguration:
      Did not match:
         - @ConditionalOnClass did not find required class 'io.r2dbc.spi.ConnectionFactory' (OnClassCondition)

   R2dbcDataAutoConfiguration:
      Did not match:
         - @ConditionalOnClass did not find required class 'org.springframework.data.r2dbc.core.R2dbcEntityTemplate' (OnClassCondition)

   R2dbcInitializationConfiguration:
      Did not match:
         - @ConditionalOnClass did not find required classes 'io.r2dbc.spi.ConnectionFactory', 'org.springframework.r2dbc.connection.init.DatabasePopulator' (OnClassCondition)

   R2dbcObservationAutoConfiguration:
      Did not match:
         - @ConditionalOnClass did not find required class 'io.r2dbc.proxy.ProxyConnectionFactory' (OnClassCondition)

   R2dbcProxyAutoConfiguration:
      Did not match:
         - @ConditionalOnClass did not find required class 'io.r2dbc.proxy.ProxyConnectionFactory' (OnClassCondition)

   R2dbcRepositoriesAutoConfiguration:
      Did not match:
         - @ConditionalOnClass did not find required class 'io.r2dbc.spi.ConnectionFactory' (OnClassCondition)

   R2dbcTransactionManagerAutoConfiguration:
      Did not match:
         - @ConditionalOnClass did not find required class 'org.springframework.r2dbc.connection.R2dbcTransactionManager' (OnClassCondition)

   RSocketGraphQlClientAutoConfiguration:
      Did not match:
         - @ConditionalOnClass did not find required class 'graphql.GraphQL' (OnClassCondition)

   RSocketMessagingAutoConfiguration:
      Did not match:
         - @ConditionalOnClass did not find required class 'io.rsocket.RSocket' (OnClassCondition)

   RSocketRequesterAutoConfiguration:
      Did not match:
         - @ConditionalOnClass did not find required class 'io.rsocket.RSocket' (OnClassCondition)

   RSocketSecurityAutoConfiguration:
      Did not match:
         - @ConditionalOnClass did not find required class 'org.springframework.security.rsocket.core.SecuritySocketAcceptorInterceptor' (OnClassCondition)

   RSocketServerAutoConfiguration:
      Did not match:
         - @ConditionalOnClass did not find required class 'io.rsocket.core.RSocketServer' (OnClassCondition)

   RSocketStrategiesAutoConfiguration:
      Did not match:
         - @ConditionalOnClass did not find required class 'io.netty.buffer.PooledByteBufAllocator' (OnClassCondition)

   RabbitAutoConfiguration:
      Did not match:
         - @ConditionalOnClass did not find required class 'com.rabbitmq.client.Channel' (OnClassCondition)

   RabbitHealthContributorAutoConfiguration:
      Did not match:
         - @ConditionalOnClass did not find required class 'org.springframework.amqp.rabbit.core.RabbitTemplate' (OnClassCondition)

   RabbitMetricsAutoConfiguration:
      Did not match:
         - @ConditionalOnClass did not find required class 'com.rabbitmq.client.ConnectionFactory' (OnClassCondition)

   RateLimiterAutoConfiguration.RateLimiterEndpointAutoConfiguration#rateLimiterEndpoint:
      Did not match:
         - @ConditionalOnAvailableEndpoint not exposed (OnAvailableEndpointCondition)

   RateLimiterAutoConfiguration.RateLimiterEndpointAutoConfiguration#rateLimiterEventsEndpoint:
      Did not match:
         - @ConditionalOnAvailableEndpoint not exposed (OnAvailableEndpointCondition)

   RateLimiterMetricsAutoConfiguration#registerRateLimiterMetrics:
      Did not match:
         - @ConditionalOnProperty (resilience4j.ratelimiter.metrics.legacy.enabled=true) did not find property 'resilience4j.ratelimiter.metrics.legacy.enabled' (OnPropertyCondition)

   RateLimitersHealthIndicatorAutoConfiguration#rateLimitersHealthIndicator:
      Did not match:
         - @ConditionalOnProperty (management.health.ratelimiters.enabled) did not find property 'enabled' (OnPropertyCondition)

   ReactiveCloudFoundryActuatorAutoConfiguration:
      Did not match:
         - @ConditionalOnWebApplication did not find reactive web application classes (OnWebApplicationCondition)

   ReactiveElasticsearchClientAutoConfiguration:
      Did not match:
         - @ConditionalOnClass did not find required class 'co.elastic.clients.transport.ElasticsearchTransport' (OnClassCondition)

   ReactiveElasticsearchRepositoriesAutoConfiguration:
      Did not match:
         - @ConditionalOnClass did not find required class 'reactor.core.publisher.Mono' (OnClassCondition)

   ReactiveHealthEndpointConfiguration:
      Did not match:
         - @ConditionalOnClass did not find required class 'reactor.core.publisher.Flux' (OnClassCondition)

   ReactiveManagementContextAutoConfiguration:
      Did not match:
         - @ConditionalOnClass did not find required class 'reactor.core.publisher.Flux' (OnClassCondition)

   ReactiveManagementWebSecurityAutoConfiguration:
      Did not match:
         - @ConditionalOnClass did not find required class 'org.springframework.security.config.annotation.web.reactive.EnableWebFluxSecurity' (OnClassCondition)

   ReactiveMultipartAutoConfiguration:
      Did not match:
         - @ConditionalOnClass did not find required class 'org.springframework.web.reactive.config.WebFluxConfigurer' (OnClassCondition)

   ReactiveOAuth2ClientAutoConfiguration:
      Did not match:
         - @ConditionalOnClass did not find required class 'reactor.core.publisher.Flux' (OnClassCondition)

   ReactiveOAuth2ClientWebSecurityAutoConfiguration:
      Did not match:
         - @ConditionalOnClass did not find required class 'reactor.core.publisher.Flux' (OnClassCondition)

   ReactiveOAuth2ResourceServerAutoConfiguration:
      Did not match:
         - @ConditionalOnClass did not find required class 'org.springframework.security.config.annotation.web.reactive.EnableWebFluxSecurity' (OnClassCondition)

   ReactiveSecurityAutoConfiguration:
      Did not match:
         - @ConditionalOnClass did not find required class 'reactor.core.publisher.Flux' (OnClassCondition)

   ReactiveUserDetailsServiceAutoConfiguration:
      Did not match:
         - @ConditionalOnClass did not find required class 'org.springframework.security.authentication.ReactiveAuthenticationManager' (OnClassCondition)

   ReactiveWebServerFactoryAutoConfiguration:
      Did not match:
         - @ConditionalOnWebApplication did not find reactive web application classes (OnWebApplicationCondition)

   ReactorAutoConfiguration:
      Did not match:
         - @ConditionalOnClass did not find required class 'reactor.core.publisher.Hooks' (OnClassCondition)

   RedisAutoConfiguration:
      Did not match:
         - @ConditionalOnClass did not find required class 'org.springframework.data.redis.core.RedisOperations' (OnClassCondition)

   RedisCacheConfiguration:
      Did not match:
         - @ConditionalOnClass did not find required class 'org.springframework.data.redis.connection.RedisConnectionFactory' (OnClassCondition)

   RedisHealthContributorAutoConfiguration:
      Did not match:
         - @ConditionalOnClass did not find required class 'org.springframework.data.redis.connection.RedisConnectionFactory' (OnClassCondition)

   RedisReactiveAutoConfiguration:
      Did not match:
         - @ConditionalOnClass did not find required class 'reactor.core.publisher.Flux' (OnClassCondition)

   RedisReactiveHealthContributorAutoConfiguration:
      Did not match:
         - @ConditionalOnClass did not find required class 'reactor.core.publisher.Flux' (OnClassCondition)

   RedisRepositoriesAutoConfiguration:
      Did not match:
         - @ConditionalOnClass did not find required class 'org.springframework.data.redis.repository.configuration.EnableRedisRepositories' (OnClassCondition)

   RemoteDevToolsAutoConfiguration:
      Did not match:
         - @ConditionalOnProperty (spring.devtools.remote.secret) did not find property 'spring.devtools.remote.secret' (OnPropertyCondition)
      Matched:
         - @ConditionalOnClass found required classes 'jakarta.servlet.Filter', 'org.springframework.http.server.ServerHttpRequest' (OnClassCondition)

   RepositoryMetricsAutoConfiguration:
      Did not match:
         - @ConditionalOnClass did not find required class 'org.springframework.data.repository.Repository' (OnClassCondition)

   RepositoryRestMvcAutoConfiguration:
      Did not match:
         - @ConditionalOnClass did not find required class 'org.springframework.data.rest.webmvc.config.RepositoryRestMvcConfiguration' (OnClassCondition)

   RetryAutoConfiguration.RetryAutoEndpointConfiguration#retryEndpoint:
      Did not match:
         - @ConditionalOnAvailableEndpoint not exposed (OnAvailableEndpointCondition)

   RetryAutoConfiguration.RetryAutoEndpointConfiguration#retryEventsEndpoint:
      Did not match:
         - @ConditionalOnAvailableEndpoint not exposed (OnAvailableEndpointCondition)

   RetryMetricsAutoConfiguration#registerRetryMetrics:
      Did not match:
         - @ConditionalOnProperty (resilience4j.retry.metrics.legacy.enabled=true) did not find property 'resilience4j.retry.metrics.legacy.enabled' (OnPropertyCondition)

   Saml2RelyingPartyAutoConfiguration:
      Did not match:
         - @ConditionalOnClass did not find required class 'org.springframework.security.saml2.provider.service.registration.RelyingPartyRegistrationRepository' (OnClassCondition)

   SbomEndpointAutoConfiguration:
      Did not match:
         - @ConditionalOnAvailableEndpoint not exposed (OnAvailableEndpointCondition)

   ScheduledTasksEndpointAutoConfiguration:
      Did not match:
         - @ConditionalOnAvailableEndpoint not exposed (OnAvailableEndpointCondition)

   SecurityAutoConfiguration:
      Did not match:
         - @ConditionalOnClass did not find required class 'org.springframework.security.authentication.DefaultAuthenticationEventPublisher' (OnClassCondition)

   SecurityFilterAutoConfiguration:
      Did not match:
         - @ConditionalOnClass did not find required class 'org.springframework.security.config.http.SessionCreationPolicy' (OnClassCondition)

   SecurityRequestMatchersManagementContextConfiguration:
      Did not match:
         - @ConditionalOnClass did not find required class 'org.springframework.security.web.util.matcher.RequestMatcher' (OnClassCondition)

   SendGridAutoConfiguration:
      Did not match:
         - @ConditionalOnClass did not find required class 'com.sendgrid.SendGrid' (OnClassCondition)

   ServletEndpointManagementContextConfiguration.JerseyServletEndpointManagementContextConfiguration:
      Did not match:
         - @ConditionalOnClass did not find required class 'org.glassfish.jersey.server.ResourceConfig' (OnClassCondition)

   ServletManagementContextAutoConfiguration.ApplicationContextFilterConfiguration:
      Did not match:
         - @ConditionalOnBooleanProperty (management.server.add-application-context-header=true) did not find property 'management.server.add-application-context-header' (OnPropertyCondition)

   ServletWebServerFactoryAutoConfiguration.ForwardedHeaderFilterConfiguration:
      Did not match:
         - @ConditionalOnProperty (server.forward-headers-strategy=framework) did not find property 'server.forward-headers-strategy' (OnPropertyCondition)

   ServletWebServerFactoryConfiguration.EmbeddedJetty:
      Did not match:
         - @ConditionalOnClass did not find required classes 'org.eclipse.jetty.server.Server', 'org.eclipse.jetty.util.Loader', 'org.eclipse.jetty.ee10.webapp.WebAppContext' (OnClassCondition)

   ServletWebServerFactoryConfiguration.EmbeddedUndertow:
      Did not match:
         - @ConditionalOnClass did not find required classes 'io.undertow.Undertow', 'org.xnio.SslClientAuthMode' (OnClassCondition)

   SessionAutoConfiguration:
      Did not match:
         - @ConditionalOnClass did not find required class 'org.springframework.session.Session' (OnClassCondition)

   SessionsEndpointAutoConfiguration:
      Did not match:
         - @ConditionalOnClass did not find required class 'org.springframework.session.Session' (OnClassCondition)

   ShutdownEndpointAutoConfiguration:
      Did not match:
         - @ConditionalOnAvailableEndpoint the configured access for endpoint 'shutdown' is NONE (OnAvailableEndpointCondition)

   SignalFxMetricsExportAutoConfiguration:
      Did not match:
         - @ConditionalOnClass did not find required class 'io.micrometer.signalfx.SignalFxMeterRegistry' (OnClassCondition)

   SpringApplicationAdminJmxAutoConfiguration:
      Did not match:
         - @ConditionalOnBooleanProperty (spring.application.admin.enabled=true) did not find property 'spring.application.admin.enabled' (OnPropertyCondition)

   SpringDataWebAutoConfiguration:
      Did not match:
         - @ConditionalOnClass did not find required class 'org.springframework.data.web.PageableHandlerMethodArgumentResolver' (OnClassCondition)

   SslObservabilityAutoConfiguration#sslInfoProvider:
      Did not match:
         - @ConditionalOnMissingBean (types: org.springframework.boot.info.SslInfo; SearchStrategy: all) found beans of type 'org.springframework.boot.info.SslInfo' sslInfo (OnBeanCondition)

   StackdriverMetricsExportAutoConfiguration:
      Did not match:
         - @ConditionalOnClass did not find required class 'io.micrometer.stackdriver.StackdriverMeterRegistry' (OnClassCondition)

   StartupEndpointAutoConfiguration:
      Did not match:
         - ApplicationStartup configured applicationStartup is of type class org.springframework.core.metrics.DefaultApplicationStartup, expected BufferingApplicationStartup. (StartupEndpointAutoConfiguration.ApplicationStartupCondition)

   StatsdMetricsExportAutoConfiguration:
      Did not match:
         - @ConditionalOnClass did not find required class 'io.micrometer.statsd.StatsdMeterRegistry' (OnClassCondition)

   TaskExecutorConfigurations.SimpleAsyncTaskExecutorBuilderConfiguration#simpleAsyncTaskExecutorBuilderVirtualThreads:
      Did not match:
         - @ConditionalOnMissingBean (types: org.springframework.boot.task.SimpleAsyncTaskExecutorBuilder; SearchStrategy: all) found beans of type 'org.springframework.boot.task.SimpleAsyncTaskExecutorBuilder' simpleAsyncTaskExecutorBuilder (OnBeanCondition)

   TaskExecutorConfigurations.TaskExecutorConfiguration#applicationTaskExecutorVirtualThreads:
      Did not match:
         - @ConditionalOnThreading did not find VIRTUAL (OnThreadingCondition)

   TaskSchedulingAutoConfiguration#scheduledBeanLazyInitializationExcludeFilter:
      Did not match:
         - @ConditionalOnBean (names: org.springframework.context.annotation.internalScheduledAnnotationProcessor; SearchStrategy: all) did not find any beans named org.springframework.context.annotation.internalScheduledAnnotationProcessor (OnBeanCondition)

   TaskSchedulingConfigurations.SimpleAsyncTaskSchedulerBuilderConfiguration#simpleAsyncTaskSchedulerBuilderVirtualThreads:
      Did not match:
         - @ConditionalOnMissingBean (types: org.springframework.boot.task.SimpleAsyncTaskSchedulerBuilder; SearchStrategy: all) found beans of type 'org.springframework.boot.task.SimpleAsyncTaskSchedulerBuilder' simpleAsyncTaskSchedulerBuilder (OnBeanCondition)

   TaskSchedulingConfigurations.TaskSchedulerConfiguration:
      Did not match:
         - @ConditionalOnBean (names: org.springframework.context.annotation.internalScheduledAnnotationProcessor; SearchStrategy: all) did not find any beans named org.springframework.context.annotation.internalScheduledAnnotationProcessor (OnBeanCondition)

   ThreadDumpEndpointAutoConfiguration:
      Did not match:
         - @ConditionalOnAvailableEndpoint not exposed (OnAvailableEndpointCondition)

   ThreadPoolBulkheadMetricsAutoConfiguration#registerThreadPoolBulkheadMetrics:
      Did not match:
         - @ConditionalOnProperty (resilience4j.thread-pool-bulkhead.metrics.legacy.enabled=true) did not find property 'resilience4j.thread-pool-bulkhead.metrics.legacy.enabled' (OnPropertyCondition)

   ThymeleafAutoConfiguration:
      Did not match:
         - @ConditionalOnClass did not find required class 'org.thymeleaf.spring6.SpringTemplateEngine' (OnClassCondition)

   TimeLimiterAutoConfiguration.TimeLimiterAutoEndpointConfiguration#timeLimiterEndpoint:
      Did not match:
         - @ConditionalOnAvailableEndpoint not exposed (OnAvailableEndpointCondition)

   TimeLimiterAutoConfiguration.TimeLimiterAutoEndpointConfiguration#timeLimiterEventsEndpoint:
      Did not match:
         - @ConditionalOnAvailableEndpoint not exposed (OnAvailableEndpointCondition)

   TimeLimiterMetricsAutoConfiguration#registerTimeLimiterMetrics:
      Did not match:
         - @ConditionalOnProperty (resilience4j.timelimiter.metrics.legacy.enabled=true) did not find property 'resilience4j.timelimiter.metrics.legacy.enabled' (OnPropertyCondition)

   TransactionAutoConfiguration:
      Did not match:
         - @ConditionalOnClass did not find required class 'org.springframework.transaction.PlatformTransactionManager' (OnClassCondition)

   TransactionManagerCustomizationAutoConfiguration:
      Did not match:
         - @ConditionalOnClass did not find required class 'org.springframework.transaction.PlatformTransactionManager' (OnClassCondition)

   UserDetailsServiceAutoConfiguration:
      Did not match:
         - @ConditionalOnClass did not find required class 'org.springframework.security.authentication.AuthenticationManager' (OnClassCondition)

   ValidationAutoConfiguration:
      Did not match:
         - @ConditionalOnClass did not find required class 'jakarta.validation.executable.ExecutableValidator' (OnClassCondition)

   WavefrontAutoConfiguration:
      Did not match:
         - @ConditionalOnClass did not find required class 'com.wavefront.sdk.common.application.ApplicationTags' (OnClassCondition)

   WavefrontMetricsExportAutoConfiguration:
      Did not match:
         - @ConditionalOnClass did not find required class 'com.wavefront.sdk.common.WavefrontSender' (OnClassCondition)

   WavefrontTracingAutoConfiguration:
      Did not match:
         - @ConditionalOnClass did not find required class 'com.wavefront.sdk.common.WavefrontSender' (OnClassCondition)

   WebClientAutoConfiguration:
      Did not match:
         - @ConditionalOnClass did not find required class 'org.springframework.web.reactive.function.client.WebClient' (OnClassCondition)

   WebClientObservationConfiguration:
      Did not match:
         - @ConditionalOnClass did not find required class 'org.springframework.web.reactive.function.client.WebClient' (OnClassCondition)

   WebFluxAutoConfiguration:
      Did not match:
         - @ConditionalOnClass did not find required class 'org.springframework.web.reactive.config.WebFluxConfigurer' (OnClassCondition)

   WebFluxEndpointManagementContextConfiguration:
      Did not match:
         - @ConditionalOnClass did not find required class 'org.springframework.web.reactive.DispatcherHandler' (OnClassCondition)

   WebFluxObservationAutoConfiguration:
      Did not match:
         - @ConditionalOnWebApplication did not find reactive web application classes (OnWebApplicationCondition)

   WebMvcAutoConfiguration#hiddenHttpMethodFilter:
      Did not match:
         - @ConditionalOnBooleanProperty (spring.mvc.hiddenmethod.filter.enabled=true) did not find property 'spring.mvc.hiddenmethod.filter.enabled' (OnPropertyCondition)

   WebMvcAutoConfiguration.ProblemDetailsErrorHandlingConfiguration:
      Did not match:
         - @ConditionalOnBooleanProperty (spring.mvc.problemdetails.enabled=true) did not find property 'spring.mvc.problemdetails.enabled' (OnPropertyCondition)

   WebMvcAutoConfiguration.ResourceChainCustomizerConfiguration:
      Did not match:
         - @ConditionalOnEnabledResourceChain did not find class org.webjars.WebJarVersionLocator (OnEnabledResourceChainCondition)

   WebMvcAutoConfiguration.WebMvcAutoConfigurationAdapter#beanNameViewResolver:
      Did not match:
         - @ConditionalOnMissingBean (types: org.springframework.web.servlet.view.BeanNameViewResolver; SearchStrategy: all) found beans of type 'org.springframework.web.servlet.view.BeanNameViewResolver' beanNameViewResolver (OnBeanCondition)

   WebMvcEndpointManagementContextConfiguration#managementHealthEndpointWebMvcHandlerMapping:
      Did not match:
         - Management Port actual port type (SAME) did not match required type (DIFFERENT) (OnManagementPortCondition)

   WebServiceTemplateAutoConfiguration:
      Did not match:
         - @ConditionalOnClass did not find required class 'org.springframework.oxm.Marshaller' (OnClassCondition)

   WebServicesAutoConfiguration:
      Did not match:
         - @ConditionalOnClass did not find required class 'org.springframework.ws.transport.http.MessageDispatcherServlet' (OnClassCondition)

   WebSessionIdResolverAutoConfiguration:
      Did not match:
         - @ConditionalOnClass did not find required class 'reactor.core.publisher.Mono' (OnClassCondition)

   WebSocketMessagingAutoConfiguration:
      Did not match:
         - @ConditionalOnClass did not find required class 'org.springframework.web.socket.config.annotation.WebSocketMessageBrokerConfigurer' (OnClassCondition)

   WebSocketReactiveAutoConfiguration:
      Did not match:
         - @ConditionalOnWebApplication did not find reactive web application classes (OnWebApplicationCondition)

   WebSocketServletAutoConfiguration.JettyWebSocketConfiguration:
      Did not match:
         - @ConditionalOnClass did not find required class 'org.eclipse.jetty.ee10.websocket.jakarta.server.config.JakartaWebSocketServletContainerInitializer' (OnClassCondition)

   WebSocketServletAutoConfiguration.UndertowWebSocketConfiguration:
      Did not match:
         - @ConditionalOnClass did not find required class 'io.undertow.websockets.jsr.Bootstrap' (OnClassCondition)

   XADataSourceAutoConfiguration:
      Did not match:
         - @ConditionalOnClass did not find required class 'jakarta.transaction.TransactionManager' (OnClassCondition)

   ZipkinAutoConfiguration:
      Did not match:
         - @ConditionalOnClass did not find required class 'zipkin2.reporter.Encoding' (OnClassCondition)


Exclusions:
-----------

    None


Unconditional classes:
----------------------

    org.springframework.boot.autoconfigure.context.ConfigurationPropertiesAutoConfiguration

    org.springframework.boot.actuate.autoconfigure.availability.AvailabilityHealthContributorAutoConfiguration

    org.springframework.boot.autoconfigure.ssl.SslAutoConfiguration

    org.springframework.boot.actuate.autoconfigure.info.InfoContributorAutoConfiguration

    org.springframework.boot.autoconfigure.context.PropertyPlaceholderAutoConfiguration

    org.springframework.boot.autoconfigure.context.LifecycleAutoConfiguration

    org.springframework.boot.actuate.autoconfigure.metrics.integration.IntegrationMetricsAutoConfiguration

    org.springframework.boot.actuate.autoconfigure.endpoint.EndpointAutoConfiguration

    org.springframework.boot.actuate.autoconfigure.web.server.ManagementContextAutoConfiguration

    org.springframework.boot.actuate.autoconfigure.health.HealthContributorAutoConfiguration

    org.springframework.boot.actuate.autoconfigure.endpoint.jackson.JacksonEndpointAutoConfiguration

    org.springframework.boot.autoconfigure.availability.ApplicationAvailabilityAutoConfiguration

    org.springframework.boot.autoconfigure.info.ProjectInfoAutoConfiguration



18:27:28.261 &amp#27;[34mINFO &amp#27;[0;39m [&amp#27;[34mmain&amp#27;[0;39m] &amp#27;[36m[c.l.r.r.CircuitBreakerTest]&amp#27;[0;39m - Started CircuitBreakerTest in 20.451 seconds (process running for 26.051)
18:27:28.614 &amp#27;[39mDEBUG&amp#27;[0;39m [&amp#27;[34mmain&amp#27;[0;39m] &amp#27;[36m[o.s.b.a.ApplicationAvailabilityBean]&amp#27;[0;39m - Application availability state LivenessState changed to CORRECT
18:27:28.621 &amp#27;[39mDEBUG&amp#27;[0;39m [&amp#27;[34mmain&amp#27;[0;39m] &amp#27;[36m[o.s.b.d.r.Restarter]&amp#27;[0;39m - Creating new Restarter for thread Thread[main,5,main]
18:27:28.623 &amp#27;[39mDEBUG&amp#27;[0;39m [&amp#27;[34mmain&amp#27;[0;39m] &amp#27;[36m[o.s.b.a.ApplicationAvailabilityBean]&amp#27;[0;39m - Application availability state ReadinessState changed to ACCEPTING_TRAFFIC
18:27:28.634 &amp#27;[39mDEBUG&amp#27;[0;39m [&amp#27;[34mmain&amp#27;[0;39m] &amp#27;[36m[o.s.t.c.cache]&amp#27;[0;39m - Spring test ApplicationContext cache statistics: [DefaultContextCache@408708a1 size = 1, maxSize = 32, parentContextCount = 0, hitCount = 0, missCount = 1, failureCount = 0]
18:27:28.656 &amp#27;[39mDEBUG&amp#27;[0;39m [&amp#27;[34mmain&amp#27;[0;39m] &amp#27;[36m[o.s.t.c.cache]&amp#27;[0;39m - Spring test ApplicationContext cache statistics: [DefaultContextCache@408708a1 size = 1, maxSize = 32, parentContextCount = 0, hitCount = 1, missCount = 1, failureCount = 0]
18:27:28.688 &amp#27;[39mDEBUG&amp#27;[0;39m [&amp#27;[34mmain&amp#27;[0;39m] &amp#27;[36m[o.s.t.c.s.DirtiesContextBeforeModesTestExecutionListener]&amp#27;[0;39m - Before test method: class [CircuitBreakerTest], method [shouldOpenCircuitAfterFailures], class annotated with @DirtiesContext [false] with mode [null], method annotated with @DirtiesContext [false] with mode [null]
18:27:28.693 &amp#27;[39mDEBUG&amp#27;[0;39m [&amp#27;[34mmain&amp#27;[0;39m] &amp#27;[36m[o.s.t.c.cache]&amp#27;[0;39m - Spring test ApplicationContext cache statistics: [DefaultContextCache@408708a1 size = 1, maxSize = 32, parentContextCount = 0, hitCount = 2, missCount = 1, failureCount = 0]
18:27:28.696 &amp#27;[39mDEBUG&amp#27;[0;39m [&amp#27;[34mmain&amp#27;[0;39m] &amp#27;[36m[o.s.t.c.cache]&amp#27;[0;39m - Spring test ApplicationContext cache statistics: [DefaultContextCache@408708a1 size = 1, maxSize = 32, parentContextCount = 0, hitCount = 3, missCount = 1, failureCount = 0]
18:27:28.753 &amp#27;[39mDEBUG&amp#27;[0;39m [&amp#27;[34mmain&amp#27;[0;39m] &amp#27;[36m[o.s.t.c.cache]&amp#27;[0;39m - Spring test ApplicationContext cache statistics: [DefaultContextCache@408708a1 size = 1, maxSize = 32, parentContextCount = 0, hitCount = 4, missCount = 1, failureCount = 0]
18:27:28.770 &amp#27;[39mDEBUG&amp#27;[0;39m [&amp#27;[34mmain&amp#27;[0;39m] &amp#27;[36m[o.s.t.c.cache]&amp#27;[0;39m - Spring test ApplicationContext cache statistics: [DefaultContextCache@408708a1 size = 1, maxSize = 32, parentContextCount = 0, hitCount = 5, missCount = 1, failureCount = 0]

=== Testing Circuit Breaker ===
Phase 1: Triggering failures...
18:27:28.885 &amp#27;[31mWARN &amp#27;[0;39m [&amp#27;[34mmain&amp#27;[0;39m] &amp#27;[36m[c.l.r.s.RateLimitService]&amp#27;[0;39m - No API key found in header 'X-API-Key', falling back to IP address
18:27:28.887 &amp#27;[34mINFO &amp#27;[0;39m [&amp#27;[34mmain&amp#27;[0;39m] &amp#27;[36m[c.l.r.s.RateLimitService]&amp#27;[0;39m - Available keys: [apihello, apilimited]
18:27:28.888 &amp#27;[34mINFO &amp#27;[0;39m [&amp#27;[34mmain&amp#27;[0;39m] &amp#27;[36m[c.l.r.s.RateLimitService]&amp#27;[0;39m - Looking up endpoint: /api/hello
18:27:28.889 &amp#27;[34mINFO &amp#27;[0;39m [&amp#27;[34mmain&amp#27;[0;39m] &amp#27;[36m[c.l.r.s.RateLimitService]&amp#27;[0;39m - Matched Config: com.learning.ratelimiter.config.RateLimiterProperties$EndpointConfig@d99df7a
18:27:28.890 &amp#27;[34mINFO &amp#27;[0;39m [&amp#27;[34mmain&amp#27;[0;39m] &amp#27;[36m[c.l.r.s.RateLimitService]&amp#27;[0;39m - Creating rate limiter for endpoint '/api/hello' with custom config: 10req/60000ms using FIXED_WINDOW
✅ ALLOWED: IP_127.0.0.1 - Current data: ClientData{count=1, windowStart=1754657848893}
18:27:28.903 &amp#27;[34mINFO &amp#27;[0;39m [&amp#27;[34mmain&amp#27;[0;39m] &amp#27;[36m[c.l.r.s.RateLimitService]&amp#27;[0;39m - normalize apihello
18:27:28.907 &amp#27;[34mINFO &amp#27;[0;39m [&amp#27;[34mmain&amp#27;[0;39m] &amp#27;[36m[c.l.r.s.RateLimitService]&amp#27;[0;39m - ✅ ALLOWED: IP_127.0.0.1 - Remaining: 9/10 using FIXED_WINDOW
18:27:28.908 &amp#27;[39mDEBUG&amp#27;[0;39m [&amp#27;[34mmain&amp#27;[0;39m] &amp#27;[36m[i.g.r.c.i.CircuitBreakerStateMachine]&amp#27;[0;39m - CircuitBreaker 'rateLimiterCircuitBreaker' succeeded:
Request 1: ALLOWED (Emergency fallback)
18:27:28.915 &amp#27;[31mWARN &amp#27;[0;39m [&amp#27;[34mmain&amp#27;[0;39m] &amp#27;[36m[c.l.r.s.RateLimitService]&amp#27;[0;39m - No API key found in header 'X-API-Key', falling back to IP address
✅ ALLOWED: IP_127.0.0.1 - Current data: ClientData{count=2, windowStart=1754657848893}
18:27:28.916 &amp#27;[34mINFO &amp#27;[0;39m [&amp#27;[34mmain&amp#27;[0;39m] &amp#27;[36m[c.l.r.s.RateLimitService]&amp#27;[0;39m - normalize apihello
18:27:28.925 &amp#27;[31mWARN &amp#27;[0;39m [&amp#27;[34mmain&amp#27;[0;39m] &amp#27;[36m[i.m.c.i.MeterRegistry]&amp#27;[0;39m - This Gauge has been already registered (MeterId{name='rate_limiter_active_clients', tags=[tag(endpoint=/api/hello)]}), the registration will be ignored. Note that subsequent logs will be logged at debug level.
18:27:28.926 &amp#27;[34mINFO &amp#27;[0;39m [&amp#27;[34mmain&amp#27;[0;39m] &amp#27;[36m[c.l.r.s.RateLimitService]&amp#27;[0;39m - ✅ ALLOWED: IP_127.0.0.1 - Remaining: 8/10 using FIXED_WINDOW
Request 2: ALLOWED (Emergency fallback)
18:27:28.927 &amp#27;[39mDEBUG&amp#27;[0;39m [&amp#27;[34mmain&amp#27;[0;39m] &amp#27;[36m[i.g.r.c.i.CircuitBreakerStateMachine]&amp#27;[0;39m - CircuitBreaker 'rateLimiterCircuitBreaker' succeeded:
18:27:28.929 &amp#27;[31mWARN &amp#27;[0;39m [&amp#27;[34mmain&amp#27;[0;39m] &amp#27;[36m[c.l.r.s.RateLimitService]&amp#27;[0;39m - No API key found in header 'X-API-Key', falling back to IP address
✅ ALLOWED: IP_127.0.0.1 - Current data: ClientData{count=3, windowStart=1754657848893}
18:27:28.930 &amp#27;[34mINFO &amp#27;[0;39m [&amp#27;[34mmain&amp#27;[0;39m] &amp#27;[36m[c.l.r.s.RateLimitService]&amp#27;[0;39m - normalize apihello
18:27:28.932 &amp#27;[39mDEBUG&amp#27;[0;39m [&amp#27;[34mmain&amp#27;[0;39m] &amp#27;[36m[i.m.c.i.MeterRegistry]&amp#27;[0;39m - This Gauge has been already registered (MeterId{name='rate_limiter_active_clients', tags=[tag(endpoint=/api/hello)]}), the registration will be ignored.
18:27:28.935 &amp#27;[34mINFO &amp#27;[0;39m [&amp#27;[34mmain&amp#27;[0;39m] &amp#27;[36m[c.l.r.s.RateLimitService]&amp#27;[0;39m - ✅ ALLOWED: IP_127.0.0.1 - Remaining: 7/10 using FIXED_WINDOW
18:27:28.936 &amp#27;[39mDEBUG&amp#27;[0;39m [&amp#27;[34mmain&amp#27;[0;39m] &amp#27;[36m[i.g.r.c.i.CircuitBreakerStateMachine]&amp#27;[0;39m - CircuitBreaker 'rateLimiterCircuitBreaker' succeeded:
Request 3: ALLOWED (Emergency fallback)
18:27:28.937 &amp#27;[31mWARN &amp#27;[0;39m [&amp#27;[34mmain&amp#27;[0;39m] &amp#27;[36m[c.l.r.s.RateLimitService]&amp#27;[0;39m - No API key found in header 'X-API-Key', falling back to IP address
✅ ALLOWED: IP_127.0.0.1 - Current data: ClientData{count=4, windowStart=1754657848893}
18:27:28.938 &amp#27;[34mINFO &amp#27;[0;39m [&amp#27;[34mmain&amp#27;[0;39m] &amp#27;[36m[c.l.r.s.RateLimitService]&amp#27;[0;39m - normalize apihello
18:27:28.939 &amp#27;[39mDEBUG&amp#27;[0;39m [&amp#27;[34mmain&amp#27;[0;39m] &amp#27;[36m[i.m.c.i.MeterRegistry]&amp#27;[0;39m - This Gauge has been already registered (MeterId{name='rate_limiter_active_clients', tags=[tag(endpoint=/api/hello)]}), the registration will be ignored.
18:27:28.940 &amp#27;[34mINFO &amp#27;[0;39m [&amp#27;[34mmain&amp#27;[0;39m] &amp#27;[36m[c.l.r.s.RateLimitService]&amp#27;[0;39m - ✅ ALLOWED: IP_127.0.0.1 - Remaining: 6/10 using FIXED_WINDOW
18:27:28.941 &amp#27;[39mDEBUG&amp#27;[0;39m [&amp#27;[34mmain&amp#27;[0;39m] &amp#27;[36m[i.g.r.c.i.CircuitBreakerStateMachine]&amp#27;[0;39m - CircuitBreaker 'rateLimiterCircuitBreaker' succeeded:
Request 4: ALLOWED (Emergency fallback)
18:27:28.942 &amp#27;[31mWARN &amp#27;[0;39m [&amp#27;[34mmain&amp#27;[0;39m] &amp#27;[36m[c.l.r.s.RateLimitService]&amp#27;[0;39m - No API key found in header 'X-API-Key', falling back to IP address
✅ ALLOWED: IP_127.0.0.1 - Current data: ClientData{count=5, windowStart=1754657848893}
18:27:28.942 &amp#27;[34mINFO &amp#27;[0;39m [&amp#27;[34mmain&amp#27;[0;39m] &amp#27;[36m[c.l.r.s.RateLimitService]&amp#27;[0;39m - normalize apihello
18:27:28.943 &amp#27;[39mDEBUG&amp#27;[0;39m [&amp#27;[34mmain&amp#27;[0;39m] &amp#27;[36m[i.m.c.i.MeterRegistry]&amp#27;[0;39m - This Gauge has been already registered (MeterId{name='rate_limiter_active_clients', tags=[tag(endpoint=/api/hello)]}), the registration will be ignored.
Request 5: ALLOWED (Emergency fallback)
18:27:28.945 &amp#27;[34mINFO &amp#27;[0;39m [&amp#27;[34mmain&amp#27;[0;39m] &amp#27;[36m[c.l.r.s.RateLimitService]&amp#27;[0;39m - ✅ ALLOWED: IP_127.0.0.1 - Remaining: 5/10 using FIXED_WINDOW
18:27:28.945 &amp#27;[39mDEBUG&amp#27;[0;39m [&amp#27;[34mmain&amp#27;[0;39m] &amp#27;[36m[i.g.r.c.i.CircuitBreakerStateMachine]&amp#27;[0;39m - CircuitBreaker 'rateLimiterCircuitBreaker' succeeded:
18:27:28.946 &amp#27;[31mWARN &amp#27;[0;39m [&amp#27;[34mmain&amp#27;[0;39m] &amp#27;[36m[c.l.r.s.RateLimitService]&amp#27;[0;39m - No API key found in header 'X-API-Key', falling back to IP address
✅ ALLOWED: IP_127.0.0.1 - Current data: ClientData{count=6, windowStart=1754657848893}
18:27:28.947 &amp#27;[34mINFO &amp#27;[0;39m [&amp#27;[34mmain&amp#27;[0;39m] &amp#27;[36m[c.l.r.s.RateLimitService]&amp#27;[0;39m - normalize apihello
18:27:28.947 &amp#27;[39mDEBUG&amp#27;[0;39m [&amp#27;[34mmain&amp#27;[0;39m] &amp#27;[36m[i.m.c.i.MeterRegistry]&amp#27;[0;39m - This Gauge has been already registered (MeterId{name='rate_limiter_active_clients', tags=[tag(endpoint=/api/hello)]}), the registration will be ignored.
18:27:28.949 &amp#27;[34mINFO &amp#27;[0;39m [&amp#27;[34mmain&amp#27;[0;39m] &amp#27;[36m[c.l.r.s.RateLimitService]&amp#27;[0;39m - ✅ ALLOWED: IP_127.0.0.1 - Remaining: 4/10 using FIXED_WINDOW
18:27:28.950 &amp#27;[39mDEBUG&amp#27;[0;39m [&amp#27;[34mmain&amp#27;[0;39m] &amp#27;[36m[i.g.r.c.i.CircuitBreakerStateMachine]&amp#27;[0;39m - CircuitBreaker 'rateLimiterCircuitBreaker' succeeded:
Request 6: ALLOWED (Emergency fallback)
Circuit state after failures: CLOSED
Phase 2: Testing with open circuit...
18:27:28.951 &amp#27;[31mWARN &amp#27;[0;39m [&amp#27;[34mmain&amp#27;[0;39m] &amp#27;[36m[c.l.r.s.RateLimitService]&amp#27;[0;39m - No API key found in header 'X-API-Key', falling back to IP address
✅ ALLOWED: IP_127.0.0.1 - Current data: ClientData{count=7, windowStart=1754657848893}
18:27:28.951 &amp#27;[34mINFO &amp#27;[0;39m [&amp#27;[34mmain&amp#27;[0;39m] &amp#27;[36m[c.l.r.s.RateLimitService]&amp#27;[0;39m - normalize apihello
18:27:28.952 &amp#27;[39mDEBUG&amp#27;[0;39m [&amp#27;[34mmain&amp#27;[0;39m] &amp#27;[36m[i.m.c.i.MeterRegistry]&amp#27;[0;39m - This Gauge has been already registered (MeterId{name='rate_limiter_active_clients', tags=[tag(endpoint=/api/hello)]}), the registration will be ignored.
18:27:28.953 &amp#27;[34mINFO &amp#27;[0;39m [&amp#27;[34mmain&amp#27;[0;39m] &amp#27;[36m[c.l.r.s.RateLimitService]&amp#27;[0;39m - ✅ ALLOWED: IP_127.0.0.1 - Remaining: 3/10 using FIXED_WINDOW
18:27:28.954 &amp#27;[39mDEBUG&amp#27;[0;39m [&amp#27;[34mmain&amp#27;[0;39m] &amp#27;[36m[i.g.r.c.i.CircuitBreakerStateMachine]&amp#27;[0;39m - CircuitBreaker 'rateLimiterCircuitBreaker' succeeded:
Request with open circuit: ALLOWED using algorithm: FIXED_WINDOW
18:27:29.188 &amp#27;[39mDEBUG&amp#27;[0;39m [&amp#27;[34mmain&amp#27;[0;39m] &amp#27;[36m[o.s.t.c.cache]&amp#27;[0;39m - Spring test ApplicationContext cache statistics: [DefaultContextCache@408708a1 size = 1, maxSize = 32, parentContextCount = 0, hitCount = 6, missCount = 1, failureCount = 0]
18:27:29.192 &amp#27;[39mDEBUG&amp#27;[0;39m [&amp#27;[34mmain&amp#27;[0;39m] &amp#27;[36m[o.s.t.c.cache]&amp#27;[0;39m - Spring test ApplicationContext cache statistics: [DefaultContextCache@408708a1 size = 1, maxSize = 32, parentContextCount = 0, hitCount = 7, missCount = 1, failureCount = 0]
18:27:29.201 &amp#27;[39mDEBUG&amp#27;[0;39m [&amp#27;[34mmain&amp#27;[0;39m] &amp#27;[36m[o.s.t.c.cache]&amp#27;[0;39m - Spring test ApplicationContext cache statistics: [DefaultContextCache@408708a1 size = 1, maxSize = 32, parentContextCount = 0, hitCount = 8, missCount = 1, failureCount = 0]
18:27:29.208 &amp#27;[39mDEBUG&amp#27;[0;39m [&amp#27;[34mmain&amp#27;[0;39m] &amp#27;[36m[o.s.t.c.cache]&amp#27;[0;39m - Spring test ApplicationContext cache statistics: [DefaultContextCache@408708a1 size = 1, maxSize = 32, parentContextCount = 0, hitCount = 9, missCount = 1, failureCount = 0]
18:27:29.209 &amp#27;[39mDEBUG&amp#27;[0;39m [&amp#27;[34mmain&amp#27;[0;39m] &amp#27;[36m[o.s.t.c.cache]&amp#27;[0;39m - Spring test ApplicationContext cache statistics: [DefaultContextCache@408708a1 size = 1, maxSize = 32, parentContextCount = 0, hitCount = 10, missCount = 1, failureCount = 0]
18:27:29.214 &amp#27;[39mDEBUG&amp#27;[0;39m [&amp#27;[34mmain&amp#27;[0;39m] &amp#27;[36m[o.s.t.c.cache]&amp#27;[0;39m - Spring test ApplicationContext cache statistics: [DefaultContextCache@408708a1 size = 1, maxSize = 32, parentContextCount = 0, hitCount = 11, missCount = 1, failureCount = 0]
18:27:29.220 &amp#27;[39mDEBUG&amp#27;[0;39m [&amp#27;[34mmain&amp#27;[0;39m] &amp#27;[36m[o.s.t.c.cache]&amp#27;[0;39m - Spring test ApplicationContext cache statistics: [DefaultContextCache@408708a1 size = 1, maxSize = 32, parentContextCount = 0, hitCount = 12, missCount = 1, failureCount = 0]
18:27:29.221 &amp#27;[39mDEBUG&amp#27;[0;39m [&amp#27;[34mmain&amp#27;[0;39m] &amp#27;[36m[o.s.t.c.s.DirtiesContextTestExecutionListener]&amp#27;[0;39m - After test method: class [CircuitBreakerTest], method [shouldOpenCircuitAfterFailures], class annotated with @DirtiesContext [false] with mode [null], method annotated with @DirtiesContext [false] with mode [null]
]]></system-out>
    <system-err><![CDATA[18:27:09,573 |-WARN in ch.qos.logback.core.model.processor.AppenderModelHandler - Appender named [CONSOLE] not referenced. Skipping further processing.
]]></system-err>
  </testcase>
</testsuite>